3	708	10	1022	0	529
3	708	10	1022	1	498
3	708	10	1022	2	496
3	708	10	1022	3	502
3	708	10	1022	4	511
3	708	10	1022	5	511
3	708	10	1022	6	515
3	708	10	1022	7	514
3	708	10	1022	8	513
3	708	10	1022	9	512
3	708	10	1022	10	516
3	708	10	1022	11	510
3	708	10	1022	12	508
3	708	10	1022	13	511
3	708	10	1022	14	510
3	708	10	1022	15	509
3	708	10	1022	16	509
3	708	10	1022	17	507
3	708	10	1022	18	512
3	708	10	1022	19	511
3	708	10	1022	20	509
3	708	10	1022	21	510
3	708	10	1022	22	511
3	708	10	1022	23	512
3	708	10	1022	24	509
3	709	255	65535	0	512
3	709	255	65535	1	509
3	709	255	65535	2	498
3	709	255	65535	3	494
3	709	255	65535	4	507
3	709	255	65535	5	514
3	709	255	65535	6	516
3	709	255	65535	7	512
3	709	255	65535	8	513
3	709	255	65535	9	514
3	709	255	65535	10	513
3	709	255	65535	11	513
3	709	255	65535	12	516
3	709	255	65535	13	512
3	709	255	65535	14	512
3	709	255	65535	15	512
3	709	255	65535	16	512
3	709	255	65535	17	512
3	709	255	65535	18	510
3	709	255	65535	19	511
3	709	255	65535	20	514
3	709	255	65535	21	513
3	709	255	65535	22	511
3	709	255	65535	23	510
3	709	255	65535	24	513
3	710	255	65535	0	508
3	710	255	65535	1	496
3	710	255	65535	2	489
3	710	255	65535	3	482
3	710	255	65535	4	503
3	710	255	65535	5	502
3	710	255	65535	6	505
3	710	255	65535	7	508
3	710	255	65535	8	507
3	710	255	65535	9	504
3	710	255	65535	10	505
3	710	255	65535	11	508
3	710	255	65535	12	505
3	710	255	65535	13	505
3	710	255	65535	14	506
3	710	255	65535	15	507
3	710	255	65535	16	505
3	710	255	65535	17	505
3	710	255	65535	18	507
3	710	255	65535	19	509
3	710	255	65535	20	507
3	710	255	65535	21	506
3	710	255	65535	22	509
3	710	255	65535	23	509
3	710	255	65535	24	507
3	711	255	65535	0	532
3	711	255	65535	1	499
3	711	255	65535	2	495
3	711	255	65535	3	494
3	711	255	65535	4	511
3	711	255	65535	5	515
3	711	255	65535	6	513
3	711	255	65535	7	512
3	711	255	65535	8	517
3	711	255	65535	9	513
3	711	255	65535	10	513
3	711	255	65535	11	511
3	711	255	65535	12	511
3	711	255	65535	13	513
3	711	255	65535	14	509
3	711	255	65535	15	508
3	711	255	65535	16	513
3	711	255	65535	17	511
3	711	255	65535	18	506
3	711	255	65535	19	507
3	711	255	65535	20	513
3	711	255	65535	21	512
3	711	255	65535	22	505
3	711	255	65535	23	507
3	711	255	65535	24	511
3	712	11	1023	0	500
3	712	11	1023	1	487
3	712	11	1023	2	486
3	712	11	1023	3	499
3	712	11	1023	4	504
3	712	11	1023	5	506
3	712	11	1023	6	504
3	712	11	1023	7	503
3	712	11	1023	8	502
3	712	11	1023	9	501
3	712	11	1023	10	504
3	712	11	1023	11	510
3	712	11	1023	12	505
3	712	11	1023	13	507
3	712	11	1023	14	507
3	712	11	1023	15	507
3	712	11	1023	16	506
3	712	11	1023	17	510
3	712	11	1023	18	508
3	712	11	1023	19	506
3	712	11	1023	20	506
3	712	11	1023	21	507
3	712	11	1023	22	509
3	712	11	1023	23	505
3	712	11	1023	24	502
3	713	255	65535	0	530
3	713	255	65535	1	498
3	713	255	65535	2	490
3	713	255	65535	3	491
3	713	255	65535	4	508
3	713	255	65535	5	511
3	713	255	65535	6	508
3	713	255	65535	7	508
3	713	255	65535	8	512
3	713	255	65535	9	511
3	713	255	65535	10	511
3	713	255	65535	11	510
3	713	255	65535	12	513
3	713	255	65535	13	510
3	713	255	65535	14	511
3	713	255	65535	15	509
3	713	255	65535	16	513
3	713	255	65535	17	511
3	713	255	65535	18	513
3	713	255	65535	19	510
3	713	255	65535	20	513
3	713	255	65535	21	513
3	713	255	65535	22	510
3	713	255	65535	23	512
3	713	255	65535	24	513
3	714	255	65535	0	525
3	714	255	65535	1	490
3	714	255	65535	2	489
3	714	255	65535	3	495
3	714	255	65535	4	507
3	714	255	65535	5	506
3	714	255	65535	6	509
3	714	255	65535	7	507
3	714	255	65535	8	506
3	714	255	65535	9	507
3	714	255	65535	10	509
3	714	255	65535	11	505
3	714	255	65535	12	503
3	714	255	65535	13	507
3	714	255	65535	14	510
3	714	255	65535	15	505
3	714	255	65535	16	504
3	714	255	65535	17	506
3	714	255	65535	18	510
3	714	255	65535	19	506
3	714	255	65535	20	505
3	714	255	65535	21	508
3	714	255	65535	22	509
3	714	255	65535	23	506
3	714	255	65535	24	507
3	715	255	65535	0	511
3	715	255	65535	1	506
3	715	255	65535	2	494
3	715	255	65535	3	475
3	715	255	65535	4	506
3	715	255	65535	5	511
3	715	255	65535	6	511
3	715	255	65535	7	511
3	715	255	65535	8	514
3	715	255	65535	9	512
3	715	255	65535	10	510
3	715	255	65535	11	512
3	715	255	65535	12	512
3	715	255	65535	13	512
3	715	255	65535	14	510
3	715	255	65535	15	512
3	715	255	65535	16	512
3	715	255	65535	17	510
3	715	255	65535	18	513
3	715	255	65535	19	511
3	715	255	65535	20	513
3	715	255	65535	21	510
3	715	255	65535	22	510
3	715	255	65535	23	512
3	715	255	65535	24	512
3	716	15	1024	0	507
3	716	15	1024	1	491
3	716	15	1024	2	491
3	716	15	1024	3	499
3	716	15	1024	4	505
3	716	15	1024	5	510
3	716	15	1024	6	509
3	716	15	1024	7	509
3	716	15	1024	8	506
3	716	15	1024	9	506
3	716	15	1024	10	510
3	716	15	1024	11	511
3	716	15	1024	12	508
3	716	15	1024	13	511
3	716	15	1024	14	509
3	716	15	1024	15	508
3	716	15	1024	16	503
3	716	15	1024	17	502
3	716	15	1024	18	504
3	716	15	1024	19	504
3	716	15	1024	20	503
3	716	15	1024	21	504
3	716	15	1024	22	503
3	716	15	1024	23	505
3	716	15	1024	24	505
3	717	255	65535	0	492
3	717	255	65535	1	490
3	717	255	65535	2	482
3	717	255	65535	3	504
3	717	255	65535	4	511
3	717	255	65535	5	509
3	717	255	65535	6	507
3	717	255	65535	7	508
3	717	255	65535	8	517
3	717	255	65535	9	511
3	717	255	65535	10	507
3	717	255	65535	11	510
3	717	255	65535	12	513
3	717	255	65535	13	510
3	717	255	65535	14	507
3	717	255	65535	15	511
3	717	255	65535	16	513
3	717	255	65535	17	510
3	717	255	65535	18	507
3	717	255	65535	19	509
3	717	255	65535	20	511
3	717	255	65535	21	507
3	717	255	65535	22	505
3	717	255	65535	23	510
3	717	255	65535	24	510
3	718	255	65535	0	503
3	718	255	65535	1	494
3	718	255	65535	2	490
3	718	255	65535	3	469
3	718	255	65535	4	498
3	718	255	65535	5	503
3	718	255	65535	6	506
3	718	255	65535	7	506
3	718	255	65535	8	503
3	718	255	65535	9	505
3	718	255	65535	10	507
3	718	255	65535	11	507
3	718	255	65535	12	504
3	718	255	65535	13	507
3	718	255	65535	14	507
3	718	255	65535	15	505
3	718	255	65535	16	504
3	718	255	65535	17	507
3	718	255	65535	18	507
3	718	255	65535	19	503
3	718	255	65535	20	503
3	718	255	65535	21	508
3	718	255	65535	22	506
3	718	255	65535	23	503
3	718	255	65535	24	503
3	719	255	65535	0	521
3	719	255	65535	1	495
3	719	255	65535	2	490
3	719	255	65535	3	505
3	719	255	65535	4	509
3	719	255	65535	5	509
3	719	255	65535	6	512
3	719	255	65535	7	510
3	719	255	65535	8	513
3	719	255	65535	9	510
3	719	255	65535	10	509
3	719	255	65535	11	511
3	719	255	65535	12	514
3	719	255	65535	13	509
3	719	255	65535	14	507
3	719	255	65535	15	512
3	719	255	65535	16	513
3	719	255	65535	17	509
3	719	255	65535	18	506
3	719	255	65535	19	512
3	719	255	65535	20	509
3	719	255	65535	21	509
3	719	255	65535	22	510
3	719	255	65535	23	508
3	719	255	65535	24	509
3	720	16	1025	0	525
3	720	16	1025	1	489
3	720	16	1025	2	490
3	720	16	1025	3	488
3	720	16	1025	4	501
3	720	16	1025	5	504
3	720	16	1025	6	508
3	720	16	1025	7	505
3	720	16	1025	8	503
3	720	16	1025	9	506
3	720	16	1025	10	510
3	720	16	1025	11	505
3	720	16	1025	12	506
3	720	16	1025	13	509
3	720	16	1025	14	507
3	720	16	1025	15	506
3	720	16	1025	16	504
3	720	16	1025	17	512
3	720	16	1025	18	511
3	720	16	1025	19	508
3	720	16	1025	20	510
3	720	16	1025	21	512
3	720	16	1025	22	513
3	720	16	1025	23	507
3	720	16	1025	24	511
3	721	255	65535	0	536
3	721	255	65535	1	500
3	721	255	65535	2	495
3	721	255	65535	3	495
3	721	255	65535	4	513
3	721	255	65535	5	514
3	721	255	65535	6	515
3	721	255	65535	7	514
3	721	255	65535	8	515
3	721	255	65535	9	515
3	721	255	65535	10	513
3	721	255	65535	11	515
3	721	255	65535	12	515
3	721	255	65535	13	514
3	721	255	65535	14	514
3	721	255	65535	15	515
3	721	255	65535	16	515
3	721	255	65535	17	512
3	721	255	65535	18	514
3	721	255	65535	19	515
3	721	255	65535	20	513
3	721	255	65535	21	511
3	721	255	65535	22	513
3	721	255	65535	23	514
3	721	255	65535	24	512
3	722	255	65535	0	509
3	722	255	65535	1	498
3	722	255	65535	2	494
3	722	255	65535	3	484
3	722	255	65535	4	504
3	722	255	65535	5	509
3	722	255	65535	6	510
3	722	255	65535	7	507
3	722	255	65535	8	507
3	722	255	65535	9	509
3	722	255	65535	10	510
3	722	255	65535	11	506
3	722	255	65535	12	505
3	722	255	65535	13	508
3	722	255	65535	14	509
3	722	255	65535	15	507
3	722	255	65535	16	505
3	722	255	65535	17	510
3	722	255	65535	18	509
3	722	255	65535	19	506
3	722	255	65535	20	509
3	722	255	65535	21	506
3	722	255	65535	22	510
3	722	255	65535	23	508
3	722	255	65535	24	507
3	723	255	65535	0	513
3	723	255	65535	1	498
3	723	255	65535	2	495
3	723	255	65535	3	494
3	723	255	65535	4	510
3	723	255	65535	5	517
3	723	255	65535	6	511
3	723	255	65535	7	515
3	723	255	65535	8	514
3	723	255	65535	9	513
3	723	255	65535	10	514
3	723	255	65535	11	514
3	723	255	65535	12	519
3	723	255	65535	13	513
3	723	255	65535	14	510
3	723	255	65535	15	517
3	723	255	65535	16	514
3	723	255	65535	17	512
3	723	255	65535	18	514
3	723	255	65535	19	515
3	723	255	65535	20	515
3	723	255	65535	21	512
3	723	255	65535	22	514
3	723	255	65535	23	517
3	723	255	65535	24	516
3	724	18	1026	0	509
3	724	18	1026	1	499
3	724	18	1026	2	495
3	724	18	1026	3	478
3	724	18	1026	4	506
3	724	18	1026	5	508
3	724	18	1026	6	509
3	724	18	1026	7	509
3	724	18	1026	8	508
3	724	18	1026	9	509
3	724	18	1026	10	511
3	724	18	1026	11	508
3	724	18	1026	12	508
3	724	18	1026	13	511
3	724	18	1026	14	509
3	724	18	1026	15	508
3	724	18	1026	16	511
3	724	18	1026	17	509
3	724	18	1026	18	515
3	724	18	1026	19	504
3	724	18	1026	20	505
3	724	18	1026	21	509
3	724	18	1026	22	503
3	724	18	1026	23	503
3	724	18	1026	24	505
3	725	255	65535	0	504
3	725	255	65535	1	494
3	725	255	65535	2	489
3	725	255	65535	3	505
3	725	255	65535	4	509
3	725	255	65535	5	505
3	725	255	65535	6	507
3	725	255	65535	7	512
3	725	255	65535	8	511
3	725	255	65535	9	508
3	725	255	65535	10	509
3	725	255	65535	11	509
3	725	255	65535	12	512
3	725	255	65535	13	510
3	725	255	65535	14	507
3	725	255	65535	15	511
3	725	255	65535	16	511
3	725	255	65535	17	508
3	725	255	65535	18	509
3	725	255	65535	19	512
3	725	255	65535	20	511
3	725	255	65535	21	510
3	725	255	65535	22	512
3	725	255	65535	23	511
3	725	255	65535	24	510
3	726	255	65535	0	507
3	726	255	65535	1	490
3	726	255	65535	2	490
3	726	255	65535	3	498
3	726	255	65535	4	505
3	726	255	65535	5	508
3	726	255	65535	6	506
3	726	255	65535	7	507
3	726	255	65535	8	504
3	726	255	65535	9	505
3	726	255	65535	10	504
3	726	255	65535	11	501
3	726	255	65535	12	506
3	726	255	65535	13	507
3	726	255	65535	14	503
3	726	255	65535	15	501
3	726	255	65535	16	507
3	726	255	65535	17	505
3	726	255	65535	18	503
3	726	255	65535	19	501
3	726	255	65535	20	505
3	726	255	65535	21	506
3	726	255	65535	22	504
3	726	255	65535	23	502
3	726	255	65535	24	505
3	727	255	65535	0	510
3	727	255	65535	1	490
3	727	255	65535	2	488
3	727	255	65535	3	502
3	727	255	65535	4	510
3	727	255	65535	5	507
3	727	255	65535	6	508
3	727	255	65535	7	512
3	727	255	65535	8	510
3	727	255	65535	9	510
3	727	255	65535	10	510
3	727	255	65535	11	511
3	727	255	65535	12	509
3	727	255	65535	13	507
3	727	255	65535	14	507
3	727	255	65535	15	509
3	727	255	65535	16	508
3	727	255	65535	17	511
3	727	255	65535	18	511
3	727	255	65535	19	513
3	727	255	65535	20	510
3	727	255	65535	21	509
3	727	255	65535	22	513
3	727	255	65535	23	514
3	727	255	65535	24	512
3	728	20	1027	0	498
3	728	20	1027	1	498
3	728	20	1027	2	483
3	728	20	1027	3	508
3	728	20	1027	4	510
3	728	20	1027	5	516
3	728	20	1027	6	508
3	728	20	1027	7	511
3	728	20	1027	8	507
3	728	20	1027	9	508
3	728	20	1027	10	506
3	728	20	1027	11	503
3	728	20	1027	12	505
3	728	20	1027	13	506
3	728	20	1027	14	502
3	728	20	1027	15	500
3	728	20	1027	16	502
3	728	20	1027	17	503
3	728	20	1027	18	500
3	728	20	1027	19	500
3	728	20	1027	20	499
3	728	20	1027	21	507
3	728	20	1027	22	507
3	728	20	1027	23	507
3	728	20	1027	24	509
3	729	255	65535	0	511
3	729	255	65535	1	503
3	729	255	65535	2	494
3	729	255	65535	3	482
3	729	255	65535	4	508
3	729	255	65535	5	504
3	729	255	65535	6	500
3	729	255	65535	7	514
3	729	255	65535	8	525
3	729	255	65535	9	520
3	729	255	65535	10	517
3	729	255	65535	11	518
3	729	255	65535	12	506
3	729	255	65535	13	502
3	729	255	65535	14	510
3	729	255	65535	15	511
3	729	255	65535	16	510
3	729	255	65535	17	512
3	729	255	65535	18	508
3	729	255	65535	19	513
3	729	255	65535	20	521
3	729	255	65535	21	511
3	729	255	65535	22	505
3	729	255	65535	23	508
3	729	255	65535	24	508
3	730	255	65535	0	506
3	730	255	65535	1	491
3	730	255	65535	2	490
3	730	255	65535	3	499
3	730	255	65535	4	507
3	730	255	65535	5	507
3	730	255	65535	6	500
3	730	255	65535	7	501
3	730	255	65535	8	504
3	730	255	65535	9	503
3	730	255	65535	10	497
3	730	255	65535	11	497
3	730	255	65535	12	502
3	730	255	65535	13	508
3	730	255	65535	14	506
3	730	255	65535	15	501
3	730	255	65535	16	502
3	730	255	65535	17	504
3	730	255	65535	18	503
3	730	255	65535	19	504
3	730	255	65535	20	502
3	730	255	65535	21	502
3	730	255	65535	22	505
3	730	255	65535	23	509
3	730	255	65535	24	511
3	731	255	65535	0	516
3	731	255	65535	1	491
3	731	255	65535	2	490
3	731	255	65535	3	508
3	731	255	65535	4	509
3	731	255	65535	5	510
3	731	255	65535	6	514
3	731	255	65535	7	518
3	731	255	65535	8	517
3	731	255	65535	9	514
3	731	255	65535	10	518
3	731	255	65535	11	515
3	731	255	65535	12	496
3	731	255	65535	13	495
3	731	255	65535	14	517
3	731	255	65535	15	533
3	731	255	65535	16	519
3	731	255	65535	17	526
3	731	255	65535	18	527
3	731	255	65535	19	502
3	731	255	65535	20	495
3	731	255	65535	21	510
3	731	255	65535	22	508
3	731	255	65535	23	504
3	731	255	65535	24	509
3	732	24	1028	0	530
3	732	24	1028	1	506
3	732	24	1028	2	498
3	732	24	1028	3	503
3	732	24	1028	4	508
3	732	24	1028	5	508
3	732	24	1028	6	510
3	732	24	1028	7	506
3	732	24	1028	8	518
3	732	24	1028	9	519
3	732	24	1028	10	517
3	732	24	1028	11	513
3	732	24	1028	12	509
3	732	24	1028	13	507
3	732	24	1028	14	507
3	732	24	1028	15	506
3	732	24	1028	16	503
3	732	24	1028	17	499
3	732	24	1028	18	501
3	732	24	1028	19	505
3	732	24	1028	20	508
3	732	24	1028	21	510
3	732	24	1028	22	506
3	732	24	1028	23	507
3	732	24	1028	24	504
3	733	255	65535	0	521
3	733	255	65535	1	483
3	733	255	65535	2	482
3	733	255	65535	3	489
3	733	255	65535	4	502
3	733	255	65535	5	506
3	733	255	65535	6	512
3	733	255	65535	7	512
3	733	255	65535	8	507
3	733	255	65535	9	505
3	733	255	65535	10	506
3	733	255	65535	11	507
3	733	255	65535	12	506
3	733	255	65535	13	509
3	733	255	65535	14	515
3	733	255	65535	15	514
3	733	255	65535	16	503
3	733	255	65535	17	499
3	733	255	65535	18	503
3	733	255	65535	19	507
3	733	255	65535	20	516
3	733	255	65535	21	514
3	733	255	65535	22	512
3	733	255	65535	23	507
3	733	255	65535	24	502
3	734	255	65535	0	498
3	734	255	65535	1	490
3	734	255	65535	2	473
3	734	255	65535	3	470
3	734	255	65535	4	496
3	734	255	65535	5	509
3	734	255	65535	6	504
3	734	255	65535	7	498
3	734	255	65535	8	500
3	734	255	65535	9	503
3	734	255	65535	10	501
3	734	255	65535	11	499
3	734	255	65535	12	503
3	734	255	65535	13	506
3	734	255	65535	14	505
3	734	255	65535	15	504
3	734	255	65535	16	503
3	734	255	65535	17	505
3	734	255	65535	18	500
3	734	255	65535	19	504
3	734	255	65535	20	500
3	734	255	65535	21	495
3	734	255	65535	22	494
3	734	255	65535	23	497
3	734	255	65535	24	500
3	735	255	65535	0	507
3	735	255	65535	1	487
3	735	255	65535	2	485
3	735	255	65535	3	499
3	735	255	65535	4	502
3	735	255	65535	5	500
3	735	255	65535	6	500
3	735	255	65535	7	499
3	735	255	65535	8	501
3	735	255	65535	9	507
3	735	255	65535	10	510
3	735	255	65535	11	508
3	735	255	65535	12	504
3	735	255	65535	13	505
3	735	255	65535	14	507
3	735	255	65535	15	504
3	735	255	65535	16	503
3	735	255	65535	17	505
3	735	255	65535	18	513
3	735	255	65535	19	509
3	735	255	65535	20	507
3	735	255	65535	21	505
3	735	255	65535	22	497
3	735	255	65535	23	494
3	735	255	65535	24	492
3	736	255	65535	0	502
3	736	255	65535	1	501
3	736	255	65535	2	497
3	736	255	65535	3	502
3	736	255	65535	4	505
3	736	255	65535	5	502
3	736	255	65535	6	491
3	736	255	65535	7	485
3	736	255	65535	8	487
3	736	255	65535	9	496
3	736	255	65535	10	509
3	736	255	65535	11	512
3	736	255	65535	12	506
3	736	255	65535	13	505
3	736	255	65535	14	505
3	736	255	65535	15	498
3	736	255	65535	16	498
3	736	255	65535	17	497
3	736	255	65535	18	500
3	736	255	65535	19	508
3	736	255	65535	20	509
3	736	255	65535	21	504
3	736	255	65535	22	497
3	736	255	65535	23	502
3	736	255	65535	24	501
3	737	0	1029	0	492
3	737	0	1029	1	487
3	737	0	1029	2	485
3	737	0	1029	3	481
3	737	0	1029	4	496
3	737	0	1029	5	496
3	737	0	1029	6	505
3	737	0	1029	7	507
3	737	0	1029	8	503
3	737	0	1029	9	490
3	737	0	1029	10	488
3	737	0	1029	11	478
3	737	0	1029	12	494
3	737	0	1029	13	497
3	737	0	1029	14	506
3	737	0	1029	15	510
3	737	0	1029	16	510
3	737	0	1029	17	511
3	737	0	1029	18	512
3	737	0	1029	19	513
3	737	0	1029	20	506
3	737	0	1029	21	505
3	737	0	1029	22	507
3	737	0	1029	23	510
3	737	0	1029	24	511
3	738	255	65535	0	517
3	738	255	65535	1	495
3	738	255	65535	2	497
3	738	255	65535	3	501
3	738	255	65535	4	499
3	738	255	65535	5	511
3	738	255	65535	6	528
3	738	255	65535	7	523
3	738	255	65535	8	506
3	738	255	65535	9	505
3	738	255	65535	10	509
3	738	255	65535	11	506
3	738	255	65535	12	498
3	738	255	65535	13	500
3	738	255	65535	14	510
3	738	255	65535	15	522
3	738	255	65535	16	520
3	738	255	65535	17	515
3	738	255	65535	18	508
3	738	255	65535	19	510
3	738	255	65535	20	513
3	738	255	65535	21	508
3	738	255	65535	22	506
3	738	255	65535	23	514
3	738	255	65535	24	519
3	739	255	65535	0	508
3	739	255	65535	1	483
3	739	255	65535	2	485
3	739	255	65535	3	499
3	739	255	65535	4	502
3	739	255	65535	5	498
3	739	255	65535	6	504
3	739	255	65535	7	503
3	739	255	65535	8	505
3	739	255	65535	9	499
3	739	255	65535	10	502
3	739	255	65535	11	508
3	739	255	65535	12	507
3	739	255	65535	13	504
3	739	255	65535	14	507
3	739	255	65535	15	504
3	739	255	65535	16	504
3	739	255	65535	17	505
3	739	255	65535	18	505
3	739	255	65535	19	506
3	739	255	65535	20	512
3	739	255	65535	21	516
3	739	255	65535	22	512
3	739	255	65535	23	507
3	739	255	65535	24	510
3	740	255	65535	0	505
3	740	255	65535	1	495
3	740	255	65535	2	468
3	740	255	65535	3	505
3	740	255	65535	4	517
3	740	255	65535	5	510
3	740	255	65535	6	501
3	740	255	65535	7	514
3	740	255	65535	8	529
3	740	255	65535	9	522
3	740	255	65535	10	509
3	740	255	65535	11	508
3	740	255	65535	12	515
3	740	255	65535	13	507
3	740	255	65535	14	497
3	740	255	65535	15	501
3	740	255	65535	16	511
3	740	255	65535	17	515
3	740	255	65535	18	510
3	740	255	65535	19	509
3	740	255	65535	20	508
3	740	255	65535	21	509
3	740	255	65535	22	507
3	740	255	65535	23	508
3	740	255	65535	24	508
3	741	5	1030	0	527
3	741	5	1030	1	500
3	741	5	1030	2	495
3	741	5	1030	3	494
3	741	5	1030	4	507
3	741	5	1030	5	515
3	741	5	1030	6	506
3	741	5	1030	7	498
3	741	5	1030	8	500
3	741	5	1030	9	504
3	741	5	1030	10	502
3	741	5	1030	11	496
3	741	5	1030	12	498
3	741	5	1030	13	505
3	741	5	1030	14	503
3	741	5	1030	15	499
3	741	5	1030	16	498
3	741	5	1030	17	502
3	741	5	1030	18	501
3	741	5	1030	19	497
3	741	5	1030	20	497
3	741	5	1030	21	502
3	741	5	1030	22	505
3	741	5	1030	23	506
3	741	5	1030	24	503
3	742	255	65535	0	507
3	742	255	65535	1	497
3	742	255	65535	2	488
3	742	255	65535	3	483
3	742	255	65535	4	504
3	742	255	65535	5	507
3	742	255	65535	6	511
3	742	255	65535	7	518
3	742	255	65535	8	514
3	742	255	65535	9	513
3	742	255	65535	10	511
3	742	255	65535	11	511
3	742	255	65535	12	507
3	742	255	65535	13	503
3	742	255	65535	14	504
3	742	255	65535	15	512
3	742	255	65535	16	504
3	742	255	65535	17	503
3	742	255	65535	18	515
3	742	255	65535	19	525
3	742	255	65535	20	516
3	742	255	65535	21	502
3	742	255	65535	22	504
3	742	255	65535	23	509
3	742	255	65535	24	492
3	743	255	65535	0	498
3	743	255	65535	1	484
3	743	255	65535	2	496
3	743	255	65535	3	493
3	743	255	65535	4	497
3	743	255	65535	5	503
3	743	255	65535	6	504
3	743	255	65535	7	498
3	743	255	65535	8	492
3	743	255	65535	9	500
3	743	255	65535	10	505
3	743	255	65535	11	506
3	743	255	65535	12	507
3	743	255	65535	13	507
3	743	255	65535	14	508
3	743	255	65535	15	505
3	743	255	65535	16	502
3	743	255	65535	17	500
3	743	255	65535	18	500
3	743	255	65535	19	503
3	743	255	65535	20	502
3	743	255	65535	21	500
3	743	255	65535	22	500
3	743	255	65535	23	502
3	743	255	65535	24	505
3	744	255	65535	0	507
3	744	255	65535	1	494
3	744	255	65535	2	485
3	744	255	65535	3	480
3	744	255	65535	4	500
3	744	255	65535	5	503
3	744	255	65535	6	503
3	744	255	65535	7	509
3	744	255	65535	8	517
3	744	255	65535	9	509
3	744	255	65535	10	507
3	744	255	65535	11	510
3	744	255	65535	12	509
3	744	255	65535	13	503
3	744	255	65535	14	504
3	744	255	65535	15	510
3	744	255	65535	16	512
3	744	255	65535	17	511
3	744	255	65535	18	514
3	744	255	65535	19	517
3	744	255	65535	20	513
3	744	255	65535	21	507
3	744	255	65535	22	504
3	744	255	65535	23	510
3	744	255	65535	24	506
3	745	6	1031	0	524
3	745	6	1031	1	487
3	745	6	1031	2	487
3	745	6	1031	3	497
3	745	6	1031	4	508
3	745	6	1031	5	511
3	745	6	1031	6	509
3	745	6	1031	7	501
3	745	6	1031	8	503
3	745	6	1031	9	495
3	745	6	1031	10	498
3	745	6	1031	11	508
3	745	6	1031	12	513
3	745	6	1031	13	512
3	745	6	1031	14	512
3	745	6	1031	15	506
3	745	6	1031	16	513
3	745	6	1031	17	506
3	745	6	1031	18	506
3	745	6	1031	19	505
3	745	6	1031	20	511
3	745	6	1031	21	517
3	745	6	1031	22	510
3	745	6	1031	23	512
3	745	6	1031	24	516
3	746	255	65535	0	513
3	746	255	65535	1	507
3	746	255	65535	2	490
3	746	255	65535	3	493
3	746	255	65535	4	508
3	746	255	65535	5	509
3	746	255	65535	6	509
3	746	255	65535	7	510
3	746	255	65535	8	516
3	746	255	65535	9	512
3	746	255	65535	10	511
3	746	255	65535	11	513
3	746	255	65535	12	510
3	746	255	65535	13	508
3	746	255	65535	14	509
3	746	255	65535	15	513
3	746	255	65535	16	512
3	746	255	65535	17	511
3	746	255	65535	18	515
3	746	255	65535	19	516
3	746	255	65535	20	514
3	746	255	65535	21	513
3	746	255	65535	22	515
3	746	255	65535	23	514
3	746	255	65535	24	511
3	747	255	65535	0	508
3	747	255	65535	1	493
3	747	255	65535	2	502
3	747	255	65535	3	498
3	747	255	65535	4	505
3	747	255	65535	5	511
3	747	255	65535	6	511
3	747	255	65535	7	505
3	747	255	65535	8	510
3	747	255	65535	9	516
3	747	255	65535	10	508
3	747	255	65535	11	508
3	747	255	65535	12	509
3	747	255	65535	13	503
3	747	255	65535	14	506
3	747	255	65535	15	504
3	747	255	65535	16	506
3	747	255	65535	17	506
3	747	255	65535	18	506
3	747	255	65535	19	511
3	747	255	65535	20	511
3	747	255	65535	21	508
3	747	255	65535	22	508
3	747	255	65535	23	511
3	747	255	65535	24	514
3	748	255	65535	0	519
3	748	255	65535	1	496
3	748	255	65535	2	498
3	748	255	65535	3	509
3	748	255	65535	4	514
3	748	255	65535	5	513
3	748	255	65535	6	514
3	748	255	65535	7	515
3	748	255	65535	8	515
3	748	255	65535	9	511
3	748	255	65535	10	511
3	748	255	65535	11	513
3	748	255	65535	12	513
3	748	255	65535	13	511
3	748	255	65535	14	512
3	748	255	65535	15	513
3	748	255	65535	16	511
3	748	255	65535	17	511
3	748	255	65535	18	511
3	748	255	65535	19	512
3	748	255	65535	20	512
3	748	255	65535	21	513
3	748	255	65535	22	515
3	748	255	65535	23	514
3	748	255	65535	24	513
3	749	10	1032	0	520
3	749	10	1032	1	494
3	749	10	1032	2	491
3	749	10	1032	3	502
3	749	10	1032	4	507
3	749	10	1032	5	512
3	749	10	1032	6	510
3	749	10	1032	7	505
3	749	10	1032	8	506
3	749	10	1032	9	509
3	749	10	1032	10	504
3	749	10	1032	11	502
3	749	10	1032	12	503
3	749	10	1032	13	504
3	749	10	1032	14	500
3	749	10	1032	15	498
3	749	10	1032	16	499
3	749	10	1032	17	503
3	749	10	1032	18	504
3	749	10	1032	19	505
3	749	10	1032	20	502
3	749	10	1032	21	502
3	749	10	1032	22	500
3	749	10	1032	23	501
3	749	10	1032	24	505
3	750	255	65535	0	508
3	750	255	65535	1	490
3	750	255	65535	2	493
3	750	255	65535	3	501
3	750	255	65535	4	507
3	750	255	65535	5	506
3	750	255	65535	6	506
3	750	255	65535	7	506
3	750	255	65535	8	507
3	750	255	65535	9	504
3	750	255	65535	10	504
3	750	255	65535	11	508
3	750	255	65535	12	508
3	750	255	65535	13	505
3	750	255	65535	14	509
3	750	255	65535	15	509
3	750	255	65535	16	509
3	750	255	65535	17	506
3	750	255	65535	18	507
3	750	255	65535	19	507
3	750	255	65535	20	508
3	750	255	65535	21	505
3	750	255	65535	22	509
3	750	255	65535	23	508
3	750	255	65535	24	508
3	751	255	65535	0	499
3	751	255	65535	1	488
3	751	255	65535	2	483
3	751	255	65535	3	490
3	751	255	65535	4	499
3	751	255	65535	5	502
3	751	255	65535	6	502
3	751	255	65535	7	498
3	751	255	65535	8	501
3	751	255	65535	9	504
3	751	255	65535	10	505
3	751	255	65535	11	501
3	751	255	65535	12	501
3	751	255	65535	13	504
3	751	255	65535	14	509
3	751	255	65535	15	500
3	751	255	65535	16	502
3	751	255	65535	17	504
3	751	255	65535	18	505
3	751	255	65535	19	504
3	751	255	65535	20	503
3	751	255	65535	21	503
3	751	255	65535	22	503
3	751	255	65535	23	504
3	751	255	65535	24	507
3	752	255	65535	0	496
3	752	255	65535	1	486
3	752	255	65535	2	472
3	752	255	65535	3	505
3	752	255	65535	4	505
3	752	255	65535	5	506
3	752	255	65535	6	508
3	752	255	65535	7	517
3	752	255	65535	8	508
3	752	255	65535	9	506
3	752	255	65535	10	508
3	752	255	65535	11	509
3	752	255	65535	12	510
3	752	255	65535	13	503
3	752	255	65535	14	509
3	752	255	65535	15	510
3	752	255	65535	16	510
3	752	255	65535	17	506
3	752	255	65535	18	509
3	752	255	65535	19	510
3	752	255	65535	20	507
3	752	255	65535	21	510
3	752	255	65535	22	508
3	752	255	65535	23	506
3	752	255	65535	24	503
3	753	10	1033	0	521
3	753	10	1033	1	486
3	753	10	1033	2	478
3	753	10	1033	3	473
3	753	10	1033	4	496
3	753	10	1033	5	500
3	753	10	1033	6	501
3	753	10	1033	7	496
3	753	10	1033	8	506
3	753	10	1033	9	500
3	753	10	1033	10	501
3	753	10	1033	11	504
3	753	10	1033	12	507
3	753	10	1033	13	506
3	753	10	1033	14	507
3	753	10	1033	15	508
3	753	10	1033	16	513
3	753	10	1033	17	510
3	753	10	1033	18	507
3	753	10	1033	19	510
3	753	10	1033	20	513
3	753	10	1033	21	511
3	753	10	1033	22	508
3	753	10	1033	23	512
3	753	10	1033	24	512
3	754	255	65535	0	513
3	754	255	65535	1	503
3	754	255	65535	2	496
3	754	255	65535	3	491
3	754	255	65535	4	510
3	754	255	65535	5	514
3	754	255	65535	6	513
3	754	255	65535	7	514
3	754	255	65535	8	512
3	754	255	65535	9	511
3	754	255	65535	10	513
3	754	255	65535	11	512
3	754	255	65535	12	512
3	754	255	65535	13	513
3	754	255	65535	14	516
3	754	255	65535	15	513
3	754	255	65535	16	513
3	754	255	65535	17	514
3	754	255	65535	18	516
3	754	255	65535	19	512
3	754	255	65535	20	513
3	754	255	65535	21	513
3	754	255	65535	22	515
3	754	255	65535	23	513
3	754	255	65535	24	511
3	755	255	65535	0	530
3	755	255	65535	1	501
3	755	255	65535	2	489
3	755	255	65535	3	491
3	755	255	65535	4	506
3	755	255	65535	5	511
3	755	255	65535	6	507
3	755	255	65535	7	507
3	755	255	65535	8	510
3	755	255	65535	9	511
3	755	255	65535	10	508
3	755	255	65535	11	508
3	755	255	65535	12	510
3	755	255	65535	13	512
3	755	255	65535	14	511
3	755	255	65535	15	512
3	755	255	65535	16	513
3	755	255	65535	17	517
3	755	255	65535	18	511
3	755	255	65535	19	513
3	755	255	65535	20	516
3	755	255	65535	21	512
3	755	255	65535	22	509
3	755	255	65535	23	507
3	755	255	65535	24	511
3	756	255	65535	0	518
3	756	255	65535	1	491
3	756	255	65535	2	494
3	756	255	65535	3	486
3	756	255	65535	4	507
3	756	255	65535	5	511
3	756	255	65535	6	511
3	756	255	65535	7	518
3	756	255	65535	8	510
3	756	255	65535	9	514
3	756	255	65535	10	514
3	756	255	65535	11	513
3	756	255	65535	12	512
3	756	255	65535	13	512
3	756	255	65535	14	515
3	756	255	65535	15	513
3	756	255	65535	16	509
3	756	255	65535	17	512
3	756	255	65535	18	514
3	756	255	65535	19	511
3	756	255	65535	20	508
3	756	255	65535	21	512
3	756	255	65535	22	516
3	756	255	65535	23	513
3	756	255	65535	24	511
3	757	12	1034	0	526
3	757	12	1034	1	498
3	757	12	1034	2	493
3	757	12	1034	3	497
3	757	12	1034	4	509
3	757	12	1034	5	513
3	757	12	1034	6	510
3	757	12	1034	7	510
3	757	12	1034	8	512
3	757	12	1034	9	511
3	757	12	1034	10	507
3	757	12	1034	11	506
3	757	12	1034	12	509
3	757	12	1034	13	502
3	757	12	1034	14	498
3	757	12	1034	15	498
3	757	12	1034	16	499
3	757	12	1034	17	499
3	757	12	1034	18	498
3	757	12	1034	19	498
3	757	12	1034	20	500
3	757	12	1034	21	498
3	757	12	1034	22	501
3	757	12	1034	23	499
3	757	12	1034	24	503
3	758	255	65535	0	502
3	758	255	65535	1	495
3	758	255	65535	2	492
3	758	255	65535	3	476
3	758	255	65535	4	502
3	758	255	65535	5	507
3	758	255	65535	6	512
3	758	255	65535	7	513
3	758	255	65535	8	510
3	758	255	65535	9	511
3	758	255	65535	10	519
3	758	255	65535	11	513
3	758	255	65535	12	512
3	758	255	65535	13	513
3	758	255	65535	14	514
3	758	255	65535	15	513
3	758	255	65535	16	511
3	758	255	65535	17	513
3	758	255	65535	18	514
3	758	255	65535	19	510
3	758	255	65535	20	512
3	758	255	65535	21	515
3	758	255	65535	22	513
3	758	255	65535	23	513
3	758	255	65535	24	509
3	759	255	65535	0	501
3	759	255	65535	1	492
3	759	255	65535	2	469
3	759	255	65535	3	499
3	759	255	65535	4	510
3	759	255	65535	5	504
3	759	255	65535	6	502
3	759	255	65535	7	503
3	759	255	65535	8	506
3	759	255	65535	9	504
3	759	255	65535	10	502
3	759	255	65535	11	503
3	759	255	65535	12	507
3	759	255	65535	13	504
3	759	255	65535	14	503
3	759	255	65535	15	505
3	759	255	65535	16	508
3	759	255	65535	17	505
3	759	255	65535	18	505
3	759	255	65535	19	508
3	759	255	65535	20	512
3	759	255	65535	21	505
3	759	255	65535	22	506
3	759	255	65535	23	509
3	759	255	65535	24	512
3	760	255	65535	0	509
3	760	255	65535	1	497
3	760	255	65535	2	499
3	760	255	65535	3	492
3	760	255	65535	4	506
3	760	255	65535	5	509
3	760	255	65535	6	512
3	760	255	65535	7	510
3	760	255	65535	8	507
3	760	255	65535	9	508
3	760	255	65535	10	511
3	760	255	65535	11	509
3	760	255	65535	12	508
3	760	255	65535	13	509
3	760	255	65535	14	509
3	760	255	65535	15	507
3	760	255	65535	16	509
3	760	255	65535	17	510
3	760	255	65535	18	510
3	760	255	65535	19	509
3	760	255	65535	20	510
3	760	255	65535	21	511
3	760	255	65535	22	511
3	760	255	65535	23	509
3	760	255	65535	24	511
3	761	15	1035	0	511
3	761	15	1035	1	502
3	761	15	1035	2	489
3	761	15	1035	3	471
3	761	15	1035	4	507
3	761	15	1035	5	512
3	761	15	1035	6	511
3	761	15	1035	7	516
3	761	15	1035	8	522
3	761	15	1035	9	523
3	761	15	1035	10	522
3	761	15	1035	11	526
3	761	15	1035	12	529
3	761	15	1035	13	531
3	761	15	1035	14	534
3	761	15	1035	15	545
3	761	15	1035	16	551
3	761	15	1035	17	552
3	761	15	1035	18	560
3	761	15	1035	19	564
3	761	15	1035	20	570
3	761	15	1035	21	568
3	761	15	1035	22	574
3	761	15	1035	23	574
3	761	15	1035	24	575
3	762	255	65535	0	568
3	762	255	65535	1	565
3	762	255	65535	2	558
3	762	255	65535	3	578
3	762	255	65535	4	579
3	762	255	65535	5	577
3	762	255	65535	6	575
3	762	255	65535	7	565
3	762	255	65535	8	557
3	762	255	65535	9	546
3	762	255	65535	10	538
3	762	255	65535	11	527
3	762	255	65535	12	518
3	762	255	65535	13	512
3	762	255	65535	14	503
3	762	255	65535	15	492
3	762	255	65535	16	483
3	762	255	65535	17	478
3	762	255	65535	18	471
3	762	255	65535	19	463
3	762	255	65535	20	459
3	762	255	65535	21	459
3	762	255	65535	22	458
3	762	255	65535	23	454
3	762	255	65535	24	461
3	763	255	65535	0	457
3	763	255	65535	1	452
3	763	255	65535	2	440
3	763	255	65535	3	443
3	763	255	65535	4	459
3	763	255	65535	5	468
3	763	255	65535	6	471
3	763	255	65535	7	478
3	763	255	65535	8	482
3	763	255	65535	9	488
3	763	255	65535	10	487
3	763	255	65535	11	490
3	763	255	65535	12	493
3	763	255	65535	13	493
3	763	255	65535	14	495
3	763	255	65535	15	497
3	763	255	65535	16	497
3	763	255	65535	17	498
3	763	255	65535	18	498
3	763	255	65535	19	503
3	763	255	65535	20	497
3	763	255	65535	21	492
3	763	255	65535	22	494
3	763	255	65535	23	494
3	763	255	65535	24	492
3	764	255	65535	0	490
3	764	255	65535	1	478
3	764	255	65535	2	477
3	764	255	65535	3	485
3	764	255	65535	4	492
3	764	255	65535	5	496
3	764	255	65535	6	497
3	764	255	65535	7	494
3	764	255	65535	8	495
3	764	255	65535	9	495
3	764	255	65535	10	496
3	764	255	65535	11	493
3	764	255	65535	12	494
3	764	255	65535	13	496
3	764	255	65535	14	498
3	764	255	65535	15	494
3	764	255	65535	16	495
3	764	255	65535	17	497
3	764	255	65535	18	496
3	764	255	65535	19	495
3	764	255	65535	20	495
3	764	255	65535	21	496
3	764	255	65535	22	497
3	764	255	65535	23	496
3	764	255	65535	24	497
3	765	18	1036	0	496
3	765	18	1036	1	476
3	765	18	1036	2	474
3	765	18	1036	3	491
3	765	18	1036	4	495
3	765	18	1036	5	494
3	765	18	1036	6	494
3	765	18	1036	7	498
3	765	18	1036	8	498
3	765	18	1036	9	496
3	765	18	1036	10	499
3	765	18	1036	11	500
3	765	18	1036	12	500
3	765	18	1036	13	496
3	765	18	1036	14	501
3	765	18	1036	15	503
3	765	18	1036	16	504
3	765	18	1036	17	497
3	765	18	1036	18	500
3	765	18	1036	19	499
3	765	18	1036	20	496
3	765	18	1036	21	494
3	765	18	1036	22	499
3	765	18	1036	23	502
3	765	18	1036	24	495
3	766	255	65535	0	489
3	766	255	65535	1	483
3	766	255	65535	2	465
3	766	255	65535	3	494
3	766	255	65535	4	499
3	766	255	65535	5	502
3	766	255	65535	6	503
3	766	255	65535	7	501
3	766	255	65535	8	502
3	766	255	65535	9	505
3	766	255	65535	10	504
3	766	255	65535	11	502
3	766	255	65535	12	503
3	766	255	65535	13	505
3	766	255	65535	14	503
3	766	255	65535	15	504
3	766	255	65535	16	506
3	766	255	65535	17	506
3	766	255	65535	18	504
3	766	255	65535	19	504
3	766	255	65535	20	506
3	766	255	65535	21	507
3	766	255	65535	22	502
3	766	255	65535	23	504
3	766	255	65535	24	506
3	767	255	65535	0	503
3	767	255	65535	1	488
3	767	255	65535	2	482
3	767	255	65535	3	484
3	767	255	65535	4	500
3	767	255	65535	5	502
3	767	255	65535	6	501
3	767	255	65535	7	506
3	767	255	65535	8	503
3	767	255	65535	9	502
3	767	255	65535	10	505
3	767	255	65535	11	506
3	767	255	65535	12	505
3	767	255	65535	13	502
3	767	255	65535	14	504
3	767	255	65535	15	507
3	767	255	65535	16	504
3	767	255	65535	17	506
3	767	255	65535	18	503
3	767	255	65535	19	505
3	767	255	65535	20	508
3	767	255	65535	21	502
3	767	255	65535	22	508
3	767	255	65535	23	505
3	767	255	65535	24	504
3	768	255	65535	0	510
3	768	255	65535	1	498
3	768	255	65535	2	494
3	768	255	65535	3	472
3	768	255	65535	4	504
3	768	255	65535	5	515
3	768	255	65535	6	505
3	768	255	65535	7	509
3	768	255	65535	8	509
3	768	255	65535	9	509
3	768	255	65535	10	510
3	768	255	65535	11	505
3	768	255	65535	12	509
3	768	255	65535	13	509
3	768	255	65535	14	507
3	768	255	65535	15	506
3	768	255	65535	16	508
3	768	255	65535	17	512
3	768	255	65535	18	512
3	768	255	65535	19	511
3	768	255	65535	20	516
3	768	255	65535	21	517
3	768	255	65535	22	516
3	768	255	65535	23	516
3	768	255	65535	24	518
3	769	19	1037	0	516
3	769	19	1037	1	498
3	769	19	1037	2	497
3	769	19	1037	3	506
3	769	19	1037	4	517
3	769	19	1037	5	513
3	769	19	1037	6	512
3	769	19	1037	7	515
3	769	19	1037	8	512
3	769	19	1037	9	510
3	769	19	1037	10	512
3	769	19	1037	11	510
3	769	19	1037	12	509
3	769	19	1037	13	506
3	769	19	1037	14	506
3	769	19	1037	15	506
3	769	19	1037	16	503
3	769	19	1037	17	503
3	769	19	1037	18	502
3	769	19	1037	19	500
3	769	19	1037	20	503
3	769	19	1037	21	505
3	769	19	1037	22	505
3	769	19	1037	23	506
3	769	19	1037	24	508
3	770	255	65535	0	501
3	770	255	65535	1	493
3	770	255	65535	2	475
3	770	255	65535	3	502
3	770	255	65535	4	508
3	770	255	65535	5	511
3	770	255	65535	6	513
3	770	255	65535	7	506
3	770	255	65535	8	508
3	770	255	65535	9	511
3	770	255	65535	10	512
3	770	255	65535	11	507
3	770	255	65535	12	509
3	770	255	65535	13	510
3	770	255	65535	14	509
3	770	255	65535	15	506
3	770	255	65535	16	507
3	770	255	65535	17	507
3	770	255	65535	18	507
3	770	255	65535	19	506
3	770	255	65535	20	509
3	770	255	65535	21	506
3	770	255	65535	22	503
3	770	255	65535	23	504
3	770	255	65535	24	506
3	771	255	65535	0	502
3	771	255	65535	1	500
3	771	255	65535	2	482
3	771	255	65535	3	486
3	771	255	65535	4	492
3	771	255	65535	5	496
3	771	255	65535	6	497
3	771	255	65535	7	498
3	771	255	65535	8	495
3	771	255	65535	9	491
3	771	255	65535	10	493
3	771	255	65535	11	493
3	771	255	65535	12	489
3	771	255	65535	13	487
3	771	255	65535	14	487
3	771	255	65535	15	487
3	771	255	65535	16	481
3	771	255	65535	17	479
3	771	255	65535	18	481
3	771	255	65535	19	483
3	771	255	65535	20	484
3	771	255	65535	21	488
3	771	255	65535	22	496
3	771	255	65535	23	503
3	771	255	65535	24	494
3	772	255	65535	0	500
3	772	255	65535	1	496
3	772	255	65535	2	494
3	772	255	65535	3	492
3	772	255	65535	4	513
3	772	255	65535	5	519
3	772	255	65535	6	519
3	772	255	65535	7	520
3	772	255	65535	8	522
3	772	255	65535	9	523
3	772	255	65535	10	712
3	772	255	65535	11	835
3	772	255	65535	12	1012
3	772	255	65535	13	723
3	772	255	65535	14	177
3	772	255	65535	15	553
3	772	255	65535	16	776
3	772	255	65535	17	600
3	772	255	65535	18	422
3	772	255	65535	19	572
3	772	255	65535	20	662
3	772	255	65535	21	481
3	772	255	65535	22	621
3	772	255	65535	23	640
3	772	255	65535	24	483
3	773	23	1038	0	377
3	773	23	1038	1	430
3	773	23	1038	2	442
3	773	23	1038	3	368
3	773	23	1038	4	455
3	773	23	1038	5	541
3	773	23	1038	6	379
3	773	23	1038	7	366
3	773	23	1038	8	529
3	773	23	1038	9	512
3	773	23	1038	10	392
3	773	23	1038	11	455
3	773	23	1038	12	534
3	773	23	1038	13	496
3	773	23	1038	14	430
3	773	23	1038	15	454
3	773	23	1038	16	510
3	773	23	1038	17	497
3	773	23	1038	18	555
3	773	23	1038	19	526
3	773	23	1038	20	469
3	773	23	1038	21	493
3	773	23	1038	22	530
3	773	23	1038	23	532
3	773	23	1038	24	480
3	774	255	65535	0	486
3	774	255	65535	1	512
3	774	255	65535	2	478
3	774	255	65535	3	496
3	774	255	65535	4	504
3	774	255	65535	5	508
3	774	255	65535	6	504
3	774	255	65535	7	491
3	774	255	65535	8	504
3	774	255	65535	9	504
3	774	255	65535	10	507
3	774	255	65535	11	498
3	774	255	65535	12	495
3	774	255	65535	13	504
3	774	255	65535	14	507
3	774	255	65535	15	496
3	774	255	65535	16	495
3	774	255	65535	17	504
3	774	255	65535	18	508
3	774	255	65535	19	501
3	774	255	65535	20	508
3	774	255	65535	21	517
3	774	255	65535	22	505
3	774	255	65535	23	503
3	774	255	65535	24	511
3	775	255	65535	0	521
3	775	255	65535	1	481
3	775	255	65535	2	484
3	775	255	65535	3	501
3	775	255	65535	4	497
3	775	255	65535	5	497
3	775	255	65535	6	505
3	775	255	65535	7	506
3	775	255	65535	8	500
3	775	255	65535	9	498
3	775	255	65535	10	505
3	775	255	65535	11	503
3	775	255	65535	12	498
3	775	255	65535	13	504
3	775	255	65535	14	504
3	775	255	65535	15	503
3	775	255	65535	16	501
3	775	255	65535	17	506
3	775	255	65535	18	506
3	775	255	65535	19	500
3	775	255	65535	20	502
3	775	255	65535	21	502
3	775	255	65535	22	503
3	775	255	65535	23	504
3	775	255	65535	24	503
3	776	255	65535	0	505
3	776	255	65535	1	498
3	776	255	65535	2	487
3	776	255	65535	3	468
3	776	255	65535	4	498
3	776	255	65535	5	507
3	776	255	65535	6	505
3	776	255	65535	7	503
3	776	255	65535	8	507
3	776	255	65535	9	506
3	776	255	65535	10	505
3	776	255	65535	11	503
3	776	255	65535	12	506
3	776	255	65535	13	504
3	776	255	65535	14	507
3	776	255	65535	15	506
3	776	255	65535	16	504
3	776	255	65535	17	503
3	776	255	65535	18	504
3	776	255	65535	19	504
3	776	255	65535	20	505
3	776	255	65535	21	508
3	776	255	65535	22	502
3	776	255	65535	23	503
3	776	255	65535	24	505
3	777	255	65535	0	496
3	777	255	65535	1	482
3	777	255	65535	2	482
3	777	255	65535	3	494
3	777	255	65535	4	499
3	777	255	65535	5	499
3	777	255	65535	6	499
3	777	255	65535	7	500
3	777	255	65535	8	500
3	777	255	65535	9	499
3	777	255	65535	10	500
3	777	255	65535	11	501
3	777	255	65535	12	499
3	777	255	65535	13	500
3	777	255	65535	14	503
3	777	255	65535	15	503
3	777	255	65535	16	500
3	777	255	65535	17	501
3	777	255	65535	18	502
3	777	255	65535	19	499
3	777	255	65535	20	498
3	777	255	65535	21	502
3	777	255	65535	22	503
3	777	255	65535	23	501
3	777	255	65535	24	497
3	778	0	1039	0	504
3	778	0	1039	1	509
3	778	0	1039	2	494
3	778	0	1039	3	487
3	778	0	1039	4	500
3	778	0	1039	5	505
3	778	0	1039	6	503
3	778	0	1039	7	503
3	778	0	1039	8	504
3	778	0	1039	9	494
3	778	0	1039	10	486
3	778	0	1039	11	482
3	778	0	1039	12	508
3	778	0	1039	13	508
3	778	0	1039	14	503
3	778	0	1039	15	506
3	778	0	1039	16	509
3	778	0	1039	17	509
3	778	0	1039	18	506
3	778	0	1039	19	508
3	778	0	1039	20	513
3	778	0	1039	21	509
3	778	0	1039	22	508
3	778	0	1039	23	508
3	778	0	1039	24	508
3	779	255	65535	0	508
3	779	255	65535	1	499
3	779	255	65535	2	497
3	779	255	65535	3	485
3	779	255	65535	4	505
3	779	255	65535	5	509
3	779	255	65535	6	518
3	779	255	65535	7	514
3	779	255	65535	8	513
3	779	255	65535	9	508
3	779	255	65535	10	511
3	779	255	65535	11	511
3	779	255	65535	12	508
3	779	255	65535	13	509
3	779	255	65535	14	513
3	779	255	65535	15	510
3	779	255	65535	16	507
3	779	255	65535	17	508
3	779	255	65535	18	511
3	779	255	65535	19	508
3	779	255	65535	20	508
3	779	255	65535	21	511
3	779	255	65535	22	511
3	779	255	65535	23	508
3	779	255	65535	24	508
3	780	255	65535	0	502
3	780	255	65535	1	489
3	780	255	65535	2	468
3	780	255	65535	3	499
3	780	255	65535	4	505
3	780	255	65535	5	505
3	780	255	65535	6	508
3	780	255	65535	7	505
3	780	255	65535	8	507
3	780	255	65535	9	503
3	780	255	65535	10	502
3	780	255	65535	11	505
3	780	255	65535	12	505
3	780	255	65535	13	502
3	780	255	65535	14	500
3	780	255	65535	15	502
3	780	255	65535	16	504
3	780	255	65535	17	501
3	780	255	65535	18	502
3	780	255	65535	19	505
3	780	255	65535	20	504
3	780	255	65535	21	504
3	780	255	65535	22	502
3	780	255	65535	23	505
3	780	255	65535	24	506
3	781	255	65535	0	499
3	781	255	65535	1	491
3	781	255	65535	2	475
3	781	255	65535	3	503
3	781	255	65535	4	504
3	781	255	65535	5	508
3	781	255	65535	6	509
3	781	255	65535	7	508
3	781	255	65535	8	507
3	781	255	65535	9	508
3	781	255	65535	10	509
3	781	255	65535	11	507
3	781	255	65535	12	506
3	781	255	65535	13	506
3	781	255	65535	14	508
3	781	255	65535	15	507
3	781	255	65535	16	506
3	781	255	65535	17	506
3	781	255	65535	18	508
3	781	255	65535	19	506
3	781	255	65535	20	504
3	781	255	65535	21	507
3	781	255	65535	22	507
3	781	255	65535	23	504
3	781	255	65535	24	504
3	782	2	1040	0	503
3	782	2	1040	1	502
3	782	2	1040	2	508
3	782	2	1040	3	480
3	782	2	1040	4	483
3	782	2	1040	5	490
3	782	2	1040	6	496
3	782	2	1040	7	498
3	782	2	1040	8	500
3	782	2	1040	9	501
3	782	2	1040	10	499
3	782	2	1040	11	501
3	782	2	1040	12	502
3	782	2	1040	13	502
3	782	2	1040	14	499
3	782	2	1040	15	499
3	782	2	1040	16	502
3	782	2	1040	17	500
3	782	2	1040	18	500
3	782	2	1040	19	502
3	782	2	1040	20	504
3	782	2	1040	21	503
3	782	2	1040	22	501
3	782	2	1040	23	503
3	782	2	1040	24	502
3	783	255	65535	0	503
3	783	255	65535	1	493
3	783	255	65535	2	486
3	783	255	65535	3	473
3	783	255	65535	4	497
3	783	255	65535	5	502
3	783	255	65535	6	505
3	783	255	65535	7	504
3	783	255	65535	8	502
3	783	255	65535	9	503
3	783	255	65535	10	505
3	783	255	65535	11	504
3	783	255	65535	12	503
3	783	255	65535	13	503
3	783	255	65535	14	506
3	783	255	65535	15	503
3	783	255	65535	16	502
3	783	255	65535	17	505
3	783	255	65535	18	508
3	783	255	65535	19	505
3	783	255	65535	20	502
3	783	255	65535	21	506
3	783	255	65535	22	509
3	783	255	65535	23	506
3	783	255	65535	24	503
3	784	255	65535	0	502
3	784	255	65535	1	485
3	784	255	65535	2	481
3	784	255	65535	3	495
3	784	255	65535	4	501
3	784	255	65535	5	501
3	784	255	65535	6	499
3	784	255	65535	7	501
3	784	255	65535	8	502
3	784	255	65535	9	503
3	784	255	65535	10	500
3	784	255	65535	11	500
3	784	255	65535	12	503
3	784	255	65535	13	501
3	784	255	65535	14	500
3	784	255	65535	15	503
3	784	255	65535	16	501
3	784	255	65535	17	499
3	784	255	65535	18	500
3	784	255	65535	19	502
3	784	255	65535	20	501
3	784	255	65535	21	497
3	784	255	65535	22	503
3	784	255	65535	23	503
3	784	255	65535	24	503
3	785	255	65535	0	510
3	785	255	65535	1	488
3	785	255	65535	2	489
3	785	255	65535	3	501
3	785	255	65535	4	501
3	785	255	65535	5	503
3	785	255	65535	6	506
3	785	255	65535	7	504
3	785	255	65535	8	501
3	785	255	65535	9	504
3	785	255	65535	10	507
3	785	255	65535	11	504
3	785	255	65535	12	503
3	785	255	65535	13	505
3	785	255	65535	14	507
3	785	255	65535	15	504
3	785	255	65535	16	505
3	785	255	65535	17	507
3	785	255	65535	18	507
3	785	255	65535	19	503
3	785	255	65535	20	505
3	785	255	65535	21	506
3	785	255	65535	22	505
3	785	255	65535	23	502
3	785	255	65535	24	502
3	786	5	1041	0	492
3	786	5	1041	1	480
3	786	5	1041	2	470
3	786	5	1041	3	498
3	786	5	1041	4	503
3	786	5	1041	5	504
3	786	5	1041	6	508
3	786	5	1041	7	507
3	786	5	1041	8	509
3	786	5	1041	9	507
3	786	5	1041	10	508
3	786	5	1041	11	509
3	786	5	1041	12	509
3	786	5	1041	13	506
3	786	5	1041	14	505
3	786	5	1041	15	508
3	786	5	1041	16	507
3	786	5	1041	17	503
3	786	5	1041	18	506
3	786	5	1041	19	508
3	786	5	1041	20	505
3	786	5	1041	21	505
3	786	5	1041	22	504
3	786	5	1041	23	506
3	786	5	1041	24	506
3	787	255	65535	0	509
3	787	255	65535	1	503
3	787	255	65535	2	493
3	787	255	65535	3	474
3	787	255	65535	4	505
3	787	255	65535	5	510
3	787	255	65535	6	512
3	787	255	65535	7	510
3	787	255	65535	8	511
3	787	255	65535	9	512
3	787	255	65535	10	511
3	787	255	65535	11	510
3	787	255	65535	12	510
3	787	255	65535	13	512
3	787	255	65535	14	515
3	787	255	65535	15	509
3	787	255	65535	16	511
3	787	255	65535	17	512
3	787	255	65535	18	511
3	787	255	65535	19	510
3	787	255	65535	20	511
3	787	255	65535	21	513
3	787	255	65535	22	515
3	787	255	65535	23	510
3	787	255	65535	24	510
3	788	255	65535	0	509
3	788	255	65535	1	490
3	788	255	65535	2	487
3	788	255	65535	3	498
3	788	255	65535	4	516
3	788	255	65535	5	493
3	788	255	65535	6	491
3	788	255	65535	7	507
3	788	255	65535	8	511
3	788	255	65535	9	512
3	788	255	65535	10	510
3	788	255	65535	11	512
3	788	255	65535	12	512
3	788	255	65535	13	510
3	788	255	65535	14	511
3	788	255	65535	15	512
3	788	255	65535	16	512
3	788	255	65535	17	513
3	788	255	65535	18	510
3	788	255	65535	19	513
3	788	255	65535	20	511
3	788	255	65535	21	509
3	788	255	65535	22	510
3	788	255	65535	23	512
3	788	255	65535	24	512
3	789	255	65535	0	501
3	789	255	65535	1	488
3	789	255	65535	2	493
3	789	255	65535	3	500
3	789	255	65535	4	504
3	789	255	65535	5	505
3	789	255	65535	6	505
3	789	255	65535	7	506
3	789	255	65535	8	504
3	789	255	65535	9	507
3	789	255	65535	10	507
3	789	255	65535	11	505
3	789	255	65535	12	503
3	789	255	65535	13	505
3	789	255	65535	14	506
3	789	255	65535	15	505
3	789	255	65535	16	505
3	789	255	65535	17	507
3	789	255	65535	18	509
3	789	255	65535	19	507
3	789	255	65535	20	505
3	789	255	65535	21	510
3	789	255	65535	22	506
3	789	255	65535	23	505
3	789	255	65535	24	507
3	790	255	65535	0	498
3	790	255	65535	1	495
3	790	255	65535	2	478
3	790	255	65535	3	506
3	790	255	65535	4	514
3	790	255	65535	5	510
3	790	255	65535	6	511
3	790	255	65535	7	513
3	790	255	65535	8	515
3	790	255	65535	9	516
3	790	255	65535	10	511
3	790	255	65535	11	517
3	790	255	65535	12	516
3	790	255	65535	13	516
3	790	255	65535	14	516
3	790	255	65535	15	521
3	790	255	65535	16	522
3	790	255	65535	17	520
3	790	255	65535	18	520
3	790	255	65535	19	527
3	790	255	65535	20	524
3	790	255	65535	21	524
3	790	255	65535	22	528
3	790	255	65535	23	532
3	790	255	65535	24	533
3	791	255	65535	0	530
3	791	255	65535	1	528
3	791	255	65535	2	522
3	791	255	65535	3	503
3	791	255	65535	4	536
3	791	255	65535	5	546
3	791	255	65535	6	550
3	791	255	65535	7	552
3	791	255	65535	8	550
3	791	255	65535	9	558
3	791	255	65535	10	558
3	791	255	65535	11	556
3	791	255	65535	12	554
3	791	255	65535	13	555
3	791	255	65535	14	553
3	791	255	65535	15	547
3	791	255	65535	16	546
3	791	255	65535	17	546
3	791	255	65535	18	543
3	791	255	65535	19	536
3	791	255	65535	20	530
3	791	255	65535	21	525
3	791	255	65535	22	513
3	791	255	65535	23	509
3	791	255	65535	24	501
3	792	255	65535	0	491
3	792	255	65535	1	474
3	792	255	65535	2	448
3	792	255	65535	3	479
3	792	255	65535	4	480
3	792	255	65535	5	474
3	792	255	65535	6	472
3	792	255	65535	7	472
3	792	255	65535	8	469
3	792	255	65535	9	470
3	792	255	65535	10	470
3	792	255	65535	11	473
3	792	255	65535	12	473
3	792	255	65535	13	473
3	792	255	65535	14	479
3	792	255	65535	15	483
3	792	255	65535	16	487
3	792	255	65535	17	486
3	792	255	65535	18	494
3	792	255	65535	19	493
3	792	255	65535	20	492
3	792	255	65535	21	493
3	792	255	65535	22	497
3	792	255	65535	23	498
3	792	255	65535	24	498
3	793	255	65535	0	495
3	793	255	65535	1	486
3	793	255	65535	2	479
3	793	255	65535	3	478
3	793	255	65535	4	493
3	793	255	65535	5	501
3	793	255	65535	6	496
3	793	255	65535	7	496
3	793	255	65535	8	497
3	793	255	65535	9	500
3	793	255	65535	10	496
3	793	255	65535	11	495
3	793	255	65535	12	494
3	793	255	65535	13	496
3	793	255	65535	14	494
3	793	255	65535	15	492
3	793	255	65535	16	492
3	793	255	65535	17	494
3	793	255	65535	18	491
3	793	255	65535	19	492
3	793	255	65535	20	493
3	793	255	65535	21	491
3	793	255	65535	22	487
3	793	255	65535	23	489
3	793	255	65535	24	491
3	794	11	1043	0	494
3	794	11	1043	1	488
3	794	11	1043	2	478
3	794	11	1043	3	464
3	794	11	1043	4	490
3	794	11	1043	5	493
3	794	11	1043	6	496
3	794	11	1043	7	498
3	794	11	1043	8	497
3	794	11	1043	9	497
3	794	11	1043	10	501
3	794	11	1043	11	500
3	794	11	1043	12	496
3	794	11	1043	13	496
3	794	11	1043	14	499
3	794	11	1043	15	497
3	794	11	1043	16	498
3	794	11	1043	17	501
3	794	11	1043	18	499
3	794	11	1043	19	501
3	794	11	1043	20	500
3	794	11	1043	21	500
3	794	11	1043	22	501
3	794	11	1043	23	501
3	794	11	1043	24	500
3	795	255	65535	0	495
3	795	255	65535	1	481
3	795	255	65535	2	477
3	795	255	65535	3	489
3	795	255	65535	4	500
3	795	255	65535	5	498
3	795	255	65535	6	499
3	795	255	65535	7	498
3	795	255	65535	8	500
3	795	255	65535	9	502
3	795	255	65535	10	499
3	795	255	65535	11	500
3	795	255	65535	12	500
3	795	255	65535	13	503
3	795	255	65535	14	500
3	795	255	65535	15	504
3	795	255	65535	16	501
3	795	255	65535	17	500
3	795	255	65535	18	498
3	795	255	65535	19	499
3	795	255	65535	20	503
3	795	255	65535	21	504
3	795	255	65535	22	502
3	795	255	65535	23	503
3	795	255	65535	24	505
3	796	255	65535	0	500
3	796	255	65535	1	490
3	796	255	65535	2	470
3	796	255	65535	3	506
3	796	255	65535	4	511
3	796	255	65535	5	510
3	796	255	65535	6	510
3	796	255	65535	7	514
3	796	255	65535	8	512
3	796	255	65535	9	511
3	796	255	65535	10	513
3	796	255	65535	11	515
3	796	255	65535	12	513
3	796	255	65535	13	516
3	796	255	65535	14	514
3	796	255	65535	15	513
3	796	255	65535	16	513
3	796	255	65535	17	513
3	796	255	65535	18	513
3	796	255	65535	19	513
3	796	255	65535	20	510
3	796	255	65535	21	512
3	796	255	65535	22	514
3	796	255	65535	23	514
3	796	255	65535	24	511
3	797	255	65535	0	498
3	797	255	65535	1	496
3	797	255	65535	2	475
3	797	255	65535	3	501
3	797	255	65535	4	507
3	797	255	65535	5	509
3	797	255	65535	6	508
3	797	255	65535	7	506
3	797	255	65535	8	510
3	797	255	65535	9	510
3	797	255	65535	10	509
3	797	255	65535	11	507
3	797	255	65535	12	508
3	797	255	65535	13	510
3	797	255	65535	14	510
3	797	255	65535	15	509
3	797	255	65535	16	511
3	797	255	65535	17	511
3	797	255	65535	18	509
3	797	255	65535	19	510
3	797	255	65535	20	511
3	797	255	65535	21	511
3	797	255	65535	22	513
3	797	255	65535	23	513
3	797	255	65535	24	512
3	798	15	1044	0	515
3	798	15	1044	1	501
3	798	15	1044	2	498
3	798	15	1044	3	494
3	798	15	1044	4	511
3	798	15	1044	5	513
3	798	15	1044	6	516
3	798	15	1044	7	519
3	798	15	1044	8	515
3	798	15	1044	9	513
3	798	15	1044	10	516
3	798	15	1044	11	516
3	798	15	1044	12	514
3	798	15	1044	13	514
3	798	15	1044	14	517
3	798	15	1044	15	517
3	798	15	1044	16	516
3	798	15	1044	17	517
3	798	15	1044	18	518
3	798	15	1044	19	519
3	798	15	1044	20	517
3	798	15	1044	21	518
3	798	15	1044	22	520
3	798	15	1044	23	518
3	798	15	1044	24	515
3	799	255	65535	0	501
3	799	255	65535	1	497
3	799	255	65535	2	487
3	799	255	65535	3	507
3	799	255	65535	4	513
3	799	255	65535	5	515
3	799	255	65535	6	511
3	799	255	65535	7	510
3	799	255	65535	8	513
3	799	255	65535	9	515
3	799	255	65535	10	513
3	799	255	65535	11	514
3	799	255	65535	12	515
3	799	255	65535	13	514
3	799	255	65535	14	512
3	799	255	65535	15	513
3	799	255	65535	16	515
3	799	255	65535	17	514
3	799	255	65535	18	512
3	799	255	65535	19	513
3	799	255	65535	20	515
3	799	255	65535	21	512
3	799	255	65535	22	512
3	799	255	65535	23	513
3	799	255	65535	24	514
3	800	255	65535	0	514
3	800	255	65535	1	507
3	800	255	65535	2	498
3	800	255	65535	3	479
3	800	255	65535	4	508
3	800	255	65535	5	517
3	800	255	65535	6	514
3	800	255	65535	7	516
3	800	255	65535	8	513
3	800	255	65535	9	514
3	800	255	65535	10	516
3	800	255	65535	11	516
3	800	255	65535	12	513
3	800	255	65535	13	514
3	800	255	65535	14	517
3	800	255	65535	15	515
3	800	255	65535	16	515
3	800	255	65535	17	519
3	800	255	65535	18	513
3	800	255	65535	19	515
3	800	255	65535	20	514
3	800	255	65535	21	513
3	800	255	65535	22	516
3	800	255	65535	23	513
3	800	255	65535	24	518
3	801	255	65535	0	505
3	801	255	65535	1	494
3	801	255	65535	2	480
3	801	255	65535	3	500
3	801	255	65535	4	510
3	801	255	65535	5	510
3	801	255	65535	6	507
3	801	255	65535	7	507
3	801	255	65535	8	508
3	801	255	65535	9	509
3	801	255	65535	10	508
3	801	255	65535	11	507
3	801	255	65535	12	508
3	801	255	65535	13	507
3	801	255	65535	14	506
3	801	255	65535	15	506
3	801	255	65535	16	509
3	801	255	65535	17	507
3	801	255	65535	18	504
3	801	255	65535	19	508
3	801	255	65535	20	512
3	801	255	65535	21	509
3	801	255	65535	22	506
3	801	255	65535	23	509
3	801	255	65535	24	510
3	802	13	1045	0	531
3	802	13	1045	1	497
3	802	13	1045	2	494
3	802	13	1045	3	498
3	802	13	1045	4	512
3	802	13	1045	5	510
3	802	13	1045	6	511
3	802	13	1045	7	512
3	802	13	1045	8	510
3	802	13	1045	9	509
3	802	13	1045	10	510
3	802	13	1045	11	510
3	802	13	1045	12	506
3	802	13	1045	13	511
3	802	13	1045	14	505
3	802	13	1045	15	502
3	802	13	1045	16	498
3	802	13	1045	17	500
3	802	13	1045	18	501
3	802	13	1045	19	497
3	802	13	1045	20	494
3	802	13	1045	21	495
3	802	13	1045	22	494
3	802	13	1045	23	491
3	802	13	1045	24	488
3	803	255	65535	0	502
3	803	255	65535	1	468
3	803	255	65535	2	465
3	803	255	65535	3	470
3	803	255	65535	4	486
3	803	255	65535	5	496
3	803	255	65535	6	497
3	803	255	65535	7	492
3	803	255	65535	8	494
3	803	255	65535	9	497
3	803	255	65535	10	499
3	803	255	65535	11	500
3	803	255	65535	12	507
3	803	255	65535	13	509
3	803	255	65535	14	510
3	803	255	65535	15	510
3	803	255	65535	16	517
3	803	255	65535	17	513
3	803	255	65535	18	509
3	803	255	65535	19	635
3	803	255	65535	20	748
3	803	255	65535	21	1023
3	803	255	65535	22	760
3	803	255	65535	23	273
3	803	255	65535	24	416
3	804	255	65535	0	785
3	804	255	65535	1	691
3	804	255	65535	2	412
3	804	255	65535	3	434
3	804	255	65535	4	632
3	804	255	65535	5	540
3	804	255	65535	6	536
3	804	255	65535	7	630
3	804	255	65535	8	517
3	804	255	65535	9	384
3	804	255	65535	10	460
3	804	255	65535	11	467
3	804	255	65535	12	401
3	804	255	65535	13	430
3	804	255	65535	14	509
3	804	255	65535	15	437
3	804	255	65535	16	344
3	804	255	65535	17	486
3	804	255	65535	18	539
3	804	255	65535	19	420
3	804	255	65535	20	444
3	804	255	65535	21	532
3	804	255	65535	22	546
3	804	255	65535	23	479
3	804	255	65535	24	475
3	805	255	65535	0	518
3	805	255	65535	1	503
3	805	255	65535	2	488
3	805	255	65535	3	501
3	805	255	65535	4	482
3	805	255	65535	5	503
3	805	255	65535	6	516
3	805	255	65535	7	506
3	805	255	65535	8	479
3	805	255	65535	9	495
3	805	255	65535	10	525
3	805	255	65535	11	506
3	805	255	65535	12	483
3	805	255	65535	13	487
3	805	255	65535	14	501
3	805	255	65535	15	499
3	805	255	65535	16	489
3	805	255	65535	17	486
3	805	255	65535	18	495
3	805	255	65535	19	505
3	805	255	65535	20	502
3	805	255	65535	21	494
3	805	255	65535	22	501
3	805	255	65535	23	518
3	805	255	65535	24	505
3	806	17	1046	0	496
3	806	17	1046	1	488
3	806	17	1046	2	500
3	806	17	1046	3	487
3	806	17	1046	4	498
3	806	17	1046	5	509
3	806	17	1046	6	509
3	806	17	1046	7	508
3	806	17	1046	8	508
3	806	17	1046	9	505
3	806	17	1046	10	506
3	806	17	1046	11	506
3	806	17	1046	12	513
3	806	17	1046	13	505
3	806	17	1046	14	500
3	806	17	1046	15	509
3	806	17	1046	16	511
3	806	17	1046	17	511
3	806	17	1046	18	509
3	806	17	1046	19	513
3	806	17	1046	20	514
3	806	17	1046	21	512
3	806	17	1046	22	516
3	806	17	1046	23	516
3	806	17	1046	24	513
3	807	255	65535	0	533
3	807	255	65535	1	498
3	807	255	65535	2	492
3	807	255	65535	3	497
3	807	255	65535	4	505
3	807	255	65535	5	509
3	807	255	65535	6	506
3	807	255	65535	7	509
3	807	255	65535	8	511
3	807	255	65535	9	510
3	807	255	65535	10	507
3	807	255	65535	11	506
3	807	255	65535	12	515
3	807	255	65535	13	512
3	807	255	65535	14	508
3	807	255	65535	15	510
3	807	255	65535	16	512
3	807	255	65535	17	513
3	807	255	65535	18	507
3	807	255	65535	19	509
3	807	255	65535	20	511
3	807	255	65535	21	507
3	807	255	65535	22	507
3	807	255	65535	23	510
3	807	255	65535	24	514
3	808	255	65535	0	512
3	808	255	65535	1	502
3	808	255	65535	2	498
3	808	255	65535	3	485
3	808	255	65535	4	508
3	808	255	65535	5	514
3	808	255	65535	6	515
3	808	255	65535	7	515
3	808	255	65535	8	512
3	808	255	65535	9	514
3	808	255	65535	10	516
3	808	255	65535	11	512
3	808	255	65535	12	515
3	808	255	65535	13	513
3	808	255	65535	14	520
3	808	255	65535	15	515
3	808	255	65535	16	512
3	808	255	65535	17	514
3	808	255	65535	18	514
3	808	255	65535	19	513
3	808	255	65535	20	510
3	808	255	65535	21	514
3	808	255	65535	22	514
3	808	255	65535	23	511
3	808	255	65535	24	511
3	809	255	65535	0	505
3	809	255	65535	1	491
3	809	255	65535	2	478
3	809	255	65535	3	504
3	809	255	65535	4	508
3	809	255	65535	5	512
3	809	255	65535	6	509
3	809	255	65535	7	506
3	809	255	65535	8	510
3	809	255	65535	9	510
3	809	255	65535	10	507
3	809	255	65535	11	507
3	809	255	65535	12	509
3	809	255	65535	13	509
3	809	255	65535	14	506
3	809	255	65535	15	508
3	809	255	65535	16	509
3	809	255	65535	17	507
3	809	255	65535	18	508
3	809	255	65535	19	508
3	809	255	65535	20	509
3	809	255	65535	21	508
3	809	255	65535	22	507
3	809	255	65535	23	510
3	809	255	65535	24	509
3	810	18	1047	0	510
3	810	18	1047	1	500
3	810	18	1047	2	496
3	810	18	1047	3	483
3	810	18	1047	4	511
3	810	18	1047	5	512
3	810	18	1047	6	515
3	810	18	1047	7	512
3	810	18	1047	8	509
3	810	18	1047	9	511
3	810	18	1047	10	514
3	810	18	1047	11	513
3	810	18	1047	12	510
3	810	18	1047	13	512
3	810	18	1047	14	517
3	810	18	1047	15	510
3	810	18	1047	16	510
3	810	18	1047	17	513
3	810	18	1047	18	513
3	810	18	1047	19	507
3	810	18	1047	20	506
3	810	18	1047	21	510
3	810	18	1047	22	511
3	810	18	1047	23	506
3	810	18	1047	24	509
3	811	255	65535	0	502
3	811	255	65535	1	489
3	811	255	65535	2	468
3	811	255	65535	3	502
3	811	255	65535	4	506
3	811	255	65535	5	509
3	811	255	65535	6	503
3	811	255	65535	7	509
3	811	255	65535	8	506
3	811	255	65535	9	504
3	811	255	65535	10	503
3	811	255	65535	11	506
3	811	255	65535	12	507
3	811	255	65535	13	503
3	811	255	65535	14	503
3	811	255	65535	15	506
3	811	255	65535	16	506
3	811	255	65535	17	503
3	811	255	65535	18	503
3	811	255	65535	19	506
3	811	255	65535	20	504
3	811	255	65535	21	501
3	811	255	65535	22	503
3	811	255	65535	23	506
3	811	255	65535	24	505
3	812	255	65535	0	526
3	812	255	65535	1	497
3	812	255	65535	2	492
3	812	255	65535	3	500
3	812	255	65535	4	505
3	812	255	65535	5	513
3	812	255	65535	6	511
3	812	255	65535	7	507
3	812	255	65535	8	505
3	812	255	65535	9	509
3	812	255	65535	10	509
3	812	255	65535	11	509
3	812	255	65535	12	504
3	812	255	65535	13	507
3	812	255	65535	14	507
3	812	255	65535	15	504
3	812	255	65535	16	509
3	812	255	65535	17	506
3	812	255	65535	18	506
3	812	255	65535	19	505
3	812	255	65535	20	507
3	812	255	65535	21	507
3	812	255	65535	22	506
3	812	255	65535	23	506
3	812	255	65535	24	508
3	813	255	65535	0	505
3	813	255	65535	1	497
3	813	255	65535	2	484
3	813	255	65535	3	490
3	813	255	65535	4	499
3	813	255	65535	5	502
3	813	255	65535	6	502
3	813	255	65535	7	505
3	813	255	65535	8	505
3	813	255	65535	9	503
3	813	255	65535	10	502
3	813	255	65535	11	505
3	813	255	65535	12	505
3	813	255	65535	13	502
3	813	255	65535	14	503
3	813	255	65535	15	506
3	813	255	65535	16	505
3	813	255	65535	17	505
3	813	255	65535	18	503
3	813	255	65535	19	506
3	813	255	65535	20	504
3	813	255	65535	21	503
3	813	255	65535	22	506
3	813	255	65535	23	505
3	813	255	65535	24	503
3	814	22	1048	0	495
3	814	22	1048	1	492
3	814	22	1048	2	478
3	814	22	1048	3	504
3	814	22	1048	4	507
3	814	22	1048	5	509
3	814	22	1048	6	510
3	814	22	1048	7	509
3	814	22	1048	8	508
3	814	22	1048	9	511
3	814	22	1048	10	511
3	814	22	1048	11	509
3	814	22	1048	12	509
3	814	22	1048	13	511
3	814	22	1048	14	514
3	814	22	1048	15	509
3	814	22	1048	16	508
3	814	22	1048	17	509
3	814	22	1048	18	508
3	814	22	1048	19	506
3	814	22	1048	20	507
3	814	22	1048	21	512
3	814	22	1048	22	511
3	814	22	1048	23	509
3	814	22	1048	24	509
3	815	255	65535	0	529
3	815	255	65535	1	490
3	815	255	65535	2	489
3	815	255	65535	3	493
3	815	255	65535	4	510
3	815	255	65535	5	510
3	815	255	65535	6	508
3	815	255	65535	7	509
3	815	255	65535	8	512
3	815	255	65535	9	513
3	815	255	65535	10	513
3	815	255	65535	11	516
3	815	255	65535	12	522
3	815	255	65535	13	527
3	815	255	65535	14	528
3	815	255	65535	15	533
3	815	255	65535	16	537
3	815	255	65535	17	540
3	815	255	65535	18	545
3	815	255	65535	19	553
3	815	255	65535	20	557
3	815	255	65535	21	563
3	815	255	65535	22	568
3	815	255	65535	23	581
3	815	255	65535	24	578
3	816	255	65535	0	585
3	816	255	65535	1	583
3	816	255	65535	2	585
3	816	255	65535	3	576
3	816	255	65535	4	600
3	816	255	65535	5	591
3	816	255	65535	6	588
3	816	255	65535	7	581
3	816	255	65535	8	599
3	816	255	65535	9	601
3	816	255	65535	10	589
3	816	255	65535	11	572
3	816	255	65535	12	560
3	816	255	65535	13	557
3	816	255	65535	14	542
3	816	255	65535	15	527
3	816	255	65535	16	515
3	816	255	65535	17	504
3	816	255	65535	18	491
3	816	255	65535	19	476
3	816	255	65535	20	467
3	816	255	65535	21	459
3	816	255	65535	22	449
3	816	255	65535	23	442
3	816	255	65535	24	439
3	817	255	65535	0	458
3	817	255	65535	1	425
3	817	255	65535	2	422
3	817	255	65535	3	423
3	817	255	65535	4	445
3	817	255	65535	5	451
3	817	255	65535	6	454
3	817	255	65535	7	464
3	817	255	65535	8	466
3	817	255	65535	9	469
3	817	255	65535	10	474
3	817	255	65535	11	481
3	817	255	65535	12	483
3	817	255	65535	13	488
3	817	255	65535	14	487
3	817	255	65535	15	490
3	817	255	65535	16	489
3	817	255	65535	17	488
3	817	255	65535	18	488
3	817	255	65535	19	489
3	817	255	65535	20	486
3	817	255	65535	21	485
3	817	255	65535	22	488
3	817	255	65535	23	486
3	817	255	65535	24	483
3	818	23	1049	0	479
3	818	23	1049	1	468
3	818	23	1049	2	461
3	818	23	1049	3	454
3	818	23	1049	4	476
3	818	23	1049	5	481
3	818	23	1049	6	481
3	818	23	1049	7	480
3	818	23	1049	8	483
3	818	23	1049	9	485
3	818	23	1049	10	485
3	818	23	1049	11	485
3	818	23	1049	12	487
3	818	23	1049	13	488
3	818	23	1049	14	488
3	818	23	1049	15	491
3	818	23	1049	16	491
3	818	23	1049	17	493
3	818	23	1049	18	491
3	818	23	1049	19	492
3	818	23	1049	20	493
3	818	23	1049	21	495
3	818	23	1049	22	494
3	818	23	1049	23	495
3	818	23	1049	24	491
3	819	255	65535	0	506
3	819	255	65535	1	477
3	819	255	65535	2	476
3	819	255	65535	3	483
3	819	255	65535	4	492
3	819	255	65535	5	494
3	819	255	65535	6	497
3	819	255	65535	7	497
3	819	255	65535	8	496
3	819	255	65535	9	494
3	819	255	65535	10	497
3	819	255	65535	11	497
3	819	255	65535	12	493
3	819	255	65535	13	494
3	819	255	65535	14	496
3	819	255	65535	15	497
3	819	255	65535	16	495
3	819	255	65535	17	494
3	819	255	65535	18	495
3	819	255	65535	19	494
3	819	255	65535	20	495
3	819	255	65535	21	495
3	819	255	65535	22	496
3	819	255	65535	23	495
3	819	255	65535	24	496
3	820	255	65535	0	493
3	820	255	65535	1	491
3	820	255	65535	2	476
3	820	255	65535	3	475
3	820	255	65535	4	485
3	820	255	65535	5	498
3	820	255	65535	6	495
3	820	255	65535	7	496
3	820	255	65535	8	499
3	820	255	65535	9	500
3	820	255	65535	10	500
3	820	255	65535	11	498
3	820	255	65535	12	500
3	820	255	65535	13	502
3	820	255	65535	14	501
3	820	255	65535	15	501
3	820	255	65535	16	504
3	820	255	65535	17	505
3	820	255	65535	18	502
3	820	255	65535	19	504
3	820	255	65535	20	505
3	820	255	65535	21	504
3	820	255	65535	22	502
3	820	255	65535	23	504
3	820	255	65535	24	506
3	821	255	65535	0	497
3	821	255	65535	1	491
3	821	255	65535	2	476
3	821	255	65535	3	505
3	821	255	65535	4	507
3	821	255	65535	5	505
3	821	255	65535	6	507
3	821	255	65535	7	508
3	821	255	65535	8	507
3	821	255	65535	9	505
3	821	255	65535	10	507
3	821	255	65535	11	510
3	821	255	65535	12	508
3	821	255	65535	13	508
3	821	255	65535	14	508
3	821	255	65535	15	510
3	821	255	65535	16	510
3	821	255	65535	17	512
3	821	255	65535	18	515
3	821	255	65535	19	515
3	821	255	65535	20	517
3	821	255	65535	21	519
3	821	255	65535	22	520
3	821	255	65535	23	523
3	821	255	65535	24	518
3	822	255	65535	0	518
3	822	255	65535	1	516
3	822	255	65535	2	501
3	822	255	65535	3	497
3	822	255	65535	4	510
3	822	255	65535	5	518
3	822	255	65535	6	517
3	822	255	65535	7	513
3	822	255	65535	8	514
3	822	255	65535	9	515
3	822	255	65535	10	513
3	822	255	65535	11	512
3	822	255	65535	12	512
3	822	255	65535	13	511
3	822	255	65535	14	509
3	822	255	65535	15	508
3	822	255	65535	16	510
3	822	255	65535	17	510
3	822	255	65535	18	508
3	822	255	65535	19	507
3	822	255	65535	20	510
3	822	255	65535	21	510
3	822	255	65535	22	507
3	822	255	65535	23	507
3	822	255	65535	24	507
3	823	0	1050	0	506
3	823	0	1050	1	518
3	823	0	1050	2	498
3	823	0	1050	3	499
3	823	0	1050	4	508
3	823	0	1050	5	514
3	823	0	1050	6	514
3	823	0	1050	7	518
3	823	0	1050	8	516
3	823	0	1050	9	513
3	823	0	1050	10	514
3	823	0	1050	11	516
3	823	0	1050	12	514
3	823	0	1050	13	514
3	823	0	1050	14	514
3	823	0	1050	15	513
3	823	0	1050	16	511
3	823	0	1050	17	512
3	823	0	1050	18	515
3	823	0	1050	19	514
3	823	0	1050	20	508
3	823	0	1050	21	508
3	823	0	1050	22	518
3	823	0	1050	23	513
3	823	0	1050	24	509
3	824	255	65535	0	506
3	824	255	65535	1	491
3	824	255	65535	2	487
3	824	255	65535	3	495
3	824	255	65535	4	505
3	824	255	65535	5	507
3	824	255	65535	6	504
3	824	255	65535	7	503
3	824	255	65535	8	507
3	824	255	65535	9	507
3	824	255	65535	10	503
3	824	255	65535	11	503
3	824	255	65535	12	505
3	824	255	65535	13	506
3	824	255	65535	14	504
3	824	255	65535	15	502
3	824	255	65535	16	506
3	824	255	65535	17	505
3	824	255	65535	18	503
3	824	255	65535	19	503
3	824	255	65535	20	506
3	824	255	65535	21	504
3	824	255	65535	22	502
3	824	255	65535	23	503
3	824	255	65535	24	504
3	825	255	65535	0	515
3	825	255	65535	1	489
3	825	255	65535	2	486
3	825	255	65535	3	499
3	825	255	65535	4	501
3	825	255	65535	5	506
3	825	255	65535	6	503
3	825	255	65535	7	502
3	825	255	65535	8	498
3	825	255	65535	9	496
3	825	255	65535	10	498
3	825	255	65535	11	497
3	825	255	65535	12	493
3	825	255	65535	13	490
3	825	255	65535	14	492
3	825	255	65535	15	489
3	825	255	65535	16	489
3	825	255	65535	17	490
3	825	255	65535	18	497
3	825	255	65535	19	502
3	825	255	65535	20	503
3	825	255	65535	21	502
3	825	255	65535	22	505
3	825	255	65535	23	508
3	825	255	65535	24	509
3	826	255	65535	0	530
3	826	255	65535	1	496
3	826	255	65535	2	494
3	826	255	65535	3	499
3	826	255	65535	4	516
3	826	255	65535	5	519
3	826	255	65535	6	517
3	826	255	65535	7	516
3	826	255	65535	8	517
3	826	255	65535	9	515
3	826	255	65535	10	656
3	826	255	65535	11	730
3	826	255	65535	12	948
3	826	255	65535	13	686
3	826	255	65535	14	290
3	826	255	65535	15	465
3	826	255	65535	16	808
3	826	255	65535	17	639
3	826	255	65535	18	415
3	826	255	65535	19	435
3	826	255	65535	20	630
3	826	255	65535	21	574
3	826	255	65535	22	500
3	826	255	65535	23	586
3	826	255	65535	24	459
3	827	5	1051	0	440
3	827	5	1051	1	476
3	827	5	1051	2	416
3	827	5	1051	3	416
3	827	5	1051	4	470
3	827	5	1051	5	510
3	827	5	1051	6	431
3	827	5	1051	7	382
3	827	5	1051	8	487
3	827	5	1051	9	543
3	827	5	1051	10	431
3	827	5	1051	11	422
3	827	5	1051	12	501
3	827	5	1051	13	514
3	827	5	1051	14	487
3	827	5	1051	15	462
3	827	5	1051	16	496
3	827	5	1051	17	529
3	827	5	1051	18	529
3	827	5	1051	19	503
3	827	5	1051	20	478
3	827	5	1051	21	510
3	827	5	1051	22	533
3	827	5	1051	23	502
3	827	5	1051	24	479
3	828	255	65535	0	493
3	828	255	65535	1	512
3	828	255	65535	2	500
3	828	255	65535	3	459
3	828	255	65535	4	491
3	828	255	65535	5	514
3	828	255	65535	6	517
3	828	255	65535	7	500
3	828	255	65535	8	489
3	828	255	65535	9	509
3	828	255	65535	10	510
3	828	255	65535	11	503
3	828	255	65535	12	497
3	828	255	65535	13	502
3	828	255	65535	14	517
3	828	255	65535	15	507
3	828	255	65535	16	496
3	828	255	65535	17	505
3	828	255	65535	18	510
3	828	255	65535	19	511
3	828	255	65535	20	508
3	828	255	65535	21	510
3	828	255	65535	22	505
3	828	255	65535	23	507
3	828	255	65535	24	516
3	829	255	65535	0	505
3	829	255	65535	1	487
3	829	255	65535	2	486
3	829	255	65535	3	480
3	829	255	65535	4	497
3	829	255	65535	5	496
3	829	255	65535	6	507
3	829	255	65535	7	506
3	829	255	65535	8	502
3	829	255	65535	9	497
3	829	255	65535	10	503
3	829	255	65535	11	504
3	829	255	65535	12	498
3	829	255	65535	13	500
3	829	255	65535	14	504
3	829	255	65535	15	501
3	829	255	65535	16	499
3	829	255	65535	17	500
3	829	255	65535	18	503
3	829	255	65535	19	501
3	829	255	65535	20	494
3	829	255	65535	21	499
3	829	255	65535	22	504
3	829	255	65535	23	505
3	829	255	65535	24	504
3	830	255	65535	0	505
3	830	255	65535	1	495
3	830	255	65535	2	492
3	830	255	65535	3	498
3	830	255	65535	4	512
3	830	255	65535	5	512
3	830	255	65535	6	508
3	830	255	65535	7	507
3	830	255	65535	8	507
3	830	255	65535	9	504
3	830	255	65535	10	501
3	830	255	65535	11	500
3	830	255	65535	12	504
3	830	255	65535	13	504
3	830	255	65535	14	505
3	830	255	65535	15	508
3	830	255	65535	16	512
3	830	255	65535	17	508
3	830	255	65535	18	509
3	830	255	65535	19	510
3	830	255	65535	20	513
3	830	255	65535	21	513
3	830	255	65535	22	511
3	830	255	65535	23	513
3	830	255	65535	24	512
3	831	6	1052	0	507
3	831	6	1052	1	526
3	831	6	1052	2	493
3	831	6	1052	3	487
3	831	6	1052	4	486
3	831	6	1052	5	501
3	831	6	1052	6	505
3	831	6	1052	7	507
3	831	6	1052	8	504
3	831	6	1052	9	507
3	831	6	1052	10	511
3	831	6	1052	11	511
3	831	6	1052	12	506
3	831	6	1052	13	511
3	831	6	1052	14	511
3	831	6	1052	15	509
3	831	6	1052	16	508
3	831	6	1052	17	509
3	831	6	1052	18	512
3	831	6	1052	19	508
3	831	6	1052	20	508
3	831	6	1052	21	513
3	831	6	1052	22	513
3	831	6	1052	23	511
3	831	6	1052	24	508
3	832	255	65535	0	508
3	832	255	65535	1	499
3	832	255	65535	2	476
3	832	255	65535	3	508
3	832	255	65535	4	516
3	832	255	65535	5	516
3	832	255	65535	6	513
3	832	255	65535	7	513
3	832	255	65535	8	515
3	832	255	65535	9	514
3	832	255	65535	10	511
3	832	255	65535	11	514
3	832	255	65535	12	516
3	832	255	65535	13	516
3	832	255	65535	14	508
3	832	255	65535	15	510
3	832	255	65535	16	512
3	832	255	65535	17	511
3	832	255	65535	18	510
3	832	255	65535	19	513
3	832	255	65535	20	512
3	832	255	65535	21	512
3	832	255	65535	22	511
3	832	255	65535	23	507
3	832	255	65535	24	509
3	833	255	65535	0	532
3	833	255	65535	1	488
3	833	255	65535	2	489
3	833	255	65535	3	491
3	833	255	65535	4	503
3	833	255	65535	5	507
3	833	255	65535	6	513
3	833	255	65535	7	514
3	833	255	65535	8	504
3	833	255	65535	9	507
3	833	255	65535	10	510
3	833	255	65535	11	505
3	833	255	65535	12	509
3	833	255	65535	13	511
3	833	255	65535	14	514
3	833	255	65535	15	511
3	833	255	65535	16	508
3	833	255	65535	17	512
3	833	255	65535	18	508
3	833	255	65535	19	512
3	833	255	65535	20	507
3	833	255	65535	21	510
3	833	255	65535	22	510
3	833	255	65535	23	508
3	833	255	65535	24	508
3	834	255	65535	0	514
3	834	255	65535	1	507
3	834	255	65535	2	494
3	834	255	65535	3	492
3	834	255	65535	4	506
3	834	255	65535	5	511
3	834	255	65535	6	511
3	834	255	65535	7	514
3	834	255	65535	8	513
3	834	255	65535	9	519
3	834	255	65535	10	512
3	834	255	65535	11	512
3	834	255	65535	12	514
3	834	255	65535	13	510
3	834	255	65535	14	511
3	834	255	65535	15	511
3	834	255	65535	16	513
3	834	255	65535	17	513
3	834	255	65535	18	512
3	834	255	65535	19	515
3	834	255	65535	20	520
3	834	255	65535	21	512
3	834	255	65535	22	512
3	834	255	65535	23	509
3	834	255	65535	24	515
3	835	11	1053	0	504
3	835	11	1053	1	490
3	835	11	1053	2	490
3	835	11	1053	3	496
3	835	11	1053	4	506
3	835	11	1053	5	504
3	835	11	1053	6	507
3	835	11	1053	7	504
3	835	11	1053	8	511
3	835	11	1053	9	509
3	835	11	1053	10	506
3	835	11	1053	11	503
3	835	11	1053	12	505
3	835	11	1053	13	506
3	835	11	1053	14	510
3	835	11	1053	15	517
3	835	11	1053	16	507
3	835	11	1053	17	504
3	835	11	1053	18	509
3	835	11	1053	19	498
3	835	11	1053	20	497
3	835	11	1053	21	515
3	835	11	1053	22	517
3	835	11	1053	23	508
3	835	11	1053	24	506
3	836	255	65535	0	514
3	836	255	65535	1	493
3	836	255	65535	2	490
3	836	255	65535	3	501
3	836	255	65535	4	510
3	836	255	65535	5	513
3	836	255	65535	6	510
3	836	255	65535	7	511
3	836	255	65535	8	513
3	836	255	65535	9	517
3	836	255	65535	10	509
3	836	255	65535	11	506
3	836	255	65535	12	510
3	836	255	65535	13	510
3	836	255	65535	14	508
3	836	255	65535	15	512
3	836	255	65535	16	510
3	836	255	65535	17	508
3	836	255	65535	18	506
3	836	255	65535	19	512
3	836	255	65535	20	511
3	836	255	65535	21	510
3	836	255	65535	22	508
3	836	255	65535	23	507
3	836	255	65535	24	506
3	837	255	65535	0	492
3	837	255	65535	1	489
3	837	255	65535	2	469
3	837	255	65535	3	500
3	837	255	65535	4	501
3	837	255	65535	5	502
3	837	255	65535	6	507
3	837	255	65535	7	503
3	837	255	65535	8	499
3	837	255	65535	9	502
3	837	255	65535	10	505
3	837	255	65535	11	503
3	837	255	65535	12	504
3	837	255	65535	13	508
3	837	255	65535	14	505
3	837	255	65535	15	503
3	837	255	65535	16	496
3	837	255	65535	17	503
3	837	255	65535	18	505
3	837	255	65535	19	493
3	837	255	65535	20	501
3	837	255	65535	21	507
3	837	255	65535	22	512
3	837	255	65535	23	515
3	837	255	65535	24	504
3	838	255	65535	0	523
3	838	255	65535	1	488
3	838	255	65535	2	469
3	838	255	65535	3	485
3	838	255	65535	4	519
3	838	255	65535	5	521
3	838	255	65535	6	509
3	838	255	65535	7	517
3	838	255	65535	8	514
3	838	255	65535	9	509
3	838	255	65535	10	506
3	838	255	65535	11	506
3	838	255	65535	12	509
3	838	255	65535	13	512
3	838	255	65535	14	510
3	838	255	65535	15	510
3	838	255	65535	16	510
3	838	255	65535	17	508
3	838	255	65535	18	510
3	838	255	65535	19	504
3	838	255	65535	20	499
3	838	255	65535	21	499
3	838	255	65535	22	503
3	838	255	65535	23	506
3	838	255	65535	24	501
3	839	11	1054	0	497
3	839	11	1054	1	485
3	839	11	1054	2	484
3	839	11	1054	3	482
3	839	11	1054	4	495
3	839	11	1054	5	499
3	839	11	1054	6	501
3	839	11	1054	7	498
3	839	11	1054	8	500
3	839	11	1054	9	503
3	839	11	1054	10	507
3	839	11	1054	11	511
3	839	11	1054	12	510
3	839	11	1054	13	512
3	839	11	1054	14	512
3	839	11	1054	15	509
3	839	11	1054	16	511
3	839	11	1054	17	511
3	839	11	1054	18	513
3	839	11	1054	19	509
3	839	11	1054	20	503
3	839	11	1054	21	514
3	839	11	1054	22	513
3	839	11	1054	23	489
3	839	11	1054	24	500
3	840	255	65535	0	512
3	840	255	65535	1	505
3	840	255	65535	2	474
3	840	255	65535	3	496
3	840	255	65535	4	517
3	840	255	65535	5	514
3	840	255	65535	6	488
3	840	255	65535	7	498
3	840	255	65535	8	524
3	840	255	65535	9	523
3	840	255	65535	10	510
3	840	255	65535	11	514
3	840	255	65535	12	522
3	840	255	65535	13	517
3	840	255	65535	14	513
3	840	255	65535	15	512
3	840	255	65535	16	514
3	840	255	65535	17	513
3	840	255	65535	18	515
3	840	255	65535	19	518
3	840	255	65535	20	510
3	840	255	65535	21	507
3	840	255	65535	22	511
3	840	255	65535	23	509
3	840	255	65535	24	506
3	841	255	65535	0	501
3	841	255	65535	1	494
3	841	255	65535	2	486
3	841	255	65535	3	482
3	841	255	65535	4	495
3	841	255	65535	5	506
3	841	255	65535	6	511
3	841	255	65535	7	510
3	841	255	65535	8	503
3	841	255	65535	9	504
3	841	255	65535	10	506
3	841	255	65535	11	505
3	841	255	65535	12	504
3	841	255	65535	13	505
3	841	255	65535	14	510
3	841	255	65535	15	512
3	841	255	65535	16	510
3	841	255	65535	17	510
3	841	255	65535	18	511
3	841	255	65535	19	507
3	841	255	65535	20	506
3	841	255	65535	21	509
3	841	255	65535	22	511
3	841	255	65535	23	501
3	841	255	65535	24	507
3	842	255	65535	0	522
3	842	255	65535	1	479
3	842	255	65535	2	490
3	842	255	65535	3	517
3	842	255	65535	4	527
3	842	255	65535	5	508
3	842	255	65535	6	497
3	842	255	65535	7	509
3	842	255	65535	8	511
3	842	255	65535	9	479
3	842	255	65535	10	497
3	842	255	65535	11	528
3	842	255	65535	12	532
3	842	255	65535	13	521
3	842	255	65535	14	507
3	842	255	65535	15	517
3	842	255	65535	16	510
3	842	255	65535	17	510
3	842	255	65535	18	502
3	842	255	65535	19	510
3	842	255	65535	20	517
3	842	255	65535	21	515
3	842	255	65535	22	513
3	842	255	65535	23	503
3	842	255	65535	24	499
3	843	14	1055	0	492
3	843	14	1055	1	481
3	843	14	1055	2	472
3	843	14	1055	3	493
3	843	14	1055	4	504
3	843	14	1055	5	504
3	843	14	1055	6	502
3	843	14	1055	7	503
3	843	14	1055	8	508
3	843	14	1055	9	517
3	843	14	1055	10	511
3	843	14	1055	11	506
3	843	14	1055	12	505
3	843	14	1055	13	510
3	843	14	1055	14	507
3	843	14	1055	15	496
3	843	14	1055	16	501
3	843	14	1055	17	511
3	843	14	1055	18	514
3	843	14	1055	19	503
3	843	14	1055	20	499
3	843	14	1055	21	504
3	843	14	1055	22	501
3	843	14	1055	23	495
3	843	14	1055	24	496
3	844	255	65535	0	507
3	844	255	65535	1	506
3	844	255	65535	2	494
3	844	255	65535	3	494
3	844	255	65535	4	507
3	844	255	65535	5	510
3	844	255	65535	6	505
3	844	255	65535	7	508
3	844	255	65535	8	502
3	844	255	65535	9	504
3	844	255	65535	10	508
3	844	255	65535	11	499
3	844	255	65535	12	493
3	844	255	65535	13	495
3	844	255	65535	14	494
3	844	255	65535	15	517
3	844	255	65535	16	526
3	844	255	65535	17	514
3	844	255	65535	18	496
3	844	255	65535	19	496
3	844	255	65535	20	495
3	844	255	65535	21	505
3	844	255	65535	22	505
3	844	255	65535	23	504
3	844	255	65535	24	510
3	845	255	65535	0	510
3	845	255	65535	1	502
3	845	255	65535	2	479
3	845	255	65535	3	492
3	845	255	65535	4	495
3	845	255	65535	5	506
3	845	255	65535	6	507
3	845	255	65535	7	506
3	845	255	65535	8	506
3	845	255	65535	9	512
3	845	255	65535	10	508
3	845	255	65535	11	493
3	845	255	65535	12	489
3	845	255	65535	13	495
3	845	255	65535	14	501
3	845	255	65535	15	493
3	845	255	65535	16	489
3	845	255	65535	17	493
3	845	255	65535	18	496
3	845	255	65535	19	497
3	845	255	65535	20	500
3	845	255	65535	21	503
3	845	255	65535	22	501
3	845	255	65535	23	499
3	845	255	65535	24	501
3	846	255	65535	0	517
3	846	255	65535	1	491
3	846	255	65535	2	483
3	846	255	65535	3	491
3	846	255	65535	4	510
3	846	255	65535	5	517
3	846	255	65535	6	513
3	846	255	65535	7	509
3	846	255	65535	8	503
3	846	255	65535	9	504
3	846	255	65535	10	505
3	846	255	65535	11	506
3	846	255	65535	12	504
3	846	255	65535	13	506
3	846	255	65535	14	513
3	846	255	65535	15	514
3	846	255	65535	16	506
3	846	255	65535	17	493
3	846	255	65535	18	492
3	846	255	65535	19	505
3	846	255	65535	20	516
3	846	255	65535	21	516
3	846	255	65535	22	519
3	846	255	65535	23	515
3	846	255	65535	24	505
3	847	15	1056	0	495
3	847	15	1056	1	494
3	847	15	1056	2	484
3	847	15	1056	3	458
3	847	15	1056	4	495
3	847	15	1056	5	513
3	847	15	1056	6	516
3	847	15	1056	7	507
3	847	15	1056	8	502
3	847	15	1056	9	503
3	847	15	1056	10	509
3	847	15	1056	11	502
3	847	15	1056	12	500
3	847	15	1056	13	503
3	847	15	1056	14	508
3	847	15	1056	15	503
3	847	15	1056	16	502
3	847	15	1056	17	503
3	847	15	1056	18	504
3	847	15	1056	19	506
3	847	15	1056	20	505
3	847	15	1056	21	502
3	847	15	1056	22	498
3	847	15	1056	23	500
3	847	15	1056	24	504
3	848	255	65535	0	504
3	848	255	65535	1	493
3	848	255	65535	2	492
3	848	255	65535	3	504
3	848	255	65535	4	511
3	848	255	65535	5	509
3	848	255	65535	6	504
3	848	255	65535	7	514
3	848	255	65535	8	511
3	848	255	65535	9	511
3	848	255	65535	10	516
3	848	255	65535	11	519
3	848	255	65535	12	518
3	848	255	65535	13	512
3	848	255	65535	14	512
3	848	255	65535	15	513
3	848	255	65535	16	510
3	848	255	65535	17	508
3	848	255	65535	18	501
3	848	255	65535	19	503
3	848	255	65535	20	516
3	848	255	65535	21	525
3	848	255	65535	22	518
3	848	255	65535	23	520
3	848	255	65535	24	514
3	849	255	65535	0	485
3	849	255	65535	1	480
3	849	255	65535	2	486
3	849	255	65535	3	501
3	849	255	65535	4	498
3	849	255	65535	5	509
3	849	255	65535	6	515
3	849	255	65535	7	515
3	849	255	65535	8	509
3	849	255	65535	9	503
3	849	255	65535	10	502
3	849	255	65535	11	503
3	849	255	65535	12	505
3	849	255	65535	13	508
3	849	255	65535	14	508
3	849	255	65535	15	508
3	849	255	65535	16	511
3	849	255	65535	17	510
3	849	255	65535	18	503
3	849	255	65535	19	501
3	849	255	65535	20	505
3	849	255	65535	21	506
3	849	255	65535	22	499
3	849	255	65535	23	500
3	849	255	65535	24	503
3	850	255	65535	0	525
3	850	255	65535	1	492
3	850	255	65535	2	490
3	850	255	65535	3	499
3	850	255	65535	4	507
3	850	255	65535	5	507
3	850	255	65535	6	507
3	850	255	65535	7	512
3	850	255	65535	8	507
3	850	255	65535	9	509
3	850	255	65535	10	514
3	850	255	65535	11	515
3	850	255	65535	12	513
3	850	255	65535	13	512
3	850	255	65535	14	514
3	850	255	65535	15	513
3	850	255	65535	16	508
3	850	255	65535	17	508
3	850	255	65535	18	510
3	850	255	65535	19	512
3	850	255	65535	20	510
3	850	255	65535	21	513
3	850	255	65535	22	512
3	850	255	65535	23	504
3	850	255	65535	24	495
3	851	18	1057	0	513
3	851	18	1057	1	499
3	851	18	1057	2	490
3	851	18	1057	3	492
3	851	18	1057	4	517
3	851	18	1057	5	506
3	851	18	1057	6	496
3	851	18	1057	7	505
3	851	18	1057	8	510
3	851	18	1057	9	502
3	851	18	1057	10	500
3	851	18	1057	11	505
3	851	18	1057	12	515
3	851	18	1057	13	509
3	851	18	1057	14	505
3	851	18	1057	15	505
3	851	18	1057	16	508
3	851	18	1057	17	506
3	851	18	1057	18	501
3	851	18	1057	19	504
3	851	18	1057	20	506
3	851	18	1057	21	505
3	851	18	1057	22	503
3	851	18	1057	23	507
3	851	18	1057	24	503
3	852	255	65535	0	505
3	852	255	65535	1	499
3	852	255	65535	2	486
3	852	255	65535	3	464
3	852	255	65535	4	495
3	852	255	65535	5	505
3	852	255	65535	6	506
3	852	255	65535	7	508
3	852	255	65535	8	507
3	852	255	65535	9	504
3	852	255	65535	10	506
3	852	255	65535	11	506
3	852	255	65535	12	501
3	852	255	65535	13	502
3	852	255	65535	14	507
3	852	255	65535	15	508
3	852	255	65535	16	506
3	852	255	65535	17	507
3	852	255	65535	18	509
3	852	255	65535	19	509
3	852	255	65535	20	505
3	852	255	65535	21	505
3	852	255	65535	22	505
3	852	255	65535	23	506
3	852	255	65535	24	506
3	853	255	65535	0	501
3	853	255	65535	1	490
3	853	255	65535	2	486
3	853	255	65535	3	492
3	853	255	65535	4	495
3	853	255	65535	5	494
3	853	255	65535	6	503
3	853	255	65535	7	509
3	853	255	65535	8	500
3	853	255	65535	9	505
3	853	255	65535	10	511
3	853	255	65535	11	497
3	853	255	65535	12	499
3	853	255	65535	13	506
3	853	255	65535	14	501
3	853	255	65535	15	500
3	853	255	65535	16	500
3	853	255	65535	17	505
3	853	255	65535	18	504
3	853	255	65535	19	502
3	853	255	65535	20	503
3	853	255	65535	21	500
3	853	255	65535	22	501
3	853	255	65535	23	501
3	853	255	65535	24	504
3	854	255	65535	0	524
3	854	255	65535	1	488
3	854	255	65535	2	489
3	854	255	65535	3	491
3	854	255	65535	4	502
3	854	255	65535	5	501
3	854	255	65535	6	506
3	854	255	65535	7	512
3	854	255	65535	8	507
3	854	255	65535	9	500
3	854	255	65535	10	507
3	854	255	65535	11	511
3	854	255	65535	12	509
3	854	255	65535	13	506
3	854	255	65535	14	510
3	854	255	65535	15	509
3	854	255	65535	16	508
3	854	255	65535	17	506
3	854	255	65535	18	507
3	854	255	65535	19	508
3	854	255	65535	20	509
3	854	255	65535	21	507
3	854	255	65535	22	509
3	854	255	65535	23	508
3	854	255	65535	24	506
3	855	20	1058	0	524
3	855	20	1058	1	487
3	855	20	1058	2	482
3	855	20	1058	3	483
3	855	20	1058	4	502
3	855	20	1058	5	504
3	855	20	1058	6	501
3	855	20	1058	7	502
3	855	20	1058	8	507
3	855	20	1058	9	506
3	855	20	1058	10	500
3	855	20	1058	11	500
3	855	20	1058	12	506
3	855	20	1058	13	507
3	855	20	1058	14	502
3	855	20	1058	15	505
3	855	20	1058	16	506
3	855	20	1058	17	508
3	855	20	1058	18	503
3	855	20	1058	19	502
3	855	20	1058	20	507
3	855	20	1058	21	514
3	855	20	1058	22	506
3	855	20	1058	23	507
3	855	20	1058	24	510
3	856	255	65535	0	510
3	856	255	65535	1	496
3	856	255	65535	2	493
3	856	255	65535	3	491
3	856	255	65535	4	509
3	856	255	65535	5	512
3	856	255	65535	6	513
3	856	255	65535	7	512
3	856	255	65535	8	511
3	856	255	65535	9	511
3	856	255	65535	10	514
3	856	255	65535	11	512
3	856	255	65535	12	512
3	856	255	65535	13	511
3	856	255	65535	14	513
3	856	255	65535	15	515
3	856	255	65535	16	508
3	856	255	65535	17	514
3	856	255	65535	18	514
3	856	255	65535	19	510
3	856	255	65535	20	511
3	856	255	65535	21	510
3	856	255	65535	22	516
3	856	255	65535	23	514
3	856	255	65535	24	507
3	857	255	65535	0	512
3	857	255	65535	1	496
3	857	255	65535	2	490
3	857	255	65535	3	480
3	857	255	65535	4	506
3	857	255	65535	5	509
3	857	255	65535	6	503
3	857	255	65535	7	506
3	857	255	65535	8	510
3	857	255	65535	9	508
3	857	255	65535	10	509
3	857	255	65535	11	505
3	857	255	65535	12	509
3	857	255	65535	13	508
3	857	255	65535	14	504
3	857	255	65535	15	510
3	857	255	65535	16	508
3	857	255	65535	17	510
3	857	255	65535	18	509
3	857	255	65535	19	513
3	857	255	65535	20	513
3	857	255	65535	21	507
3	857	255	65535	22	508
3	857	255	65535	23	512
3	857	255	65535	24	508
3	858	255	65535	0	531
3	858	255	65535	1	496
3	858	255	65535	2	497
3	858	255	65535	3	500
3	858	255	65535	4	506
3	858	255	65535	5	512
3	858	255	65535	6	510
3	858	255	65535	7	516
3	858	255	65535	8	509
3	858	255	65535	9	509
3	858	255	65535	10	514
3	858	255	65535	11	510
3	858	255	65535	12	508
3	858	255	65535	13	510
3	858	255	65535	14	511
3	858	255	65535	15	510
3	858	255	65535	16	508
3	858	255	65535	17	512
3	858	255	65535	18	513
3	858	255	65535	19	510
3	858	255	65535	20	511
3	858	255	65535	21	512
3	858	255	65535	22	517
3	858	255	65535	23	512
3	858	255	65535	24	511
3	859	22	1059	0	511
3	859	22	1059	1	497
3	859	22	1059	2	493
3	859	22	1059	3	480
3	859	22	1059	4	505
3	859	22	1059	5	508
3	859	22	1059	6	506
3	859	22	1059	7	509
3	859	22	1059	8	513
3	859	22	1059	9	508
3	859	22	1059	10	505
3	859	22	1059	11	508
3	859	22	1059	12	508
3	859	22	1059	13	507
3	859	22	1059	14	510
3	859	22	1059	15	508
3	859	22	1059	16	509
3	859	22	1059	17	507
3	859	22	1059	18	506
3	859	22	1059	19	508
3	859	22	1059	20	508
3	859	22	1059	21	506
3	859	22	1059	22	508
3	859	22	1059	23	504
3	859	22	1059	24	503
3	860	255	65535	0	503
3	860	255	65535	1	490
3	860	255	65535	2	492
3	860	255	65535	3	503
3	860	255	65535	4	505
3	860	255	65535	5	506
3	860	255	65535	6	509
3	860	255	65535	7	509
3	860	255	65535	8	506
3	860	255	65535	9	508
3	860	255	65535	10	510
3	860	255	65535	11	508
3	860	255	65535	12	508
3	860	255	65535	13	508
3	860	255	65535	14	510
3	860	255	65535	15	509
3	860	255	65535	16	507
3	860	255	65535	17	508
3	860	255	65535	18	507
3	860	255	65535	19	509
3	860	255	65535	20	507
3	860	255	65535	21	508
3	860	255	65535	22	507
3	860	255	65535	23	506
3	860	255	65535	24	505
3	861	255	65535	0	495
3	861	255	65535	1	483
3	861	255	65535	2	466
3	861	255	65535	3	496
3	861	255	65535	4	503
3	861	255	65535	5	500
3	861	255	65535	6	501
3	861	255	65535	7	504
3	861	255	65535	8	506
3	861	255	65535	9	501
3	861	255	65535	10	502
3	861	255	65535	11	508
3	861	255	65535	12	510
3	861	255	65535	13	508
3	861	255	65535	14	509
3	861	255	65535	15	509
3	861	255	65535	16	506
3	861	255	65535	17	507
3	861	255	65535	18	504
3	861	255	65535	19	506
3	861	255	65535	20	505
3	861	255	65535	21	502
3	861	255	65535	22	502
3	861	255	65535	23	504
3	861	255	65535	24	503
3	862	255	65535	0	503
3	862	255	65535	1	489
3	862	255	65535	2	488
3	862	255	65535	3	481
3	862	255	65535	4	499
3	862	255	65535	5	502
3	862	255	65535	6	509
3	862	255	65535	7	506
3	862	255	65535	8	504
3	862	255	65535	9	506
3	862	255	65535	10	507
3	862	255	65535	11	507
3	862	255	65535	12	506
3	862	255	65535	13	508
3	862	255	65535	14	508
3	862	255	65535	15	507
3	862	255	65535	16	508
3	862	255	65535	17	510
3	862	255	65535	18	510
3	862	255	65535	19	507
3	862	255	65535	20	508
3	862	255	65535	21	511
3	862	255	65535	22	508
3	862	255	65535	23	505
3	862	255	65535	24	508
3	863	24	1060	0	510
3	863	24	1060	1	487
3	863	24	1060	2	484
3	863	24	1060	3	493
3	863	24	1060	4	504
3	863	24	1060	5	503
3	863	24	1060	6	500
3	863	24	1060	7	502
3	863	24	1060	8	505
3	863	24	1060	9	503
3	863	24	1060	10	501
3	863	24	1060	11	504
3	863	24	1060	12	505
3	863	24	1060	13	501
3	863	24	1060	14	500
3	863	24	1060	15	504
3	863	24	1060	16	504
3	863	24	1060	17	498
3	863	24	1060	18	499
3	863	24	1060	19	505
3	863	24	1060	20	503
3	863	24	1060	21	501
3	863	24	1060	22	501
3	863	24	1060	23	508
3	863	24	1060	24	499
3	864	255	65535	0	503
3	864	255	65535	1	495
3	864	255	65535	2	494
3	864	255	65535	3	504
3	864	255	65535	4	511
3	864	255	65535	5	515
3	864	255	65535	6	514
3	864	255	65535	7	514
3	864	255	65535	8	512
3	864	255	65535	9	515
3	864	255	65535	10	515
3	864	255	65535	11	514
3	864	255	65535	12	513
3	864	255	65535	13	515
3	864	255	65535	14	513
3	864	255	65535	15	510
3	864	255	65535	16	511
3	864	255	65535	17	514
3	864	255	65535	18	512
3	864	255	65535	19	508
3	864	255	65535	20	510
3	864	255	65535	21	512
3	864	255	65535	22	509
3	864	255	65535	23	511
3	864	255	65535	24	511
3	865	255	65535	0	509
3	865	255	65535	1	497
3	865	255	65535	2	489
3	865	255	65535	3	472
3	865	255	65535	4	502
3	865	255	65535	5	504
3	865	255	65535	6	506
3	865	255	65535	7	507
3	865	255	65535	8	509
3	865	255	65535	9	506
3	865	255	65535	10	507
3	865	255	65535	11	510
3	865	255	65535	12	509
3	865	255	65535	13	506
3	865	255	65535	14	507
3	865	255	65535	15	509
3	865	255	65535	16	508
3	865	255	65535	17	504
3	865	255	65535	18	509
3	865	255	65535	19	512
3	865	255	65535	20	511
3	865	255	65535	21	504
3	865	255	65535	22	506
3	865	255	65535	23	510
3	865	255	65535	24	508
3	866	255	65535	0	509
3	866	255	65535	1	498
3	866	255	65535	2	494
3	866	255	65535	3	507
3	866	255	65535	4	509
3	866	255	65535	5	511
3	866	255	65535	6	512
3	866	255	65535	7	512
3	866	255	65535	8	510
3	866	255	65535	9	513
3	866	255	65535	10	512
3	866	255	65535	11	511
3	866	255	65535	12	511
3	866	255	65535	13	513
3	866	255	65535	14	513
3	866	255	65535	15	510
3	866	255	65535	16	511
3	866	255	65535	17	512
3	866	255	65535	18	512
3	866	255	65535	19	511
3	866	255	65535	20	510
3	866	255	65535	21	511
3	866	255	65535	22	512
3	866	255	65535	23	510
3	866	255	65535	24	511
3	867	255	65535	0	500
3	867	255	65535	1	489
3	867	255	65535	2	469
3	867	255	65535	3	502
3	867	255	65535	4	507
3	867	255	65535	5	506
3	867	255	65535	6	505
3	867	255	65535	7	506
3	867	255	65535	8	509
3	867	255	65535	9	508
3	867	255	65535	10	506
3	867	255	65535	11	509
3	867	255	65535	12	509
3	867	255	65535	13	508
3	867	255	65535	14	507
3	867	255	65535	15	509
3	867	255	65535	16	506
3	867	255	65535	17	502
3	867	255	65535	18	506
3	867	255	65535	19	512
3	867	255	65535	20	509
3	867	255	65535	21	507
3	867	255	65535	22	505
3	867	255	65535	23	507
3	867	255	65535	24	509
3	868	6	1061	0	508
3	868	6	1061	1	495
3	868	6	1061	2	490
3	868	6	1061	3	488
3	868	6	1061	4	510
3	868	6	1061	5	511
3	868	6	1061	6	511
3	868	6	1061	7	506
3	868	6	1061	8	505
3	868	6	1061	9	507
3	868	6	1061	10	509
3	868	6	1061	11	506
3	868	6	1061	12	504
3	868	6	1061	13	507
3	868	6	1061	14	507
3	868	6	1061	15	507
3	868	6	1061	16	512
3	868	6	1061	17	509
3	868	6	1061	18	506
3	868	6	1061	19	503
3	868	6	1061	20	511
3	868	6	1061	21	511
3	868	6	1061	22	505
3	868	6	1061	23	504
3	868	6	1061	24	510
3	869	255	65535	0	510
3	869	255	65535	1	493
3	869	255	65535	2	483
3	869	255	65535	3	480
3	869	255	65535	4	501
3	869	255	65535	5	502
3	869	255	65535	6	500
3	869	255	65535	7	503
3	869	255	65535	8	505
3	869	255	65535	9	504
3	869	255	65535	10	500
3	869	255	65535	11	504
3	869	255	65535	12	504
3	869	255	65535	13	501
3	869	255	65535	14	501
3	869	255	65535	15	503
3	869	255	65535	16	503
3	869	255	65535	17	502
3	869	255	65535	18	504
3	869	255	65535	19	505
3	869	255	65535	20	502
3	869	255	65535	21	503
3	869	255	65535	22	506
3	869	255	65535	23	504
3	869	255	65535	24	502
3	870	255	65535	0	508
3	870	255	65535	1	492
3	870	255	65535	2	490
3	870	255	65535	3	496
3	870	255	65535	4	508
3	870	255	65535	5	511
3	870	255	65535	6	509
3	870	255	65535	7	504
3	870	255	65535	8	507
3	870	255	65535	9	511
3	870	255	65535	10	509
3	870	255	65535	11	505
3	870	255	65535	12	508
3	870	255	65535	13	509
3	870	255	65535	14	508
3	870	255	65535	15	506
3	870	255	65535	16	506
3	870	255	65535	17	512
3	870	255	65535	18	508
3	870	255	65535	19	509
3	870	255	65535	20	508
3	870	255	65535	21	509
3	870	255	65535	22	507
3	870	255	65535	23	505
3	870	255	65535	24	509
3	871	255	65535	0	499
3	871	255	65535	1	484
3	871	255	65535	2	465
3	871	255	65535	3	498
3	871	255	65535	4	503
3	871	255	65535	5	501
3	871	255	65535	6	503
3	871	255	65535	7	503
3	871	255	65535	8	503
3	871	255	65535	9	502
3	871	255	65535	10	506
3	871	255	65535	11	504
3	871	255	65535	12	503
3	871	255	65535	13	502
3	871	255	65535	14	506
3	871	255	65535	15	505
3	871	255	65535	16	503
3	871	255	65535	17	503
3	871	255	65535	18	506
3	871	255	65535	19	505
3	871	255	65535	20	506
3	871	255	65535	21	504
3	871	255	65535	22	505
3	871	255	65535	23	503
3	871	255	65535	24	503
3	872	10	1062	0	506
3	872	10	1062	1	511
3	872	10	1062	2	490
3	872	10	1062	3	484
3	872	10	1062	4	496
3	872	10	1062	5	507
3	872	10	1062	6	506
3	872	10	1062	7	505
3	872	10	1062	8	506
3	872	10	1062	9	509
3	872	10	1062	10	504
3	872	10	1062	11	512
3	872	10	1062	12	510
3	872	10	1062	13	513
3	872	10	1062	14	511
3	872	10	1062	15	510
3	872	10	1062	16	514
3	872	10	1062	17	516
3	872	10	1062	18	516
3	872	10	1062	19	512
3	872	10	1062	20	513
3	872	10	1062	21	513
3	872	10	1062	22	511
3	872	10	1062	23	511
3	872	10	1062	24	514
3	873	255	65535	0	509
3	873	255	65535	1	494
3	873	255	65535	2	490
3	873	255	65535	3	489
3	873	255	65535	4	504
3	873	255	65535	5	507
3	873	255	65535	6	510
3	873	255	65535	7	509
3	873	255	65535	8	505
3	873	255	65535	9	506
3	873	255	65535	10	509
3	873	255	65535	11	511
3	873	255	65535	12	509
3	873	255	65535	13	506
3	873	255	65535	14	508
3	873	255	65535	15	512
3	873	255	65535	16	510
3	873	255	65535	17	510
3	873	255	65535	18	509
3	873	255	65535	19	510
3	873	255	65535	20	509
3	873	255	65535	21	508
3	873	255	65535	22	511
3	873	255	65535	23	510
3	873	255	65535	24	507
3	874	255	65535	0	501
3	874	255	65535	1	496
3	874	255	65535	2	477
3	874	255	65535	3	506
3	874	255	65535	4	508
3	874	255	65535	5	513
3	874	255	65535	6	514
3	874	255	65535	7	511
3	874	255	65535	8	510
3	874	255	65535	9	512
3	874	255	65535	10	511
3	874	255	65535	11	511
3	874	255	65535	12	512
3	874	255	65535	13	511
3	874	255	65535	14	512
3	874	255	65535	15	512
3	874	255	65535	16	515
3	874	255	65535	17	513
3	874	255	65535	18	510
3	874	255	65535	19	510
3	874	255	65535	20	514
3	874	255	65535	21	514
3	874	255	65535	22	511
3	874	255	65535	23	513
3	874	255	65535	24	515
3	875	255	65535	0	509
3	875	255	65535	1	493
3	875	255	65535	2	489
3	875	255	65535	3	491
3	875	255	65535	4	504
3	875	255	65535	5	504
3	875	255	65535	6	507
3	875	255	65535	7	510
3	875	255	65535	8	506
3	875	255	65535	9	505
3	875	255	65535	10	508
3	875	255	65535	11	511
3	875	255	65535	12	507
3	875	255	65535	13	505
3	875	255	65535	14	513
3	875	255	65535	15	511
3	875	255	65535	16	509
3	875	255	65535	17	506
3	875	255	65535	18	510
3	875	255	65535	19	514
3	875	255	65535	20	508
3	875	255	65535	21	509
3	875	255	65535	22	511
3	875	255	65535	23	510
3	875	255	65535	24	508
3	876	10	1063	0	510
3	876	10	1063	1	501
3	876	10	1063	2	496
3	876	10	1063	3	489
3	876	10	1063	4	509
3	876	10	1063	5	515
3	876	10	1063	6	509
3	876	10	1063	7	515
3	876	10	1063	8	514
3	876	10	1063	9	512
3	876	10	1063	10	513
3	876	10	1063	11	505
3	876	10	1063	12	511
3	876	10	1063	13	509
3	876	10	1063	14	505
3	876	10	1063	15	507
3	876	10	1063	16	511
3	876	10	1063	17	511
3	876	10	1063	18	507
3	876	10	1063	19	508
3	876	10	1063	20	512
3	876	10	1063	21	511
3	876	10	1063	22	506
3	876	10	1063	23	508
3	876	10	1063	24	511
3	877	255	65535	0	526
3	877	255	65535	1	486
3	877	255	65535	2	485
3	877	255	65535	3	491
3	877	255	65535	4	502
3	877	255	65535	5	501
3	877	255	65535	6	507
3	877	255	65535	7	504
3	877	255	65535	8	503
3	877	255	65535	9	502
3	877	255	65535	10	506
3	877	255	65535	11	504
3	877	255	65535	12	505
3	877	255	65535	13	505
3	877	255	65535	14	508
3	877	255	65535	15	503
3	877	255	65535	16	501
3	877	255	65535	17	504
3	877	255	65535	18	506
3	877	255	65535	19	503
3	877	255	65535	20	503
3	877	255	65535	21	505
3	877	255	65535	22	506
3	877	255	65535	23	503
3	877	255	65535	24	502
