2	394	6	1022	0	525
2	394	6	1022	1	525
2	394	6	1022	2	525
2	394	6	1022	3	525
2	394	6	1022	4	518
2	394	6	1022	5	525
2	394	6	1022	6	525
2	394	6	1022	7	520
2	394	6	1022	8	522
2	394	6	1022	9	520
2	394	6	1022	10	525
2	394	6	1022	11	521
2	394	6	1022	12	519
2	394	6	1022	13	524
2	394	6	1022	14	524
2	394	6	1022	15	521
2	394	6	1022	16	522
2	394	6	1022	17	522
2	394	6	1022	18	524
2	394	6	1022	19	521
2	394	6	1022	20	520
2	394	6	1022	21	523
2	394	6	1022	22	525
2	394	6	1022	23	521
2	394	6	1022	24	520
2	395	255	65535	0	526
2	395	255	65535	1	526
2	395	255	65535	2	526
2	395	255	65535	3	514
2	395	255	65535	4	524
2	395	255	65535	5	525
2	395	255	65535	6	524
2	395	255	65535	7	524
2	395	255	65535	8	524
2	395	255	65535	9	525
2	395	255	65535	10	527
2	395	255	65535	11	524
2	395	255	65535	12	524
2	395	255	65535	13	524
2	395	255	65535	14	523
2	395	255	65535	15	529
2	395	255	65535	16	525
2	395	255	65535	17	523
2	395	255	65535	18	523
2	395	255	65535	19	524
2	395	255	65535	20	524
2	395	255	65535	21	523
2	395	255	65535	22	523
2	395	255	65535	23	526
2	395	255	65535	24	528
2	396	255	65535	0	528
2	396	255	65535	1	528
2	396	255	65535	2	528
2	396	255	65535	3	514
2	396	255	65535	4	516
2	396	255	65535	5	517
2	396	255	65535	6	525
2	396	255	65535	7	519
2	396	255	65535	8	517
2	396	255	65535	9	519
2	396	255	65535	10	520
2	396	255	65535	11	520
2	396	255	65535	12	518
2	396	255	65535	13	520
2	396	255	65535	14	523
2	396	255	65535	15	521
2	396	255	65535	16	519
2	396	255	65535	17	521
2	396	255	65535	18	523
2	396	255	65535	19	521
2	396	255	65535	20	520
2	396	255	65535	21	522
2	396	255	65535	22	521
2	396	255	65535	23	520
2	396	255	65535	24	521
2	397	255	65535	0	530
2	397	255	65535	1	530
2	397	255	65535	2	530
2	397	255	65535	3	530
2	397	255	65535	4	522
2	397	255	65535	5	525
2	397	255	65535	6	521
2	397	255	65535	7	525
2	397	255	65535	8	531
2	397	255	65535	9	522
2	397	255	65535	10	523
2	397	255	65535	11	524
2	397	255	65535	12	525
2	397	255	65535	13	521
2	397	255	65535	14	521
2	397	255	65535	15	525
2	397	255	65535	16	524
2	397	255	65535	17	520
2	397	255	65535	18	521
2	397	255	65535	19	525
2	397	255	65535	20	523
2	397	255	65535	21	519
2	397	255	65535	22	521
2	397	255	65535	23	524
2	397	255	65535	24	524
2	398	6	1023	0	528
2	398	6	1023	1	528
2	398	6	1023	2	528
2	398	6	1023	3	528
2	398	6	1023	4	515
2	398	6	1023	5	518
2	398	6	1023	6	516
2	398	6	1023	7	521
2	398	6	1023	8	520
2	398	6	1023	9	522
2	398	6	1023	10	523
2	398	6	1023	11	525
2	398	6	1023	12	522
2	398	6	1023	13	525
2	398	6	1023	14	523
2	398	6	1023	15	521
2	398	6	1023	16	522
2	398	6	1023	17	529
2	398	6	1023	18	522
2	398	6	1023	19	519
2	398	6	1023	20	522
2	398	6	1023	21	526
2	398	6	1023	22	521
2	398	6	1023	23	519
2	398	6	1023	24	522
2	399	255	65535	0	522
2	399	255	65535	1	522
2	399	255	65535	2	522
2	399	255	65535	3	521
2	399	255	65535	4	532
2	399	255	65535	5	525
2	399	255	65535	6	525
2	399	255	65535	7	528
2	399	255	65535	8	528
2	399	255	65535	9	525
2	399	255	65535	10	525
2	399	255	65535	11	528
2	399	255	65535	12	528
2	399	255	65535	13	526
2	399	255	65535	14	527
2	399	255	65535	15	529
2	399	255	65535	16	528
2	399	255	65535	17	525
2	399	255	65535	18	531
2	399	255	65535	19	529
2	399	255	65535	20	528
2	399	255	65535	21	527
2	399	255	65535	22	531
2	399	255	65535	23	530
2	399	255	65535	24	526
2	400	255	65535	0	522
2	400	255	65535	1	522
2	400	255	65535	2	522
2	400	255	65535	3	522
2	400	255	65535	4	516
2	400	255	65535	5	523
2	400	255	65535	6	522
2	400	255	65535	7	519
2	400	255	65535	8	523
2	400	255	65535	9	524
2	400	255	65535	10	522
2	400	255	65535	11	520
2	400	255	65535	12	521
2	400	255	65535	13	528
2	400	255	65535	14	522
2	400	255	65535	15	520
2	400	255	65535	16	523
2	400	255	65535	17	524
2	400	255	65535	18	523
2	400	255	65535	19	523
2	400	255	65535	20	523
2	400	255	65535	21	524
2	400	255	65535	22	523
2	400	255	65535	23	523
2	400	255	65535	24	523
2	401	255	65535	0	526
2	401	255	65535	1	523
2	401	255	65535	2	523
2	401	255	65535	3	517
2	401	255	65535	4	526
2	401	255	65535	5	525
2	401	255	65535	6	526
2	401	255	65535	7	528
2	401	255	65535	8	526
2	401	255	65535	9	529
2	401	255	65535	10	526
2	401	255	65535	11	528
2	401	255	65535	12	526
2	401	255	65535	13	528
2	401	255	65535	14	526
2	401	255	65535	15	528
2	401	255	65535	16	526
2	401	255	65535	17	525
2	401	255	65535	18	527
2	401	255	65535	19	528
2	401	255	65535	20	525
2	401	255	65535	21	525
2	401	255	65535	22	528
2	401	255	65535	23	529
2	401	255	65535	24	527
2	402	10	1024	0	525
2	402	10	1024	1	525
2	402	10	1024	2	525
2	402	10	1024	3	525
2	402	10	1024	4	534
2	402	10	1024	5	534
2	402	10	1024	6	534
2	402	10	1024	7	534
2	402	10	1024	8	523
2	402	10	1024	9	527
2	402	10	1024	10	530
2	402	10	1024	11	522
2	402	10	1024	12	522
2	402	10	1024	13	523
2	402	10	1024	14	522
2	402	10	1024	15	522
2	402	10	1024	16	522
2	402	10	1024	17	524
2	402	10	1024	18	525
2	402	10	1024	19	521
2	402	10	1024	20	522
2	402	10	1024	21	524
2	402	10	1024	22	523
2	402	10	1024	23	522
2	402	10	1024	24	526
2	403	255	65535	0	526
2	403	255	65535	1	526
2	403	255	65535	2	526
2	403	255	65535	3	512
2	403	255	65535	4	519
2	403	255	65535	5	517
2	403	255	65535	6	520
2	403	255	65535	7	523
2	403	255	65535	8	523
2	403	255	65535	9	517
2	403	255	65535	10	521
2	403	255	65535	11	523
2	403	255	65535	12	521
2	403	255	65535	13	517
2	403	255	65535	14	519
2	403	255	65535	15	522
2	403	255	65535	16	520
2	403	255	65535	17	515
2	403	255	65535	18	519
2	403	255	65535	19	521
2	403	255	65535	20	518
2	403	255	65535	21	517
2	403	255	65535	22	520
2	403	255	65535	23	521
2	403	255	65535	24	518
2	404	255	65535	0	518
2	404	255	65535	1	518
2	404	255	65535	2	518
2	404	255	65535	3	525
2	404	255	65535	4	520
2	404	255	65535	5	520
2	404	255	65535	6	520
2	404	255	65535	7	520
2	404	255	65535	8	512
2	404	255	65535	9	521
2	404	255	65535	10	522
2	404	255	65535	11	518
2	404	255	65535	12	520
2	404	255	65535	13	522
2	404	255	65535	14	519
2	404	255	65535	15	516
2	404	255	65535	16	520
2	404	255	65535	17	522
2	404	255	65535	18	518
2	404	255	65535	19	518
2	404	255	65535	20	523
2	404	255	65535	21	521
2	404	255	65535	22	519
2	404	255	65535	23	519
2	404	255	65535	24	522
2	405	255	65535	0	530
2	405	255	65535	1	530
2	405	255	65535	2	530
2	405	255	65535	3	523
2	405	255	65535	4	524
2	405	255	65535	5	524
2	405	255	65535	6	525
2	405	255	65535	7	529
2	405	255	65535	8	524
2	405	255	65535	9	523
2	405	255	65535	10	526
2	405	255	65535	11	527
2	405	255	65535	12	522
2	405	255	65535	13	526
2	405	255	65535	14	526
2	405	255	65535	15	525
2	405	255	65535	16	525
2	405	255	65535	17	523
2	405	255	65535	18	523
2	405	255	65535	19	526
2	405	255	65535	20	523
2	405	255	65535	21	522
2	405	255	65535	22	525
2	405	255	65535	23	525
2	405	255	65535	24	523
2	406	12	1025	0	543
2	406	12	1025	1	543
2	406	12	1025	2	543
2	406	12	1025	3	543
2	406	12	1025	4	520
2	406	12	1025	5	522
2	406	12	1025	6	521
2	406	12	1025	7	521
2	406	12	1025	8	523
2	406	12	1025	9	523
2	406	12	1025	10	521
2	406	12	1025	11	520
2	406	12	1025	12	526
2	406	12	1025	13	528
2	406	12	1025	14	524
2	406	12	1025	15	524
2	406	12	1025	16	527
2	406	12	1025	17	527
2	406	12	1025	18	524
2	406	12	1025	19	524
2	406	12	1025	20	527
2	406	12	1025	21	527
2	406	12	1025	22	524
2	406	12	1025	23	525
2	406	12	1025	24	526
2	407	255	65535	0	529
2	407	255	65535	1	529
2	407	255	65535	2	529
2	407	255	65535	3	529
2	407	255	65535	4	529
2	407	255	65535	5	529
2	407	255	65535	6	529
2	407	255	65535	7	529
2	407	255	65535	8	521
2	407	255	65535	9	524
2	407	255	65535	10	526
2	407	255	65535	11	526
2	407	255	65535	12	524
2	407	255	65535	13	524
2	407	255	65535	14	526
2	407	255	65535	15	525
2	407	255	65535	16	522
2	407	255	65535	17	525
2	407	255	65535	18	526
2	407	255	65535	19	525
2	407	255	65535	20	524
2	407	255	65535	21	526
2	407	255	65535	22	527
2	407	255	65535	23	525
2	407	255	65535	24	526
2	408	255	65535	0	526
2	408	255	65535	1	526
2	408	255	65535	2	526
2	408	255	65535	3	519
2	408	255	65535	4	528
2	408	255	65535	5	529
2	408	255	65535	6	527
2	408	255	65535	7	527
2	408	255	65535	8	530
2	408	255	65535	9	531
2	408	255	65535	10	527
2	408	255	65535	11	528
2	408	255	65535	12	529
2	408	255	65535	13	529
2	408	255	65535	14	529
2	408	255	65535	15	527
2	408	255	65535	16	526
2	408	255	65535	17	531
2	408	255	65535	18	528
2	408	255	65535	19	528
2	408	255	65535	20	530
2	408	255	65535	21	531
2	408	255	65535	22	530
2	408	255	65535	23	528
2	408	255	65535	24	532
2	409	255	65535	0	527
2	409	255	65535	1	527
2	409	255	65535	2	527
2	409	255	65535	3	527
2	409	255	65535	4	516
2	409	255	65535	5	524
2	409	255	65535	6	524
2	409	255	65535	7	529
2	409	255	65535	8	524
2	409	255	65535	9	523
2	409	255	65535	10	532
2	409	255	65535	11	525
2	409	255	65535	12	525
2	409	255	65535	13	526
2	409	255	65535	14	527
2	409	255	65535	15	527
2	409	255	65535	16	523
2	409	255	65535	17	524
2	409	255	65535	18	528
2	409	255	65535	19	527
2	409	255	65535	20	524
2	409	255	65535	21	525
2	409	255	65535	22	527
2	409	255	65535	23	527
2	409	255	65535	24	523
2	410	14	1026	0	527
2	410	14	1026	1	527
2	410	14	1026	2	527
2	410	14	1026	3	518
2	410	14	1026	4	528
2	410	14	1026	5	530
2	410	14	1026	6	528
2	410	14	1026	7	529
2	410	14	1026	8	530
2	410	14	1026	9	532
2	410	14	1026	10	529
2	410	14	1026	11	529
2	410	14	1026	12	531
2	410	14	1026	13	531
2	410	14	1026	14	523
2	410	14	1026	15	525
2	410	14	1026	16	528
2	410	14	1026	17	524
2	410	14	1026	18	522
2	410	14	1026	19	526
2	410	14	1026	20	528
2	410	14	1026	21	528
2	410	14	1026	22	522
2	410	14	1026	23	526
2	410	14	1026	24	527
2	411	255	65535	0	527
2	411	255	65535	1	527
2	411	255	65535	2	527
2	411	255	65535	3	516
2	411	255	65535	4	521
2	411	255	65535	5	520
2	411	255	65535	6	520
2	411	255	65535	7	525
2	411	255	65535	8	521
2	411	255	65535	9	521
2	411	255	65535	10	524
2	411	255	65535	11	525
2	411	255	65535	12	520
2	411	255	65535	13	520
2	411	255	65535	14	522
2	411	255	65535	15	524
2	411	255	65535	16	521
2	411	255	65535	17	523
2	411	255	65535	18	523
2	411	255	65535	19	522
2	411	255	65535	20	522
2	411	255	65535	21	523
2	411	255	65535	22	523
2	411	255	65535	23	527
2	411	255	65535	24	521
2	412	255	65535	0	526
2	412	255	65535	1	526
2	412	255	65535	2	526
2	412	255	65535	3	526
2	412	255	65535	4	521
2	412	255	65535	5	524
2	412	255	65535	6	521
2	412	255	65535	7	524
2	412	255	65535	8	528
2	412	255	65535	9	525
2	412	255	65535	10	521
2	412	255	65535	11	526
2	412	255	65535	12	527
2	412	255	65535	13	523
2	412	255	65535	14	522
2	412	255	65535	15	526
2	412	255	65535	16	528
2	412	255	65535	17	524
2	412	255	65535	18	524
2	412	255	65535	19	525
2	412	255	65535	20	531
2	412	255	65535	21	526
2	412	255	65535	22	523
2	412	255	65535	23	527
2	412	255	65535	24	528
2	413	255	65535	0	522
2	413	255	65535	1	522
2	413	255	65535	2	522
2	413	255	65535	3	522
2	413	255	65535	4	514
2	413	255	65535	5	522
2	413	255	65535	6	523
2	413	255	65535	7	522
2	413	255	65535	8	520
2	413	255	65535	9	520
2	413	255	65535	10	521
2	413	255	65535	11	521
2	413	255	65535	12	521
2	413	255	65535	13	522
2	413	255	65535	14	525
2	413	255	65535	15	523
2	413	255	65535	16	521
2	413	255	65535	17	525
2	413	255	65535	18	526
2	413	255	65535	19	524
2	413	255	65535	20	526
2	413	255	65535	21	526
2	413	255	65535	22	526
2	413	255	65535	23	526
2	413	255	65535	24	528
2	414	16	1027	0	528
2	414	16	1027	1	528
2	414	16	1027	2	528
2	414	16	1027	3	518
2	414	16	1027	4	528
2	414	16	1027	5	525
2	414	16	1027	6	522
2	414	16	1027	7	524
2	414	16	1027	8	526
2	414	16	1027	9	524
2	414	16	1027	10	521
2	414	16	1027	11	525
2	414	16	1027	12	524
2	414	16	1027	13	521
2	414	16	1027	14	522
2	414	16	1027	15	522
2	414	16	1027	16	529
2	414	16	1027	17	529
2	414	16	1027	18	529
2	414	16	1027	19	529
2	414	16	1027	20	530
2	414	16	1027	21	530
2	414	16	1027	22	529
2	414	16	1027	23	532
2	414	16	1027	24	532
2	415	255	65535	0	533
2	415	255	65535	1	533
2	415	255	65535	2	533
2	415	255	65535	3	533
2	415	255	65535	4	535
2	415	255	65535	5	529
2	415	255	65535	6	530
2	415	255	65535	7	521
2	415	255	65535	8	515
2	415	255	65535	9	524
2	415	255	65535	10	527
2	415	255	65535	11	523
2	415	255	65535	12	525
2	415	255	65535	13	524
2	415	255	65535	14	526
2	415	255	65535	15	537
2	415	255	65535	16	527
2	415	255	65535	17	517
2	415	255	65535	18	520
2	415	255	65535	19	522
2	415	255	65535	20	523
2	415	255	65535	21	530
2	415	255	65535	22	526
2	415	255	65535	23	525
2	415	255	65535	24	526
2	416	255	65535	0	533
2	416	255	65535	1	533
2	416	255	65535	2	533
2	416	255	65535	3	521
2	416	255	65535	4	525
2	416	255	65535	5	522
2	416	255	65535	6	519
2	416	255	65535	7	525
2	416	255	65535	8	531
2	416	255	65535	9	532
2	416	255	65535	10	526
2	416	255	65535	11	524
2	416	255	65535	12	526
2	416	255	65535	13	526
2	416	255	65535	14	524
2	416	255	65535	15	525
2	416	255	65535	16	528
2	416	255	65535	17	530
2	416	255	65535	18	531
2	416	255	65535	19	532
2	416	255	65535	20	534
2	416	255	65535	21	526
2	416	255	65535	22	527
2	416	255	65535	23	530
2	416	255	65535	24	527
2	417	255	65535	0	527
2	417	255	65535	1	527
2	417	255	65535	2	527
2	417	255	65535	3	523
2	417	255	65535	4	525
2	417	255	65535	5	528
2	417	255	65535	6	530
2	417	255	65535	7	513
2	417	255	65535	8	505
2	417	255	65535	9	524
2	417	255	65535	10	546
2	417	255	65535	11	537
2	417	255	65535	12	532
2	417	255	65535	13	540
2	417	255	65535	14	519
2	417	255	65535	15	507
2	417	255	65535	16	519
2	417	255	65535	17	521
2	417	255	65535	18	522
2	417	255	65535	19	519
2	417	255	65535	20	531
2	417	255	65535	21	538
2	417	255	65535	22	534
2	417	255	65535	23	525
2	417	255	65535	24	522
2	418	19	1028	0	529
2	418	19	1028	1	529
2	418	19	1028	2	529
2	418	19	1028	3	529
2	418	19	1028	4	536
2	418	19	1028	5	535
2	418	19	1028	6	532
2	418	19	1028	7	528
2	418	19	1028	8	527
2	418	19	1028	9	527
2	418	19	1028	10	527
2	418	19	1028	11	524
2	418	19	1028	12	520
2	418	19	1028	13	521
2	418	19	1028	14	526
2	418	19	1028	15	529
2	418	19	1028	16	531
2	418	19	1028	17	528
2	418	19	1028	18	528
2	418	19	1028	19	527
2	418	19	1028	20	522
2	418	19	1028	21	515
2	418	19	1028	22	517
2	418	19	1028	23	524
2	418	19	1028	24	524
2	419	255	65535	0	525
2	419	255	65535	1	525
2	419	255	65535	2	525
2	419	255	65535	3	517
2	419	255	65535	4	517
2	419	255	65535	5	519
2	419	255	65535	6	520
2	419	255	65535	7	520
2	419	255	65535	8	521
2	419	255	65535	9	526
2	419	255	65535	10	525
2	419	255	65535	11	523
2	419	255	65535	12	515
2	419	255	65535	13	516
2	419	255	65535	14	517
2	419	255	65535	15	527
2	419	255	65535	16	524
2	419	255	65535	17	528
2	419	255	65535	18	521
2	419	255	65535	19	515
2	419	255	65535	20	513
2	419	255	65535	21	521
2	419	255	65535	22	514
2	419	255	65535	23	506
2	419	255	65535	24	513
2	420	255	65535	0	525
2	420	255	65535	1	513
2	420	255	65535	2	513
2	420	255	65535	3	511
2	420	255	65535	4	522
2	420	255	65535	5	524
2	420	255	65535	6	523
2	420	255	65535	7	525
2	420	255	65535	8	528
2	420	255	65535	9	527
2	420	255	65535	10	524
2	420	255	65535	11	525
2	420	255	65535	12	524
2	420	255	65535	13	522
2	420	255	65535	14	524
2	420	255	65535	15	523
2	420	255	65535	16	518
2	420	255	65535	17	517
2	420	255	65535	18	518
2	420	255	65535	19	522
2	420	255	65535	20	522
2	420	255	65535	21	524
2	420	255	65535	22	523
2	420	255	65535	23	522
2	420	255	65535	24	522
2	421	255	65535	0	522
2	421	255	65535	1	522
2	421	255	65535	2	522
2	421	255	65535	3	511
2	421	255	65535	4	521
2	421	255	65535	5	526
2	421	255	65535	6	526
2	421	255	65535	7	520
2	421	255	65535	8	520
2	421	255	65535	9	522
2	421	255	65535	10	520
2	421	255	65535	11	519
2	421	255	65535	12	521
2	421	255	65535	13	524
2	421	255	65535	14	525
2	421	255	65535	15	523
2	421	255	65535	16	522
2	421	255	65535	17	514
2	421	255	65535	18	513
2	421	255	65535	19	506
2	421	255	65535	20	512
2	421	255	65535	21	536
2	421	255	65535	22	537
2	421	255	65535	23	527
2	421	255	65535	24	524
2	422	21	1029	0	525
2	422	21	1029	1	525
2	422	21	1029	2	525
2	422	21	1029	3	525
2	422	21	1029	4	514
2	422	21	1029	5	529
2	422	21	1029	6	533
2	422	21	1029	7	528
2	422	21	1029	8	528
2	422	21	1029	9	531
2	422	21	1029	10	523
2	422	21	1029	11	521
2	422	21	1029	12	521
2	422	21	1029	13	521
2	422	21	1029	14	528
2	422	21	1029	15	532
2	422	21	1029	16	524
2	422	21	1029	17	518
2	422	21	1029	18	526
2	422	21	1029	19	523
2	422	21	1029	20	517
2	422	21	1029	21	517
2	422	21	1029	22	525
2	422	21	1029	23	523
2	422	21	1029	24	518
2	423	255	65535	0	518
2	423	255	65535	1	518
2	423	255	65535	2	518
2	423	255	65535	3	514
2	423	255	65535	4	524
2	423	255	65535	5	522
2	423	255	65535	6	522
2	423	255	65535	7	518
2	423	255	65535	8	516
2	423	255	65535	9	523
2	423	255	65535	10	529
2	423	255	65535	11	528
2	423	255	65535	12	529
2	423	255	65535	13	530
2	423	255	65535	14	529
2	423	255	65535	15	525
2	423	255	65535	16	521
2	423	255	65535	17	524
2	423	255	65535	18	525
2	423	255	65535	19	529
2	423	255	65535	20	529
2	423	255	65535	21	526
2	423	255	65535	22	523
2	423	255	65535	23	524
2	423	255	65535	24	518
2	424	255	65535	0	518
2	424	255	65535	1	522
2	424	255	65535	2	518
2	424	255	65535	3	517
2	424	255	65535	4	519
2	424	255	65535	5	524
2	424	255	65535	6	525
2	424	255	65535	7	519
2	424	255	65535	8	517
2	424	255	65535	9	529
2	424	255	65535	10	536
2	424	255	65535	11	539
2	424	255	65535	12	529
2	424	255	65535	13	525
2	424	255	65535	14	527
2	424	255	65535	15	530
2	424	255	65535	16	526
2	424	255	65535	17	524
2	424	255	65535	18	528
2	424	255	65535	19	536
2	424	255	65535	20	535
2	424	255	65535	21	522
2	424	255	65535	22	522
2	424	255	65535	23	528
2	424	255	65535	24	526
2	425	255	65535	0	538
2	425	255	65535	1	538
2	425	255	65535	2	538
2	425	255	65535	3	538
2	425	255	65535	4	513
2	425	255	65535	5	519
2	425	255	65535	6	529
2	425	255	65535	7	523
2	425	255	65535	8	523
2	425	255	65535	9	523
2	425	255	65535	10	521
2	425	255	65535	11	522
2	425	255	65535	12	523
2	425	255	65535	13	523
2	425	255	65535	14	527
2	425	255	65535	15	528
2	425	255	65535	16	533
2	425	255	65535	17	531
2	425	255	65535	18	524
2	425	255	65535	19	523
2	425	255	65535	20	526
2	425	255	65535	21	522
2	425	255	65535	22	521
2	425	255	65535	23	518
2	425	255	65535	24	527
2	426	255	65535	0	530
2	426	255	65535	1	530
2	426	255	65535	2	530
2	426	255	65535	3	530
2	426	255	65535	4	535
2	426	255	65535	5	525
2	426	255	65535	6	522
2	426	255	65535	7	529
2	426	255	65535	8	527
2	426	255	65535	9	515
2	426	255	65535	10	514
2	426	255	65535	11	528
2	426	255	65535	12	532
2	426	255	65535	13	529
2	426	255	65535	14	526
2	426	255	65535	15	527
2	426	255	65535	16	524
2	426	255	65535	17	524
2	426	255	65535	18	525
2	426	255	65535	19	527
2	426	255	65535	20	529
2	426	255	65535	21	535
2	426	255	65535	22	536
2	426	255	65535	23	529
2	426	255	65535	24	528
2	427	1	1030	0	528
2	427	1	1030	1	536
2	427	1	1030	2	536
2	427	1	1030	3	536
2	427	1	1030	4	536
2	427	1	1030	5	517
2	427	1	1030	6	514
2	427	1	1030	7	513
2	427	1	1030	8	519
2	427	1	1030	9	522
2	427	1	1030	10	516
2	427	1	1030	11	515
2	427	1	1030	12	517
2	427	1	1030	13	519
2	427	1	1030	14	515
2	427	1	1030	15	515
2	427	1	1030	16	518
2	427	1	1030	17	521
2	427	1	1030	18	522
2	427	1	1030	19	521
2	427	1	1030	20	522
2	427	1	1030	21	521
2	427	1	1030	22	516
2	427	1	1030	23	518
2	427	1	1030	24	520
2	428	255	65535	0	531
2	428	255	65535	1	531
2	428	255	65535	2	531
2	428	255	65535	3	519
2	428	255	65535	4	527
2	428	255	65535	5	526
2	428	255	65535	6	525
2	428	255	65535	7	523
2	428	255	65535	8	519
2	428	255	65535	9	519
2	428	255	65535	10	527
2	428	255	65535	11	524
2	428	255	65535	12	518
2	428	255	65535	13	530
2	428	255	65535	14	540
2	428	255	65535	15	534
2	428	255	65535	16	520
2	428	255	65535	17	519
2	428	255	65535	18	525
2	428	255	65535	19	514
2	428	255	65535	20	503
2	428	255	65535	21	515
2	428	255	65535	22	534
2	428	255	65535	23	529
2	428	255	65535	24	519
2	429	255	65535	0	520
2	429	255	65535	1	519
2	429	255	65535	2	519
2	429	255	65535	3	501
2	429	255	65535	4	514
2	429	255	65535	5	522
2	429	255	65535	6	523
2	429	255	65535	7	522
2	429	255	65535	8	522
2	429	255	65535	9	524
2	429	255	65535	10	521
2	429	255	65535	11	518
2	429	255	65535	12	516
2	429	255	65535	13	517
2	429	255	65535	14	519
2	429	255	65535	15	518
2	429	255	65535	16	520
2	429	255	65535	17	516
2	429	255	65535	18	518
2	429	255	65535	19	521
2	429	255	65535	20	521
2	429	255	65535	21	520
2	429	255	65535	22	516
2	429	255	65535	23	520
2	429	255	65535	24	516
2	430	255	65535	0	516
2	430	255	65535	1	516
2	430	255	65535	2	516
2	430	255	65535	3	523
2	430	255	65535	4	526
2	430	255	65535	5	522
2	430	255	65535	6	525
2	430	255	65535	7	526
2	430	255	65535	8	520
2	430	255	65535	9	519
2	430	255	65535	10	525
2	430	255	65535	11	527
2	430	255	65535	12	527
2	430	255	65535	13	530
2	430	255	65535	14	529
2	430	255	65535	15	528
2	430	255	65535	16	521
2	430	255	65535	17	523
2	430	255	65535	18	521
2	430	255	65535	19	521
2	430	255	65535	20	523
2	430	255	65535	21	516
2	430	255	65535	22	524
2	430	255	65535	23	530
2	430	255	65535	24	526
2	431	1	1031	0	527
2	431	1	1031	1	521
2	431	1	1031	2	521
2	431	1	1031	3	521
2	431	1	1031	4	521
2	431	1	1031	5	508
2	431	1	1031	6	522
2	431	1	1031	7	528
2	431	1	1031	8	527
2	431	1	1031	9	522
2	431	1	1031	10	523
2	431	1	1031	11	522
2	431	1	1031	12	521
2	431	1	1031	13	522
2	431	1	1031	14	518
2	431	1	1031	15	525
2	431	1	1031	16	530
2	431	1	1031	17	525
2	431	1	1031	18	528
2	431	1	1031	19	524
2	431	1	1031	20	527
2	431	1	1031	21	522
2	431	1	1031	22	516
2	431	1	1031	23	521
2	431	1	1031	24	524
2	432	255	65535	0	533
2	432	255	65535	1	533
2	432	255	65535	2	533
2	432	255	65535	3	533
2	432	255	65535	4	526
2	432	255	65535	5	526
2	432	255	65535	6	527
2	432	255	65535	7	527
2	432	255	65535	8	523
2	432	255	65535	9	522
2	432	255	65535	10	528
2	432	255	65535	11	527
2	432	255	65535	12	526
2	432	255	65535	13	529
2	432	255	65535	14	532
2	432	255	65535	15	529
2	432	255	65535	16	528
2	432	255	65535	17	529
2	432	255	65535	18	527
2	432	255	65535	19	526
2	432	255	65535	20	524
2	432	255	65535	21	526
2	432	255	65535	22	537
2	432	255	65535	23	526
2	432	255	65535	24	522
2	433	255	65535	0	522
2	433	255	65535	1	522
2	433	255	65535	2	522
2	433	255	65535	3	511
2	433	255	65535	4	528
2	433	255	65535	5	524
2	433	255	65535	6	521
2	433	255	65535	7	521
2	433	255	65535	8	517
2	433	255	65535	9	517
2	433	255	65535	10	520
2	433	255	65535	11	522
2	433	255	65535	12	520
2	433	255	65535	13	521
2	433	255	65535	14	526
2	433	255	65535	15	525
2	433	255	65535	16	522
2	433	255	65535	17	521
2	433	255	65535	18	522
2	433	255	65535	19	527
2	433	255	65535	20	525
2	433	255	65535	21	523
2	433	255	65535	22	526
2	433	255	65535	23	527
2	433	255	65535	24	526
2	434	255	65535	0	525
2	434	255	65535	1	525
2	434	255	65535	2	525
2	434	255	65535	3	525
2	434	255	65535	4	520
2	434	255	65535	5	523
2	434	255	65535	6	527
2	434	255	65535	7	526
2	434	255	65535	8	526
2	434	255	65535	9	525
2	434	255	65535	10	526
2	434	255	65535	11	529
2	434	255	65535	12	523
2	434	255	65535	13	528
2	434	255	65535	14	526
2	434	255	65535	15	527
2	434	255	65535	16	527
2	434	255	65535	17	528
2	434	255	65535	18	528
2	434	255	65535	19	529
2	434	255	65535	20	527
2	434	255	65535	21	531
2	434	255	65535	22	527
2	434	255	65535	23	525
2	434	255	65535	24	526
2	435	5	1032	0	528
2	435	5	1032	1	526
2	435	5	1032	2	526
2	435	5	1032	3	509
2	435	5	1032	4	521
2	435	5	1032	5	520
2	435	5	1032	6	515
2	435	5	1032	7	516
2	435	5	1032	8	518
2	435	5	1032	9	515
2	435	5	1032	10	513
2	435	5	1032	11	515
2	435	5	1032	12	516
2	435	5	1032	13	519
2	435	5	1032	14	517
2	435	5	1032	15	516
2	435	5	1032	16	519
2	435	5	1032	17	517
2	435	5	1032	18	517
2	435	5	1032	19	519
2	435	5	1032	20	521
2	435	5	1032	21	518
2	435	5	1032	22	522
2	435	5	1032	23	521
2	435	5	1032	24	521
2	436	255	65535	0	521
2	436	255	65535	1	521
2	436	255	65535	2	521
2	436	255	65535	3	512
2	436	255	65535	4	518
2	436	255	65535	5	520
2	436	255	65535	6	525
2	436	255	65535	7	522
2	436	255	65535	8	519
2	436	255	65535	9	524
2	436	255	65535	10	524
2	436	255	65535	11	522
2	436	255	65535	12	522
2	436	255	65535	13	522
2	436	255	65535	14	524
2	436	255	65535	15	521
2	436	255	65535	16	521
2	436	255	65535	17	522
2	436	255	65535	18	524
2	436	255	65535	19	524
2	436	255	65535	20	521
2	436	255	65535	21	524
2	436	255	65535	22	523
2	436	255	65535	23	517
2	436	255	65535	24	520
2	437	255	65535	0	520
2	437	255	65535	1	520
2	437	255	65535	2	520
2	437	255	65535	3	512
2	437	255	65535	4	523
2	437	255	65535	5	523
2	437	255	65535	6	523
2	437	255	65535	7	523
2	437	255	65535	8	518
2	437	255	65535	9	526
2	437	255	65535	10	521
2	437	255	65535	11	523
2	437	255	65535	12	524
2	437	255	65535	13	522
2	437	255	65535	14	525
2	437	255	65535	15	525
2	437	255	65535	16	525
2	437	255	65535	17	522
2	437	255	65535	18	526
2	437	255	65535	19	525
2	437	255	65535	20	524
2	437	255	65535	21	521
2	437	255	65535	22	528
2	437	255	65535	23	525
2	437	255	65535	24	524
2	438	255	65535	0	524
2	438	255	65535	1	524
2	438	255	65535	2	524
2	438	255	65535	3	517
2	438	255	65535	4	516
2	438	255	65535	5	518
2	438	255	65535	6	522
2	438	255	65535	7	520
2	438	255	65535	8	515
2	438	255	65535	9	518
2	438	255	65535	10	522
2	438	255	65535	11	520
2	438	255	65535	12	517
2	438	255	65535	13	524
2	438	255	65535	14	522
2	438	255	65535	15	519
2	438	255	65535	16	518
2	438	255	65535	17	524
2	438	255	65535	18	520
2	438	255	65535	19	516
2	438	255	65535	20	518
2	438	255	65535	21	523
2	438	255	65535	22	517
2	438	255	65535	23	515
2	438	255	65535	24	518
2	439	6	1033	0	521
2	439	6	1033	1	521
2	439	6	1033	2	521
2	439	6	1033	3	521
2	439	6	1033	4	520
2	439	6	1033	5	529
2	439	6	1033	6	524
2	439	6	1033	7	530
2	439	6	1033	8	529
2	439	6	1033	9	528
2	439	6	1033	10	528
2	439	6	1033	11	532
2	439	6	1033	12	531
2	439	6	1033	13	529
2	439	6	1033	14	529
2	439	6	1033	15	531
2	439	6	1033	16	531
2	439	6	1033	17	528
2	439	6	1033	18	527
2	439	6	1033	19	531
2	439	6	1033	20	530
2	439	6	1033	21	528
2	439	6	1033	22	527
2	439	6	1033	23	529
2	439	6	1033	24	529
2	440	255	65535	0	523
2	440	255	65535	1	523
2	440	255	65535	2	523
2	440	255	65535	3	523
2	440	255	65535	4	515
2	440	255	65535	5	523
2	440	255	65535	6	524
2	440	255	65535	7	524
2	440	255	65535	8	525
2	440	255	65535	9	526
2	440	255	65535	10	526
2	440	255	65535	11	523
2	440	255	65535	12	525
2	440	255	65535	13	527
2	440	255	65535	14	525
2	440	255	65535	15	524
2	440	255	65535	16	524
2	440	255	65535	17	531
2	440	255	65535	18	525
2	440	255	65535	19	524
2	440	255	65535	20	523
2	440	255	65535	21	526
2	440	255	65535	22	525
2	440	255	65535	23	521
2	440	255	65535	24	523
2	441	255	65535	0	523
2	441	255	65535	1	523
2	441	255	65535	2	523
2	441	255	65535	3	521
2	441	255	65535	4	529
2	441	255	65535	5	528
2	441	255	65535	6	528
2	441	255	65535	7	532
2	441	255	65535	8	530
2	441	255	65535	9	531
2	441	255	65535	10	529
2	441	255	65535	11	534
2	441	255	65535	12	530
2	441	255	65535	13	529
2	441	255	65535	14	530
2	441	255	65535	15	534
2	441	255	65535	16	531
2	441	255	65535	17	530
2	441	255	65535	18	527
2	441	255	65535	19	529
2	441	255	65535	20	527
2	441	255	65535	21	523
2	441	255	65535	22	528
2	441	255	65535	23	526
2	441	255	65535	24	526
2	442	255	65535	0	536
2	442	255	65535	1	536
2	442	255	65535	2	536
2	442	255	65535	3	536
2	442	255	65535	4	523
2	442	255	65535	5	525
2	442	255	65535	6	524
2	442	255	65535	7	523
2	442	255	65535	8	523
2	442	255	65535	9	527
2	442	255	65535	10	528
2	442	255	65535	11	521
2	442	255	65535	12	523
2	442	255	65535	13	525
2	442	255	65535	14	526
2	442	255	65535	15	522
2	442	255	65535	16	522
2	442	255	65535	17	526
2	442	255	65535	18	525
2	442	255	65535	19	527
2	442	255	65535	20	524
2	442	255	65535	21	530
2	442	255	65535	22	525
2	442	255	65535	23	522
2	442	255	65535	24	525
2	443	8	1034	0	525
2	443	8	1034	1	525
2	443	8	1034	2	525
2	443	8	1034	3	525
2	443	8	1034	4	530
2	443	8	1034	5	527
2	443	8	1034	6	525
2	443	8	1034	7	528
2	443	8	1034	8	524
2	443	8	1034	9	522
2	443	8	1034	10	520
2	443	8	1034	11	526
2	443	8	1034	12	522
2	443	8	1034	13	519
2	443	8	1034	14	523
2	443	8	1034	15	524
2	443	8	1034	16	522
2	443	8	1034	17	520
2	443	8	1034	18	522
2	443	8	1034	19	525
2	443	8	1034	20	522
2	443	8	1034	21	521
2	443	8	1034	22	524
2	443	8	1034	23	527
2	443	8	1034	24	524
2	444	255	65535	0	519
2	444	255	65535	1	519
2	444	255	65535	2	519
2	444	255	65535	3	519
2	444	255	65535	4	516
2	444	255	65535	5	522
2	444	255	65535	6	522
2	444	255	65535	7	520
2	444	255	65535	8	521
2	444	255	65535	9	524
2	444	255	65535	10	522
2	444	255	65535	11	521
2	444	255	65535	12	521
2	444	255	65535	13	523
2	444	255	65535	14	523
2	444	255	65535	15	522
2	444	255	65535	16	520
2	444	255	65535	17	523
2	444	255	65535	18	521
2	444	255	65535	19	517
2	444	255	65535	20	522
2	444	255	65535	21	522
2	444	255	65535	22	517
2	444	255	65535	23	517
2	444	255	65535	24	520
2	445	255	65535	0	523
2	445	255	65535	1	523
2	445	255	65535	2	523
2	445	255	65535	3	523
2	445	255	65535	4	513
2	445	255	65535	5	520
2	445	255	65535	6	521
2	445	255	65535	7	524
2	445	255	65535	8	523
2	445	255	65535	9	521
2	445	255	65535	10	525
2	445	255	65535	11	525
2	445	255	65535	12	525
2	445	255	65535	13	522
2	445	255	65535	14	525
2	445	255	65535	15	527
2	445	255	65535	16	524
2	445	255	65535	17	523
2	445	255	65535	18	526
2	445	255	65535	19	527
2	445	255	65535	20	524
2	445	255	65535	21	523
2	445	255	65535	22	526
2	445	255	65535	23	526
2	445	255	65535	24	523
2	446	255	65535	0	519
2	446	255	65535	1	519
2	446	255	65535	2	519
2	446	255	65535	3	519
2	446	255	65535	4	514
2	446	255	65535	5	520
2	446	255	65535	6	521
2	446	255	65535	7	517
2	446	255	65535	8	519
2	446	255	65535	9	519
2	446	255	65535	10	519
2	446	255	65535	11	519
2	446	255	65535	12	520
2	446	255	65535	13	521
2	446	255	65535	14	523
2	446	255	65535	15	521
2	446	255	65535	16	523
2	446	255	65535	17	522
2	446	255	65535	18	519
2	446	255	65535	19	521
2	446	255	65535	20	523
2	446	255	65535	21	524
2	446	255	65535	22	521
2	446	255	65535	23	522
2	446	255	65535	24	526
2	447	10	1035	0	529
2	447	10	1035	1	529
2	447	10	1035	2	529
2	447	10	1035	3	529
2	447	10	1035	4	527
2	447	10	1035	5	532
2	447	10	1035	6	537
2	447	10	1035	7	541
2	447	10	1035	8	542
2	447	10	1035	9	544
2	447	10	1035	10	549
2	447	10	1035	11	554
2	447	10	1035	12	557
2	447	10	1035	13	561
2	447	10	1035	14	562
2	447	10	1035	15	567
2	447	10	1035	16	565
2	447	10	1035	17	567
2	447	10	1035	18	569
2	447	10	1035	19	569
2	447	10	1035	20	568
2	447	10	1035	21	572
2	447	10	1035	22	568
2	447	10	1035	23	567
2	447	10	1035	24	564
2	448	255	65535	0	564
2	448	255	65535	1	564
2	448	255	65535	2	564
2	448	255	65535	3	533
2	448	255	65535	4	531
2	448	255	65535	5	524
2	448	255	65535	6	520
2	448	255	65535	7	509
2	448	255	65535	8	507
2	448	255	65535	9	501
2	448	255	65535	10	494
2	448	255	65535	11	488
2	448	255	65535	12	486
2	448	255	65535	13	484
2	448	255	65535	14	478
2	448	255	65535	15	477
2	448	255	65535	16	479
2	448	255	65535	17	482
2	448	255	65535	18	482
2	448	255	65535	19	484
2	448	255	65535	20	490
2	448	255	65535	21	491
2	448	255	65535	22	494
2	448	255	65535	23	497
2	448	255	65535	24	503
2	449	255	65535	0	518
2	449	255	65535	1	518
2	449	255	65535	2	518
2	449	255	65535	3	518
2	449	255	65535	4	522
2	449	255	65535	5	523
2	449	255	65535	6	526
2	449	255	65535	7	528
2	449	255	65535	8	528
2	449	255	65535	9	529
2	449	255	65535	10	529
2	449	255	65535	11	529
2	449	255	65535	12	529
2	449	255	65535	13	528
2	449	255	65535	14	528
2	449	255	65535	15	527
2	449	255	65535	16	523
2	449	255	65535	17	525
2	449	255	65535	18	524
2	449	255	65535	19	521
2	449	255	65535	20	519
2	449	255	65535	21	520
2	449	255	65535	22	522
2	449	255	65535	23	520
2	449	255	65535	24	518
2	450	255	65535	0	525
2	450	255	65535	1	525
2	450	255	65535	2	525
2	450	255	65535	3	511
2	450	255	65535	4	515
2	450	255	65535	5	518
2	450	255	65535	6	517
2	450	255	65535	7	513
2	450	255	65535	8	519
2	450	255	65535	9	518
2	450	255	65535	10	517
2	450	255	65535	11	518
2	450	255	65535	12	521
2	450	255	65535	13	519
2	450	255	65535	14	518
2	450	255	65535	15	517
2	450	255	65535	16	519
2	450	255	65535	17	518
2	450	255	65535	18	519
2	450	255	65535	19	518
2	450	255	65535	20	519
2	450	255	65535	21	519
2	450	255	65535	22	520
2	450	255	65535	23	519
2	450	255	65535	24	525
2	451	13	1036	0	525
2	451	13	1036	1	525
2	451	13	1036	2	525
2	451	13	1036	3	519
2	451	13	1036	4	523
2	451	13	1036	5	524
2	451	13	1036	6	527
2	451	13	1036	7	530
2	451	13	1036	8	523
2	451	13	1036	9	525
2	451	13	1036	10	530
2	451	13	1036	11	528
2	451	13	1036	12	523
2	451	13	1036	13	527
2	451	13	1036	14	524
2	451	13	1036	15	523
2	451	13	1036	16	519
2	451	13	1036	17	523
2	451	13	1036	18	524
2	451	13	1036	19	522
2	451	13	1036	20	519
2	451	13	1036	21	520
2	451	13	1036	22	524
2	451	13	1036	23	521
2	451	13	1036	24	520
2	452	255	65535	0	519
2	452	255	65535	1	519
2	452	255	65535	2	519
2	452	255	65535	3	519
2	452	255	65535	4	514
2	452	255	65535	5	519
2	452	255	65535	6	519
2	452	255	65535	7	518
2	452	255	65535	8	521
2	452	255	65535	9	519
2	452	255	65535	10	518
2	452	255	65535	11	519
2	452	255	65535	12	521
2	452	255	65535	13	518
2	452	255	65535	14	518
2	452	255	65535	15	520
2	452	255	65535	16	521
2	452	255	65535	17	517
2	452	255	65535	18	518
2	452	255	65535	19	519
2	452	255	65535	20	525
2	452	255	65535	21	518
2	452	255	65535	22	517
2	452	255	65535	23	522
2	452	255	65535	24	521
2	453	255	65535	0	527
2	453	255	65535	1	527
2	453	255	65535	2	527
2	453	255	65535	3	527
2	453	255	65535	4	533
2	453	255	65535	5	533
2	453	255	65535	6	533
2	453	255	65535	7	533
2	453	255	65535	8	516
2	453	255	65535	9	522
2	453	255	65535	10	519
2	453	255	65535	11	521
2	453	255	65535	12	522
2	453	255	65535	13	518
2	453	255	65535	14	527
2	453	255	65535	15	518
2	453	255	65535	16	519
2	453	255	65535	17	524
2	453	255	65535	18	519
2	453	255	65535	19	522
2	453	255	65535	20	518
2	453	255	65535	21	523
2	453	255	65535	22	523
2	453	255	65535	23	516
2	453	255	65535	24	522
2	454	255	65535	0	522
2	454	255	65535	1	522
2	454	255	65535	2	522
2	454	255	65535	3	516
2	454	255	65535	4	526
2	454	255	65535	5	525
2	454	255	65535	6	521
2	454	255	65535	7	525
2	454	255	65535	8	524
2	454	255	65535	9	525
2	454	255	65535	10	521
2	454	255	65535	11	522
2	454	255	65535	12	527
2	454	255	65535	13	527
2	454	255	65535	14	526
2	454	255	65535	15	528
2	454	255	65535	16	530
2	454	255	65535	17	529
2	454	255	65535	18	528
2	454	255	65535	19	531
2	454	255	65535	20	531
2	454	255	65535	21	530
2	454	255	65535	22	529
2	454	255	65535	23	532
2	454	255	65535	24	533
2	455	15	1037	0	541
2	455	15	1037	1	541
2	455	15	1037	2	541
2	455	15	1037	3	541
2	455	15	1037	4	522
2	455	15	1037	5	522
2	455	15	1037	6	523
2	455	15	1037	7	523
2	455	15	1037	8	518
2	455	15	1037	9	520
2	455	15	1037	10	520
2	455	15	1037	11	517
2	455	15	1037	12	516
2	455	15	1037	13	520
2	455	15	1037	14	517
2	455	15	1037	15	520
2	455	15	1037	16	523
2	455	15	1037	17	523
2	455	15	1037	18	525
2	455	15	1037	19	522
2	455	15	1037	20	520
2	455	15	1037	21	525
2	455	15	1037	22	524
2	455	15	1037	23	524
2	455	15	1037	24	523
2	456	255	65535	0	527
2	456	255	65535	1	527
2	456	255	65535	2	527
2	456	255	65535	3	527
2	456	255	65535	4	521
2	456	255	65535	5	528
2	456	255	65535	6	529
2	456	255	65535	7	525
2	456	255	65535	8	529
2	456	255	65535	9	528
2	456	255	65535	10	526
2	456	255	65535	11	525
2	456	255	65535	12	527
2	456	255	65535	13	529
2	456	255	65535	14	524
2	456	255	65535	15	526
2	456	255	65535	16	527
2	456	255	65535	17	523
2	456	255	65535	18	523
2	456	255	65535	19	524
2	456	255	65535	20	525
2	456	255	65535	21	523
2	456	255	65535	22	522
2	456	255	65535	23	528
2	456	255	65535	24	524
2	457	255	65535	0	543
2	457	255	65535	1	543
2	457	255	65535	2	543
2	457	255	65535	3	543
2	457	255	65535	4	509
2	457	255	65535	5	513
2	457	255	65535	6	515
2	457	255	65535	7	513
2	457	255	65535	8	509
2	457	255	65535	9	510
2	457	255	65535	10	510
2	457	255	65535	11	506
2	457	255	65535	12	503
2	457	255	65535	13	506
2	457	255	65535	14	509
2	457	255	65535	15	511
2	457	255	65535	16	513
2	457	255	65535	17	524
2	457	255	65535	18	523
2	457	255	65535	19	521
2	457	255	65535	20	521
2	457	255	65535	21	528
2	457	255	65535	22	532
2	457	255	65535	23	530
2	457	255	65535	24	531
2	458	255	65535	0	538
2	458	255	65535	1	538
2	458	255	65535	2	538
2	458	255	65535	3	538
2	458	255	65535	4	533
2	458	255	65535	5	578
2	458	255	65535	6	740
2	458	255	65535	7	1005
2	458	255	65535	8	718
2	458	255	65535	9	276
2	458	255	65535	10	368
2	458	255	65535	11	739
2	458	255	65535	12	698
2	458	255	65535	13	386
2	458	255	65535	14	486
2	458	255	65535	15	634
2	458	255	65535	16	502
2	458	255	65535	17	514
2	458	255	65535	18	623
2	458	255	65535	19	516
2	458	255	65535	20	348
2	458	255	65535	21	444
2	458	255	65535	22	494
2	458	255	65535	23	436
2	458	255	65535	24	454
2	459	19	1038	0	546
2	459	19	1038	1	454
2	459	19	1038	2	331
2	459	19	1038	3	527
2	459	19	1038	4	579
2	459	19	1038	5	440
2	459	19	1038	6	469
2	459	19	1038	7	559
2	459	19	1038	8	557
2	459	19	1038	9	473
2	459	19	1038	10	489
2	459	19	1038	11	548
2	459	19	1038	12	520
2	459	19	1038	13	577
2	459	19	1038	14	562
2	459	19	1038	15	505
2	459	19	1038	16	512
2	459	19	1038	17	544
2	459	19	1038	18	564
2	459	19	1038	19	506
2	459	19	1038	20	510
2	459	19	1038	21	547
2	459	19	1038	22	527
2	459	19	1038	23	511
2	459	19	1038	24	518
2	460	255	65535	0	523
2	460	255	65535	1	541
2	460	255	65535	2	541
2	460	255	65535	3	541
2	460	255	65535	4	541
2	460	255	65535	5	519
2	460	255	65535	6	521
2	460	255	65535	7	517
2	460	255	65535	8	520
2	460	255	65535	9	529
2	460	255	65535	10	518
2	460	255	65535	11	514
2	460	255	65535	12	523
2	460	255	65535	13	529
2	460	255	65535	14	522
2	460	255	65535	15	523
2	460	255	65535	16	534
2	460	255	65535	17	526
2	460	255	65535	18	521
2	460	255	65535	19	528
2	460	255	65535	20	528
2	460	255	65535	21	525
2	460	255	65535	22	520
2	460	255	65535	23	533
2	460	255	65535	24	524
2	461	255	65535	0	524
2	461	255	65535	1	524
2	461	255	65535	2	524
2	461	255	65535	3	515
2	461	255	65535	4	513
2	461	255	65535	5	520
2	461	255	65535	6	522
2	461	255	65535	7	516
2	461	255	65535	8	526
2	461	255	65535	9	524
2	461	255	65535	10	522
2	461	255	65535	11	517
2	461	255	65535	12	523
2	461	255	65535	13	520
2	461	255	65535	14	520
2	461	255	65535	15	516
2	461	255	65535	16	516
2	461	255	65535	17	522
2	461	255	65535	18	519
2	461	255	65535	19	516
2	461	255	65535	20	515
2	461	255	65535	21	517
2	461	255	65535	22	515
2	461	255	65535	23	515
2	461	255	65535	24	518
2	462	255	65535	0	522
2	462	255	65535	1	539
2	462	255	65535	2	539
2	462	255	65535	3	539
2	462	255	65535	4	539
2	462	255	65535	5	522
2	462	255	65535	6	522
2	462	255	65535	7	523
2	462	255	65535	8	522
2	462	255	65535	9	525
2	462	255	65535	10	525
2	462	255	65535	11	524
2	462	255	65535	12	522
2	462	255	65535	13	527
2	462	255	65535	14	522
2	462	255	65535	15	522
2	462	255	65535	16	523
2	462	255	65535	17	521
2	462	255	65535	18	522
2	462	255	65535	19	523
2	462	255	65535	20	527
2	462	255	65535	21	520
2	462	255	65535	22	520
2	462	255	65535	23	522
2	462	255	65535	24	521
2	463	20	1039	0	520
2	463	20	1039	1	520
2	463	20	1039	2	520
2	463	20	1039	3	507
2	463	20	1039	4	516
2	463	20	1039	5	517
2	463	20	1039	6	520
2	463	20	1039	7	517
2	463	20	1039	8	518
2	463	20	1039	9	519
2	463	20	1039	10	520
2	463	20	1039	11	522
2	463	20	1039	12	518
2	463	20	1039	13	519
2	463	20	1039	14	520
2	463	20	1039	15	515
2	463	20	1039	16	518
2	463	20	1039	17	521
2	463	20	1039	18	519
2	463	20	1039	19	515
2	463	20	1039	20	513
2	463	20	1039	21	522
2	463	20	1039	22	521
2	463	20	1039	23	519
2	463	20	1039	24	521
2	464	255	65535	0	527
2	464	255	65535	1	521
2	464	255	65535	2	521
2	464	255	65535	3	517
2	464	255	65535	4	528
2	464	255	65535	5	523
2	464	255	65535	6	524
2	464	255	65535	7	529
2	464	255	65535	8	525
2	464	255	65535	9	524
2	464	255	65535	10	525
2	464	255	65535	11	527
2	464	255	65535	12	528
2	464	255	65535	13	524
2	464	255	65535	14	526
2	464	255	65535	15	529
2	464	255	65535	16	529
2	464	255	65535	17	526
2	464	255	65535	18	525
2	464	255	65535	19	527
2	464	255	65535	20	526
2	464	255	65535	21	526
2	464	255	65535	22	528
2	464	255	65535	23	528
2	464	255	65535	24	524
2	465	255	65535	0	524
2	465	255	65535	1	524
2	465	255	65535	2	524
2	465	255	65535	3	513
2	465	255	65535	4	517
2	465	255	65535	5	523
2	465	255	65535	6	524
2	465	255	65535	7	520
2	465	255	65535	8	519
2	465	255	65535	9	524
2	465	255	65535	10	522
2	465	255	65535	11	520
2	465	255	65535	12	520
2	465	255	65535	13	524
2	465	255	65535	14	522
2	465	255	65535	15	520
2	465	255	65535	16	523
2	465	255	65535	17	528
2	465	255	65535	18	521
2	465	255	65535	19	521
2	465	255	65535	20	523
2	465	255	65535	21	525
2	465	255	65535	22	522
2	465	255	65535	23	522
2	465	255	65535	24	523
2	466	255	65535	0	530
2	466	255	65535	1	530
2	466	255	65535	2	530
2	466	255	65535	3	530
2	466	255	65535	4	523
2	466	255	65535	5	525
2	466	255	65535	6	527
2	466	255	65535	7	527
2	466	255	65535	8	526
2	466	255	65535	9	525
2	466	255	65535	10	528
2	466	255	65535	11	529
2	466	255	65535	12	527
2	466	255	65535	13	526
2	466	255	65535	14	528
2	466	255	65535	15	530
2	466	255	65535	16	528
2	466	255	65535	17	526
2	466	255	65535	18	527
2	466	255	65535	19	528
2	466	255	65535	20	530
2	466	255	65535	21	526
2	466	255	65535	22	526
2	466	255	65535	23	525
2	466	255	65535	24	526
2	467	22	1040	0	526
2	467	22	1040	1	526
2	467	22	1040	2	526
2	467	22	1040	3	513
2	467	22	1040	4	522
2	467	22	1040	5	525
2	467	22	1040	6	523
2	467	22	1040	7	522
2	467	22	1040	8	523
2	467	22	1040	9	525
2	467	22	1040	10	525
2	467	22	1040	11	522
2	467	22	1040	12	523
2	467	22	1040	13	525
2	467	22	1040	14	524
2	467	22	1040	15	523
2	467	22	1040	16	524
2	467	22	1040	17	527
2	467	22	1040	18	523
2	467	22	1040	19	525
2	467	22	1040	20	524
2	467	22	1040	21	524
2	467	22	1040	22	522
2	467	22	1040	23	518
2	467	22	1040	24	524
2	468	255	65535	0	524
2	468	255	65535	1	524
2	468	255	65535	2	524
2	468	255	65535	3	524
2	468	255	65535	4	524
2	468	255	65535	5	522
2	468	255	65535	6	524
2	468	255	65535	7	527
2	468	255	65535	8	528
2	468	255	65535	9	526
2	468	255	65535	10	525
2	468	255	65535	11	529
2	468	255	65535	12	528
2	468	255	65535	13	526
2	468	255	65535	14	527
2	468	255	65535	15	530
2	468	255	65535	16	529
2	468	255	65535	17	527
2	468	255	65535	18	529
2	468	255	65535	19	529
2	468	255	65535	20	527
2	468	255	65535	21	527
2	468	255	65535	22	527
2	468	255	65535	23	527
2	468	255	65535	24	526
2	469	255	65535	0	536
2	469	255	65535	1	536
2	469	255	65535	2	536
2	469	255	65535	3	536
2	469	255	65535	4	521
2	469	255	65535	5	523
2	469	255	65535	6	527
2	469	255	65535	7	521
2	469	255	65535	8	523
2	469	255	65535	9	526
2	469	255	65535	10	528
2	469	255	65535	11	522
2	469	255	65535	12	524
2	469	255	65535	13	527
2	469	255	65535	14	524
2	469	255	65535	15	522
2	469	255	65535	16	526
2	469	255	65535	17	528
2	469	255	65535	18	524
2	469	255	65535	19	524
2	469	255	65535	20	528
2	469	255	65535	21	525
2	469	255	65535	22	526
2	469	255	65535	23	524
2	469	255	65535	24	524
2	470	255	65535	0	529
2	470	255	65535	1	529
2	470	255	65535	2	529
2	470	255	65535	3	529
2	470	255	65535	4	525
2	470	255	65535	5	527
2	470	255	65535	6	529
2	470	255	65535	7	532
2	470	255	65535	8	529
2	470	255	65535	9	527
2	470	255	65535	10	529
2	470	255	65535	11	534
2	470	255	65535	12	530
2	470	255	65535	13	528
2	470	255	65535	14	529
2	470	255	65535	15	530
2	470	255	65535	16	528
2	470	255	65535	17	528
2	470	255	65535	18	530
2	470	255	65535	19	530
2	470	255	65535	20	528
2	470	255	65535	21	526
2	470	255	65535	22	534
2	470	255	65535	23	530
2	470	255	65535	24	530
2	471	255	65535	0	530
2	471	255	65535	1	530
2	471	255	65535	2	530
2	471	255	65535	3	518
2	471	255	65535	4	526
2	471	255	65535	5	526
2	471	255	65535	6	526
2	471	255	65535	7	522
2	471	255	65535	8	529
2	471	255	65535	9	528
2	471	255	65535	10	526
2	471	255	65535	11	527
2	471	255	65535	12	527
2	471	255	65535	13	528
2	471	255	65535	14	525
2	471	255	65535	15	527
2	471	255	65535	16	528
2	471	255	65535	17	528
2	471	255	65535	18	524
2	471	255	65535	19	526
2	471	255	65535	20	527
2	471	255	65535	21	527
2	471	255	65535	22	523
2	471	255	65535	23	526
2	471	255	65535	24	529
2	472	0	1041	0	532
2	472	0	1041	1	532
2	472	0	1041	2	532
2	472	0	1041	3	532
2	472	0	1041	4	530
2	472	0	1041	5	533
2	472	0	1041	6	536
2	472	0	1041	7	535
2	472	0	1041	8	533
2	472	0	1041	9	531
2	472	0	1041	10	534
2	472	0	1041	11	535
2	472	0	1041	12	534
2	472	0	1041	13	533
2	472	0	1041	14	532
2	472	0	1041	15	535
2	472	0	1041	16	532
2	472	0	1041	17	530
2	472	0	1041	18	539
2	472	0	1041	19	533
2	472	0	1041	20	532
2	472	0	1041	21	534
2	472	0	1041	22	536
2	472	0	1041	23	534
2	472	0	1041	24	533
2	473	255	65535	0	543
2	473	255	65535	1	543
2	473	255	65535	2	543
2	473	255	65535	3	543
2	473	255	65535	4	528
2	473	255	65535	5	530
2	473	255	65535	6	530
2	473	255	65535	7	529
2	473	255	65535	8	530
2	473	255	65535	9	530
2	473	255	65535	10	527
2	473	255	65535	11	529
2	473	255	65535	12	529
2	473	255	65535	13	529
2	473	255	65535	14	527
2	473	255	65535	15	529
2	473	255	65535	16	530
2	473	255	65535	17	531
2	473	255	65535	18	527
2	473	255	65535	19	526
2	473	255	65535	20	529
2	473	255	65535	21	532
2	473	255	65535	22	527
2	473	255	65535	23	528
2	473	255	65535	24	529
2	474	255	65535	0	530
2	474	255	65535	1	530
2	474	255	65535	2	532
2	474	255	65535	3	534
2	474	255	65535	4	536
2	474	255	65535	5	536
2	474	255	65535	6	536
2	474	255	65535	7	528
2	474	255	65535	8	530
2	474	255	65535	9	531
2	474	255	65535	10	532
2	474	255	65535	11	533
2	474	255	65535	12	531
2	474	255	65535	13	530
2	474	255	65535	14	533
2	474	255	65535	15	534
2	474	255	65535	16	531
2	474	255	65535	17	531
2	474	255	65535	18	533
2	474	255	65535	19	534
2	474	255	65535	20	531
2	474	255	65535	21	531
2	474	255	65535	22	532
2	474	255	65535	23	532
2	474	255	65535	24	530
2	475	255	65535	0	530
2	475	255	65535	1	530
2	475	255	65535	2	530
2	475	255	65535	3	514
2	475	255	65535	4	525
2	475	255	65535	5	528
2	475	255	65535	6	525
2	475	255	65535	7	522
2	475	255	65535	8	528
2	475	255	65535	9	529
2	475	255	65535	10	525
2	475	255	65535	11	524
2	475	255	65535	12	527
2	475	255	65535	13	530
2	475	255	65535	14	526
2	475	255	65535	15	527
2	475	255	65535	16	530
2	475	255	65535	17	526
2	475	255	65535	18	527
2	475	255	65535	19	526
2	475	255	65535	20	527
2	475	255	65535	21	533
2	475	255	65535	22	523
2	475	255	65535	23	530
2	475	255	65535	24	529
2	476	255	65535	0	552
2	476	255	65535	1	552
2	476	255	65535	2	552
2	476	255	65535	3	552
2	476	255	65535	4	528
2	476	255	65535	5	543
2	476	255	65535	6	543
2	476	255	65535	7	543
2	476	255	65535	8	543
2	476	255	65535	9	527
2	476	255	65535	10	528
2	476	255	65535	11	536
2	476	255	65535	12	530
2	476	255	65535	13	532
2	476	255	65535	14	537
2	476	255	65535	15	534
2	476	255	65535	16	535
2	476	255	65535	17	536
2	476	255	65535	18	542
2	476	255	65535	19	542
2	476	255	65535	20	539
2	476	255	65535	21	543
2	476	255	65535	22	548
2	476	255	65535	23	551
2	476	255	65535	24	547
2	477	255	65535	0	552
2	477	255	65535	1	552
2	477	255	65535	2	552
2	477	255	65535	3	552
2	477	255	65535	4	553
2	477	255	65535	5	560
2	477	255	65535	6	556
2	477	255	65535	7	554
2	477	255	65535	8	555
2	477	255	65535	9	555
2	477	255	65535	10	548
2	477	255	65535	11	548
2	477	255	65535	12	545
2	477	255	65535	13	544
2	477	255	65535	14	538
2	477	255	65535	15	534
2	477	255	65535	16	528
2	477	255	65535	17	520
2	477	255	65535	18	513
2	477	255	65535	19	511
2	477	255	65535	20	510
2	477	255	65535	21	503
2	477	255	65535	22	504
2	477	255	65535	23	500
2	477	255	65535	24	500
2	478	255	65535	0	491
2	478	255	65535	1	491
2	478	255	65535	2	491
2	478	255	65535	3	483
2	478	255	65535	4	491
2	478	255	65535	5	495
2	478	255	65535	6	499
2	478	255	65535	7	499
2	478	255	65535	8	501
2	478	255	65535	9	506
2	478	255	65535	10	509
2	478	255	65535	11	509
2	478	255	65535	12	510
2	478	255	65535	13	514
2	478	255	65535	14	521
2	478	255	65535	15	517
2	478	255	65535	16	516
2	478	255	65535	17	519
2	478	255	65535	18	521
2	478	255	65535	19	520
2	478	255	65535	20	520
2	478	255	65535	21	521
2	478	255	65535	22	521
2	478	255	65535	23	518
2	478	255	65535	24	518
2	479	255	65535	0	518
2	479	255	65535	1	518
2	479	255	65535	2	518
2	479	255	65535	3	516
2	479	255	65535	4	522
2	479	255	65535	5	523
2	479	255	65535	6	519
2	479	255	65535	7	522
2	479	255	65535	8	520
2	479	255	65535	9	520
2	479	255	65535	10	517
2	479	255	65535	11	518
2	479	255	65535	12	519
2	479	255	65535	13	516
2	479	255	65535	14	517
2	479	255	65535	15	519
2	479	255	65535	16	518
2	479	255	65535	17	515
2	479	255	65535	18	515
2	479	255	65535	19	519
2	479	255	65535	20	519
2	479	255	65535	21	517
2	479	255	65535	22	518
2	479	255	65535	23	520
2	479	255	65535	24	519
2	480	6	1043	0	515
2	480	6	1043	1	515
2	480	6	1043	2	515
2	480	6	1043	3	515
2	480	6	1043	4	509
2	480	6	1043	5	518
2	480	6	1043	6	520
2	480	6	1043	7	514
2	480	6	1043	8	514
2	480	6	1043	9	515
2	480	6	1043	10	515
2	480	6	1043	11	514
2	480	6	1043	12	514
2	480	6	1043	13	515
2	480	6	1043	14	515
2	480	6	1043	15	515
2	480	6	1043	16	514
2	480	6	1043	17	515
2	480	6	1043	18	517
2	480	6	1043	19	515
2	480	6	1043	20	513
2	480	6	1043	21	517
2	480	6	1043	22	516
2	480	6	1043	23	521
2	480	6	1043	24	514
2	481	255	65535	0	514
2	481	255	65535	1	514
2	481	255	65535	2	514
2	481	255	65535	3	514
2	481	255	65535	4	521
2	481	255	65535	5	519
2	481	255	65535	6	520
2	481	255	65535	7	519
2	481	255	65535	8	522
2	481	255	65535	9	519
2	481	255	65535	10	521
2	481	255	65535	11	520
2	481	255	65535	12	521
2	481	255	65535	13	519
2	481	255	65535	14	517
2	481	255	65535	15	522
2	481	255	65535	16	523
2	481	255	65535	17	522
2	481	255	65535	18	519
2	481	255	65535	19	522
2	481	255	65535	20	524
2	481	255	65535	21	522
2	481	255	65535	22	521
2	481	255	65535	23	523
2	481	255	65535	24	525
2	482	255	65535	0	525
2	482	255	65535	1	525
2	482	255	65535	2	525
2	482	255	65535	3	517
2	482	255	65535	4	518
2	482	255	65535	5	521
2	482	255	65535	6	522
2	482	255	65535	7	519
2	482	255	65535	8	521
2	482	255	65535	9	520
2	482	255	65535	10	525
2	482	255	65535	11	519
2	482	255	65535	12	518
2	482	255	65535	13	518
2	482	255	65535	14	523
2	482	255	65535	15	519
2	482	255	65535	16	519
2	482	255	65535	17	520
2	482	255	65535	18	519
2	482	255	65535	19	518
2	482	255	65535	20	517
2	482	255	65535	21	521
2	482	255	65535	22	519
2	482	255	65535	23	517
2	482	255	65535	24	518
2	483	255	65535	0	523
2	483	255	65535	1	523
2	483	255	65535	2	523
2	483	255	65535	3	523
2	483	255	65535	4	519
2	483	255	65535	5	522
2	483	255	65535	6	522
2	483	255	65535	7	523
2	483	255	65535	8	524
2	483	255	65535	9	524
2	483	255	65535	10	523
2	483	255	65535	11	524
2	483	255	65535	12	525
2	483	255	65535	13	524
2	483	255	65535	14	523
2	483	255	65535	15	525
2	483	255	65535	16	527
2	483	255	65535	17	524
2	483	255	65535	18	522
2	483	255	65535	19	527
2	483	255	65535	20	527
2	483	255	65535	21	521
2	483	255	65535	22	525
2	483	255	65535	23	526
2	483	255	65535	24	524
2	484	10	1044	0	524
2	484	10	1044	1	524
2	484	10	1044	2	524
2	484	10	1044	3	511
2	484	10	1044	4	521
2	484	10	1044	5	521
2	484	10	1044	6	521
2	484	10	1044	7	521
2	484	10	1044	8	515
2	484	10	1044	9	523
2	484	10	1044	10	521
2	484	10	1044	11	527
2	484	10	1044	12	525
2	484	10	1044	13	527
2	484	10	1044	14	528
2	484	10	1044	15	527
2	484	10	1044	16	526
2	484	10	1044	17	528
2	484	10	1044	18	527
2	484	10	1044	19	528
2	484	10	1044	20	524
2	484	10	1044	21	526
2	484	10	1044	22	526
2	484	10	1044	23	524
2	484	10	1044	24	526
2	485	255	65535	0	525
2	485	255	65535	1	525
2	485	255	65535	2	525
2	485	255	65535	3	525
2	485	255	65535	4	515
2	485	255	65535	5	522
2	485	255	65535	6	521
2	485	255	65535	7	525
2	485	255	65535	8	524
2	485	255	65535	9	522
2	485	255	65535	10	521
2	485	255	65535	11	524
2	485	255	65535	12	524
2	485	255	65535	13	522
2	485	255	65535	14	523
2	485	255	65535	15	524
2	485	255	65535	16	522
2	485	255	65535	17	520
2	485	255	65535	18	522
2	485	255	65535	19	524
2	485	255	65535	20	522
2	485	255	65535	21	521
2	485	255	65535	22	521
2	485	255	65535	23	522
2	485	255	65535	24	521
2	486	255	65535	0	534
2	486	255	65535	1	534
2	486	255	65535	2	534
2	486	255	65535	3	534
2	486	255	65535	4	522
2	486	255	65535	5	526
2	486	255	65535	6	527
2	486	255	65535	7	526
2	486	255	65535	8	525
2	486	255	65535	9	528
2	486	255	65535	10	526
2	486	255	65535	11	526
2	486	255	65535	12	526
2	486	255	65535	13	528
2	486	255	65535	14	528
2	486	255	65535	15	523
2	486	255	65535	16	524
2	486	255	65535	17	528
2	486	255	65535	18	524
2	486	255	65535	19	526
2	486	255	65535	20	525
2	486	255	65535	21	526
2	486	255	65535	22	528
2	486	255	65535	23	525
2	486	255	65535	24	527
2	487	255	65535	0	527
2	487	255	65535	1	527
2	487	255	65535	2	527
2	487	255	65535	3	513
2	487	255	65535	4	521
2	487	255	65535	5	518
2	487	255	65535	6	518
2	487	255	65535	7	521
2	487	255	65535	8	522
2	487	255	65535	9	520
2	487	255	65535	10	517
2	487	255	65535	11	520
2	487	255	65535	12	523
2	487	255	65535	13	519
2	487	255	65535	14	520
2	487	255	65535	15	523
2	487	255	65535	16	523
2	487	255	65535	17	520
2	487	255	65535	18	520
2	487	255	65535	19	524
2	487	255	65535	20	524
2	487	255	65535	21	521
2	487	255	65535	22	522
2	487	255	65535	23	523
2	487	255	65535	24	523
2	488	9	1045	0	522
2	488	9	1045	1	522
2	488	9	1045	2	522
2	488	9	1045	3	522
2	488	9	1045	4	517
2	488	9	1045	5	523
2	488	9	1045	6	524
2	488	9	1045	7	521
2	488	9	1045	8	519
2	488	9	1045	9	521
2	488	9	1045	10	517
2	488	9	1045	11	514
2	488	9	1045	12	514
2	488	9	1045	13	517
2	488	9	1045	14	513
2	488	9	1045	15	511
2	488	9	1045	16	512
2	488	9	1045	17	512
2	488	9	1045	18	508
2	488	9	1045	19	506
2	488	9	1045	20	507
2	488	9	1045	21	509
2	488	9	1045	22	506
2	488	9	1045	23	511
2	488	9	1045	24	511
2	489	255	65535	0	524
2	489	255	65535	1	524
2	489	255	65535	2	524
2	489	255	65535	3	524
2	489	255	65535	4	519
2	489	255	65535	5	520
2	489	255	65535	6	523
2	489	255	65535	7	524
2	489	255	65535	8	525
2	489	255	65535	9	524
2	489	255	65535	10	526
2	489	255	65535	11	525
2	489	255	65535	12	528
2	489	255	65535	13	523
2	489	255	65535	14	556
2	489	255	65535	15	687
2	489	255	65535	16	909
2	489	255	65535	17	759
2	489	255	65535	18	403
2	489	255	65535	19	251
2	489	255	65535	20	735
2	489	255	65535	21	727
2	489	255	65535	22	400
2	489	255	65535	23	408
2	489	255	65535	24	599
2	490	255	65535	0	570
2	490	255	65535	1	445
2	490	255	65535	2	587
2	490	255	65535	3	470
2	490	255	65535	4	402
2	490	255	65535	5	450
2	490	255	65535	6	469
2	490	255	65535	7	436
2	490	255	65535	8	429
2	490	255	65535	9	508
2	490	255	65535	10	521
2	490	255	65535	11	366
2	490	255	65535	12	482
2	490	255	65535	13	587
2	490	255	65535	14	483
2	490	255	65535	15	462
2	490	255	65535	16	537
2	490	255	65535	17	579
2	490	255	65535	18	518
2	490	255	65535	19	499
2	490	255	65535	20	542
2	490	255	65535	21	548
2	490	255	65535	22	549
2	490	255	65535	23	537
2	490	255	65535	24	515
2	491	255	65535	0	512
2	491	255	65535	1	525
2	491	255	65535	2	512
2	491	255	65535	3	512
2	491	255	65535	4	498
2	491	255	65535	5	535
2	491	255	65535	6	533
2	491	255	65535	7	499
2	491	255	65535	8	504
2	491	255	65535	9	517
2	491	255	65535	10	518
2	491	255	65535	11	513
2	491	255	65535	12	500
2	491	255	65535	13	513
2	491	255	65535	14	521
2	491	255	65535	15	526
2	491	255	65535	16	513
2	491	255	65535	17	515
2	491	255	65535	18	533
2	491	255	65535	19	527
2	491	255	65535	20	513
2	491	255	65535	21	508
2	491	255	65535	22	523
2	491	255	65535	23	525
2	491	255	65535	24	514
2	492	12	1046	0	521
2	492	12	1046	1	521
2	492	12	1046	2	521
2	492	12	1046	3	513
2	492	12	1046	4	520
2	492	12	1046	5	524
2	492	12	1046	6	517
2	492	12	1046	7	527
2	492	12	1046	8	522
2	492	12	1046	9	516
2	492	12	1046	10	525
2	492	12	1046	11	526
2	492	12	1046	12	522
2	492	12	1046	13	523
2	492	12	1046	14	528
2	492	12	1046	15	530
2	492	12	1046	16	529
2	492	12	1046	17	530
2	492	12	1046	18	531
2	492	12	1046	19	529
2	492	12	1046	20	531
2	492	12	1046	21	529
2	492	12	1046	22	526
2	492	12	1046	23	527
2	492	12	1046	24	527
2	493	255	65535	0	525
2	493	255	65535	1	525
2	493	255	65535	2	525
2	493	255	65535	3	525
2	493	255	65535	4	517
2	493	255	65535	5	521
2	493	255	65535	6	520
2	493	255	65535	7	524
2	493	255	65535	8	524
2	493	255	65535	9	523
2	493	255	65535	10	523
2	493	255	65535	11	526
2	493	255	65535	12	525
2	493	255	65535	13	522
2	493	255	65535	14	521
2	493	255	65535	15	525
2	493	255	65535	16	521
2	493	255	65535	17	520
2	493	255	65535	18	522
2	493	255	65535	19	526
2	493	255	65535	20	523
2	493	255	65535	21	520
2	493	255	65535	22	524
2	493	255	65535	23	525
2	493	255	65535	24	522
2	494	255	65535	0	548
2	494	255	65535	1	548
2	494	255	65535	2	548
2	494	255	65535	3	548
2	494	255	65535	4	521
2	494	255	65535	5	521
2	494	255	65535	6	521
2	494	255	65535	7	521
2	494	255	65535	8	519
2	494	255	65535	9	524
2	494	255	65535	10	524
2	494	255	65535	11	521
2	494	255	65535	12	522
2	494	255	65535	13	524
2	494	255	65535	14	525
2	494	255	65535	15	520
2	494	255	65535	16	522
2	494	255	65535	17	526
2	494	255	65535	18	522
2	494	255	65535	19	521
2	494	255	65535	20	524
2	494	255	65535	21	527
2	494	255	65535	22	524
2	494	255	65535	23	520
2	494	255	65535	24	521
2	495	255	65535	0	531
2	495	255	65535	1	531
2	495	255	65535	2	531
2	495	255	65535	3	517
2	495	255	65535	4	526
2	495	255	65535	5	526
2	495	255	65535	6	525
2	495	255	65535	7	527
2	495	255	65535	8	527
2	495	255	65535	9	525
2	495	255	65535	10	526
2	495	255	65535	11	527
2	495	255	65535	12	527
2	495	255	65535	13	526
2	495	255	65535	14	527
2	495	255	65535	15	526
2	495	255	65535	16	529
2	495	255	65535	17	525
2	495	255	65535	18	527
2	495	255	65535	19	528
2	495	255	65535	20	526
2	495	255	65535	21	525
2	495	255	65535	22	531
2	495	255	65535	23	527
2	495	255	65535	24	529
2	496	14	1047	0	532
2	496	14	1047	1	532
2	496	14	1047	2	532
2	496	14	1047	3	532
2	496	14	1047	4	518
2	496	14	1047	5	523
2	496	14	1047	6	522
2	496	14	1047	7	519
2	496	14	1047	8	522
2	496	14	1047	9	522
2	496	14	1047	10	521
2	496	14	1047	11	519
2	496	14	1047	12	523
2	496	14	1047	13	523
2	496	14	1047	14	518
2	496	14	1047	15	516
2	496	14	1047	16	519
2	496	14	1047	17	520
2	496	14	1047	18	517
2	496	14	1047	19	517
2	496	14	1047	20	520
2	496	14	1047	21	519
2	496	14	1047	22	516
2	496	14	1047	23	518
2	496	14	1047	24	520
2	497	255	65535	0	521
2	497	255	65535	1	520
2	497	255	65535	2	520
2	497	255	65535	3	520
2	497	255	65535	4	521
2	497	255	65535	5	520
2	497	255	65535	6	522
2	497	255	65535	7	523
2	497	255	65535	8	522
2	497	255	65535	9	519
2	497	255	65535	10	523
2	497	255	65535	11	523
2	497	255	65535	12	521
2	497	255	65535	13	519
2	497	255	65535	14	522
2	497	255	65535	15	523
2	497	255	65535	16	519
2	497	255	65535	17	520
2	497	255	65535	18	522
2	497	255	65535	19	522
2	497	255	65535	20	520
2	497	255	65535	21	520
2	497	255	65535	22	522
2	497	255	65535	23	522
2	497	255	65535	24	520
2	498	255	65535	0	520
2	498	255	65535	1	520
2	498	255	65535	2	520
2	498	255	65535	3	511
2	498	255	65535	4	515
2	498	255	65535	5	521
2	498	255	65535	6	515
2	498	255	65535	7	513
2	498	255	65535	8	516
2	498	255	65535	9	517
2	498	255	65535	10	515
2	498	255	65535	11	515
2	498	255	65535	12	516
2	498	255	65535	13	516
2	498	255	65535	14	515
2	498	255	65535	15	516
2	498	255	65535	16	517
2	498	255	65535	17	516
2	498	255	65535	18	516
2	498	255	65535	19	517
2	498	255	65535	20	518
2	498	255	65535	21	516
2	498	255	65535	22	515
2	498	255	65535	23	517
2	498	255	65535	24	520
2	499	255	65535	0	520
2	499	255	65535	1	520
2	499	255	65535	2	520
2	499	255	65535	3	520
2	499	255	65535	4	515
2	499	255	65535	5	518
2	499	255	65535	6	522
2	499	255	65535	7	522
2	499	255	65535	8	520
2	499	255	65535	9	519
2	499	255	65535	10	523
2	499	255	65535	11	523
2	499	255	65535	12	519
2	499	255	65535	13	519
2	499	255	65535	14	522
2	499	255	65535	15	521
2	499	255	65535	16	520
2	499	255	65535	17	524
2	499	255	65535	18	524
2	499	255	65535	19	520
2	499	255	65535	20	520
2	499	255	65535	21	521
2	499	255	65535	22	523
2	499	255	65535	23	523
2	499	255	65535	24	520
2	500	17	1048	0	520
2	500	17	1048	1	520
2	500	17	1048	2	520
2	500	17	1048	3	507
2	500	17	1048	4	517
2	500	17	1048	5	519
2	500	17	1048	6	518
2	500	17	1048	7	516
2	500	17	1048	8	520
2	500	17	1048	9	520
2	500	17	1048	10	518
2	500	17	1048	11	517
2	500	17	1048	12	518
2	500	17	1048	13	518
2	500	17	1048	14	516
2	500	17	1048	15	516
2	500	17	1048	16	518
2	500	17	1048	17	519
2	500	17	1048	18	520
2	500	17	1048	19	519
2	500	17	1048	20	522
2	500	17	1048	21	520
2	500	17	1048	22	518
2	500	17	1048	23	522
2	500	17	1048	24	526
2	501	255	65535	0	536
2	501	255	65535	1	536
2	501	255	65535	2	536
2	501	255	65535	3	524
2	501	255	65535	4	529
2	501	255	65535	5	529
2	501	255	65535	6	531
2	501	255	65535	7	535
2	501	255	65535	8	539
2	501	255	65535	9	540
2	501	255	65535	10	544
2	501	255	65535	11	546
2	501	255	65535	12	547
2	501	255	65535	13	550
2	501	255	65535	14	557
2	501	255	65535	15	559
2	501	255	65535	16	560
2	501	255	65535	17	564
2	501	255	65535	18	572
2	501	255	65535	19	570
2	501	255	65535	20	572
2	501	255	65535	21	578
2	501	255	65535	22	585
2	501	255	65535	23	582
2	501	255	65535	24	581
2	502	255	65535	0	579
2	502	255	65535	1	580
2	502	255	65535	2	577
2	502	255	65535	3	573
2	502	255	65535	4	573
2	502	255	65535	5	573
2	502	255	65535	6	573
2	502	255	65535	7	526
2	502	255	65535	8	532
2	502	255	65535	9	521
2	502	255	65535	10	511
2	502	255	65535	11	502
2	502	255	65535	12	497
2	502	255	65535	13	486
2	502	255	65535	14	480
2	502	255	65535	15	471
2	502	255	65535	16	467
2	502	255	65535	17	464
2	502	255	65535	18	460
2	502	255	65535	19	459
2	502	255	65535	20	464
2	502	255	65535	21	466
2	502	255	65535	22	468
2	502	255	65535	23	475
2	502	255	65535	24	479
2	503	255	65535	0	479
2	503	255	65535	1	479
2	503	255	65535	2	479
2	503	255	65535	3	501
2	503	255	65535	4	507
2	503	255	65535	5	512
2	503	255	65535	6	516
2	503	255	65535	7	518
2	503	255	65535	8	519
2	503	255	65535	9	520
2	503	255	65535	10	523
2	503	255	65535	11	522
2	503	255	65535	12	519
2	503	255	65535	13	519
2	503	255	65535	14	520
2	503	255	65535	15	518
2	503	255	65535	16	514
2	503	255	65535	17	517
2	503	255	65535	18	516
2	503	255	65535	19	513
2	503	255	65535	20	510
2	503	255	65535	21	515
2	503	255	65535	22	513
2	503	255	65535	23	510
2	503	255	65535	24	512
2	504	19	1049	0	511
2	504	19	1049	1	511
2	504	19	1049	2	511
2	504	19	1049	3	511
2	504	19	1049	4	508
2	504	19	1049	5	513
2	504	19	1049	6	513
2	504	19	1049	7	515
2	504	19	1049	8	516
2	504	19	1049	9	516
2	504	19	1049	10	514
2	504	19	1049	11	516
2	504	19	1049	12	518
2	504	19	1049	13	516
2	504	19	1049	14	515
2	504	19	1049	15	516
2	504	19	1049	16	518
2	504	19	1049	17	516
2	504	19	1049	18	515
2	504	19	1049	19	514
2	504	19	1049	20	514
2	504	19	1049	21	511
2	504	19	1049	22	512
2	504	19	1049	23	514
2	504	19	1049	24	513
2	505	255	65535	0	516
2	505	255	65535	1	516
2	505	255	65535	2	516
2	505	255	65535	3	513
2	505	255	65535	4	515
2	505	255	65535	5	517
2	505	255	65535	6	519
2	505	255	65535	7	519
2	505	255	65535	8	515
2	505	255	65535	9	518
2	505	255	65535	10	519
2	505	255	65535	11	517
2	505	255	65535	12	515
2	505	255	65535	13	515
2	505	255	65535	14	519
2	505	255	65535	15	515
2	505	255	65535	16	519
2	505	255	65535	17	517
2	505	255	65535	18	517
2	505	255	65535	19	516
2	505	255	65535	20	516
2	505	255	65535	21	518
2	505	255	65535	22	518
2	505	255	65535	23	521
2	505	255	65535	24	518
2	506	255	65535	0	518
2	506	255	65535	1	518
2	506	255	65535	2	518
2	506	255	65535	3	512
2	506	255	65535	4	516
2	506	255	65535	5	517
2	506	255	65535	6	516
2	506	255	65535	7	518
2	506	255	65535	8	519
2	506	255	65535	9	517
2	506	255	65535	10	516
2	506	255	65535	11	518
2	506	255	65535	12	521
2	506	255	65535	13	518
2	506	255	65535	14	518
2	506	255	65535	15	520
2	506	255	65535	16	519
2	506	255	65535	17	517
2	506	255	65535	18	517
2	506	255	65535	19	523
2	506	255	65535	20	519
2	506	255	65535	21	522
2	506	255	65535	22	518
2	506	255	65535	23	519
2	506	255	65535	24	518
2	507	255	65535	0	518
2	507	255	65535	1	518
2	507	255	65535	2	518
2	507	255	65535	3	510
2	507	255	65535	4	517
2	507	255	65535	5	520
2	507	255	65535	6	522
2	507	255	65535	7	525
2	507	255	65535	8	519
2	507	255	65535	9	521
2	507	255	65535	10	522
2	507	255	65535	11	522
2	507	255	65535	12	522
2	507	255	65535	13	525
2	507	255	65535	14	526
2	507	255	65535	15	526
2	507	255	65535	16	526
2	507	255	65535	17	529
2	507	255	65535	18	528
2	507	255	65535	19	526
2	507	255	65535	20	527
2	507	255	65535	21	531
2	507	255	65535	22	528
2	507	255	65535	23	526
2	507	255	65535	24	529
2	508	21	1050	0	529
2	508	21	1050	1	529
2	508	21	1050	2	529
2	508	21	1050	3	515
2	508	21	1050	4	522
2	508	21	1050	5	522
2	508	21	1050	6	520
2	508	21	1050	7	521
2	508	21	1050	8	524
2	508	21	1050	9	519
2	508	21	1050	10	518
2	508	21	1050	11	520
2	508	21	1050	12	522
2	508	21	1050	13	518
2	508	21	1050	14	519
2	508	21	1050	15	520
2	508	21	1050	16	522
2	508	21	1050	17	518
2	508	21	1050	18	517
2	508	21	1050	19	519
2	508	21	1050	20	522
2	508	21	1050	21	522
2	508	21	1050	22	520
2	508	21	1050	23	527
2	508	21	1050	24	525
2	509	255	65535	0	524
2	509	255	65535	1	524
2	509	255	65535	2	524
2	509	255	65535	3	524
2	509	255	65535	4	522
2	509	255	65535	5	527
2	509	255	65535	6	531
2	509	255	65535	7	528
2	509	255	65535	8	526
2	509	255	65535	9	525
2	509	255	65535	10	528
2	509	255	65535	11	527
2	509	255	65535	12	525
2	509	255	65535	13	527
2	509	255	65535	14	527
2	509	255	65535	15	523
2	509	255	65535	16	525
2	509	255	65535	17	528
2	509	255	65535	18	531
2	509	255	65535	19	523
2	509	255	65535	20	525
2	509	255	65535	21	527
2	509	255	65535	22	526
2	509	255	65535	23	523
2	509	255	65535	24	524
2	510	255	65535	0	532
2	510	255	65535	1	532
2	510	255	65535	2	532
2	510	255	65535	3	532
2	510	255	65535	4	521
2	510	255	65535	5	520
2	510	255	65535	6	518
2	510	255	65535	7	520
2	510	255	65535	8	524
2	510	255	65535	9	519
2	510	255	65535	10	519
2	510	255	65535	11	520
2	510	255	65535	12	523
2	510	255	65535	13	521
2	510	255	65535	14	519
2	510	255	65535	15	522
2	510	255	65535	16	522
2	510	255	65535	17	519
2	510	255	65535	18	519
2	510	255	65535	19	522
2	510	255	65535	20	520
2	510	255	65535	21	517
2	510	255	65535	22	520
2	510	255	65535	23	521
2	510	255	65535	24	519
2	511	255	65535	0	522
2	511	255	65535	1	522
2	511	255	65535	2	522
2	511	255	65535	3	513
2	511	255	65535	4	514
2	511	255	65535	5	518
2	511	255	65535	6	518
2	511	255	65535	7	515
2	511	255	65535	8	514
2	511	255	65535	9	514
2	511	255	65535	10	514
2	511	255	65535	11	512
2	511	255	65535	12	513
2	511	255	65535	13	518
2	511	255	65535	14	521
2	511	255	65535	15	522
2	511	255	65535	16	526
2	511	255	65535	17	529
2	511	255	65535	18	528
2	511	255	65535	19	530
2	511	255	65535	20	533
2	511	255	65535	21	534
2	511	255	65535	22	535
2	511	255	65535	23	535
2	511	255	65535	24	539
2	512	255	65535	0	538
2	512	255	65535	1	538
2	512	255	65535	2	538
2	512	255	65535	3	527
2	512	255	65535	4	527
2	512	255	65535	5	563
2	512	255	65535	6	679
2	512	255	65535	7	875
2	512	255	65535	8	694
2	512	255	65535	9	398
2	512	255	65535	10	316
2	512	255	65535	11	733
2	512	255	65535	12	770
2	512	255	65535	13	411
2	512	255	65535	14	408
2	512	255	65535	15	586
2	512	255	65535	16	583
2	512	255	65535	17	486
2	512	255	65535	18	515
2	512	255	65535	19	485
2	512	255	65535	20	446
2	512	255	65535	21	472
2	512	255	65535	22	473
2	512	255	65535	23	426
2	512	255	65535	24	481
2	513	0	1051	0	528
2	513	0	1051	1	528
2	513	0	1051	2	388
2	513	0	1051	3	528
2	513	0	1051	4	579
2	513	0	1051	5	508
2	513	0	1051	6	473
2	513	0	1051	7	535
2	513	0	1051	8	547
2	513	0	1051	9	533
2	513	0	1051	10	496
2	513	0	1051	11	511
2	513	0	1051	12	550
2	513	0	1051	13	557
2	513	0	1051	14	536
2	513	0	1051	15	507
2	513	0	1051	16	517
2	513	0	1051	17	557
2	513	0	1051	18	532
2	513	0	1051	19	506
2	513	0	1051	20	505
2	513	0	1051	21	537
2	513	0	1051	22	545
2	513	0	1051	23	507
2	513	0	1051	24	507
2	514	255	65535	0	546
2	514	255	65535	1	546
2	514	255	65535	2	546
2	514	255	65535	3	546
2	514	255	65535	4	515
2	514	255	65535	5	528
2	514	255	65535	6	518
2	514	255	65535	7	513
2	514	255	65535	8	515
2	514	255	65535	9	527
2	514	255	65535	10	520
2	514	255	65535	11	510
2	514	255	65535	12	519
2	514	255	65535	13	524
2	514	255	65535	14	523
2	514	255	65535	15	521
2	514	255	65535	16	521
2	514	255	65535	17	522
2	514	255	65535	18	519
2	514	255	65535	19	525
2	514	255	65535	20	522
2	514	255	65535	21	514
2	514	255	65535	22	520
2	514	255	65535	23	528
2	514	255	65535	24	520
2	515	255	65535	0	513
2	515	255	65535	1	513
2	515	255	65535	2	513
2	515	255	65535	3	513
2	515	255	65535	4	516
2	515	255	65535	5	521
2	515	255	65535	6	525
2	515	255	65535	7	523
2	515	255	65535	8	526
2	515	255	65535	9	527
2	515	255	65535	10	524
2	515	255	65535	11	521
2	515	255	65535	12	524
2	515	255	65535	13	525
2	515	255	65535	14	525
2	515	255	65535	15	518
2	515	255	65535	16	521
2	515	255	65535	17	525
2	515	255	65535	18	525
2	515	255	65535	19	521
2	515	255	65535	20	523
2	515	255	65535	21	525
2	515	255	65535	22	525
2	515	255	65535	23	519
2	515	255	65535	24	525
2	515	255	65535	0	513
2	515	255	65535	1	513
2	515	255	65535	2	513
2	515	255	65535	3	513
2	515	255	65535	4	516
2	515	255	65535	5	521
2	515	255	65535	6	525
2	515	255	65535	7	523
2	515	255	65535	8	526
2	515	255	65535	9	527
2	515	255	65535	10	524
2	515	255	65535	11	521
2	515	255	65535	12	524
2	515	255	65535	13	525
2	515	255	65535	14	525
2	515	255	65535	15	518
2	515	255	65535	16	521
2	515	255	65535	17	525
2	515	255	65535	18	525
2	515	255	65535	19	521
2	515	255	65535	20	523
2	515	255	65535	21	525
2	515	255	65535	22	525
2	515	255	65535	23	519
2	515	255	65535	24	525
2	516	255	65535	0	542
2	516	255	65535	1	542
2	516	255	65535	2	542
2	516	255	65535	3	542
2	516	255	65535	4	519
2	516	255	65535	5	519
2	516	255	65535	6	519
2	516	255	65535	7	519
2	516	255	65535	8	519
2	516	255	65535	9	519
2	516	255	65535	10	519
2	516	255	65535	11	519
2	516	255	65535	12	519
2	516	255	65535	13	513
2	516	255	65535	14	520
2	516	255	65535	15	520
2	516	255	65535	16	521
2	516	255	65535	17	520
2	516	255	65535	18	523
2	516	255	65535	19	523
2	516	255	65535	20	520
2	516	255	65535	21	521
2	516	255	65535	22	520
2	516	255	65535	23	521
2	516	255	65535	24	519
2	517	2	1052	0	520
2	517	2	1052	1	526
2	517	2	1052	2	526
2	517	2	1052	3	526
2	517	2	1052	4	526
2	517	2	1052	5	522
2	517	2	1052	6	526
2	517	2	1052	7	527
2	517	2	1052	8	530
2	517	2	1052	9	529
2	517	2	1052	10	531
2	517	2	1052	11	527
2	517	2	1052	12	530
2	517	2	1052	13	532
2	517	2	1052	14	530
2	517	2	1052	15	528
2	517	2	1052	16	530
2	517	2	1052	17	533
2	517	2	1052	18	531
2	517	2	1052	19	528
2	517	2	1052	20	530
2	517	2	1052	21	532
2	517	2	1052	22	530
2	517	2	1052	23	529
2	517	2	1052	24	531
2	518	255	65535	0	531
2	518	255	65535	1	531
2	518	255	65535	2	531
2	518	255	65535	3	516
2	518	255	65535	4	524
2	518	255	65535	5	522
2	518	255	65535	6	522
2	518	255	65535	7	526
2	518	255	65535	8	524
2	518	255	65535	9	522
2	518	255	65535	10	525
2	518	255	65535	11	523
2	518	255	65535	12	524
2	518	255	65535	13	523
2	518	255	65535	14	522
2	518	255	65535	15	524
2	518	255	65535	16	523
2	518	255	65535	17	523
2	518	255	65535	18	520
2	518	255	65535	19	519
2	518	255	65535	20	526
2	518	255	65535	21	519
2	518	255	65535	22	520
2	518	255	65535	23	525
2	518	255	65535	24	520
2	519	255	65535	0	524
2	519	255	65535	1	520
2	519	255	65535	2	520
2	519	255	65535	3	514
2	519	255	65535	4	522
2	519	255	65535	5	529
2	519	255	65535	6	524
2	519	255	65535	7	526
2	519	255	65535	8	530
2	519	255	65535	9	532
2	519	255	65535	10	529
2	519	255	65535	11	527
2	519	255	65535	12	527
2	519	255	65535	13	527
2	519	255	65535	14	527
2	519	255	65535	15	527
2	519	255	65535	16	528
2	519	255	65535	17	529
2	519	255	65535	18	528
2	519	255	65535	19	529
2	519	255	65535	20	527
2	519	255	65535	21	528
2	519	255	65535	22	527
2	519	255	65535	23	527
2	519	255	65535	24	527
2	520	255	65535	0	527
2	520	255	65535	1	527
2	520	255	65535	2	527
2	520	255	65535	3	520
2	520	255	65535	4	528
2	520	255	65535	5	522
2	520	255	65535	6	523
2	520	255	65535	7	528
2	520	255	65535	8	522
2	520	255	65535	9	522
2	520	255	65535	10	520
2	520	255	65535	11	527
2	520	255	65535	12	525
2	520	255	65535	13	521
2	520	255	65535	14	526
2	520	255	65535	15	526
2	520	255	65535	16	527
2	520	255	65535	17	522
2	520	255	65535	18	521
2	520	255	65535	19	531
2	520	255	65535	20	520
2	520	255	65535	21	522
2	520	255	65535	22	522
2	520	255	65535	23	524
2	520	255	65535	24	525
2	521	6	1053	0	544
2	521	6	1053	1	544
2	521	6	1053	2	544
2	521	6	1053	3	544
2	521	6	1053	4	531
2	521	6	1053	5	524
2	521	6	1053	6	526
2	521	6	1053	7	524
2	521	6	1053	8	525
2	521	6	1053	9	533
2	521	6	1053	10	534
2	521	6	1053	11	532
2	521	6	1053	12	521
2	521	6	1053	13	527
2	521	6	1053	14	521
2	521	6	1053	15	513
2	521	6	1053	16	528
2	521	6	1053	17	536
2	521	6	1053	18	528
2	521	6	1053	19	523
2	521	6	1053	20	527
2	521	6	1053	21	528
2	521	6	1053	22	523
2	521	6	1053	23	525
2	521	6	1053	24	525
2	522	255	65535	0	524
2	522	255	65535	1	524
2	522	255	65535	2	524
2	522	255	65535	3	524
2	522	255	65535	4	522
2	522	255	65535	5	519
2	522	255	65535	6	516
2	522	255	65535	7	521
2	522	255	65535	8	519
2	522	255	65535	9	520
2	522	255	65535	10	523
2	522	255	65535	11	522
2	522	255	65535	12	520
2	522	255	65535	13	518
2	522	255	65535	14	521
2	522	255	65535	15	524
2	522	255	65535	16	524
2	522	255	65535	17	519
2	522	255	65535	18	519
2	522	255	65535	19	518
2	522	255	65535	20	523
2	522	255	65535	21	517
2	522	255	65535	22	521
2	522	255	65535	23	525
2	522	255	65535	24	519
2	523	255	65535	0	519
2	523	255	65535	1	519
2	523	255	65535	2	519
2	523	255	65535	3	510
2	523	255	65535	4	521
2	523	255	65535	5	525
2	523	255	65535	6	524
2	523	255	65535	7	525
2	523	255	65535	8	527
2	523	255	65535	9	526
2	523	255	65535	10	524
2	523	255	65535	11	517
2	523	255	65535	12	525
2	523	255	65535	13	527
2	523	255	65535	14	518
2	523	255	65535	15	519
2	523	255	65535	16	527
2	523	255	65535	17	534
2	523	255	65535	18	535
2	523	255	65535	19	528
2	523	255	65535	20	524
2	523	255	65535	21	523
2	523	255	65535	22	508
2	523	255	65535	23	514
2	523	255	65535	24	534
2	524	255	65535	0	534
2	524	255	65535	1	534
2	524	255	65535	2	534
2	524	255	65535	3	520
2	524	255	65535	4	521
2	524	255	65535	5	519
2	524	255	65535	6	519
2	524	255	65535	7	520
2	524	255	65535	8	523
2	524	255	65535	9	524
2	524	255	65535	10	522
2	524	255	65535	11	524
2	524	255	65535	12	521
2	524	255	65535	13	522
2	524	255	65535	14	519
2	524	255	65535	15	515
2	524	255	65535	16	512
2	524	255	65535	17	517
2	524	255	65535	18	520
2	524	255	65535	19	517
2	524	255	65535	20	514
2	524	255	65535	21	517
2	524	255	65535	22	521
2	524	255	65535	23	522
2	524	255	65535	24	518
2	525	6	1054	0	543
2	525	6	1054	1	543
2	525	6	1054	2	543
2	525	6	1054	3	543
2	525	6	1054	4	523
2	525	6	1054	5	529
2	525	6	1054	6	530
2	525	6	1054	7	533
2	525	6	1054	8	532
2	525	6	1054	9	534
2	525	6	1054	10	532
2	525	6	1054	11	531
2	525	6	1054	12	531
2	525	6	1054	13	533
2	525	6	1054	14	531
2	525	6	1054	15	530
2	525	6	1054	16	530
2	525	6	1054	17	537
2	525	6	1054	18	517
2	525	6	1054	19	515
2	525	6	1054	20	536
2	525	6	1054	21	549
2	525	6	1054	22	529
2	525	6	1054	23	518
2	525	6	1054	24	534
2	526	255	65535	0	535
2	526	255	65535	1	535
2	526	255	65535	2	535
2	526	255	65535	3	535
2	526	255	65535	4	533
2	526	255	65535	5	527
2	526	255	65535	6	525
2	526	255	65535	7	535
2	526	255	65535	8	533
2	526	255	65535	9	527
2	526	255	65535	10	527
2	526	255	65535	11	526
2	526	255	65535	12	528
2	526	255	65535	13	527
2	526	255	65535	14	530
2	526	255	65535	15	524
2	526	255	65535	16	520
2	526	255	65535	17	526
2	526	255	65535	18	524
2	526	255	65535	19	517
2	526	255	65535	20	518
2	526	255	65535	21	521
2	526	255	65535	22	522
2	526	255	65535	23	520
2	526	255	65535	24	518
2	527	255	65535	0	518
2	527	255	65535	1	518
2	527	255	65535	2	518
2	527	255	65535	3	520
2	527	255	65535	4	528
2	527	255	65535	5	530
2	527	255	65535	6	528
2	527	255	65535	7	526
2	527	255	65535	8	528
2	527	255	65535	9	533
2	527	255	65535	10	535
2	527	255	65535	11	534
2	527	255	65535	12	534
2	527	255	65535	13	532
2	527	255	65535	14	532
2	527	255	65535	15	527
2	527	255	65535	16	533
2	527	255	65535	17	533
2	527	255	65535	18	529
2	527	255	65535	19	521
2	527	255	65535	20	545
2	527	255	65535	21	522
2	527	255	65535	22	517
2	527	255	65535	23	562
2	527	255	65535	24	560
2	528	255	65535	0	526
2	528	255	65535	1	526
2	528	255	65535	2	526
2	528	255	65535	3	526
2	528	255	65535	4	492
2	528	255	65535	5	501
2	528	255	65535	6	536
2	528	255	65535	7	547
2	528	255	65535	8	537
2	528	255	65535	9	516
2	528	255	65535	10	522
2	528	255	65535	11	526
2	528	255	65535	12	519
2	528	255	65535	13	516
2	528	255	65535	14	522
2	528	255	65535	15	531
2	528	255	65535	16	529
2	528	255	65535	17	531
2	528	255	65535	18	518
2	528	255	65535	19	513
2	528	255	65535	20	518
2	528	255	65535	21	519
2	528	255	65535	22	514
2	528	255	65535	23	516
2	528	255	65535	24	523
2	529	255	65535	0	523
2	529	255	65535	1	523
2	529	255	65535	2	523
2	529	255	65535	3	526
2	529	255	65535	4	538
2	529	255	65535	5	535
2	529	255	65535	6	527
2	529	255	65535	7	526
2	529	255	65535	8	529
2	529	255	65535	9	531
2	529	255	65535	10	524
2	529	255	65535	11	523
2	529	255	65535	12	533
2	529	255	65535	13	539
2	529	255	65535	14	530
2	529	255	65535	15	524
2	529	255	65535	16	526
2	529	255	65535	17	526
2	529	255	65535	18	517
2	529	255	65535	19	519
2	529	255	65535	20	527
2	529	255	65535	21	530
2	529	255	65535	22	532
2	529	255	65535	23	530
2	529	255	65535	24	533
2	530	255	65535	0	528
2	530	255	65535	1	528
2	530	255	65535	2	528
2	530	255	65535	3	528
2	530	255	65535	4	516
2	530	255	65535	5	524
2	530	255	65535	6	519
2	530	255	65535	7	509
2	530	255	65535	8	511
2	530	255	65535	9	509
2	530	255	65535	10	523
2	530	255	65535	11	544
2	530	255	65535	12	530
2	530	255	65535	13	514
2	530	255	65535	14	511
2	530	255	65535	15	513
2	530	255	65535	16	518
2	530	255	65535	17	523
2	530	255	65535	18	520
2	530	255	65535	19	523
2	530	255	65535	20	533
2	530	255	65535	21	539
2	530	255	65535	22	529
2	530	255	65535	23	516
2	530	255	65535	24	511
2	531	255	65535	0	522
2	531	255	65535	1	522
2	531	255	65535	2	522
2	531	255	65535	3	522
2	531	255	65535	4	520
2	531	255	65535	5	531
2	531	255	65535	6	520
2	531	255	65535	7	509
2	531	255	65535	8	518
2	531	255	65535	9	522
2	531	255	65535	10	516
2	531	255	65535	11	515
2	531	255	65535	12	517
2	531	255	65535	13	523
2	531	255	65535	14	521
2	531	255	65535	15	523
2	531	255	65535	16	528
2	531	255	65535	17	529
2	531	255	65535	18	526
2	531	255	65535	19	524
2	531	255	65535	20	524
2	531	255	65535	21	524
2	531	255	65535	22	525
2	531	255	65535	23	526
2	531	255	65535	24	532
2	532	255	65535	0	530
2	532	255	65535	1	530
2	532	255	65535	2	530
2	532	255	65535	3	512
2	532	255	65535	4	517
2	532	255	65535	5	520
2	532	255	65535	6	521
2	532	255	65535	7	521
2	532	255	65535	8	523
2	532	255	65535	9	526
2	532	255	65535	10	531
2	532	255	65535	11	525
2	532	255	65535	12	511
2	532	255	65535	13	508
2	532	255	65535	14	517
2	532	255	65535	15	531
2	532	255	65535	16	532
2	532	255	65535	17	532
2	532	255	65535	18	534
2	532	255	65535	19	522
2	532	255	65535	20	514
2	532	255	65535	21	519
2	532	255	65535	22	522
2	532	255	65535	23	514
2	532	255	65535	24	514
2	533	11	1056	0	522
2	533	11	1056	1	517
2	533	11	1056	2	514
2	533	11	1056	3	516
2	533	11	1056	4	521
2	533	11	1056	5	525
2	533	11	1056	6	526
2	533	11	1056	7	522
2	533	11	1056	8	523
2	533	11	1056	9	527
2	533	11	1056	10	526
2	533	11	1056	11	518
2	533	11	1056	12	515
2	533	11	1056	13	518
2	533	11	1056	14	517
2	533	11	1056	15	518
2	533	11	1056	16	515
2	533	11	1056	17	514
2	533	11	1056	18	512
2	533	11	1056	19	520
2	533	11	1056	20	519
2	533	11	1056	21	519
2	533	11	1056	22	520
2	533	11	1056	23	522
2	533	11	1056	24	525
2	534	255	65535	0	525
2	534	255	65535	1	525
2	534	255	65535	2	525
2	534	255	65535	3	510
2	534	255	65535	4	518
2	534	255	65535	5	525
2	534	255	65535	6	523
2	534	255	65535	7	524
2	534	255	65535	8	518
2	534	255	65535	9	516
2	534	255	65535	10	518
2	534	255	65535	11	516
2	534	255	65535	12	518
2	534	255	65535	13	508
2	534	255	65535	14	510
2	534	255	65535	15	520
2	534	255	65535	16	531
2	534	255	65535	17	527
2	534	255	65535	18	524
2	534	255	65535	19	522
2	534	255	65535	20	510
2	534	255	65535	21	507
2	534	255	65535	22	522
2	534	255	65535	23	518
2	534	255	65535	24	510
2	535	255	65535	0	531
2	535	255	65535	1	531
2	535	255	65535	2	531
2	535	255	65535	3	531
2	535	255	65535	4	518
2	535	255	65535	5	518
2	535	255	65535	6	519
2	535	255	65535	7	521
2	535	255	65535	8	525
2	535	255	65535	9	524
2	535	255	65535	10	525
2	535	255	65535	11	527
2	535	255	65535	12	526
2	535	255	65535	13	523
2	535	255	65535	14	517
2	535	255	65535	15	520
2	535	255	65535	16	524
2	535	255	65535	17	519
2	535	255	65535	18	513
2	535	255	65535	19	518
2	535	255	65535	20	525
2	535	255	65535	21	524
2	535	255	65535	22	522
2	535	255	65535	23	524
2	535	255	65535	24	524
2	536	255	65535	0	528
2	536	255	65535	1	528
2	536	255	65535	2	528
2	536	255	65535	3	528
2	536	255	65535	4	516
2	536	255	65535	5	522
2	536	255	65535	6	525
2	536	255	65535	7	526
2	536	255	65535	8	521
2	536	255	65535	9	523
2	536	255	65535	10	522
2	536	255	65535	11	518
2	536	255	65535	12	516
2	536	255	65535	13	519
2	536	255	65535	14	520
2	536	255	65535	15	519
2	536	255	65535	16	519
2	536	255	65535	17	523
2	536	255	65535	18	518
2	536	255	65535	19	505
2	536	255	65535	20	507
2	536	255	65535	21	531
2	536	255	65535	22	526
2	536	255	65535	23	517
2	536	255	65535	24	530
2	537	13	1057	0	527
2	537	13	1057	1	527
2	537	13	1057	2	527
2	537	13	1057	3	527
2	537	13	1057	4	520
2	537	13	1057	5	515
2	537	13	1057	6	523
2	537	13	1057	7	531
2	537	13	1057	8	530
2	537	13	1057	9	524
2	537	13	1057	10	521
2	537	13	1057	11	526
2	537	13	1057	12	527
2	537	13	1057	13	526
2	537	13	1057	14	528
2	537	13	1057	15	530
2	537	13	1057	16	531
2	537	13	1057	17	532
2	537	13	1057	18	530
2	537	13	1057	19	529
2	537	13	1057	20	527
2	537	13	1057	21	531
2	537	13	1057	22	528
2	537	13	1057	23	523
2	537	13	1057	24	525
2	538	255	65535	0	525
2	538	255	65535	1	525
2	538	255	65535	2	525
2	538	255	65535	3	519
2	538	255	65535	4	522
2	538	255	65535	5	524
2	538	255	65535	6	525
2	538	255	65535	7	521
2	538	255	65535	8	520
2	538	255	65535	9	524
2	538	255	65535	10	527
2	538	255	65535	11	526
2	538	255	65535	12	525
2	538	255	65535	13	526
2	538	255	65535	14	528
2	538	255	65535	15	523
2	538	255	65535	16	522
2	538	255	65535	17	523
2	538	255	65535	18	526
2	538	255	65535	19	524
2	538	255	65535	20	523
2	538	255	65535	21	526
2	538	255	65535	22	526
2	538	255	65535	23	525
2	538	255	65535	24	521
2	539	255	65535	0	518
2	539	255	65535	1	518
2	539	255	65535	2	518
2	539	255	65535	3	518
2	539	255	65535	4	521
2	539	255	65535	5	537
2	539	255	65535	6	526
2	539	255	65535	7	523
2	539	255	65535	8	530
2	539	255	65535	9	529
2	539	255	65535	10	526
2	539	255	65535	11	527
2	539	255	65535	12	525
2	539	255	65535	13	529
2	539	255	65535	14	535
2	539	255	65535	15	530
2	539	255	65535	16	525
2	539	255	65535	17	526
2	539	255	65535	18	525
2	539	255	65535	19	529
2	539	255	65535	20	530
2	539	255	65535	21	528
2	539	255	65535	22	527
2	539	255	65535	23	531
2	539	255	65535	24	528
2	540	255	65535	0	528
2	540	255	65535	1	528
2	540	255	65535	2	528
2	540	255	65535	3	520
2	540	255	65535	4	517
2	540	255	65535	5	522
2	540	255	65535	6	527
2	540	255	65535	7	527
2	540	255	65535	8	523
2	540	255	65535	9	526
2	540	255	65535	10	525
2	540	255	65535	11	524
2	540	255	65535	12	526
2	540	255	65535	13	523
2	540	255	65535	14	524
2	540	255	65535	15	524
2	540	255	65535	16	523
2	540	255	65535	17	523
2	540	255	65535	18	527
2	540	255	65535	19	521
2	540	255	65535	20	522
2	540	255	65535	21	522
2	540	255	65535	22	519
2	540	255	65535	23	520
2	540	255	65535	24	522
2	541	16	1058	0	540
2	541	16	1058	1	540
2	541	16	1058	2	540
2	541	16	1058	3	540
2	541	16	1058	4	525
2	541	16	1058	5	523
2	541	16	1058	6	521
2	541	16	1058	7	526
2	541	16	1058	8	529
2	541	16	1058	9	523
2	541	16	1058	10	522
2	541	16	1058	11	526
2	541	16	1058	12	529
2	541	16	1058	13	529
2	541	16	1058	14	522
2	541	16	1058	15	526
2	541	16	1058	16	526
2	541	16	1058	17	519
2	541	16	1058	18	519
2	541	16	1058	19	522
2	541	16	1058	20	525
2	541	16	1058	21	518
2	541	16	1058	22	520
2	541	16	1058	23	522
2	541	16	1058	24	522
2	542	255	65535	0	523
2	542	255	65535	1	523
2	542	255	65535	2	523
2	542	255	65535	3	511
2	542	255	65535	4	514
2	542	255	65535	5	516
2	542	255	65535	6	517
2	542	255	65535	7	516
2	542	255	65535	8	517
2	542	255	65535	9	521
2	542	255	65535	10	516
2	542	255	65535	11	513
2	542	255	65535	12	520
2	542	255	65535	13	515
2	542	255	65535	14	518
2	542	255	65535	15	514
2	542	255	65535	16	513
2	542	255	65535	17	523
2	542	255	65535	18	514
2	542	255	65535	19	514
2	542	255	65535	20	516
2	542	255	65535	21	519
2	542	255	65535	22	519
2	542	255	65535	23	513
2	542	255	65535	24	517
2	543	255	65535	0	517
2	543	255	65535	1	517
2	543	255	65535	2	517
2	543	255	65535	3	513
2	543	255	65535	4	522
2	543	255	65535	5	520
2	543	255	65535	6	519
2	543	255	65535	7	523
2	543	255	65535	8	519
2	543	255	65535	9	520
2	543	255	65535	10	520
2	543	255	65535	11	520
2	543	255	65535	12	524
2	543	255	65535	13	520
2	543	255	65535	14	524
2	543	255	65535	15	525
2	543	255	65535	16	519
2	543	255	65535	17	523
2	543	255	65535	18	520
2	543	255	65535	19	523
2	543	255	65535	20	521
2	543	255	65535	21	518
2	543	255	65535	22	525
2	543	255	65535	23	521
2	543	255	65535	24	523
2	544	255	65535	0	527
2	544	255	65535	1	527
2	544	255	65535	2	527
2	544	255	65535	3	527
2	544	255	65535	4	511
2	544	255	65535	5	518
2	544	255	65535	6	513
2	544	255	65535	7	515
2	544	255	65535	8	514
2	544	255	65535	9	519
2	544	255	65535	10	517
2	544	255	65535	11	514
2	544	255	65535	12	516
2	544	255	65535	13	517
2	544	255	65535	14	516
2	544	255	65535	15	516
2	544	255	65535	16	517
2	544	255	65535	17	518
2	544	255	65535	18	517
2	544	255	65535	19	516
2	544	255	65535	20	518
2	544	255	65535	21	518
2	544	255	65535	22	518
2	544	255	65535	23	516
2	544	255	65535	24	518
2	545	18	1059	0	518
2	545	18	1059	1	518
2	545	18	1059	2	518
2	545	18	1059	3	517
2	545	18	1059	4	521
2	545	18	1059	5	520
2	545	18	1059	6	520
2	545	18	1059	7	521
2	545	18	1059	8	523
2	545	18	1059	9	519
2	545	18	1059	10	520
2	545	18	1059	11	522
2	545	18	1059	12	519
2	545	18	1059	13	518
2	545	18	1059	14	519
2	545	18	1059	15	523
2	545	18	1059	16	519
2	545	18	1059	17	523
2	545	18	1059	18	524
2	545	18	1059	19	525
2	545	18	1059	20	524
2	545	18	1059	21	524
2	545	18	1059	22	526
2	545	18	1059	23	527
2	545	18	1059	24	524
2	546	255	65535	0	519
2	546	255	65535	1	519
2	546	255	65535	2	519
2	546	255	65535	3	519
2	546	255	65535	4	517
2	546	255	65535	5	523
2	546	255	65535	6	521
2	546	255	65535	7	518
2	546	255	65535	8	518
2	546	255	65535	9	522
2	546	255	65535	10	523
2	546	255	65535	11	523
2	546	255	65535	12	519
2	546	255	65535	13	525
2	546	255	65535	14	523
2	546	255	65535	15	522
2	546	255	65535	16	520
2	546	255	65535	17	520
2	546	255	65535	18	518
2	546	255	65535	19	519
2	546	255	65535	20	520
2	546	255	65535	21	519
2	546	255	65535	22	518
2	546	255	65535	23	518
2	546	255	65535	24	521
2	547	255	65535	0	525
2	547	255	65535	1	525
2	547	255	65535	2	525
2	547	255	65535	3	525
2	547	255	65535	4	519
2	547	255	65535	5	522
2	547	255	65535	6	528
2	547	255	65535	7	532
2	547	255	65535	8	532
2	547	255	65535	9	529
2	547	255	65535	10	533
2	547	255	65535	11	527
2	547	255	65535	12	526
2	547	255	65535	13	525
2	547	255	65535	14	529
2	547	255	65535	15	526
2	547	255	65535	16	523
2	547	255	65535	17	523
2	547	255	65535	18	524
2	547	255	65535	19	525
2	547	255	65535	20	521
2	547	255	65535	21	520
2	547	255	65535	22	526
2	547	255	65535	23	522
2	547	255	65535	24	524
2	548	255	65535	0	524
2	548	255	65535	1	524
2	548	255	65535	2	524
2	548	255	65535	3	513
2	548	255	65535	4	517
2	548	255	65535	5	522
2	548	255	65535	6	522
2	548	255	65535	7	523
2	548	255	65535	8	520
2	548	255	65535	9	522
2	548	255	65535	10	522
2	548	255	65535	11	520
2	548	255	65535	12	523
2	548	255	65535	13	529
2	548	255	65535	14	521
2	548	255	65535	15	521
2	548	255	65535	16	524
2	548	255	65535	17	523
2	548	255	65535	18	519
2	548	255	65535	19	524
2	548	255	65535	20	524
2	548	255	65535	21	523
2	548	255	65535	22	521
2	548	255	65535	23	521
2	548	255	65535	24	522
2	549	20	1060	0	522
2	549	20	1060	1	522
2	549	20	1060	2	522
2	549	20	1060	3	523
2	549	20	1060	4	523
2	549	20	1060	5	523
2	549	20	1060	6	523
2	549	20	1060	7	520
2	549	20	1060	8	525
2	549	20	1060	9	525
2	549	20	1060	10	525
2	549	20	1060	11	525
2	549	20	1060	12	519
2	549	20	1060	13	523
2	549	20	1060	14	527
2	549	20	1060	15	527
2	549	20	1060	16	524
2	549	20	1060	17	526
2	549	20	1060	18	529
2	549	20	1060	19	531
2	549	20	1060	20	524
2	549	20	1060	21	524
2	549	20	1060	22	524
2	549	20	1060	23	523
2	549	20	1060	24	523
2	550	255	65535	0	523
2	550	255	65535	1	523
2	550	255	65535	2	523
2	550	255	65535	3	512
2	550	255	65535	4	520
2	550	255	65535	5	522
2	550	255	65535	6	518
2	550	255	65535	7	517
2	550	255	65535	8	521
2	550	255	65535	9	521
2	550	255	65535	10	517
2	550	255	65535	11	516
2	550	255	65535	12	520
2	550	255	65535	13	520
2	550	255	65535	14	517
2	550	255	65535	15	516
2	550	255	65535	16	519
2	550	255	65535	17	518
2	550	255	65535	18	519
2	550	255	65535	19	519
2	550	255	65535	20	519
2	550	255	65535	21	521
2	550	255	65535	22	516
2	550	255	65535	23	517
2	550	255	65535	24	521
2	551	255	65535	0	520
2	551	255	65535	1	520
2	551	255	65535	2	520
2	551	255	65535	3	520
2	551	255	65535	4	520
2	551	255	65535	5	522
2	551	255	65535	6	528
2	551	255	65535	7	526
2	551	255	65535	8	523
2	551	255	65535	9	523
2	551	255	65535	10	525
2	551	255	65535	11	528
2	551	255	65535	12	522
2	551	255	65535	13	523
2	551	255	65535	14	528
2	551	255	65535	15	528
2	551	255	65535	16	522
2	551	255	65535	17	521
2	551	255	65535	18	527
2	551	255	65535	19	526
2	551	255	65535	20	522
2	551	255	65535	21	522
2	551	255	65535	22	528
2	551	255	65535	23	525
2	551	255	65535	24	524
2	552	255	65535	0	521
2	552	255	65535	1	521
2	552	255	65535	2	521
2	552	255	65535	3	508
2	552	255	65535	4	519
2	552	255	65535	5	521
2	552	255	65535	6	522
2	552	255	65535	7	519
2	552	255	65535	8	521
2	552	255	65535	9	522
2	552	255	65535	10	520
2	552	255	65535	11	519
2	552	255	65535	12	521
2	552	255	65535	13	522
2	552	255	65535	14	520
2	552	255	65535	15	519
2	552	255	65535	16	521
2	552	255	65535	17	522
2	552	255	65535	18	520
2	552	255	65535	19	519
2	552	255	65535	20	522
2	552	255	65535	21	521
2	552	255	65535	22	523
2	552	255	65535	23	520
2	552	255	65535	24	522
2	553	255	65535	0	522
2	553	255	65535	1	522
2	553	255	65535	2	522
2	553	255	65535	3	519
2	553	255	65535	4	525
2	553	255	65535	5	525
2	553	255	65535	6	527
2	553	255	65535	7	529
2	553	255	65535	8	526
2	553	255	65535	9	524
2	553	255	65535	10	525
2	553	255	65535	11	526
2	553	255	65535	12	525
2	553	255	65535	13	527
2	553	255	65535	14	527
2	553	255	65535	15	526
2	553	255	65535	16	524
2	553	255	65535	17	523
2	553	255	65535	18	528
2	553	255	65535	19	527
2	553	255	65535	20	522
2	553	255	65535	21	524
2	553	255	65535	22	523
2	553	255	65535	23	530
2	553	255	65535	24	525
2	554	1	1061	0	521
2	554	1	1061	1	531
2	554	1	1061	2	531
2	554	1	1061	3	531
2	554	1	1061	4	518
2	554	1	1061	5	526
2	554	1	1061	6	525
2	554	1	1061	7	524
2	554	1	1061	8	526
2	554	1	1061	9	527
2	554	1	1061	10	524
2	554	1	1061	11	525
2	554	1	1061	12	527
2	554	1	1061	13	526
2	554	1	1061	14	522
2	554	1	1061	15	525
2	554	1	1061	16	529
2	554	1	1061	17	526
2	554	1	1061	18	523
2	554	1	1061	19	527
2	554	1	1061	20	530
2	554	1	1061	21	526
2	554	1	1061	22	523
2	554	1	1061	23	527
2	554	1	1061	24	529
2	555	255	65535	0	529
2	555	255	65535	1	529
2	555	255	65535	2	529
2	555	255	65535	3	527
2	555	255	65535	4	528
2	555	255	65535	5	526
2	555	255	65535	6	532
2	555	255	65535	7	529
2	555	255	65535	8	528
2	555	255	65535	9	526
2	555	255	65535	10	529
2	555	255	65535	11	528
2	555	255	65535	12	528
2	555	255	65535	13	530
2	555	255	65535	14	530
2	555	255	65535	15	529
2	555	255	65535	16	528
2	555	255	65535	17	531
2	555	255	65535	18	531
2	555	255	65535	19	528
2	555	255	65535	20	528
2	555	255	65535	21	530
2	555	255	65535	22	530
2	555	255	65535	23	527
2	555	255	65535	24	528
2	556	255	65535	0	529
2	556	255	65535	1	529
2	556	255	65535	2	529
2	556	255	65535	3	529
2	556	255	65535	4	517
2	556	255	65535	5	528
2	556	255	65535	6	528
2	556	255	65535	7	528
2	556	255	65535	8	528
2	556	255	65535	9	524
2	556	255	65535	10	525
2	556	255	65535	11	528
2	556	255	65535	12	532
2	556	255	65535	13	528
2	556	255	65535	14	527
2	556	255	65535	15	527
2	556	255	65535	16	530
2	556	255	65535	17	528
2	556	255	65535	18	526
2	556	255	65535	19	529
2	556	255	65535	20	531
2	556	255	65535	21	528
2	556	255	65535	22	526
2	556	255	65535	23	528
2	556	255	65535	24	529
2	557	255	65535	0	529
2	557	255	65535	1	529
2	557	255	65535	2	529
2	557	255	65535	3	518
2	557	255	65535	4	521
2	557	255	65535	5	525
2	557	255	65535	6	525
2	557	255	65535	7	524
2	557	255	65535	8	522
2	557	255	65535	9	526
2	557	255	65535	10	526
2	557	255	65535	11	523
2	557	255	65535	12	524
2	557	255	65535	13	526
2	557	255	65535	14	527
2	557	255	65535	15	524
2	557	255	65535	16	523
2	557	255	65535	17	526
2	557	255	65535	18	526
2	557	255	65535	19	523
2	557	255	65535	20	524
2	557	255	65535	21	526
2	557	255	65535	22	524
2	557	255	65535	23	520
2	557	255	65535	24	525
2	558	6	1062	0	527
2	558	6	1062	1	527
2	558	6	1062	2	527
2	558	6	1062	3	527
2	558	6	1062	4	523
2	558	6	1062	5	527
2	558	6	1062	6	524
2	558	6	1062	7	522
2	558	6	1062	8	526
2	558	6	1062	9	525
2	558	6	1062	10	522
2	558	6	1062	11	525
2	558	6	1062	12	529
2	558	6	1062	13	526
2	558	6	1062	14	524
2	558	6	1062	15	524
2	558	6	1062	16	526
2	558	6	1062	17	524
2	558	6	1062	18	523
2	558	6	1062	19	526
2	558	6	1062	20	525
2	558	6	1062	21	524
2	558	6	1062	22	523
2	558	6	1062	23	527
2	558	6	1062	24	525
2	559	255	65535	0	520
2	559	255	65535	1	520
2	559	255	65535	2	520
2	559	255	65535	3	520
2	559	255	65535	4	514
2	559	255	65535	5	518
2	559	255	65535	6	522
2	559	255	65535	7	521
2	559	255	65535	8	521
2	559	255	65535	9	522
2	559	255	65535	10	525
2	559	255	65535	11	522
2	559	255	65535	12	519
2	559	255	65535	13	520
2	559	255	65535	14	524
2	559	255	65535	15	522
2	559	255	65535	16	519
2	559	255	65535	17	519
2	559	255	65535	18	522
2	559	255	65535	19	523
2	559	255	65535	20	519
2	559	255	65535	21	523
2	559	255	65535	22	521
2	559	255	65535	23	519
2	559	255	65535	24	519
2	560	255	65535	0	519
2	560	255	65535	1	519
2	560	255	65535	2	519
2	560	255	65535	3	514
2	560	255	65535	4	524
2	560	255	65535	5	524
2	560	255	65535	6	522
2	560	255	65535	7	524
2	560	255	65535	8	525
2	560	255	65535	9	525
2	560	255	65535	10	528
2	560	255	65535	11	525
2	560	255	65535	12	526
2	560	255	65535	13	524
2	560	255	65535	14	524
2	560	255	65535	15	528
2	560	255	65535	16	526
2	560	255	65535	17	523
2	560	255	65535	18	523
2	560	255	65535	19	528
2	560	255	65535	20	527
2	560	255	65535	21	523
2	560	255	65535	22	522
2	560	255	65535	23	527
2	560	255	65535	24	525
2	561	255	65535	0	525
2	561	255	65535	1	525
2	561	255	65535	2	525
2	561	255	65535	3	525
2	561	255	65535	4	517
2	561	255	65535	5	520
2	561	255	65535	6	522
2	561	255	65535	7	524
2	561	255	65535	8	517
2	561	255	65535	9	521
2	561	255	65535	10	524
2	561	255	65535	11	523
2	561	255	65535	12	519
2	561	255	65535	13	521
2	561	255	65535	14	523
2	561	255	65535	15	521
2	561	255	65535	16	520
2	561	255	65535	17	526
2	561	255	65535	18	522
2	561	255	65535	19	519
2	561	255	65535	20	521
2	561	255	65535	21	524
2	561	255	65535	22	521
2	561	255	65535	23	517
2	561	255	65535	24	522
2	562	6	1063	0	522
2	562	6	1063	1	522
2	562	6	1063	2	522
2	562	6	1063	3	516
2	562	6	1063	4	524
2	562	6	1063	5	524
2	562	6	1063	6	523
2	562	6	1063	7	530
2	562	6	1063	8	530
2	562	6	1063	9	528
2	562	6	1063	10	531
2	562	6	1063	11	530
2	562	6	1063	12	533
2	562	6	1063	13	527
2	562	6	1063	14	528
2	562	6	1063	15	532
2	562	6	1063	16	531
2	562	6	1063	17	527
2	562	6	1063	18	528
2	562	6	1063	19	531
2	562	6	1063	20	530
2	562	6	1063	21	527
2	562	6	1063	22	527
2	562	6	1063	23	531
2	562	6	1063	24	529
2	563	255	65535	0	522
2	563	255	65535	1	522
2	563	255	65535	2	522
2	563	255	65535	3	522
2	563	255	65535	4	519
2	563	255	65535	5	523
2	563	255	65535	6	525
