2005-08-13_03.38.08	28 29	-123
2005-08-13_06.16.46	27 -45	96
2005-08-13_08.17.51	26 29	-108
2005-08-13_15.24.58	25 -36	111
2005-08-15_04.48.27	24 -43	105
2005-08-15_07.07.52	23 46	-104
2005-08-15_09.11.28	22 -29	117
2005-08-15_16.04.37	21 48	-94
2005-08-15_19.29.08	20 48	-95
2005-08-16_04.04.56	19 -21	130
2005-08-16_09.45.14	18 15	-138
2005-08-17_00.22.39	17 -55	93
2005-08-17_02.09.47	16 -27	115
2005-08-17_05.07.31	15 -26	130
2005-08-17_14.00.43	14 -26	125
2005-08-17_16.48.26	13 -71	93
2005-08-18_00.52.31	12 11	-133
2005-08-18_03.43.05	11 41	-94
2005-08-18_04.54.30	10 23	-125
2005-08-18_06.26.50	9 19	-131
2005-08-18_13.28.54	8 9	-129
2005-08-18_14.23.06	7 25	-119
2005-08-18_15.31.06	6 -42	117
2005-08-18_17.59.49	5 45	-70
2005-08-18_21.33.01	4 8	-134
2005-08-19_00.16.22	3 -7	149
2005-08-19_01.52.09	2 -25	113
2005-08-19_02.33.30	1 -58	81
