1123867123.19	0
1123867123.19	0

1123887819.54	0
1123887819.54	0

1123967240.855	0
1123968002.632	0

1123968442.129	0
1123970004.676	0

1123970424.669	0
1123977309.849	0

1124027143.026	0
1124027143.026	0

1124076248.424	0
1124076248.424	0

1124108916.669	0
1124109033.828	0

1124124412.222	0
1124124568.328	0

1124124812.549	0
1124124861.336	0

1124166329.139	0
1124178888.416	0

1124199899.853	0
1124199899.853	0

1124243581.866	0
1124243581.866	0

1124248386.416	0
1124248390.569	0

1124287139.868	0
1124287139.868	0

1124295696.932	0
1124295696.932	0

1124317464.722	0
1124317464.722	0

1124337164.648	0
1124337164.648	0

1124437437.653	0
1124437437.653	0

1124451263.528	0
1124454505.914	0


1123856383.768	1
1123877751.926	1

1123887822.481	1
1123887929.929	1

1124027150.142	1
1124027228.214	1

1124045975.859	1
1124045975.859	1

1124117669.202	1
1124117761.712	1

1124124422.096	1
1124124803.017	1

1124133587.443	1
1124133587.443	1

1124162745.977	1
1124162745.977	1

1124199900.527	1
1124199900.527	1

1124204261.66	1
1124204261.66	1

1124317467.134	1
1124317467.134	1

1124337164.587	1
1124337164.587	1

1124380814.597	1
1124380814.597	1

1124437437.127	1
1124437437.636	1


1123775282.952	2
1123775283.442	2

1123814991.282	2
1123815040.104	2

1123857327.36	2
1123857376.213	2

1123870511.948	2
1123870521.673	2

1123870961.1	2
1123870961.1	2

1123912722.545	2
1123912742.042	2

1123967239.853	2
1123968001.78	2

1123968314.129	2
1123970013.573	2

1123970423.647	2
1123977325.296	2

1124037528.952	2
1124037538.719	2

1124055332.587	2
1124055332.587	2

1124055352.347	2
1124055371.579	2

1124062101.752	2
1124062101.752	2

1124124429.52	2
1124124781.088	2

1124124829.985	2
1124124869.01	2

1124124966.71	2
1124124986.209	2

1124143906.8	2
1124143916.504	2

1124143945.779	2
1124143945.779	2

1124159462.456	2
1124159462.456	2

1124159472.676	2
1124159472.676	2

1124203045.914	2
1124203045.914	2

1124203104.169	2
1124203104.169	2

1124241726.79	2
1124241746.159	2

1124245507.326	2
1124245507.326	2

1124317462.252	2
1124317462.252	2

1124319317.878	2
1124319327.612	2

1124319356.966	2
1124319356.966	2

1124319386.246	2
1124319386.246	2

1124378595.005	2
1124378595.005	2

1124391806.795	2
1124391806.795	2

1124437437.123	2
1124437437.123	2

1124441269.454	2
1124441269.454	2


1123787471.455	3
1123789473.491	3

1123815349.24	3
1123815349.24	3

1123867119.253	3
1123867119.253	3

1123887822.012	3
1123887822.012	3

1123967243.123	3
1123968004.858	3

1123968307.611	3
1123970016.744	3

1123970426.875	3
1123977311.99	3

1124076248.63	3
1124076248.63	3

1124124412.926	3
1124124588.36	3

1124124812.92	3
1124124861.803	3

1124162746.589	3
1124162746.589	3

1124199901.148	3
1124199901.148	3

1124243581.874	3
1124243581.874	3

1124317468.091	3
1124317468.164	3


1123874003.928	4
1123874003.928	4

1123903206.754	4
1123903255.875	4

1123912767.981	4
1123912777.839	4

1123971514.923	4
1123971993.426	4

1123980831.867	4
1123980841.686	4

1124037008.688	4
1124037028.252	4

1124124408.783	4
1124124897.169	4

1124125111.759	4
1124125219.336	4

1124133583.794	4
1124133583.794	4

1124199898.014	4
1124199898.014	4

1124203045.913	4
1124203045.913	4

1124203103.573	4
1124203103.573	4

1124225124.428	4
1124225163.396	4

1124225348.944	4
1124225358.718	4

1124240370.703	4
1124240370.703	4

1124242255.591	4
1124242255.591	4

1124248203.294	4
1124248203.294	4

1124287138.705	4
1124287138.705	4

1124317463.876	4
1124317463.876	4

1124337164.628	4
1124337164.628	4


1123735392.095	5
1123735499.485	5

1123776615.063	5
1123776751.747	5

1123785219.122	5
1123785326.526	5

1123789164.781	5
1123789203.917	5

1123789223.167	5
1123789233.179	5

1123801597.332	5
1123801607.13	5

1123814986.804	5
1123815035.616	5

1123868525.324	5
1123868525.324	5

1123869462.753	5
1123869462.753	5

1123870029.17	5
1123870029.17	5

1123870712.78	5
1123870712.78	5

1123870732.368	5
1123870732.368	5

1123870810.504	5
1123870810.504	5

1123870927.647	5
1123870927.647	5

1123871005.883	5
1123871005.883	5

1123887824.565	5
1123887824.565	5

1123888537.68	5
1123888557.088	5

1123907679.266	5
1123907679.266	5

1123947223.933	5
1123947223.933	5

1123947253.243	5
1123947263.007	5

1123961737.451	5
1123961737.451	5

1123975986.871	5
1123975996.81	5

1124108913.783	5
1124108913.783	5

1124124422.699	5
1124124735.287	5

1124124832.884	5
1124124862.152	5

1124124901.254	5
1124124979.775	5

1124125008.656	5
1124125028.473	5

1124133578.358	5
1124133578.358	5

1124133588.039	5
1124133588.039	5

1124149707.875	5
1124149903.19	5

1124159462.244	5
1124159462.452	5

1124199898.381	5
1124199898.381	5

1124229772.973	5
1124229772.973	5

1124229831.631	5
1124229880.425	5

1124240370.687	5
1124240370.687	5

1124243915.649	5
1124243915.649	5

1124317462.928	5
1124317462.928	5

1124437437.124	5
1124437437.153	5

1124441173.225	5
1124441173.225	5

1124441261.092	5
1124441280.537	5


1123870335.737	6
1123870345.384	6

1123912673.483	6
1123912780.962	6

1123914626.824	6
1123920525.582	6

1123967236.511	6
1123967998.25	6

1123968310.785	6
1123970019.821	6

1123970430.151	6
1123977305.408	6

1123983907.65	6
1123986641.88	6

1124027146.581	6
1124027255.99	6

1124033027.759	6
1124033037.615	6

1124036612.083	6
1124036612.083	6

1124036983.117	6
1124037002.564	6

1124124395.05	6
1124124854.211	6

1124133589.888	6
1124133589.888	6

1124162748.577	6
1124162748.577	6

1124199900.249	6
1124199900.249	6

1124202968.364	6
1124202968.364	6

1124202987.568	6
1124202987.568	6

1124203045.947	6
1124203045.947	6

1124204325.34	6
1124204325.34	6

1124225106.709	6
1124225116.415	6

1124225155.503	6
1124225184.777	6

1124225253.331	6
1124225370.412	6

1124227100.062	6
1124227100.062	6

1124241718.986	6
1124241738.738	6

1124248386.417	6
1124248390.571	6

1124287140.054	6
1124287140.054	6

1124317464.92	6
1124317464.92	6

1124337164.649	6
1124337164.649	6

1124380560.815	6
1124380560.815	6

1124388280.963	6
1124388319.88	6

1124406895.347	6
1124407002.734	6

1124409981.401	6
1124409991.2	6

1124410020.492	6
1124410030.236	6

1124437437.128	6
1124437437.676	6


1123789187.583	7
1123789197.505	7

1123815351.591	7
1123815351.591	7

1123831836.79	7
1123877757.256	7

1123887818.109	7
1123887951.615	7

1123947214.197	7
1123947214.197	7

1123947243.464	7
1123947243.464	7

1123967265.426	7
1123967997.828	7

1123968310.388	7
1123970019.587	7

1123970429.729	7
1123977314.767	7

1124027143.23	7
1124027143.23	7

1124033969.809	7
1124037436.748	7

1124124417.691	7
1124124603.094	7

1124124817.993	7
1124124857.042	7

1124164723.036	7
1124173229.334	7

1124176344.811	7
1124178883.968	7

1124199900.021	7
1124199900.021	7

1124317468.371	7
1124317468.436	7

1124337164.576	7
1124337164.576	7

1124437437.057	7
1124437437.129	7


1123871749.662	8
1123871759.398	8

1123903208.145	8
1123903256.764	8

1123912768.945	8
1123912779.031	8

1123977384.207	8
1123977393.949	8

1123977413.515	8
1123977423.21	8

1123977442.795	8
1123977442.795	8

1123977481.832	8
1123977481.832	8

1123980851.313	8
1123980939.067	8

1124027143.698	8
1124027143.698	8

1124037007.376	8
1124037027.153	8

1124076248.598	8
1124076248.598	8

1124124405.863	8
1124124894.38	8

1124133581.135	8
1124133581.135	8

1124133590.74	8
1124133590.74	8

1124162749.196	8
1124162749.196	8

1124204465.642	8
1124204465.642	8

1124225109.965	8
1124225168.564	8

1124225285.812	8
1124225285.812	8

1124248386.424	8
1124248386.424	8

1124258304.736	8
1124258304.736	8

1124317458.757	8
1124317458.757	8

1124337164.578	8
1124337164.578	8

1124406908.038	8
1124407015.466	8

1124410023.662	8
1124410023.662	8

1124414906.535	8
1124414916.18	8


1123870497.972	9
1123870497.972	9

1123870712.792	9
1123870712.792	9

1123887824.512	9
1123887824.512	9

1123907678.915	9
1123907678.915	9

1123912727.904	9
1123912737.698	9

1123959412.432	9
1123959412.432	9

1123967235.169	9
1123967996.907	9

1123968309.405	9
1123970008.683	9

1123970428.622	9
1123972000.993	9

1123977324.82	9
1123977334.552	9

1123977383.532	9
1123977393.224	9

1123977412.683	9
1123977422.455	9

1123977442.046	9
1123977451.77	9

1124027142.877	9
1124027142.877	9

1124060113.98	9
1124060113.98	9

1124060172.556	9
1124060192.07	9

1124124410.982	9
1124124625.718	9

1124124840.512	9
1124124889.422	9

1124124909.008	9
1124124977.268	9

1124125006.569	9
1124125035.822	9

1124133576.579	9
1124133576.579	9

1124133585.918	9
1124133585.918	9

1124162746.67	9
1124162746.67	9

1124176075.903	9
1124176075.903	9

1124199900.907	9
1124199900.907	9

1124202842.639	9
1124202842.639	9

1124202929.913	9
1124202929.913	9

1124225116.854	9
1124225116.854	9

1124225136.401	9
1124225194.948	9

1124241857.454	9
1124241857.454	9

1124243581.867	9
1124243581.867	9

1124287139.738	9
1124287139.738	9

1124295696.923	9
1124295696.923	9

1124317464.324	9
1124317464.324	9

1124337164.588	9
1124337164.588	9

1124391806.796	9
1124391806.796	9

1124406785.739	9
1124406844.433	9

1124410028.064	9
1124410037.754	9

1124414911.018	9
1124414930.504	9

1124437437.152	9
1124437437.152	9

1124445749.981	9
1124445808.479	9

1124451640.774	9
1124451836.048	9


1123735414.041	10
1123735521.456	10

1123776636.634	10
1123776773.358	10

1123785221.083	10
1123785230.774	10

1123785260.133	10
1123785328.796	10

1123789147.089	10
1123789157.087	10

1123789176.257	10
1123789254.394	10

1123789732.956	10
1123789732.956	10

1123796882.166	10
1123796901.747	10

1123801599.21	10
1123801648.107	10

1123814988.461	10
1123815037.326	10

1123828114.06	10
1123828221.535	10

1123866983.456	10
1123866983.456	10

1123868165.035	10
1123868174.876	10

1123868272.463	10
1123868272.463	10

1123868428.709	10
1123868428.709	10

1123868497.119	10
1123868497.119	10

1123868575.329	10
1123868575.329	10

1123868721.717	10
1123868721.717	10

1123868750.987	10
1123868750.987	10

1123868838.89	10
1123868838.89	10

1123868907.209	10
1123868907.209	10

1123868975.873	10
1123868985.408	10

1123869063.493	10
1123869063.493	10

1123869219.942	10
1123869229.503	10

1123869288.243	10
1123869288.243	10

1123869454.085	10
1123869454.085	10

1123869610.41	10
1123869610.41	10

1123869795.886	10
1123869795.886	10

1123869883.894	10
1123869883.894	10

1123869961.933	10
1123869961.933	10

1123870186.744	10
1123870206.086	10

1123870235.343	10
1123870235.343	10

1123870528.32	10
1123870538.046	10

1123870577.223	10
1123870577.223	10

1123870723.757	10
1123870723.757	10

1123870762.703	10
1123870762.703	10

1123870811.494	10
1123870811.494	10

1123870850.554	10
1123870850.554	10

1123870967.738	10
1123870967.738	10

1123871046.013	10
1123871046.013	10

1123871085.139	10
1123871094.669	10

1123871231.416	10
1123871231.416	10

1123871299.781	10
1123871299.781	10

1123872090.682	10
1123872842.714	10

1123872911.027	10
1123873575.134	10

1123887815.845	10
1123887815.845	10

1123888558.081	10
1123888577.778	10

1123915512.494	10
1123915678.453	10

1123920756.798	10
1123920756.798	10

1123920844.819	10
1123920844.819	10

1123947234.283	10
1123947312.365	10

1124027148.698	10
1124027148.698	10

1124062288.343	10
1124062288.343	10

1124124459.872	10
1124124879.549	10

1124125016.512	10
1124125016.512	10

1124133576.541	10
1124133576.541	10

1124133585.815	10
1124133585.815	10

1124149648.827	10
1124149648.827	10

1124159472.798	10
1124159472.878	10

1124162744.465	10
1124162744.989	10

1124199898.777	10
1124199898.777	10

1124203104.17	10
1124203104.17	10

1124229841.611	10
1124229890.426	10

1124229929.56	10
1124230036.967	10

1124240370.702	10
1124240370.702	10

1124242255.564	10
1124242255.564	10

1124243915.65	10
1124243915.65	10

1124287137.773	10
1124287137.773	10

1124287617.3	10
1124287617.3	10

1124317462.378	10
1124317462.378	10

1124337164.586	10
1124337164.586	10

1124374091.404	10
1124374140.309	10

1124391806.786	10
1124391806.786	10

1124437437.102	10
1124437437.102	10


1123734777.278	11
1123775541.28	11

1123961896.04	11
1123961896.04	11

1124027145.528	11
1124027145.528	11

1124055212.997	11
1124055212.997	11

1124090986.5	11
1124104522.391	11

1124108918.847	11
1124109035.85	11

1124124422.161	11
1124124597.967	11

1124124812.835	11
1124124861.677	11

1124133587.577	11
1124133587.577	11

1124136379.678	11
1124144192.489	11

1124148887	11
1124148984.711	11

1124199902.033	11
1124199902.033	11

1124291914.934	11
1124295616.822	11

1124317463.698	11
1124317463.698	11

1124337164.625	11
1124337164.625	11

1124380814.574	11
1124380814.574	11

1124391806.798	11
1124391806.798	11

1124437437.495	11
1124437437.495	11


1123887817.995	12
1123887817.995	12

1123903219.043	12
1123903258.191	12

1123912780.229	12
1123912789.975	12

1123913014.807	12
1123913112.1	12

1123913141.602	12
1123913161.064	12

1123948907.601	12
1123948907.601	12

1123971516.344	12
1123971994.879	12

1123977395.528	12
1123977444.337	12

1123980852.827	12
1123980989.428	12

1124037018.888	12
1124037038.474	12

1124045975.833	12
1124045975.833	12

1124048484.255	12
1124048484.255	12

1124048523.58	12
1124048523.58	12

1124108914.143	12
1124108914.143	12

1124121024.396	12
1124121043.831	12

1124124423.086	12
1124124911.462	12

1124125106.632	12
1124125116.3	12

1124133578.52	12
1124133578.52	12

1124162746.865	12
1124162746.865	12

1124199901.596	12
1124199901.596	12

1124202969.416	12
1124202969.416	12

1124225127.384	12
1124225166.476	12

1124225362.134	12
1124225586.36	12

1124243581.872	12
1124243581.872	12

1124244876.502	12
1124244876.502	12

1124248386.422	12
1124248386.422	12

1124406993.22	12
1124407042.111	12

1124407169.237	12
1124407335.03	12

1124410040.246	12
1124410176.98	12

1124414933.375	12
1124414952.601	12

1124437437.499	12
1124437437.844	12

1124441390.096	12
1124441390.096	12

1124441419.291	12
1124441419.291	12


1123735425.032	13
1123735532.456	13

1123735669.152	13
1123735708.264	13

1123776647.482	13
1123776686.569	13

1123776706.112	13
1123776715.865	13

1123776735.381	13
1123776735.381	13

1123776764.715	13
1123776774.512	13

1123776911.189	13
1123777018.595	13

1123785231.848	13
1123785329.584	13

1123789157.949	13
1123789284.948	13

1123789812.196	13
1123789812.196	13

1123789890.27	13
1123789939.189	13

1123793103.78	13
1123793113.509	13

1123793142.829	13
1123793142.829	13

1123796902.803	13
1123796980.875	13

1123801619.81	13
1123801668.558	13

1123815008.998	13
1123815087.096	13

1123818095.036	13
1123818104.813	13

1123818134.082	13
1123818134.082	13

1123828134.513	13
1123828241.964	13

1123866642.28	13
1123866642.28	13

1123866759.743	13
1123866759.743	13

1123866788.8	13
1123866788.8	13

1123866808.296	13
1123866808.296	13

1123866876.715	13
1123866876.715	13

1123866954.774	13
1123866954.774	13

1123866984.207	13
1123866993.899	13

1123867052.492	13
1123867052.492	13

1123867130.592	13
1123867130.592	13

1123867179.398	13
1123867179.398	13

1123867267.395	13
1123867267.395	13

1123867296.643	13
1123867306.341	13

1123867326.044	13
1123867326.044	13

1123867355.36	13
1123867355.36	13

1123867462.806	13
1123867472.776	13

1123867579.792	13
1123867579.792	13

1123867638.518	13
1123867638.518	13

1123867677.411	13
1123867677.411	13

1123867716.468	13
1123867726.308	13

1123867755.724	13
1123867765.447	13

1123867784.828	13
1123867784.828	13

1123867823.911	13
1123867882.484	13

1123867921.708	13
1123867941.107	13

1123867970.491	13
1123867999.891	13

1123868029.206	13
1123868048.512	13

1123868068.04	13
1123868107.291	13

1123868136.401	13
1123868136.401	13

1123868155.908	13
1123868185.413	13

1123868214.497	13
1123868243.986	13

1123868273.581	13
1123868390.292	13

1123868409.839	13
1123868419.74	13

1123868439.131	13
1123868507.523	13

1123868536.755	13
1123868644.61	13

1123868673.668	13
1123871720.494	13

1123872081.808	13
1123873595.558	13

1123888578.711	13
1123888588.276	13

1123888832.598	13
1123888832.598	13

1123907896.024	13
1123907905.519	13

1123907954.612	13
1123907954.612	13

1123907974.126	13
1123907993.345	13

1123915552.326	13
1123915581.769	13

1123915630.514	13
1123915728.195	13

1123921011.539	13
1123921060.337	13

1123947254.429	13
1123947332.841	13

1123975264.787	13
1123975264.787	13

1123975352.653	13
1123975372.2	13

1123975401.509	13
1123975401.509	13

1123975958.21	13
1123975958.21	13

1123975977.705	13
1123976046.074	13

1123976143.744	13
1123976241.458	13

1123987238.061	13
1123987247.786	13

1124074489.1	13
1124074557.446	13

1124076248.098	13
1124076248.098	13

1124124493.032	13
1124124649.564	13

1124124873.878	13
1124124922.656	13

1124125039.834	13
1124125166.799	13

1124133580.202	13
1124133580.202	13

1124133589.91	13
1124133589.91	13

1124229884.397	13
1124230050.429	13

1124237150.345	13
1124237150.345	13

1124237169.869	13
1124237179.631	13

1124237208.947	13
1124237208.947	13

1124243581.873	13
1124243581.873	13

1124244877.417	13
1124244877.417	13

1124247278.891	13
1124247278.891	13

1124248386.423	13
1124248386.423	13

1124287141.326	13
1124287141.326	13

1124317465.835	13
1124317465.835	13

1124374134.395	13
1124374153.379	13

1124374280.319	13
1124374387.725	13

1124437437.649	13
1124437437.649	13

1124441408.883	13
1124441447.939	13

1124441545.608	13
1124441594.539	13


1123752647.609	14
1123775685.746	14

1123868324.306	14
1123877738.9	14

1123887819.218	14
1123887956.336	14

1123905633.073	14
1123920526.414	14

1123933290.735	14
1123943310.795	14

1123952265.479	14
1123954375.25	14

1123957207.102	14
1123959756.118	14

1123960088.093	14
1123963975.015	14

1123966632.791	14
1123968000.046	14

1123968312.505	14
1123970021.812	14

1123970431.762	14
1123977307.092	14

1124027142.748	14
1124027142.748	14

1124029066.661	14
1124036625.727	14

1124046045.244	14
1124046045.244	14

1124089915.089	14
1124104525.192	14

1124108921.396	14
1124109038.549	14

1124124421.906	14
1124124861.426	14

1124125603.637	14
1124125974.701	14

1124133576.771	14
1124133576.771	14

1124133585.94	14
1124133585.94	14

1124148925.433	14
1124148925.433	14

1124162744.673	14
1124162745.129	14

1124162754.288	14
1124162754.288	14

1124185946.678	14
1124185946.678	14

1124199897.86	14
1124199897.86	14

1124201003.29	14
1124201003.29	14

1124242264.651	14
1124242264.651	14

1124243572.45	14
1124243572.45	14

1124248203.293	14
1124248203.293	14

1124290126.598	14
1124290136.3	14

1124290253.381	14
1124290253.381	14

1124298486.71	14
1124304893.367	14

1124317462.772	14
1124317462.772	14

1124337164.581	14
1124337164.581	14

1124375746.442	14
1124375746.442	14

1124381891.097	14
1124381891.097	14

1124382735.04	14
1124386928.398	14

1124409935.307	14
1124409935.307	14


1123735421.082	15
1123735528.526	15

1123735675.054	15
1123735675.054	15

1123735763.039	15
1123735772.715	15

1123741184.483	15
1123741184.483	15

1123776643.817	15
1123776682.867	15

1123776702.407	15
1123776780.505	15

1123776907.505	15
1123777014.99	15

1123785228.233	15
1123785335.674	15

1123789154.149	15
1123789290.895	15

1123796887.166	15
1123796936.023	15

1123801604.209	15
1123801643.668	15

1123814993.536	15
1123815042.361	15

1123815071.683	15
1123815071.683	15

1123828119.15	15
1123828226.62	15

1123866881.108	15
1123866881.108	15

1123867535.453	15
1123867535.453	15

1123867984.749	15
1123867984.749	15

1123868082.302	15
1123868082.302	15

1123868111.655	15
1123868111.655	15

1123868189.734	15
1123868189.734	15

1123868316.695	15
1123868316.695	15

1123868394.823	15
1123868394.823	15

1123868531.575	15
1123868531.575	15

1123868580.324	15
1123868580.324	15

1123868961.343	15
1123868961.343	15

1123869000.244	15
1123869000.244	15

1123869020.017	15
1123869020.017	15

1123869098.052	15
1123869098.052	15

1123869137.195	15
1123869137.195	15

1123869254.097	15
1123869254.097	15

1123869381.114	15
1123869381.114	15

1123869479.003	15
1123869479.003	15

1123869517.952	15
1123869517.952	15

1123869722.84	15
1123869722.84	15

1123869752.183	15
1123869752.183	15

1123869771.809	15
1123869771.809	15

1123869810.826	15
1123869830.293	15

1123869869.556	15
1123869888.991	15

1123869937.894	15
1123869937.894	15

1123870025.588	15
1123870025.588	15

1123870094.103	15
1123870094.103	15

1123870279.784	15
1123870279.784	15

1123870308.815	15
1123870308.815	15

1123870474.943	15
1123870504.112	15

1123870523.662	15
1123870523.662	15

1123870552.984	15
1123870552.984	15

1123870592.063	15
1123870592.063	15

1123870680.063	15
1123870690.077	15

1123870718.92	15
1123870718.92	15

1123870787.288	15
1123870787.288	15

1123870914.481	15
1123870914.481	15

1123871011.918	15
1123871031.472	15

1123871051.38	15
1123871051.38	15

1123871109.534	15
1123871216.965	15

1123871285.362	15
1123871285.362	15

1123871334.175	15
1123871334.175	15

1123871431.867	15
1123871431.867	15

1123871509.903	15
1123871539.303	15

1123871588.105	15
1123871588.105	15

1123871627.12	15
1123871666.154	15

1123871685.749	15
1123871705.213	15

1123872086.061	15
1123872847.839	15

1123872896.689	15
1123873580.339	15

1123887821.176	15
1123887821.176	15

1123888563.279	15
1123888573.178	15

1123915517.689	15
1123915566.519	15

1123915605.633	15
1123915713.11	15

1123947239.585	15
1123947318.04	15

1123975992.36	15
1123976031.326	15

1123976128.927	15
1123976255.919	15

1123986266.118	15
1123986783.839	15

1124027149.184	15
1124027149.184	15

1124074485.356	15
1124074485.356	15

1124074514.73	15
1124074514.73	15

1124124479.98	15
1124124880.291	15

1124125036.461	15
1124125202.726	15

1124125310.308	15
1124125320.066	15

1124133576.849	15
1124133576.849	15

1124149648.828	15
1124149648.828	15

1124162745.168	15
1124162745.168	15

1124195100.042	15
1124195100.042	15

1124199899.693	15
1124199899.693	15

1124202842.638	15
1124202842.638	15

1124203045.946	15
1124203045.946	15

1124229842.49	15
1124229891.339	15

1124229920.618	15
1124230037.816	15

1124243418.619	15
1124243418.619	15

1124317463.407	15
1124317463.407	15

1124331771.805	15
1124331771.805	15

1124374112.328	15
1124374151.353	15

1124391806.797	15
1124391806.797	15

1124437437.494	15
1124437437.494	15

1124441261.481	15
1124441261.481	15

1124441388.479	15
1124441456.751	15


