126660.261594298 ORIG:07.21.2004-111100 7234304 503
126660.27136022 ORIG:07.21.2004-111100 7234305 507
126660.281126142 ORIG:07.21.2004-111100 7234306 508
126660.290892064 ORIG:07.21.2004-111100 7234307 508
126660.300657986 ORIG:07.21.2004-111100 7234308 508
126660.310423909 ORIG:07.21.2004-111100 7234309 508
126660.320189831 ORIG:07.21.2004-111100 7234310 509
126660.329955753 ORIG:07.21.2004-111100 7234311 509
126660.339721675 ORIG:07.21.2004-111100 7234312 509
126660.349487597 ORIG:07.21.2004-111100 7234313 509
126660.359253519 ORIG:07.21.2004-111100 7234314 510
126660.369019442 ORIG:07.21.2004-111100 7234315 509
126660.378785364 ORIG:07.21.2004-111100 7234316 510
126660.388551286 ORIG:07.21.2004-111100 7234317 511
126660.398317208 ORIG:07.21.2004-111100 7234318 508
126660.40808313 ORIG:07.21.2004-111100 7234319 509
126660.417849053 ORIG:07.21.2004-111100 7234320 509
126660.427614975 ORIG:07.21.2004-111100 7234321 509
126660.437380897 ORIG:07.21.2004-111100 7234322 509
126660.447146819 ORIG:07.21.2004-111100 7234323 509
126660.456912741 ORIG:07.21.2004-111100 7234324 509
126660.466678663 ORIG:07.21.2004-111100 7234325 514
126660.476444586 ORIG:07.21.2004-111100 7234326 514
126660.486210508 ORIG:07.21.2004-111100 7234327 514
126660.49597643 ORIG:07.21.2004-111100 7234328 507
126660.505742352 ORIG:07.21.2004-111100 7234329 510
126660.515508274 ORIG:07.21.2004-111100 7234330 512
126660.525274196 ORIG:07.21.2004-111100 7234331 512
126660.535040119 ORIG:07.21.2004-111100 7234332 513
126660.544806041 ORIG:07.21.2004-111100 7234333 514
126660.554571963 ORIG:07.21.2004-111100 7234334 513
126660.564337885 ORIG:07.21.2004-111100 7234335 513
126660.574103807 ORIG:07.21.2004-111100 7234336 513
126660.583869729 ORIG:07.21.2004-111100 7234337 513
126660.593635652 ORIG:07.21.2004-111100 7234338 513
126660.603401574 ORIG:07.21.2004-111100 7234339 513
126660.613167496 ORIG:07.21.2004-111100 7234340 513
126660.622933418 ORIG:07.21.2004-111100 7234341 512
126660.63269934 ORIG:07.21.2004-111100 7234342 512
126660.642465262 ORIG:07.21.2004-111100 7234343 513
126660.652231185 ORIG:07.21.2004-111100 7234344 513
126660.661997107 ORIG:07.21.2004-111100 7234345 512
126660.671763029 ORIG:07.21.2004-111100 7234346 512
126660.681528951 ORIG:07.21.2004-111100 7234347 513
126660.691294873 ORIG:07.21.2004-111100 7234348 512
126660.701060796 ORIG:07.21.2004-111100 7234349 515
126660.710826718 ORIG:07.21.2004-111100 7234350 515
126660.72059264 ORIG:07.21.2004-111100 7234351 515
126660.730358562 ORIG:07.21.2004-111100 7234352 515
126660.740124484 ORIG:07.21.2004-111100 7234353 499
126660.749890406 ORIG:07.21.2004-111100 7234354 506
126660.759656329 ORIG:07.21.2004-111100 7234355 508
126660.769422251 ORIG:07.21.2004-111100 7234356 507
126660.779188173 ORIG:07.21.2004-111100 7234357 507
126660.788954095 ORIG:07.21.2004-111100 7234358 507
126660.798720017 ORIG:07.21.2004-111100 7234359 507
126660.808485939 ORIG:07.21.2004-111100 7234360 508
126660.818251862 ORIG:07.21.2004-111100 7234361 508
126660.828017784 ORIG:07.21.2004-111100 7234362 507
126660.837783706 ORIG:07.21.2004-111100 7234363 507
126660.847549628 ORIG:07.21.2004-111100 7234364 506
126660.85731555 ORIG:07.21.2004-111100 7234365 506
126660.867081473 ORIG:07.21.2004-111100 7234366 511
126660.876847395 ORIG:07.21.2004-111100 7234367 507
126660.886613317 ORIG:07.21.2004-111100 7234368 506
126660.896379239 ORIG:07.21.2004-111100 7234369 507
126660.906145161 ORIG:07.21.2004-111100 7234370 512
126660.915911083 ORIG:07.21.2004-111100 7234371 507
126660.925677006 ORIG:07.21.2004-111100 7234372 507
126660.935442928 ORIG:07.21.2004-111100 7234373 507
126660.94520885 ORIG:07.21.2004-111100 7234374 507
126660.954974772 ORIG:07.21.2004-111100 7234375 509
126660.964740694 ORIG:07.21.2004-111100 7234376 509
126660.974506616 ORIG:07.21.2004-111100 7234377 509
126660.984272539 ORIG:07.21.2004-111100 7234378 509
126660.994038461 ORIG:07.21.2004-111100 7234379 504
126661.003804383 ORIG:07.21.2004-111101 7234380 509
126661.013570305 ORIG:07.21.2004-111101 7234381 508
126661.023336227 ORIG:07.21.2004-111101 7234382 507
126661.033102149 ORIG:07.21.2004-111101 7234383 507
126661.042868072 ORIG:07.21.2004-111101 7234384 507
126661.052633994 ORIG:07.21.2004-111101 7234385 507
126661.062399916 ORIG:07.21.2004-111101 7234386 507
126661.072165838 ORIG:07.21.2004-111101 7234387 511
126661.08193176 ORIG:07.21.2004-111101 7234388 506
126661.091697682 ORIG:07.21.2004-111101 7234389 506
126661.101463605 ORIG:07.21.2004-111101 7234390 506
126661.111229527 ORIG:07.21.2004-111101 7234391 506
126661.120995449 ORIG:07.21.2004-111101 7234392 506
126661.130761371 ORIG:07.21.2004-111101 7234393 506
126661.140527293 ORIG:07.21.2004-111101 7234394 506
126661.150293216 ORIG:07.21.2004-111101 7234395 506
126661.160059138 ORIG:07.21.2004-111101 7234396 506
126661.16982506 ORIG:07.21.2004-111101 7234397 506
126661.179590982 ORIG:07.21.2004-111101 7234398 508
126661.189356904 ORIG:07.21.2004-111101 7234399 507
126661.199122826 ORIG:07.21.2004-111101 7234400 504
126661.208888749 ORIG:07.21.2004-111101 7234401 504
126661.218654671 ORIG:07.21.2004-111101 7234402 504
126661.228420593 ORIG:07.21.2004-111101 7234403 492
126661.238186515 ORIG:07.21.2004-111101 7234404 501
126661.247952437 ORIG:07.21.2004-111101 7234405 503
126661.257718359 ORIG:07.21.2004-111101 7234406 503
126661.267484282 ORIG:07.21.2004-111101 7234407 504
126661.277250204 ORIG:07.21.2004-111101 7234408 504
126661.287016126 ORIG:07.21.2004-111101 7234409 504
126661.296782048 ORIG:07.21.2004-111101 7234410 505
126661.30654797 ORIG:07.21.2004-111101 7234411 504
126661.316313892 ORIG:07.21.2004-111101 7234412 504
126661.326079815 ORIG:07.21.2004-111101 7234413 505
126661.335845737 ORIG:07.21.2004-111101 7234414 505
126661.345611659 ORIG:07.21.2004-111101 7234415 505
126661.355377581 ORIG:07.21.2004-111101 7234416 505
126661.365143503 ORIG:07.21.2004-111101 7234417 505
126661.374909426 ORIG:07.21.2004-111101 7234418 505
126661.384675348 ORIG:07.21.2004-111101 7234419 508
126661.39444127 ORIG:07.21.2004-111101 7234420 505
126661.404207192 ORIG:07.21.2004-111101 7234421 504
126661.413973114 ORIG:07.21.2004-111101 7234422 505
126661.423739036 ORIG:07.21.2004-111101 7234423 505
126661.433504959 ORIG:07.21.2004-111101 7234424 504
126661.443270881 ORIG:07.21.2004-111101 7234425 504
126661.453036803 ORIG:07.21.2004-111101 7234426 504
126661.462802725 ORIG:07.21.2004-111101 7234427 504
126661.472568647 ORIG:07.21.2004-111101 7234428 504
126661.482334569 ORIG:07.21.2004-111101 7234429 506
126661.492100492 ORIG:07.21.2004-111101 7234430 508
126661.501866414 ORIG:07.21.2004-111101 7234431 508
126661.511632336 ORIG:07.21.2004-111101 7234432 509
126661.521398258 ORIG:07.21.2004-111101 7234433 513
126661.53116418 ORIG:07.21.2004-111101 7234434 508
126661.540930102 ORIG:07.21.2004-111101 7234435 508
126661.550696025 ORIG:07.21.2004-111101 7234436 509
126661.560461947 ORIG:07.21.2004-111101 7234437 508
126661.570227869 ORIG:07.21.2004-111101 7234438 508
126661.579993791 ORIG:07.21.2004-111101 7234439 509
126661.589759713 ORIG:07.21.2004-111101 7234440 508
126661.599525636 ORIG:07.21.2004-111101 7234441 508
126661.609291558 ORIG:07.21.2004-111101 7234442 507
126661.61905748 ORIG:07.21.2004-111101 7234443 508
126661.628823402 ORIG:07.21.2004-111101 7234444 510
126661.638589324 ORIG:07.21.2004-111101 7234445 507
126661.648355246 ORIG:07.21.2004-111101 7234446 508
126661.658121169 ORIG:07.21.2004-111101 7234447 507
126661.667887091 ORIG:07.21.2004-111101 7234448 507
126661.677653013 ORIG:07.21.2004-111101 7234449 507
126661.687418935 ORIG:07.21.2004-111101 7234450 507
126661.697184857 ORIG:07.21.2004-111101 7234451 507
126661.706950779 ORIG:07.21.2004-111101 7234452 507
126661.716716702 ORIG:07.21.2004-111101 7234453 498
126661.726482624 ORIG:07.21.2004-111101 7234454 502
126661.736248546 ORIG:07.21.2004-111101 7234455 503
126661.746014468 ORIG:07.21.2004-111101 7234456 504
126661.75578039 ORIG:07.21.2004-111101 7234457 503
126661.765546312 ORIG:07.21.2004-111101 7234458 503
126661.775312235 ORIG:07.21.2004-111101 7234459 508
126661.785078157 ORIG:07.21.2004-111101 7234460 503
126661.794844079 ORIG:07.21.2004-111101 7234461 504
126661.804610001 ORIG:07.21.2004-111101 7234462 504
126661.814375923 ORIG:07.21.2004-111101 7234463 503
126661.824141846 ORIG:07.21.2004-111101 7234464 504
126661.833907768 ORIG:07.21.2004-111101 7234465 503
126661.84367369 ORIG:07.21.2004-111101 7234466 503
126661.853439612 ORIG:07.21.2004-111101 7234467 504
126661.863205534 ORIG:07.21.2004-111101 7234468 505
126661.872971456 ORIG:07.21.2004-111101 7234469 504
126661.882737379 ORIG:07.21.2004-111101 7234470 503
126661.892503301 ORIG:07.21.2004-111101 7234471 504
126661.902269223 ORIG:07.21.2004-111101 7234472 504
126661.912035145 ORIG:07.21.2004-111101 7234473 505
126661.921801067 ORIG:07.21.2004-111101 7234474 505
126661.931566989 ORIG:07.21.2004-111101 7234475 507
126661.941332912 ORIG:07.21.2004-111101 7234476 507
126661.951098834 ORIG:07.21.2004-111101 7234477 507
126661.960864756 ORIG:07.21.2004-111101 7234478 507
126661.970630678 ORIG:07.21.2004-111101 7234479 501
126661.9803966 ORIG:07.21.2004-111101 7234480 507
126661.990162522 ORIG:07.21.2004-111101 7234481 508
126661.999928445 ORIG:07.21.2004-111101 7234482 505
126662.009694367 ORIG:07.21.2004-111102 7234483 511
126662.019460289 ORIG:07.21.2004-111102 7234484 511
126662.029226211 ORIG:07.21.2004-111102 7234485 512
126662.038992133 ORIG:07.21.2004-111102 7234486 512
126662.048758056 ORIG:07.21.2004-111102 7234487 512
126662.058523978 ORIG:07.21.2004-111102 7234488 512
126662.0682899 ORIG:07.21.2004-111102 7234489 512
126662.078055822 ORIG:07.21.2004-111102 7234490 513
126662.087821744 ORIG:07.21.2004-111102 7234491 512
126662.097587666 ORIG:07.21.2004-111102 7234492 512
126662.107353589 ORIG:07.21.2004-111102 7234493 512
126662.117119511 ORIG:07.21.2004-111102 7234494 513
126662.126885433 ORIG:07.21.2004-111102 7234495 512
126662.136651355 ORIG:07.21.2004-111102 7234496 515
126662.146417277 ORIG:07.21.2004-111102 7234497 512
126662.156183199 ORIG:07.21.2004-111102 7234498 512
126662.165949122 ORIG:07.21.2004-111102 7234499 512
126662.175715044 ORIG:07.21.2004-111102 7234500 516
126662.185480966 ORIG:07.21.2004-111102 7234501 516
126662.195246888 ORIG:07.21.2004-111102 7234502 516
126662.20501281 ORIG:07.21.2004-111102 7234503 516
126662.214778732 ORIG:07.21.2004-111102 7234504 505
126662.224544655 ORIG:07.21.2004-111102 7234505 506
126662.234310577 ORIG:07.21.2004-111102 7234506 506
126662.244076499 ORIG:07.21.2004-111102 7234507 507
126662.253842421 ORIG:07.21.2004-111102 7234508 506
126662.263608343 ORIG:07.21.2004-111102 7234509 507
126662.273374265 ORIG:07.21.2004-111102 7234510 506
126662.283140188 ORIG:07.21.2004-111102 7234511 507
126662.29290611 ORIG:07.21.2004-111102 7234512 507
126662.302672032 ORIG:07.21.2004-111102 7234513 507
126662.312437954 ORIG:07.21.2004-111102 7234514 507
126662.322203876 ORIG:07.21.2004-111102 7234515 512
126662.331969799 ORIG:07.21.2004-111102 7234516 508
126662.341735721 ORIG:07.21.2004-111102 7234517 508
126662.351501643 ORIG:07.21.2004-111102 7234518 508
126662.361267565 ORIG:07.21.2004-111102 7234519 508
126662.371033487 ORIG:07.21.2004-111102 7234520 509
126662.380799409 ORIG:07.21.2004-111102 7234521 509
126662.390565332 ORIG:07.21.2004-111102 7234522 509
126662.400331254 ORIG:07.21.2004-111102 7234523 509
126662.410097176 ORIG:07.21.2004-111102 7234524 509
126662.419863098 ORIG:07.21.2004-111102 7234525 535
126662.42962902 ORIG:07.21.2004-111102 7234526 535
126662.439394942 ORIG:07.21.2004-111102 7234527 535
126662.449160865 ORIG:07.21.2004-111102 7234528 535
126662.458926787 ORIG:07.21.2004-111102 7234529 508
126662.468692709 ORIG:07.21.2004-111102 7234530 511
126662.478458631 ORIG:07.21.2004-111102 7234531 512
126662.488224553 ORIG:07.21.2004-111102 7234532 511
126662.497990475 ORIG:07.21.2004-111102 7234533 511
126662.507756398 ORIG:07.21.2004-111102 7234534 511
126662.51752232 ORIG:07.21.2004-111102 7234535 513
126662.527288242 ORIG:07.21.2004-111102 7234536 512
126662.537054164 ORIG:07.21.2004-111102 7234537 516
126662.546820086 ORIG:07.21.2004-111102 7234538 512
126662.556586009 ORIG:07.21.2004-111102 7234539 512
126662.566351931 ORIG:07.21.2004-111102 7234540 513
126662.576117853 ORIG:07.21.2004-111102 7234541 512
126662.585883775 ORIG:07.21.2004-111102 7234542 513
126662.595649697 ORIG:07.21.2004-111102 7234543 512
126662.605415619 ORIG:07.21.2004-111102 7234544 512
126662.615181542 ORIG:07.21.2004-111102 7234545 512
126662.624947464 ORIG:07.21.2004-111102 7234546 512
126662.634713386 ORIG:07.21.2004-111102 7234547 512
126662.644479308 ORIG:07.21.2004-111102 7234548 512
126662.65424523 ORIG:07.21.2004-111102 7234549 512
126662.664011152 ORIG:07.21.2004-111102 7234550 508
126662.673777075 ORIG:07.21.2004-111102 7234551 508
126662.683542997 ORIG:07.21.2004-111102 7234552 508
126662.693308919 ORIG:07.21.2004-111102 7234553 508
126662.703074841 ORIG:07.21.2004-111102 7234554 504
126662.712840763 ORIG:07.21.2004-111102 7234555 507
126662.722606685 ORIG:07.21.2004-111102 7234556 508
126662.732372608 ORIG:07.21.2004-111102 7234557 507
126662.74213853 ORIG:07.21.2004-111102 7234558 508
126662.751904452 ORIG:07.21.2004-111102 7234559 508
126662.761670374 ORIG:07.21.2004-111102 7234560 509
126662.771436296 ORIG:07.21.2004-111102 7234561 508
126662.781202219 ORIG:07.21.2004-111102 7234562 512
126662.790968141 ORIG:07.21.2004-111102 7234563 508
126662.800734063 ORIG:07.21.2004-111102 7234564 508
126662.810499985 ORIG:07.21.2004-111102 7234565 507
126662.820265907 ORIG:07.21.2004-111102 7234566 508
126662.830031829 ORIG:07.21.2004-111102 7234567 508
126662.839797752 ORIG:07.21.2004-111102 7234568 508
126662.849563674 ORIG:07.21.2004-111102 7234569 507
126662.859329596 ORIG:07.21.2004-111102 7234570 507
126662.869095518 ORIG:07.21.2004-111102 7234571 507
126662.87886144 ORIG:07.21.2004-111102 7234572 507
126662.888627362 ORIG:07.21.2004-111102 7234573 508
126662.898393285 ORIG:07.21.2004-111102 7234574 507
126662.908159207 ORIG:07.21.2004-111102 7234575 510
126662.917925129 ORIG:07.21.2004-111102 7234576 510
126662.927691051 ORIG:07.21.2004-111102 7234577 510
126662.937456973 ORIG:07.21.2004-111102 7234578 510
126662.947222895 ORIG:07.21.2004-111102 7234579 507
126662.956988818 ORIG:07.21.2004-111102 7234580 510
126662.96675474 ORIG:07.21.2004-111102 7234581 511
126662.976520662 ORIG:07.21.2004-111102 7234582 516
126662.986286584 ORIG:07.21.2004-111102 7234583 511
126662.996052506 ORIG:07.21.2004-111102 7234584 511
126663.005818429 ORIG:07.21.2004-111103 7234585 511
126663.015584351 ORIG:07.21.2004-111103 7234586 512
126663.025350273 ORIG:07.21.2004-111103 7234587 514
126663.035116195 ORIG:07.21.2004-111103 7234588 509
126663.044882117 ORIG:07.21.2004-111103 7234589 513
126663.054648039 ORIG:07.21.2004-111103 7234590 508
126663.064413962 ORIG:07.21.2004-111103 7234591 508
126663.074179884 ORIG:07.21.2004-111103 7234592 508
126663.083945806 ORIG:07.21.2004-111103 7234593 509
126663.093711728 ORIG:07.21.2004-111103 7234594 507
126663.10347765 ORIG:07.21.2004-111103 7234595 508
126663.113243572 ORIG:07.21.2004-111103 7234596 507
126663.123009495 ORIG:07.21.2004-111103 7234597 510
126663.132775417 ORIG:07.21.2004-111103 7234598 507
126663.142541339 ORIG:07.21.2004-111103 7234599 507
126663.152307261 ORIG:07.21.2004-111103 7234600 503
126663.162073183 ORIG:07.21.2004-111103 7234601 503
126663.171839105 ORIG:07.21.2004-111103 7234602 503
126663.181605028 ORIG:07.21.2004-111103 7234603 503
126663.19137095 ORIG:07.21.2004-111103 7234604 496
126663.201136872 ORIG:07.21.2004-111103 7234605 501
126663.210902794 ORIG:07.21.2004-111103 7234606 502
126663.220668716 ORIG:07.21.2004-111103 7234607 502
126663.230434639 ORIG:07.21.2004-111103 7234608 502
126663.240200561 ORIG:07.21.2004-111103 7234609 502
126663.249966483 ORIG:07.21.2004-111103 7234610 502
126663.259732405 ORIG:07.21.2004-111103 7234611 502
126663.269498327 ORIG:07.21.2004-111103 7234612 503
126663.279264249 ORIG:07.21.2004-111103 7234613 503
126663.289030172 ORIG:07.21.2004-111103 7234614 503
126663.298796094 ORIG:07.21.2004-111103 7234615 504
126663.308562016 ORIG:07.21.2004-111103 7234616 502
126663.318327938 ORIG:07.21.2004-111103 7234617 503
126663.32809386 ORIG:07.21.2004-111103 7234618 503
126663.337859782 ORIG:07.21.2004-111103 7234619 503
126663.347625705 ORIG:07.21.2004-111103 7234620 504
126663.357391627 ORIG:07.21.2004-111103 7234621 502
126663.367157549 ORIG:07.21.2004-111103 7234622 503
126663.376923471 ORIG:07.21.2004-111103 7234623 503
126663.386689393 ORIG:07.21.2004-111103 7234624 504
126663.396455315 ORIG:07.21.2004-111103 7234625 504
126663.406221238 ORIG:07.21.2004-111103 7234626 504
126663.41598716 ORIG:07.21.2004-111103 7234627 504
126663.425753082 ORIG:07.21.2004-111103 7234628 498
126663.435519004 ORIG:07.21.2004-111103 7234629 507
126663.445284926 ORIG:07.21.2004-111103 7234630 508
126663.455050849 ORIG:07.21.2004-111103 7234631 508
126663.464816771 ORIG:07.21.2004-111103 7234632 509
126663.474582693 ORIG:07.21.2004-111103 7234633 509
126663.484348615 ORIG:07.21.2004-111103 7234634 508
126663.494114537 ORIG:07.21.2004-111103 7234635 509
126663.503880459 ORIG:07.21.2004-111103 7234636 509
126663.513646382 ORIG:07.21.2004-111103 7234637 508
126663.523412304 ORIG:07.21.2004-111103 7234638 508
126663.533178226 ORIG:07.21.2004-111103 7234639 508
126663.542944148 ORIG:07.21.2004-111103 7234640 509
126663.55271007 ORIG:07.21.2004-111103 7234641 508
126663.562475992 ORIG:07.21.2004-111103 7234642 512
126663.572241915 ORIG:07.21.2004-111103 7234643 509
126663.582007837 ORIG:07.21.2004-111103 7234644 509
126663.591773759 ORIG:07.21.2004-111103 7234645 508
126663.601539681 ORIG:07.21.2004-111103 7234646 508
126663.611305603 ORIG:07.21.2004-111103 7234647 511
126663.621071525 ORIG:07.21.2004-111103 7234648 508
126663.630837448 ORIG:07.21.2004-111103 7234649 508
126663.64060337 ORIG:07.21.2004-111103 7234650 508
126663.650369292 ORIG:07.21.2004-111103 7234651 508
126663.660135214 ORIG:07.21.2004-111103 7234652 508
126663.669901136 ORIG:07.21.2004-111103 7234653 496
126663.679667059 ORIG:07.21.2004-111103 7234654 507
126663.689432981 ORIG:07.21.2004-111103 7234655 503
126663.699198903 ORIG:07.21.2004-111103 7234656 503
126663.708964825 ORIG:07.21.2004-111103 7234657 503
126663.718730747 ORIG:07.21.2004-111103 7234658 503
126663.728496669 ORIG:07.21.2004-111103 7234659 504
126663.738262592 ORIG:07.21.2004-111103 7234660 504
126663.748028514 ORIG:07.21.2004-111103 7234661 505
126663.757794436 ORIG:07.21.2004-111103 7234662 503
126663.767560358 ORIG:07.21.2004-111103 7234663 505
126663.77732628 ORIG:07.21.2004-111103 7234664 503
126663.787092202 ORIG:07.21.2004-111103 7234665 504
126663.796858125 ORIG:07.21.2004-111103 7234666 508
126663.806624047 ORIG:07.21.2004-111103 7234667 504
126663.816389969 ORIG:07.21.2004-111103 7234668 504
126663.826155891 ORIG:07.21.2004-111103 7234669 504
126663.835921813 ORIG:07.21.2004-111103 7234670 505
126663.845687735 ORIG:07.21.2004-111103 7234671 505
126663.855453658 ORIG:07.21.2004-111103 7234672 505
126663.86521958 ORIG:07.21.2004-111103 7234673 505
126663.874985502 ORIG:07.21.2004-111103 7234674 505
126663.884751424 ORIG:07.21.2004-111103 7234675 523
126663.894517346 ORIG:07.21.2004-111103 7234676 523
126663.904283268 ORIG:07.21.2004-111103 7234677 523
126663.914049191 ORIG:07.21.2004-111103 7234678 523
126663.923815113 ORIG:07.21.2004-111103 7234679 506
126663.933581035 ORIG:07.21.2004-111103 7234680 509
126663.943346957 ORIG:07.21.2004-111103 7234681 509
126663.953112879 ORIG:07.21.2004-111103 7234682 510
126663.962878802 ORIG:07.21.2004-111103 7234683 510
126663.972644724 ORIG:07.21.2004-111103 7234684 509
126663.982410646 ORIG:07.21.2004-111103 7234685 509
126663.992176568 ORIG:07.21.2004-111103 7234686 509
126664.00194249 ORIG:07.21.2004-111104 7234687 509
126664.011708412 ORIG:07.21.2004-111104 7234688 510
126664.021474335 ORIG:07.21.2004-111104 7234689 517
126664.031240257 ORIG:07.21.2004-111104 7234690 512
126664.041006179 ORIG:07.21.2004-111104 7234691 512
126664.050772101 ORIG:07.21.2004-111104 7234692 514
126664.060538023 ORIG:07.21.2004-111104 7234693 512
126664.070303945 ORIG:07.21.2004-111104 7234694 513
126664.080069868 ORIG:07.21.2004-111104 7234695 512
126664.08983579 ORIG:07.21.2004-111104 7234696 512
126664.099601712 ORIG:07.21.2004-111104 7234697 512
126664.109367634 ORIG:07.21.2004-111104 7234698 511
126664.119133556 ORIG:07.21.2004-111104 7234699 512
126664.128899478 ORIG:07.21.2004-111104 7234700 509
126664.138665401 ORIG:07.21.2004-111104 7234701 509
126664.148431323 ORIG:07.21.2004-111104 7234702 509
126664.158197245 ORIG:07.21.2004-111104 7234703 509
126664.167963167 ORIG:07.21.2004-111104 7234704 499
126664.177729089 ORIG:07.21.2004-111104 7234705 507
126664.187495012 ORIG:07.21.2004-111104 7234706 507
126664.197260934 ORIG:07.21.2004-111104 7234707 508
126664.207026856 ORIG:07.21.2004-111104 7234708 509
126664.216792778 ORIG:07.21.2004-111104 7234709 507
126664.2265587 ORIG:07.21.2004-111104 7234710 511
126664.236324622 ORIG:07.21.2004-111104 7234711 507
126664.246090545 ORIG:07.21.2004-111104 7234712 507
126664.255856467 ORIG:07.21.2004-111104 7234713 507
126664.265622389 ORIG:07.21.2004-111104 7234714 507
126664.275388311 ORIG:07.21.2004-111104 7234715 508
126664.285154233 ORIG:07.21.2004-111104 7234716 508
126664.294920155 ORIG:07.21.2004-111104 7234717 508
126664.304686078 ORIG:07.21.2004-111104 7234718 507
126664.314452 ORIG:07.21.2004-111104 7234719 508
126664.324217922 ORIG:07.21.2004-111104 7234720 508
126664.333983844 ORIG:07.21.2004-111104 7234721 508
126664.343749766 ORIG:07.21.2004-111104 7234722 508
126664.353515688 ORIG:07.21.2004-111104 7234723 508
126664.363281611 ORIG:07.21.2004-111104 7234724 508
126664.373047533 ORIG:07.21.2004-111104 7234725 509
126664.382813455 ORIG:07.21.2004-111104 7234726 508
126664.392579377 ORIG:07.21.2004-111104 7234727 508
126664.402345299 ORIG:07.21.2004-111104 7234728 501
126664.412111222 ORIG:07.21.2004-111104 7234729 510
126664.421877144 ORIG:07.21.2004-111104 7234730 515
126664.431643066 ORIG:07.21.2004-111104 7234731 512
126664.441408988 ORIG:07.21.2004-111104 7234732 511
126664.45117491 ORIG:07.21.2004-111104 7234733 511
126664.460940832 ORIG:07.21.2004-111104 7234734 512
126664.470706755 ORIG:07.21.2004-111104 7234735 511
126664.480472677 ORIG:07.21.2004-111104 7234736 512
126664.490238599 ORIG:07.21.2004-111104 7234737 511
126664.500004521 ORIG:07.21.2004-111104 7234738 511
126664.509770443 ORIG:07.21.2004-111104 7234739 513
126664.519536365 ORIG:07.21.2004-111104 7234740 511
126664.529302288 ORIG:07.21.2004-111104 7234741 511
126664.53906821 ORIG:07.21.2004-111104 7234742 511
126664.548834132 ORIG:07.21.2004-111104 7234743 511
126664.558600054 ORIG:07.21.2004-111104 7234744 511
126664.568365976 ORIG:07.21.2004-111104 7234745 511
126664.578131898 ORIG:07.21.2004-111104 7234746 512
126664.587897821 ORIG:07.21.2004-111104 7234747 511
126664.597663743 ORIG:07.21.2004-111104 7234748 511
126664.607429665 ORIG:07.21.2004-111104 7234749 511
126664.617195587 ORIG:07.21.2004-111104 7234750 511
126664.626961509 ORIG:07.21.2004-111104 7234751 511
126664.636727432 ORIG:07.21.2004-111104 7234752 511
126664.646493354 ORIG:07.21.2004-111104 7234753 498
126664.656259276 ORIG:07.21.2004-111104 7234754 506
126664.666025198 ORIG:07.21.2004-111104 7234755 507
126664.67579112 ORIG:07.21.2004-111104 7234756 506
126664.685557042 ORIG:07.21.2004-111104 7234757 512
126664.695322965 ORIG:07.21.2004-111104 7234758 507
126664.705088887 ORIG:07.21.2004-111104 7234759 511
126664.714854809 ORIG:07.21.2004-111104 7234760 508
126664.724620731 ORIG:07.21.2004-111104 7234761 508
126664.734386653 ORIG:07.21.2004-111104 7234762 513
126664.744152575 ORIG:07.21.2004-111104 7234763 507
126664.753918498 ORIG:07.21.2004-111104 7234764 507
126664.76368442 ORIG:07.21.2004-111104 7234765 507
126664.773450342 ORIG:07.21.2004-111104 7234766 507
126664.783216264 ORIG:07.21.2004-111104 7234767 507
126664.792982186 ORIG:07.21.2004-111104 7234768 508
126664.802748108 ORIG:07.21.2004-111104 7234769 508
126664.812514031 ORIG:07.21.2004-111104 7234770 508
126664.822279953 ORIG:07.21.2004-111104 7234771 508
126664.832045875 ORIG:07.21.2004-111104 7234772 508
126664.841811797 ORIG:07.21.2004-111104 7234773 508
126664.851577719 ORIG:07.21.2004-111104 7234774 508
126664.861343642 ORIG:07.21.2004-111104 7234775 508
126664.871109564 ORIG:07.21.2004-111104 7234776 508
126664.880875486 ORIG:07.21.2004-111104 7234777 508
126664.890641408 ORIG:07.21.2004-111104 7234778 514
126664.90040733 ORIG:07.21.2004-111104 7234779 529
126664.910173252 ORIG:07.21.2004-111104 7234780 529
126664.919939175 ORIG:07.21.2004-111104 7234781 529
126664.929705097 ORIG:07.21.2004-111104 7234782 529
126664.939471019 ORIG:07.21.2004-111104 7234783 505
126664.949236941 ORIG:07.21.2004-111104 7234784 506
126664.959002863 ORIG:07.21.2004-111104 7234785 512
126664.968768785 ORIG:07.21.2004-111104 7234786 507
126664.978534708 ORIG:07.21.2004-111104 7234787 507
126664.98830063 ORIG:07.21.2004-111104 7234788 507
126664.998066552 ORIG:07.21.2004-111104 7234789 507
126665.007832474 ORIG:07.21.2004-111105 7234790 508
126665.017598396 ORIG:07.21.2004-111105 7234791 507
126665.027364318 ORIG:07.21.2004-111105 7234792 508
126665.037130241 ORIG:07.21.2004-111105 7234793 506
126665.046896163 ORIG:07.21.2004-111105 7234794 504
126665.056662085 ORIG:07.21.2004-111105 7234795 504
126665.066428007 ORIG:07.21.2004-111105 7234796 504
126665.076193929 ORIG:07.21.2004-111105 7234797 507
126665.085959852 ORIG:07.21.2004-111105 7234798 503
126665.095725774 ORIG:07.21.2004-111105 7234799 503
126665.105491696 ORIG:07.21.2004-111105 7234800 506
126665.115257618 ORIG:07.21.2004-111105 7234801 506
126665.12502354 ORIG:07.21.2004-111105 7234802 506
126665.134789462 ORIG:07.21.2004-111105 7234803 506
126665.144555385 ORIG:07.21.2004-111105 7234804 503
126665.154321307 ORIG:07.21.2004-111105 7234805 506
126665.164087229 ORIG:07.21.2004-111105 7234806 506
126665.173853151 ORIG:07.21.2004-111105 7234807 506
126665.183619073 ORIG:07.21.2004-111105 7234808 506
126665.193384995 ORIG:07.21.2004-111105 7234809 506
126665.203150918 ORIG:07.21.2004-111105 7234810 508
126665.21291684 ORIG:07.21.2004-111105 7234811 506
126665.222682762 ORIG:07.21.2004-111105 7234812 506
126665.232448684 ORIG:07.21.2004-111105 7234813 506
126665.242214606 ORIG:07.21.2004-111105 7234814 506
126665.251980528 ORIG:07.21.2004-111105 7234815 506
126665.261746451 ORIG:07.21.2004-111105 7234816 506
126665.271512373 ORIG:07.21.2004-111105 7234817 506
126665.281278295 ORIG:07.21.2004-111105 7234818 506
126665.291044217 ORIG:07.21.2004-111105 7234819 507
126665.300810139 ORIG:07.21.2004-111105 7234820 507
126665.310576061 ORIG:07.21.2004-111105 7234821 507
126665.320341984 ORIG:07.21.2004-111105 7234822 511
126665.330107906 ORIG:07.21.2004-111105 7234823 507
126665.339873828 ORIG:07.21.2004-111105 7234824 507
126665.34963975 ORIG:07.21.2004-111105 7234825 520
126665.359405672 ORIG:07.21.2004-111105 7234826 520
126665.369171595 ORIG:07.21.2004-111105 7234827 520
126665.378937517 ORIG:07.21.2004-111105 7234828 520
126665.388703439 ORIG:07.21.2004-111105 7234829 501
126665.398469361 ORIG:07.21.2004-111105 7234830 504
126665.408235283 ORIG:07.21.2004-111105 7234831 504
126665.418001205 ORIG:07.21.2004-111105 7234832 504
126665.427767128 ORIG:07.21.2004-111105 7234833 504
126665.43753305 ORIG:07.21.2004-111105 7234834 507
126665.447298972 ORIG:07.21.2004-111105 7234835 505
126665.457064894 ORIG:07.21.2004-111105 7234836 505
126665.466830816 ORIG:07.21.2004-111105 7234837 509
126665.476596738 ORIG:07.21.2004-111105 7234838 505
126665.486362661 ORIG:07.21.2004-111105 7234839 505
126665.496128583 ORIG:07.21.2004-111105 7234840 505
126665.505894505 ORIG:07.21.2004-111105 7234841 505
126665.515660427 ORIG:07.21.2004-111105 7234842 505
126665.525426349 ORIG:07.21.2004-111105 7234843 505
126665.535192271 ORIG:07.21.2004-111105 7234844 505
126665.544958194 ORIG:07.21.2004-111105 7234845 505
126665.554724116 ORIG:07.21.2004-111105 7234846 505
126665.564490038 ORIG:07.21.2004-111105 7234847 505
126665.57425596 ORIG:07.21.2004-111105 7234848 505
126665.584021882 ORIG:07.21.2004-111105 7234849 505
126665.593787805 ORIG:07.21.2004-111105 7234850 509
126665.603553727 ORIG:07.21.2004-111105 7234851 509
126665.613319649 ORIG:07.21.2004-111105 7234852 509
126665.623085571 ORIG:07.21.2004-111105 7234853 509
126665.632851493 ORIG:07.21.2004-111105 7234854 504
126665.642617415 ORIG:07.21.2004-111105 7234855 507
126665.652383338 ORIG:07.21.2004-111105 7234856 509
126665.66214926 ORIG:07.21.2004-111105 7234857 508
126665.671915182 ORIG:07.21.2004-111105 7234858 508
126665.681681104 ORIG:07.21.2004-111105 7234859 509
126665.691447026 ORIG:07.21.2004-111105 7234860 508
126665.701212948 ORIG:07.21.2004-111105 7234861 508
126665.710978871 ORIG:07.21.2004-111105 7234862 513
126665.720744793 ORIG:07.21.2004-111105 7234863 508
126665.730510715 ORIG:07.21.2004-111105 7234864 509
126665.740276637 ORIG:07.21.2004-111105 7234865 508
126665.750042559 ORIG:07.21.2004-111105 7234866 508
126665.759808481 ORIG:07.21.2004-111105 7234867 508
126665.769574404 ORIG:07.21.2004-111105 7234868 508
126665.779340326 ORIG:07.21.2004-111105 7234869 508
126665.789106248 ORIG:07.21.2004-111105 7234870 508
126665.79887217 ORIG:07.21.2004-111105 7234871 508
126665.808638092 ORIG:07.21.2004-111105 7234872 507
126665.818404015 ORIG:07.21.2004-111105 7234873 507
126665.828169937 ORIG:07.21.2004-111105 7234874 507
126665.837935859 ORIG:07.21.2004-111105 7234875 521
126665.847701781 ORIG:07.21.2004-111105 7234876 521
126665.857467703 ORIG:07.21.2004-111105 7234877 521
126665.867233625 ORIG:07.21.2004-111105 7234878 521
126665.876999548 ORIG:07.21.2004-111105 7234879 501
126665.88676547 ORIG:07.21.2004-111105 7234880 503
126665.896531392 ORIG:07.21.2004-111105 7234881 504
126665.906297314 ORIG:07.21.2004-111105 7234882 504
126665.916063236 ORIG:07.21.2004-111105 7234883 505
126665.925829158 ORIG:07.21.2004-111105 7234884 504
126665.935595081 ORIG:07.21.2004-111105 7234885 506
126665.945361003 ORIG:07.21.2004-111105 7234886 505
126665.955126925 ORIG:07.21.2004-111105 7234887 504
126665.964892847 ORIG:07.21.2004-111105 7234888 504
126665.974658769 ORIG:07.21.2004-111105 7234889 504
126665.984424691 ORIG:07.21.2004-111105 7234890 508
126665.994190614 ORIG:07.21.2004-111105 7234891 504
126666.003956536 ORIG:07.21.2004-111106 7234892 504
126666.013722458 ORIG:07.21.2004-111106 7234893 504
126666.02348838 ORIG:07.21.2004-111106 7234894 508
126666.033254302 ORIG:07.21.2004-111106 7234895 508
126666.043020225 ORIG:07.21.2004-111106 7234896 509
126666.052786147 ORIG:07.21.2004-111106 7234897 509
126666.062552069 ORIG:07.21.2004-111106 7234898 509
126666.072317991 ORIG:07.21.2004-111106 7234899 509
126666.082083913 ORIG:07.21.2004-111106 7234900 511
126666.091849835 ORIG:07.21.2004-111106 7234901 511
126666.101615758 ORIG:07.21.2004-111106 7234902 511
126666.11138168 ORIG:07.21.2004-111106 7234903 511
126666.121147602 ORIG:07.21.2004-111106 7234904 504
126666.130913524 ORIG:07.21.2004-111106 7234905 512
126666.140679446 ORIG:07.21.2004-111106 7234906 512
126666.150445368 ORIG:07.21.2004-111106 7234907 512
126666.160211291 ORIG:07.21.2004-111106 7234908 512
126666.169977213 ORIG:07.21.2004-111106 7234909 513
126666.179743135 ORIG:07.21.2004-111106 7234910 512
126666.189509057 ORIG:07.21.2004-111106 7234911 513
126666.199274979 ORIG:07.21.2004-111106 7234912 511
126666.209040901 ORIG:07.21.2004-111106 7234913 515
126666.218806824 ORIG:07.21.2004-111106 7234914 512
126666.228572746 ORIG:07.21.2004-111106 7234915 512
126666.238338668 ORIG:07.21.2004-111106 7234916 511
126666.24810459 ORIG:07.21.2004-111106 7234917 513
126666.257870512 ORIG:07.21.2004-111106 7234918 512
126666.267636435 ORIG:07.21.2004-111106 7234919 512
126666.277402357 ORIG:07.21.2004-111106 7234920 512
126666.287168279 ORIG:07.21.2004-111106 7234921 512
126666.296934201 ORIG:07.21.2004-111106 7234922 512
126666.306700123 ORIG:07.21.2004-111106 7234923 516
126666.316466045 ORIG:07.21.2004-111106 7234924 516
126666.326231968 ORIG:07.21.2004-111106 7234925 516
126666.33599789 ORIG:07.21.2004-111106 7234926 516
126666.345763812 ORIG:07.21.2004-111106 7234927 516
126666.355529734 ORIG:07.21.2004-111106 7234928 516
126666.365295656 ORIG:07.21.2004-111106 7234929 506
126666.375061578 ORIG:07.21.2004-111106 7234930 508
126666.384827501 ORIG:07.21.2004-111106 7234931 508
126666.394593423 ORIG:07.21.2004-111106 7234932 508
126666.404359345 ORIG:07.21.2004-111106 7234933 508
126666.414125267 ORIG:07.21.2004-111106 7234934 508
126666.423891189 ORIG:07.21.2004-111106 7234935 508
126666.433657111 ORIG:07.21.2004-111106 7234936 509
126666.443423034 ORIG:07.21.2004-111106 7234937 510
126666.453188956 ORIG:07.21.2004-111106 7234938 508
126666.462954878 ORIG:07.21.2004-111106 7234939 508
126666.4727208 ORIG:07.21.2004-111106 7234940 509
126666.482486722 ORIG:07.21.2004-111106 7234941 508
126666.492252645 ORIG:07.21.2004-111106 7234942 508
126666.502018567 ORIG:07.21.2004-111106 7234943 509
126666.511784489 ORIG:07.21.2004-111106 7234944 509
126666.521550411 ORIG:07.21.2004-111106 7234945 513
126666.531316333 ORIG:07.21.2004-111106 7234946 509
126666.541082255 ORIG:07.21.2004-111106 7234947 509
126666.550848178 ORIG:07.21.2004-111106 7234948 511
126666.5606141 ORIG:07.21.2004-111106 7234949 508
126666.570380022 ORIG:07.21.2004-111106 7234950 512
126666.580145944 ORIG:07.21.2004-111106 7234951 512
126666.589911866 ORIG:07.21.2004-111106 7234952 512
126666.599677788 ORIG:07.21.2004-111106 7234953 506
126666.609443711 ORIG:07.21.2004-111106 7234954 509
126666.619209633 ORIG:07.21.2004-111106 7234955 511
126666.628975555 ORIG:07.21.2004-111106 7234956 511
126666.638741477 ORIG:07.21.2004-111106 7234957 511
126666.648507399 ORIG:07.21.2004-111106 7234958 512
126666.658273321 ORIG:07.21.2004-111106 7234959 511
126666.668039244 ORIG:07.21.2004-111106 7234960 512
126666.677805166 ORIG:07.21.2004-111106 7234961 511
126666.687571088 ORIG:07.21.2004-111106 7234962 512
126666.69733701 ORIG:07.21.2004-111106 7234963 512
126666.707102932 ORIG:07.21.2004-111106 7234964 511
126666.716868855 ORIG:07.21.2004-111106 7234965 512
126666.726634777 ORIG:07.21.2004-111106 7234966 512
126666.736400699 ORIG:07.21.2004-111106 7234967 512
126666.746166621 ORIG:07.21.2004-111106 7234968 512
126666.755932543 ORIG:07.21.2004-111106 7234969 512
126666.765698465 ORIG:07.21.2004-111106 7234970 512
126666.775464388 ORIG:07.21.2004-111106 7234971 512
126666.78523031 ORIG:07.21.2004-111106 7234972 512
126666.794996232 ORIG:07.21.2004-111106 7234973 517
126666.804762154 ORIG:07.21.2004-111106 7234974 513
126666.814528076 ORIG:07.21.2004-111106 7234975 513
126666.824293998 ORIG:07.21.2004-111106 7234976 513
126666.834059921 ORIG:07.21.2004-111106 7234977 513
126666.843825843 ORIG:07.21.2004-111106 7234978 501
126666.853591765 ORIG:07.21.2004-111106 7234979 507
126666.863357687 ORIG:07.21.2004-111106 7234980 507
126666.873123609 ORIG:07.21.2004-111106 7234981 509
126666.882889531 ORIG:07.21.2004-111106 7234982 508
126666.892655454 ORIG:07.21.2004-111106 7234983 508
126666.902421376 ORIG:07.21.2004-111106 7234984 508
126666.912187298 ORIG:07.21.2004-111106 7234985 508
126666.92195322 ORIG:07.21.2004-111106 7234986 508
126666.931719142 ORIG:07.21.2004-111106 7234987 508
126666.941485064 ORIG:07.21.2004-111106 7234988 508
126666.951250987 ORIG:07.21.2004-111106 7234989 507
126666.961016909 ORIG:07.21.2004-111106 7234990 509
126666.970782831 ORIG:07.21.2004-111106 7234991 507
126666.980548753 ORIG:07.21.2004-111106 7234992 508
126666.990314675 ORIG:07.21.2004-111106 7234993 507
126667.000080598 ORIG:07.21.2004-111107 7234994 508
126667.00984652 ORIG:07.21.2004-111107 7234995 513
126667.019612442 ORIG:07.21.2004-111107 7234996 504
126667.029378364 ORIG:07.21.2004-111107 7234997 504
126667.039144286 ORIG:07.21.2004-111107 7234998 503
126667.048910208 ORIG:07.21.2004-111107 7234999 508
126667.058676131 ORIG:07.21.2004-111107 7235000 506
126667.068442053 ORIG:07.21.2004-111107 7235001 506
126667.078207975 ORIG:07.21.2004-111107 7235002 506
126667.087973897 ORIG:07.21.2004-111107 7235003 506
126667.097739819 ORIG:07.21.2004-111107 7235004 498
126667.107505741 ORIG:07.21.2004-111107 7235005 504
126667.117271664 ORIG:07.21.2004-111107 7235006 507
126667.127037586 ORIG:07.21.2004-111107 7235007 506
126667.136803508 ORIG:07.21.2004-111107 7235008 506
126667.14656943 ORIG:07.21.2004-111107 7235009 506
126667.156335352 ORIG:07.21.2004-111107 7235010 506
126667.166101274 ORIG:07.21.2004-111107 7235011 507
126667.175867197 ORIG:07.21.2004-111107 7235012 507
126667.185633119 ORIG:07.21.2004-111107 7235013 507
126667.195399041 ORIG:07.21.2004-111107 7235014 509
126667.205164963 ORIG:07.21.2004-111107 7235015 507
126667.214930885 ORIG:07.21.2004-111107 7235016 507
126667.224696808 ORIG:07.21.2004-111107 7235017 507
126667.23446273 ORIG:07.21.2004-111107 7235018 507
126667.244228652 ORIG:07.21.2004-111107 7235019 508
126667.253994574 ORIG:07.21.2004-111107 7235020 508
126667.263760496 ORIG:07.21.2004-111107 7235021 507
126667.273526418 ORIG:07.21.2004-111107 7235022 507
126667.283292341 ORIG:07.21.2004-111107 7235023 508
126667.293058263 ORIG:07.21.2004-111107 7235024 508
126667.302824185 ORIG:07.21.2004-111107 7235025 508
126667.312590107 ORIG:07.21.2004-111107 7235026 508
126667.322356029 ORIG:07.21.2004-111107 7235027 508
126667.332121951 ORIG:07.21.2004-111107 7235028 498
126667.341887874 ORIG:07.21.2004-111107 7235029 503
126667.351653796 ORIG:07.21.2004-111107 7235030 504
126667.361419718 ORIG:07.21.2004-111107 7235031 505
126667.37118564 ORIG:07.21.2004-111107 7235032 504
126667.380951562 ORIG:07.21.2004-111107 7235033 504
126667.390717484 ORIG:07.21.2004-111107 7235034 504
126667.400483407 ORIG:07.21.2004-111107 7235035 504
126667.410249329 ORIG:07.21.2004-111107 7235036 504
126667.420015251 ORIG:07.21.2004-111107 7235037 504
126667.429781173 ORIG:07.21.2004-111107 7235038 503
126667.439547095 ORIG:07.21.2004-111107 7235039 504
126667.449313018 ORIG:07.21.2004-111107 7235040 504
126667.45907894 ORIG:07.21.2004-111107 7235041 503
126667.468844862 ORIG:07.21.2004-111107 7235042 504
126667.478610784 ORIG:07.21.2004-111107 7235043 504
126667.488376706 ORIG:07.21.2004-111107 7235044 503
126667.498142628 ORIG:07.21.2004-111107 7235045 504
126667.507908551 ORIG:07.21.2004-111107 7235046 504
126667.517674473 ORIG:07.21.2004-111107 7235047 504
126667.527440395 ORIG:07.21.2004-111107 7235048 503
126667.537206317 ORIG:07.21.2004-111107 7235049 503
126667.546972239 ORIG:07.21.2004-111107 7235050 507
126667.556738161 ORIG:07.21.2004-111107 7235051 507
126667.566504084 ORIG:07.21.2004-111107 7235052 507
126667.576270006 ORIG:07.21.2004-111107 7235053 507
126667.586035928 ORIG:07.21.2004-111107 7235054 499
126667.59580185 ORIG:07.21.2004-111107 7235055 507
126667.605567772 ORIG:07.21.2004-111107 7235056 507
126667.615333694 ORIG:07.21.2004-111107 7235057 508
126667.625099617 ORIG:07.21.2004-111107 7235058 507
126667.634865539 ORIG:07.21.2004-111107 7235059 508
126667.644631461 ORIG:07.21.2004-111107 7235060 508
126667.654397383 ORIG:07.21.2004-111107 7235061 508
126667.664163305 ORIG:07.21.2004-111107 7235062 508
126667.673929228 ORIG:07.21.2004-111107 7235063 508
126667.68369515 ORIG:07.21.2004-111107 7235064 508
126667.693461072 ORIG:07.21.2004-111107 7235065 508
126667.703226994 ORIG:07.21.2004-111107 7235066 508
126667.712992916 ORIG:07.21.2004-111107 7235067 508
126667.722758838 ORIG:07.21.2004-111107 7235068 508
126667.732524761 ORIG:07.21.2004-111107 7235069 507
126667.742290683 ORIG:07.21.2004-111107 7235070 507
126667.752056605 ORIG:07.21.2004-111107 7235071 508
126667.761822527 ORIG:07.21.2004-111107 7235072 507
126667.771588449 ORIG:07.21.2004-111107 7235073 507
126667.781354371 ORIG:07.21.2004-111107 7235074 507
126667.791120294 ORIG:07.21.2004-111107 7235075 507
126667.800886216 ORIG:07.21.2004-111107 7235076 507
126667.810652138 ORIG:07.21.2004-111107 7235077 507
126667.82041806 ORIG:07.21.2004-111107 7235078 497
126667.830183982 ORIG:07.21.2004-111107 7235079 502
126667.839949904 ORIG:07.21.2004-111107 7235080 503
126667.849715827 ORIG:07.21.2004-111107 7235081 507
126667.859481749 ORIG:07.21.2004-111107 7235082 503
126667.869247671 ORIG:07.21.2004-111107 7235083 503
126667.879013593 ORIG:07.21.2004-111107 7235084 504
126667.888779515 ORIG:07.21.2004-111107 7235085 504
126667.898545438 ORIG:07.21.2004-111107 7235086 504
126667.90831136 ORIG:07.21.2004-111107 7235087 504
126667.918077282 ORIG:07.21.2004-111107 7235088 504
126667.927843204 ORIG:07.21.2004-111107 7235089 504
126667.937609126 ORIG:07.21.2004-111107 7235090 505
126667.947375048 ORIG:07.21.2004-111107 7235091 504
126667.957140971 ORIG:07.21.2004-111107 7235092 504
126667.966906893 ORIG:07.21.2004-111107 7235093 504
126667.976672815 ORIG:07.21.2004-111107 7235094 505
126667.986438737 ORIG:07.21.2004-111107 7235095 504
126667.996204659 ORIG:07.21.2004-111107 7235096 504
126668.005970581 ORIG:07.21.2004-111108 7235097 505
126668.015736504 ORIG:07.21.2004-111108 7235098 506
126668.025502426 ORIG:07.21.2004-111108 7235099 508
126668.035268348 ORIG:07.21.2004-111108 7235100 533
126668.04503427 ORIG:07.21.2004-111108 7235101 533
126668.054800192 ORIG:07.21.2004-111108 7235102 533
126668.064566114 ORIG:07.21.2004-111108 7235103 533
126668.074332037 ORIG:07.21.2004-111108 7235104 510
126668.084097959 ORIG:07.21.2004-111108 7235105 512
126668.093863881 ORIG:07.21.2004-111108 7235106 512
126668.103629803 ORIG:07.21.2004-111108 7235107 513
126668.113395725 ORIG:07.21.2004-111108 7235108 514
126668.123161648 ORIG:07.21.2004-111108 7235109 513
126668.13292757 ORIG:07.21.2004-111108 7235110 514
126668.142693492 ORIG:07.21.2004-111108 7235111 513
126668.152459414 ORIG:07.21.2004-111108 7235112 513
126668.162225336 ORIG:07.21.2004-111108 7235113 512
126668.171991258 ORIG:07.21.2004-111108 7235114 514
126668.181757181 ORIG:07.21.2004-111108 7235115 512
126668.191523103 ORIG:07.21.2004-111108 7235116 512
126668.201289025 ORIG:07.21.2004-111108 7235117 512
126668.211054947 ORIG:07.21.2004-111108 7235118 512
126668.220820869 ORIG:07.21.2004-111108 7235119 511
126668.230586791 ORIG:07.21.2004-111108 7235120 511
126668.240352714 ORIG:07.21.2004-111108 7235121 511
126668.250118636 ORIG:07.21.2004-111108 7235122 511
126668.259884558 ORIG:07.21.2004-111108 7235123 511
126668.26965048 ORIG:07.21.2004-111108 7235124 512
126668.279416402 ORIG:07.21.2004-111108 7235125 508
126668.289182324 ORIG:07.21.2004-111108 7235126 508
126668.298948247 ORIG:07.21.2004-111108 7235127 508
126668.308714169 ORIG:07.21.2004-111108 7235128 508
126668.318480091 ORIG:07.21.2004-111108 7235129 506
126668.328246013 ORIG:07.21.2004-111108 7235130 508
126668.338011935 ORIG:07.21.2004-111108 7235131 507
126668.347777858 ORIG:07.21.2004-111108 7235132 507
126668.35754378 ORIG:07.21.2004-111108 7235133 509
126668.367309702 ORIG:07.21.2004-111108 7235134 507
126668.377075624 ORIG:07.21.2004-111108 7235135 508
126668.386841546 ORIG:07.21.2004-111108 7235136 508
126668.396607468 ORIG:07.21.2004-111108 7235137 509
126668.406373391 ORIG:07.21.2004-111108 7235138 508
126668.416139313 ORIG:07.21.2004-111108 7235139 509
126668.425905235 ORIG:07.21.2004-111108 7235140 508
126668.435671157 ORIG:07.21.2004-111108 7235141 509
126668.445437079 ORIG:07.21.2004-111108 7235142 509
126668.455203001 ORIG:07.21.2004-111108 7235143 509
126668.464968924 ORIG:07.21.2004-111108 7235144 509
126668.474734846 ORIG:07.21.2004-111108 7235145 509
126668.484500768 ORIG:07.21.2004-111108 7235146 508
126668.49426669 ORIG:07.21.2004-111108 7235147 508
126668.504032612 ORIG:07.21.2004-111108 7235148 508
126668.513798534 ORIG:07.21.2004-111108 7235149 508
126668.523564457 ORIG:07.21.2004-111108 7235150 520
126668.533330379 ORIG:07.21.2004-111108 7235151 520
126668.543096301 ORIG:07.21.2004-111108 7235152 520
126668.552862223 ORIG:07.21.2004-111108 7235153 520
126668.562628145 ORIG:07.21.2004-111108 7235154 510
126668.572394067 ORIG:07.21.2004-111108 7235155 511
126668.58215999 ORIG:07.21.2004-111108 7235156 512
126668.591925912 ORIG:07.21.2004-111108 7235157 512
126668.601691834 ORIG:07.21.2004-111108 7235158 511
126668.611457756 ORIG:07.21.2004-111108 7235159 511
126668.621223678 ORIG:07.21.2004-111108 7235160 511
126668.630989601 ORIG:07.21.2004-111108 7235161 512
126668.640755523 ORIG:07.21.2004-111108 7235162 511
126668.650521445 ORIG:07.21.2004-111108 7235163 510
126668.660287367 ORIG:07.21.2004-111108 7235164 511
126668.670053289 ORIG:07.21.2004-111108 7235165 511
126668.679819211 ORIG:07.21.2004-111108 7235166 511
126668.689585134 ORIG:07.21.2004-111108 7235167 511
126668.699351056 ORIG:07.21.2004-111108 7235168 511
126668.709116978 ORIG:07.21.2004-111108 7235169 511
126668.7188829 ORIG:07.21.2004-111108 7235170 515
126668.728648822 ORIG:07.21.2004-111108 7235171 512
126668.738414744 ORIG:07.21.2004-111108 7235172 515
126668.748180667 ORIG:07.21.2004-111108 7235173 515
126668.757946589 ORIG:07.21.2004-111108 7235174 512
126668.767712511 ORIG:07.21.2004-111108 7235175 512
126668.777478433 ORIG:07.21.2004-111108 7235176 512
126668.787244355 ORIG:07.21.2004-111108 7235177 512
126668.797010277 ORIG:07.21.2004-111108 7235178 501
126668.8067762 ORIG:07.21.2004-111108 7235179 507
126668.816542122 ORIG:07.21.2004-111108 7235180 507
126668.826308044 ORIG:07.21.2004-111108 7235181 507
126668.836073966 ORIG:07.21.2004-111108 7235182 507
126668.845839888 ORIG:07.21.2004-111108 7235183 506
126668.855605811 ORIG:07.21.2004-111108 7235184 508
126668.865371733 ORIG:07.21.2004-111108 7235185 507
126668.875137655 ORIG:07.21.2004-111108 7235186 507
126668.884903577 ORIG:07.21.2004-111108 7235187 511
126668.894669499 ORIG:07.21.2004-111108 7235188 506
126668.904435421 ORIG:07.21.2004-111108 7235189 506
126668.914201344 ORIG:07.21.2004-111108 7235190 507
126668.923967266 ORIG:07.21.2004-111108 7235191 507
126668.933733188 ORIG:07.21.2004-111108 7235192 507
126668.94349911 ORIG:07.21.2004-111108 7235193 506
126668.953265032 ORIG:07.21.2004-111108 7235194 507
126668.963030954 ORIG:07.21.2004-111108 7235195 507
126668.972796877 ORIG:07.21.2004-111108 7235196 507
126668.982562799 ORIG:07.21.2004-111108 7235197 507
126668.992328721 ORIG:07.21.2004-111108 7235198 507
126669.002094643 ORIG:07.21.2004-111109 7235199 508
126669.011860565 ORIG:07.21.2004-111109 7235200 508
126669.021626487 ORIG:07.21.2004-111109 7235201 508
126669.03139241 ORIG:07.21.2004-111109 7235202 508
126669.041158332 ORIG:07.21.2004-111109 7235203 508
126669.050924254 ORIG:07.21.2004-111109 7235204 502
126669.060690176 ORIG:07.21.2004-111109 7235205 506
126669.070456098 ORIG:07.21.2004-111109 7235206 507
126669.080222021 ORIG:07.21.2004-111109 7235207 507
126669.089987943 ORIG:07.21.2004-111109 7235208 507
126669.099753865 ORIG:07.21.2004-111109 7235209 508
126669.109519787 ORIG:07.21.2004-111109 7235210 507
126669.119285709 ORIG:07.21.2004-111109 7235211 508
126669.129051631 ORIG:07.21.2004-111109 7235212 508
126669.138817554 ORIG:07.21.2004-111109 7235213 508
126669.148583476 ORIG:07.21.2004-111109 7235214 508
126669.158349398 ORIG:07.21.2004-111109 7235215 508
126669.16811532 ORIG:07.21.2004-111109 7235216 509
126669.177881242 ORIG:07.21.2004-111109 7235217 509
126669.187647164 ORIG:07.21.2004-111109 7235218 509
126669.197413087 ORIG:07.21.2004-111109 7235219 509
126669.207179009 ORIG:07.21.2004-111109 7235220 509
126669.216944931 ORIG:07.21.2004-111109 7235221 509
126669.226710853 ORIG:07.21.2004-111109 7235222 510
126669.236476775 ORIG:07.21.2004-111109 7235223 509
126669.246242697 ORIG:07.21.2004-111109 7235224 509
126669.25600862 ORIG:07.21.2004-111109 7235225 506
126669.265774542 ORIG:07.21.2004-111109 7235226 506
126669.275540464 ORIG:07.21.2004-111109 7235227 506
126669.285306386 ORIG:07.21.2004-111109 7235228 506
126669.295072308 ORIG:07.21.2004-111109 7235229 499
126669.304838231 ORIG:07.21.2004-111109 7235230 506
126669.314604153 ORIG:07.21.2004-111109 7235231 506
126669.324370075 ORIG:07.21.2004-111109 7235232 507
126669.334135997 ORIG:07.21.2004-111109 7235233 511
126669.343901919 ORIG:07.21.2004-111109 7235234 507
126669.353667841 ORIG:07.21.2004-111109 7235235 508
126669.363433764 ORIG:07.21.2004-111109 7235236 508
126669.373199686 ORIG:07.21.2004-111109 7235237 509
126669.382965608 ORIG:07.21.2004-111109 7235238 510
126669.39273153 ORIG:07.21.2004-111109 7235239 510
126669.402497452 ORIG:07.21.2004-111109 7235240 510
126669.412263374 ORIG:07.21.2004-111109 7235241 510
126669.422029297 ORIG:07.21.2004-111109 7235242 511
126669.431795219 ORIG:07.21.2004-111109 7235243 511
126669.441561141 ORIG:07.21.2004-111109 7235244 512
126669.451327063 ORIG:07.21.2004-111109 7235245 516
126669.461092985 ORIG:07.21.2004-111109 7235246 513
126669.470858907 ORIG:07.21.2004-111109 7235247 513
126669.48062483 ORIG:07.21.2004-111109 7235248 513
126669.490390752 ORIG:07.21.2004-111109 7235249 513
126669.500156674 ORIG:07.21.2004-111109 7235250 513
126669.509922596 ORIG:07.21.2004-111109 7235251 513
126669.519688518 ORIG:07.21.2004-111109 7235252 513
126669.529454441 ORIG:07.21.2004-111109 7235253 515
126669.539220363 ORIG:07.21.2004-111109 7235254 530
126669.548986285 ORIG:07.21.2004-111109 7235255 543
126669.558752207 ORIG:07.21.2004-111109 7235256 551
126669.568518129 ORIG:07.21.2004-111109 7235257 554
126669.578284051 ORIG:07.21.2004-111109 7235258 553
126669.588049974 ORIG:07.21.2004-111109 7235259 549
126669.597815896 ORIG:07.21.2004-111109 7235260 547
126669.607581818 ORIG:07.21.2004-111109 7235261 544
126669.61734774 ORIG:07.21.2004-111109 7235262 543
126669.627113662 ORIG:07.21.2004-111109 7235263 545
126669.636879584 ORIG:07.21.2004-111109 7235264 546
126669.646645507 ORIG:07.21.2004-111109 7235265 547
126669.656411429 ORIG:07.21.2004-111109 7235266 546
126669.666177351 ORIG:07.21.2004-111109 7235267 546
126669.675943273 ORIG:07.21.2004-111109 7235268 552
126669.685709195 ORIG:07.21.2004-111109 7235269 585
126669.695475117 ORIG:07.21.2004-111109 7235270 673
126669.70524104 ORIG:07.21.2004-111109 7235271 805
126669.715006962 ORIG:07.21.2004-111109 7235272 930
126669.724772884 ORIG:07.21.2004-111109 7235273 1021
126669.734538806 ORIG:07.21.2004-111109 7235274 1023
126669.744304728 ORIG:07.21.2004-111109 7235275 1023
126669.754070651 ORIG:07.21.2004-111109 7235276 1023
126669.763836573 ORIG:07.21.2004-111109 7235277 1023
126669.773602495 ORIG:07.21.2004-111109 7235278 1023
126669.783368417 ORIG:07.21.2004-111109 7235279 1023
126669.793134339 ORIG:07.21.2004-111109 7235280 1023
126669.802900261 ORIG:07.21.2004-111109 7235281 1023
126669.812666184 ORIG:07.21.2004-111109 7235282 1023
126669.822432106 ORIG:07.21.2004-111109 7235283 1023
126669.832198028 ORIG:07.21.2004-111109 7235284 1023
126669.84196395 ORIG:07.21.2004-111109 7235285 1023
126669.851729872 ORIG:07.21.2004-111109 7235286 950
126669.861495794 ORIG:07.21.2004-111109 7235287 868
126669.871261717 ORIG:07.21.2004-111109 7235288 797
126669.881027639 ORIG:07.21.2004-111109 7235289 717
126669.890793561 ORIG:07.21.2004-111109 7235290 645
126669.900559483 ORIG:07.21.2004-111109 7235291 573
126669.910325405 ORIG:07.21.2004-111109 7235292 502
126669.920091327 ORIG:07.21.2004-111109 7235293 439
126669.92985725 ORIG:07.21.2004-111109 7235294 388
126669.939623172 ORIG:07.21.2004-111109 7235295 336
126669.949389094 ORIG:07.21.2004-111109 7235296 289
126669.959155016 ORIG:07.21.2004-111109 7235297 245
126669.968920938 ORIG:07.21.2004-111109 7235298 206
126669.978686861 ORIG:07.21.2004-111109 7235299 173
126669.988452783 ORIG:07.21.2004-111109 7235300 145
126669.998218705 ORIG:07.21.2004-111109 7235301 122
126670.007984627 ORIG:07.21.2004-111110 7235302 107
126670.027516471	07.21.2004-111110	7235304	107
126670.037282394	07.21.2004-111110	7235305	107
126670.047048316	07.21.2004-111110	7235306	34
126670.056814238	07.21.2004-111110	7235307	39
126670.06658016	07.21.2004-111110	7235308	48
126670.076346082	07.21.2004-111110	7235309	62
126670.086112004	07.21.2004-111110	7235310	84
126670.095877927	07.21.2004-111110	7235311	113
126670.105643849	07.21.2004-111110	7235312	134
126670.115409771	07.21.2004-111110	7235313	160
126670.125175693	07.21.2004-111110	7235314	182
126670.134941615	07.21.2004-111110	7235315	199
126670.144707537	07.21.2004-111110	7235316	211
126670.15447346	07.21.2004-111110	7235317	209
126670.164239382	07.21.2004-111110	7235318	207
126670.174005304	07.21.2004-111110	7235319	218
126670.183771226	07.21.2004-111110	7235320	238
126670.193537148	07.21.2004-111110	7235321	256
126670.20330307	07.21.2004-111110	7235322	267
126670.213068993	07.21.2004-111110	7235323	268
126670.222834915	07.21.2004-111110	7235324	277
126670.232600837	07.21.2004-111110	7235325	284
126670.242366759	07.21.2004-111110	7235326	284
126670.252132681	07.21.2004-111110	7235327	302
126670.261898604	07.21.2004-111110	7235328	341
126670.271664526	07.21.2004-111110	7235329	367
126670.281430448	07.21.2004-111110	7235330	393
126670.29119637	07.21.2004-111110	7235331	418
126670.300962292	07.21.2004-111110	7235332	443
126670.310728214	07.21.2004-111110	7235333	461
126670.320494137	07.21.2004-111110	7235334	484
126670.330260059	07.21.2004-111110	7235335	508
126670.340025981	07.21.2004-111110	7235336	528
126670.349791903	07.21.2004-111110	7235337	542
126670.359557825	07.21.2004-111110	7235338	556
126670.369323747	07.21.2004-111110	7235339	568
126670.37908967	07.21.2004-111110	7235340	575
126670.388855592	07.21.2004-111110	7235341	581
126670.398621514	07.21.2004-111110	7235342	591
126670.408387436	07.21.2004-111110	7235343	601
126670.418153358	07.21.2004-111110	7235344	608
126670.42791928	07.21.2004-111110	7235345	620
126670.437685203	07.21.2004-111110	7235346	637
126670.447451125	07.21.2004-111110	7235347	650
126670.457217047	07.21.2004-111110	7235348	648
126670.466982969	07.21.2004-111110	7235349	650
126670.476748891	07.21.2004-111110	7235350	650
126670.486514814	07.21.2004-111110	7235351	650
126670.496280736	07.21.2004-111110	7235352	650
126670.506046658	07.21.2004-111110	7235353	613
126670.51581258	07.21.2004-111110	7235354	592
126670.525578502	07.21.2004-111110	7235355	562
126670.535344424	07.21.2004-111110	7235356	534
126670.545110347	07.21.2004-111110	7235357	508
126670.554876269	07.21.2004-111110	7235358	477
126670.564642191	07.21.2004-111110	7235359	449
126670.574408113	07.21.2004-111110	7235360	424
126670.584174035	07.21.2004-111110	7235361	399
126670.593939957	07.21.2004-111110	7235362	372
126670.60370588	07.21.2004-111110	7235363	344
126670.613471802	07.21.2004-111110	7235364	313
126670.623237724	07.21.2004-111110	7235365	279
126670.633003646	07.21.2004-111110	7235366	252
126670.642769568	07.21.2004-111110	7235367	229
126670.65253549	07.21.2004-111110	7235368	212
126670.662301413	07.21.2004-111110	7235369	202
126670.672067335	07.21.2004-111110	7235370	197
126670.681833257	07.21.2004-111110	7235371	199
126670.691599179	07.21.2004-111110	7235372	200
126670.701365101	07.21.2004-111110	7235373	205
126670.711131024	07.21.2004-111110	7235374	212
126670.720896946	07.21.2004-111110	7235375	220
126670.730662868	07.21.2004-111110	7235376	220
126670.74042879	07.21.2004-111110	7235377	222
126670.750194712	07.21.2004-111110	7235378	241
126670.759960634	07.21.2004-111110	7235379	272
126670.769726557	07.21.2004-111110	7235380	291
126670.779492479	07.21.2004-111110	7235381	313
126670.789258401	07.21.2004-111110	7235382	340
126670.799024323	07.21.2004-111110	7235383	367
126670.808790245	07.21.2004-111110	7235384	396
126670.818556167	07.21.2004-111110	7235385	406
126670.82832209	07.21.2004-111110	7235386	418
126670.838088012	07.21.2004-111110	7235387	431
126670.847853934	07.21.2004-111110	7235388	446
126670.857619856	07.21.2004-111110	7235389	461
126670.867385778	07.21.2004-111110	7235390	475
126670.8771517	07.21.2004-111110	7235391	488
126670.886917623	07.21.2004-111110	7235392	498
126670.896683545	07.21.2004-111110	7235393	509
126670.906449467	07.21.2004-111110	7235394	520
126670.916215389	07.21.2004-111110	7235395	527
126670.925981311	07.21.2004-111110	7235396	531
126670.935747234	07.21.2004-111110	7235397	531
126670.945513156	07.21.2004-111110	7235398	526
126670.955279078	07.21.2004-111110	7235399	515
126670.965045	07.21.2004-111110	7235400	526
126670.974810922	07.21.2004-111110	7235401	526
126670.984576844	07.21.2004-111110	7235402	526
126670.994342767	07.21.2004-111110	7235403	526
126671.004108689	07.21.2004-111111	7235404	477
126671.013874611	07.21.2004-111111	7235405	476
126671.023640533	07.21.2004-111111	7235406	480
126671.033406455	07.21.2004-111111	7235407	490
126671.043172377	07.21.2004-111111	7235408	505
126671.0529383	07.21.2004-111111	7235409	527
126671.062704222	07.21.2004-111111	7235410	553
126671.072470144	07.21.2004-111111	7235411	579
126671.082236066	07.21.2004-111111	7235412	611
126671.092001988	07.21.2004-111111	7235413	631
126671.10176791	07.21.2004-111111	7235414	645
126671.111533833	07.21.2004-111111	7235415	650
126671.121299755	07.21.2004-111111	7235416	649
126671.131065677	07.21.2004-111111	7235417	655
126671.140831599	07.21.2004-111111	7235418	665
126671.150597521	07.21.2004-111111	7235419	680
126671.160363444	07.21.2004-111111	7235420	700
126671.170129366	07.21.2004-111111	7235421	708
126671.179895288	07.21.2004-111111	7235422	703
126671.18966121	07.21.2004-111111	7235423	684
126671.199427132	07.21.2004-111111	7235424	649
126671.209193054	07.21.2004-111111	7235425	603
126671.218958977	07.21.2004-111111	7235426	603
126671.228724899	07.21.2004-111111	7235427	483
126671.238490821	07.21.2004-111111	7235428	434
126671.248256743	07.21.2004-111111	7235429	406
126671.258022665	07.21.2004-111111	7235430	380
126671.267788587	07.21.2004-111111	7235431	353
126671.27755451	07.21.2004-111111	7235432	329
126671.287320432	07.21.2004-111111	7235433	315
126671.297086354	07.21.2004-111111	7235434	293
126671.306852276	07.21.2004-111111	7235435	277
126671.316618198	07.21.2004-111111	7235436	263
126671.32638412	07.21.2004-111111	7235437	255
126671.336150043	07.21.2004-111111	7235438	250
126671.345915965	07.21.2004-111111	7235439	255
126671.355681887	07.21.2004-111111	7235440	267
126671.365447809	07.21.2004-111111	7235441	297
126671.375213731	07.21.2004-111111	7235442	329
126671.384979654	07.21.2004-111111	7235443	366
126671.394745576	07.21.2004-111111	7235444	398
126671.404511498	07.21.2004-111111	7235445	427
126671.41427742	07.21.2004-111111	7235446	450
126671.424043342	07.21.2004-111111	7235447	469
126671.433809264	07.21.2004-111111	7235448	480
126671.443575187	07.21.2004-111111	7235449	489
126671.453341109	07.21.2004-111111	7235450	500
126671.463107031	07.21.2004-111111	7235451	489
126671.472872953	07.21.2004-111111	7235452	498
126671.482638875	07.21.2004-111111	7235453	522
126671.492404797	07.21.2004-111111	7235454	542
126671.50217072	07.21.2004-111111	7235455	551
126671.511936642	07.21.2004-111111	7235456	556
126671.521702564	07.21.2004-111111	7235457	559
126671.531468486	07.21.2004-111111	7235458	562
126671.541234408	07.21.2004-111111	7235459	562
126671.55100033	07.21.2004-111111	7235460	556
126671.560766253	07.21.2004-111111	7235461	553
126671.570532175	07.21.2004-111111	7235462	546
126671.580298097	07.21.2004-111111	7235463	540
126671.590064019	07.21.2004-111111	7235464	534
126671.599829941	07.21.2004-111111	7235465	528
126671.609595863	07.21.2004-111111	7235466	521
126671.619361786	07.21.2004-111111	7235467	521
126671.629127708	07.21.2004-111111	7235468	513
126671.63889363	07.21.2004-111111	7235469	511
126671.648659552	07.21.2004-111111	7235470	509
126671.658425474	07.21.2004-111111	7235471	509
126671.668191397	07.21.2004-111111	7235472	510
126671.677957319	07.21.2004-111111	7235473	507
126671.687723241	07.21.2004-111111	7235474	501
126671.697489163	07.21.2004-111111	7235475	493
126671.707255085	07.21.2004-111111	7235476	493
126671.717021007	07.21.2004-111111	7235477	493
126671.72678693	07.21.2004-111111	7235478	460
126671.736552852	07.21.2004-111111	7235479	469
126671.746318774	07.21.2004-111111	7235480	471
126671.756084696	07.21.2004-111111	7235481	472
126671.765850618	07.21.2004-111111	7235482	472
126671.77561654	07.21.2004-111111	7235483	472
126671.785382463	07.21.2004-111111	7235484	477
126671.795148385	07.21.2004-111111	7235485	481
126671.804914307	07.21.2004-111111	7235486	485
126671.814680229	07.21.2004-111111	7235487	486
126671.824446151	07.21.2004-111111	7235488	492
126671.834212073	07.21.2004-111111	7235489	488
126671.843977996	07.21.2004-111111	7235490	490
126671.853743918	07.21.2004-111111	7235491	493
126671.86350984	07.21.2004-111111	7235492	500
126671.873275762	07.21.2004-111111	7235493	505
126671.883041684	07.21.2004-111111	7235494	509
126671.892807607	07.21.2004-111111	7235495	515
126671.902573529	07.21.2004-111111	7235496	522
126671.912339451	07.21.2004-111111	7235497	526
126671.922105373	07.21.2004-111111	7235498	529
126671.931871295	07.21.2004-111111	7235499	534
126671.941637217	07.21.2004-111111	7235500	534
126671.95140314	07.21.2004-111111	7235501	534
126671.961169062	07.21.2004-111111	7235502	534
126671.970934984	07.21.2004-111111	7235503	543
126671.980700906	07.21.2004-111111	7235504	553
126671.990466828	07.21.2004-111111	7235505	557
126672.00023275	07.21.2004-111112	7235506	560
126672.009998673	07.21.2004-111112	7235507	561
126672.019764595	07.21.2004-111112	7235508	569
126672.029530517	07.21.2004-111112	7235509	562
126672.039296439	07.21.2004-111112	7235510	560
126672.049062361	07.21.2004-111112	7235511	558
126672.058828283	07.21.2004-111112	7235512	556
126672.068594206	07.21.2004-111112	7235513	558
126672.078360128	07.21.2004-111112	7235514	554
126672.08812605	07.21.2004-111112	7235515	555
126672.097891972	07.21.2004-111112	7235516	550
126672.107657894	07.21.2004-111112	7235517	549
126672.117423817	07.21.2004-111112	7235518	549
126672.127189739	07.21.2004-111112	7235519	546
126672.136955661	07.21.2004-111112	7235520	543
126672.146721583	07.21.2004-111112	7235521	537
126672.156487505	07.21.2004-111112	7235522	532
126672.166253427	07.21.2004-111112	7235523	527
126672.17601935	07.21.2004-111112	7235524	521
126672.185785272	07.21.2004-111112	7235525	515
126672.195551194	07.21.2004-111112	7235526	515
126672.205317116	07.21.2004-111112	7235527	515
126672.215083038	07.21.2004-111112	7235528	515
126672.22484896	07.21.2004-111112	7235529	503
126672.234614883	07.21.2004-111112	7235530	510
126672.244380805	07.21.2004-111112	7235531	511
126672.254146727	07.21.2004-111112	7235532	508
126672.263912649	07.21.2004-111112	7235533	504
126672.273678571	07.21.2004-111112	7235534	504
126672.283444493	07.21.2004-111112	7235535	497
126672.293210416	07.21.2004-111112	7235536	496
126672.302976338	07.21.2004-111112	7235537	497
126672.31274226	07.21.2004-111112	7235538	497
126672.322508182	07.21.2004-111112	7235539	503
126672.332274104	07.21.2004-111112	7235540	500
126672.342040027	07.21.2004-111112	7235541	503
126672.351805949	07.21.2004-111112	7235542	508
126672.361571871	07.21.2004-111112	7235543	514
126672.371337793	07.21.2004-111112	7235544	525
126672.381103715	07.21.2004-111112	7235545	528
126672.390869637	07.21.2004-111112	7235546	535
126672.40063556	07.21.2004-111112	7235547	542
126672.410401482	07.21.2004-111112	7235548	546
126672.420167404	07.21.2004-111112	7235549	550
126672.429933326	07.21.2004-111112	7235550	550
126672.439699248	07.21.2004-111112	7235551	550
126672.44946517	07.21.2004-111112	7235552	550
126672.459231093	07.21.2004-111112	7235553	564
126672.468997015	07.21.2004-111112	7235554	574
126672.478762937	07.21.2004-111112	7235555	583
126672.488528859	07.21.2004-111112	7235556	590
126672.498294781	07.21.2004-111112	7235557	594
126672.508060703	07.21.2004-111112	7235558	598
126672.517826626	07.21.2004-111112	7235559	601
126672.527592548	07.21.2004-111112	7235560	602
126672.53735847	07.21.2004-111112	7235561	603
126672.547124392	07.21.2004-111112	7235562	603
126672.556890314	07.21.2004-111112	7235563	602
126672.566656237	07.21.2004-111112	7235564	607
126672.576422159	07.21.2004-111112	7235565	604
126672.586188081	07.21.2004-111112	7235566	606
126672.595954003	07.21.2004-111112	7235567	606
126672.605719925	07.21.2004-111112	7235568	607
126672.615485847	07.21.2004-111112	7235569	605
126672.62525177	07.21.2004-111112	7235570	602
126672.635017692	07.21.2004-111112	7235571	596
126672.644783614	07.21.2004-111112	7235572	591
126672.654549536	07.21.2004-111112	7235573	585
126672.664315458	07.21.2004-111112	7235574	581
126672.67408138	07.21.2004-111112	7235575	575
126672.683847303	07.21.2004-111112	7235576	575
126672.693613225	07.21.2004-111112	7235577	575
126672.703379147	07.21.2004-111112	7235578	575
126672.713145069	07.21.2004-111112	7235579	559
126672.722910991	07.21.2004-111112	7235580	558
126672.732676913	07.21.2004-111112	7235581	555
126672.742442836	07.21.2004-111112	7235582	544
126672.752208758	07.21.2004-111112	7235583	535
126672.76197468	07.21.2004-111112	7235584	529
126672.771740602	07.21.2004-111112	7235585	523
126672.781506524	07.21.2004-111112	7235586	521
126672.791272446	07.21.2004-111112	7235587	520
126672.801038369	07.21.2004-111112	7235588	519
126672.810804291	07.21.2004-111112	7235589	521
126672.820570213	07.21.2004-111112	7235590	518
126672.830336135	07.21.2004-111112	7235591	518
126672.840102057	07.21.2004-111112	7235592	518
126672.84986798	07.21.2004-111112	7235593	523
126672.859633902	07.21.2004-111112	7235594	518
126672.869399824	07.21.2004-111112	7235595	519
126672.879165746	07.21.2004-111112	7235596	520
126672.888931668	07.21.2004-111112	7235597	521
126672.89869759	07.21.2004-111112	7235598	521
126672.908463513	07.21.2004-111112	7235599	521
126672.918229435	07.21.2004-111112	7235600	525
126672.927995357	07.21.2004-111112	7235601	525
126672.937761279	07.21.2004-111112	7235602	525
126672.947527201	07.21.2004-111112	7235603	525
126672.957293123	07.21.2004-111112	7235604	521
126672.967059046	07.21.2004-111112	7235605	531
126672.976824968	07.21.2004-111112	7235606	533
126672.98659089	07.21.2004-111112	7235607	535
126672.996356812	07.21.2004-111112	7235608	537
126673.006122734	07.21.2004-111113	7235609	541
126673.015888657	07.21.2004-111113	7235610	545
126673.025654579	07.21.2004-111113	7235611	550
126673.035420501	07.21.2004-111113	7235612	552
126673.045186423	07.21.2004-111113	7235613	555
126673.054952345	07.21.2004-111113	7235614	562
126673.064718267	07.21.2004-111113	7235615	566
126673.07448419	07.21.2004-111113	7235616	574
126673.084250112	07.21.2004-111113	7235617	573
126673.094016034	07.21.2004-111113	7235618	577
126673.103781956	07.21.2004-111113	7235619	580
126673.113547878	07.21.2004-111113	7235620	581
126673.1233138	07.21.2004-111113	7235621	583
126673.133079723	07.21.2004-111113	7235622	583
126673.142845645	07.21.2004-111113	7235623	583
126673.152611567	07.21.2004-111113	7235624	582
126673.162377489	07.21.2004-111113	7235625	582
126673.172143411	07.21.2004-111113	7235626	582
126673.181909333	07.21.2004-111113	7235627	582
126673.191675256	07.21.2004-111113	7235628	557
126673.201441178	07.21.2004-111113	7235629	565
126673.2112071	07.21.2004-111113	7235630	565
126673.220973022	07.21.2004-111113	7235631	565
126673.230738944	07.21.2004-111113	7235632	564
126673.240504866	07.21.2004-111113	7235633	563
126673.250270789	07.21.2004-111113	7235634	562
126673.260036711	07.21.2004-111113	7235635	562
126673.269802633	07.21.2004-111113	7235636	563
126673.279568555	07.21.2004-111113	7235637	562
126673.289334477	07.21.2004-111113	7235638	560
126673.2991004	07.21.2004-111113	7235639	564
126673.308866322	07.21.2004-111113	7235640	556
126673.318632244	07.21.2004-111113	7235641	552
126673.328398166	07.21.2004-111113	7235642	547
126673.338164088	07.21.2004-111113	7235643	540
126673.34793001	07.21.2004-111113	7235644	533
126673.357695933	07.21.2004-111113	7235645	529
126673.367461855	07.21.2004-111113	7235646	523
126673.377227777	07.21.2004-111113	7235647	512
126673.386993699	07.21.2004-111113	7235648	506
126673.396759621	07.21.2004-111113	7235649	499
126673.406525543	07.21.2004-111113	7235650	498
126673.416291466	07.21.2004-111113	7235651	498
126673.426057388	07.21.2004-111113	7235652	498
126673.43582331	07.21.2004-111113	7235653	480
126673.445589232	07.21.2004-111113	7235654	482
126673.455355154	07.21.2004-111113	7235655	482
126673.465121076	07.21.2004-111113	7235656	482
126673.474886999	07.21.2004-111113	7235657	481
126673.484652921	07.21.2004-111113	7235658	480
126673.494418843	07.21.2004-111113	7235659	480
126673.504184765	07.21.2004-111113	7235660	480
126673.513950687	07.21.2004-111113	7235661	481
126673.52371661	07.21.2004-111113	7235662	488
126673.533482532	07.21.2004-111113	7235663	485
126673.543248454	07.21.2004-111113	7235664	489
126673.553014376	07.21.2004-111113	7235665	495
126673.562780298	07.21.2004-111113	7235666	500
126673.57254622	07.21.2004-111113	7235667	505
126673.582312143	07.21.2004-111113	7235668	509
126673.592078065	07.21.2004-111113	7235669	513
126673.601843987	07.21.2004-111113	7235670	516
126673.611609909	07.21.2004-111113	7235671	520
126673.621375831	07.21.2004-111113	7235672	524
126673.631141753	07.21.2004-111113	7235673	527
126673.640907676	07.21.2004-111113	7235674	530
126673.650673598	07.21.2004-111113	7235675	530
126673.66043952	07.21.2004-111113	7235676	530
126673.670205442	07.21.2004-111113	7235677	530
126673.679971364	07.21.2004-111113	7235678	523
126673.689737286	07.21.2004-111113	7235679	528
126673.699503209	07.21.2004-111113	7235680	528
126673.709269131	07.21.2004-111113	7235681	527
126673.719035053	07.21.2004-111113	7235682	525
126673.728800975	07.21.2004-111113	7235683	523
126673.738566897	07.21.2004-111113	7235684	520
126673.74833282	07.21.2004-111113	7235685	520
126673.758098742	07.21.2004-111113	7235686	518
126673.767864664	07.21.2004-111113	7235687	518
126673.777630586	07.21.2004-111113	7235688	516
126673.787396508	07.21.2004-111113	7235689	519
126673.79716243	07.21.2004-111113	7235690	513
126673.806928353	07.21.2004-111113	7235691	511
126673.816694275	07.21.2004-111113	7235692	509
126673.826460197	07.21.2004-111113	7235693	511
126673.836226119	07.21.2004-111113	7235694	507
126673.845992041	07.21.2004-111113	7235695	506
126673.855757963	07.21.2004-111113	7235696	505
126673.865523886	07.21.2004-111113	7235697	503
126673.875289808	07.21.2004-111113	7235698	500
126673.88505573	07.21.2004-111113	7235699	496
126673.894821652	07.21.2004-111113	7235700	495
126673.904587574	07.21.2004-111113	7235701	495
126673.914353496	07.21.2004-111113	7235702	495
126673.924119419	07.21.2004-111113	7235703	495
126673.933885341	07.21.2004-111113	7235704	471
126673.943651263	07.21.2004-111113	7235705	471
126673.953417185	07.21.2004-111113	7235706	466
126673.963183107	07.21.2004-111113	7235707	463
126673.97294903	07.21.2004-111113	7235708	460
126673.982714952	07.21.2004-111113	7235709	457
126673.992480874	07.21.2004-111113	7235710	457
126674.002246796	07.21.2004-111114	7235711	459
126674.012012718	07.21.2004-111114	7235712	459
126674.02177864	07.21.2004-111114	7235713	466
126674.031544563	07.21.2004-111114	7235714	468
126674.041310485	07.21.2004-111114	7235715	473
126674.051076407	07.21.2004-111114	7235716	477
126674.060842329	07.21.2004-111114	7235717	481
126674.070608251	07.21.2004-111114	7235718	484
126674.080374173	07.21.2004-111114	7235719	487
126674.090140096	07.21.2004-111114	7235720	489
126674.099906018	07.21.2004-111114	7235721	492
126674.10967194	07.21.2004-111114	7235722	495
126674.119437862	07.21.2004-111114	7235723	499
126674.129203784	07.21.2004-111114	7235724	502
126674.138969706	07.21.2004-111114	7235725	525
126674.148735629	07.21.2004-111114	7235726	525
126674.158501551	07.21.2004-111114	7235727	525
126674.168267473	07.21.2004-111114	7235728	525
126674.178033395	07.21.2004-111114	7235729	506
126674.187799317	07.21.2004-111114	7235730	508
126674.19756524	07.21.2004-111114	7235731	508
126674.207331162	07.21.2004-111114	7235732	507
126674.217097084	07.21.2004-111114	7235733	505
126674.226863006	07.21.2004-111114	7235734	503
126674.236628928	07.21.2004-111114	7235735	502
126674.24639485	07.21.2004-111114	7235736	500
126674.256160773	07.21.2004-111114	7235737	499
126674.265926695	07.21.2004-111114	7235738	504
126674.275692617	07.21.2004-111114	7235739	499
126674.285458539	07.21.2004-111114	7235740	500
126674.295224461	07.21.2004-111114	7235741	502
126674.304990383	07.21.2004-111114	7235742	504
126674.314756306	07.21.2004-111114	7235743	505
126674.324522228	07.21.2004-111114	7235744	507
126674.33428815	07.21.2004-111114	7235745	509
126674.344054072	07.21.2004-111114	7235746	511
126674.353819994	07.21.2004-111114	7235747	513
126674.363585916	07.21.2004-111114	7235748	514
126674.373351839	07.21.2004-111114	7235749	518
126674.383117761	07.21.2004-111114	7235750	517
126674.392883683	07.21.2004-111114	7235751	517
126674.402649605	07.21.2004-111114	7235752	517
126674.412415527	07.21.2004-111114	7235753	517
126674.422181449	07.21.2004-111114	7235754	519
126674.431947372	07.21.2004-111114	7235755	527
126674.441713294	07.21.2004-111114	7235756	529
126674.451479216	07.21.2004-111114	7235757	532
126674.461245138	07.21.2004-111114	7235758	537
126674.47101106	07.21.2004-111114	7235759	538
126674.480776983	07.21.2004-111114	7235760	541
126674.490542905	07.21.2004-111114	7235761	547
126674.500308827	07.21.2004-111114	7235762	543
126674.510074749	07.21.2004-111114	7235763	542
126674.519840671	07.21.2004-111114	7235764	543
126674.529606593	07.21.2004-111114	7235765	542
126674.539372516	07.21.2004-111114	7235766	541
126674.549138438	07.21.2004-111114	7235767	540
126674.55890436	07.21.2004-111114	7235768	537
126674.568670282	07.21.2004-111114	7235769	533
126674.578436204	07.21.2004-111114	7235770	529
126674.588202126	07.21.2004-111114	7235771	524
126674.597968049	07.21.2004-111114	7235772	520
126674.607733971	07.21.2004-111114	7235773	515
126674.617499893	07.21.2004-111114	7235774	514
126674.627265815	07.21.2004-111114	7235775	514
126674.637031737	07.21.2004-111114	7235776	514
126674.646797659	07.21.2004-111114	7235777	514
126674.656563582	07.21.2004-111114	7235778	486
126674.666329504	07.21.2004-111114	7235779	487
126674.676095426	07.21.2004-111114	7235780	482
126674.685861348	07.21.2004-111114	7235781	480
126674.69562727	07.21.2004-111114	7235782	471
126674.705393193	07.21.2004-111114	7235783	465
126674.715159115	07.21.2004-111114	7235784	461
126674.724925037	07.21.2004-111114	7235785	452
126674.734690959	07.21.2004-111114	7235786	446
126674.744456881	07.21.2004-111114	7235787	440
126674.754222803	07.21.2004-111114	7235788	434
126674.763988726	07.21.2004-111114	7235789	430
126674.773754648	07.21.2004-111114	7235790	422
126674.78352057	07.21.2004-111114	7235791	417
126674.793286492	07.21.2004-111114	7235792	413
126674.803052414	07.21.2004-111114	7235793	409
126674.812818336	07.21.2004-111114	7235794	407
126674.822584259	07.21.2004-111114	7235795	405
126674.832350181	07.21.2004-111114	7235796	405
126674.842116103	07.21.2004-111114	7235797	407
126674.851882025	07.21.2004-111114	7235798	411
126674.861647947	07.21.2004-111114	7235799	414
126674.871413869	07.21.2004-111114	7235800	421
126674.881179792	07.21.2004-111114	7235801	421
126674.890945714	07.21.2004-111114	7235802	421
126674.900711636	07.21.2004-111114	7235803	421
126674.910477558	07.21.2004-111114	7235804	433
126674.92024348	07.21.2004-111114	7235805	443
126674.930009403	07.21.2004-111114	7235806	449
126674.939775325	07.21.2004-111114	7235807	459
126674.949541247	07.21.2004-111114	7235808	461
126674.959307169	07.21.2004-111114	7235809	468
126674.969073091	07.21.2004-111114	7235810	479
126674.978839013	07.21.2004-111114	7235811	483
126674.988604936	07.21.2004-111114	7235812	490
126674.998370858	07.21.2004-111114	7235813	496
126675.00813678	07.21.2004-111115	7235814	502
126675.017902702	07.21.2004-111115	7235815	508
126675.027668624	07.21.2004-111115	7235816	510
126675.037434546	07.21.2004-111115	7235817	513
126675.047200469	07.21.2004-111115	7235818	515
126675.056966391	07.21.2004-111115	7235819	519
126675.066732313	07.21.2004-111115	7235820	519
126675.076498235	07.21.2004-111115	7235821	520
126675.086264157	07.21.2004-111115	7235822	522
126675.096030079	07.21.2004-111115	7235823	524
126675.105796002	07.21.2004-111115	7235824	525
126675.115561924	07.21.2004-111115	7235825	525
126675.125327846	07.21.2004-111115	7235826	525
126675.135093768	07.21.2004-111115	7235827	525
126675.14485969	07.21.2004-111115	7235828	522
126675.154625613	07.21.2004-111115	7235829	527
126675.164391535	07.21.2004-111115	7235830	530
126675.174157457	07.21.2004-111115	7235831	532
126675.183923379	07.21.2004-111115	7235832	534
126675.193689301	07.21.2004-111115	7235833	536
126675.203455223	07.21.2004-111115	7235834	538
126675.213221146	07.21.2004-111115	7235835	540
126675.222987068	07.21.2004-111115	7235836	542
126675.23275299	07.21.2004-111115	7235837	542
126675.242518912	07.21.2004-111115	7235838	543
126675.252284834	07.21.2004-111115	7235839	544
126675.262050756	07.21.2004-111115	7235840	545
126675.271816679	07.21.2004-111115	7235841	545
126675.281582601	07.21.2004-111115	7235842	545
126675.291348523	07.21.2004-111115	7235843	546
126675.301114445	07.21.2004-111115	7235844	547
126675.310880367	07.21.2004-111115	7235845	548
126675.320646289	07.21.2004-111115	7235846	547
126675.330412212	07.21.2004-111115	7235847	548
126675.340178134	07.21.2004-111115	7235848	549
126675.349944056	07.21.2004-111115	7235849	548
126675.359709978	07.21.2004-111115	7235850	563
126675.3694759	07.21.2004-111115	7235851	563
126675.379241823	07.21.2004-111115	7235852	563
126675.389007745	07.21.2004-111115	7235853	563
126675.398773667	07.21.2004-111115	7235854	543
126675.408539589	07.21.2004-111115	7235855	548
126675.418305511	07.21.2004-111115	7235856	544
126675.428071433	07.21.2004-111115	7235857	546
126675.437837356	07.21.2004-111115	7235858	542
126675.447603278	07.21.2004-111115	7235859	542
126675.4573692	07.21.2004-111115	7235860	543
126675.467135122	07.21.2004-111115	7235861	543
126675.476901044	07.21.2004-111115	7235862	545
126675.486666966	07.21.2004-111115	7235863	551
126675.496432889	07.21.2004-111115	7235864	549
126675.506198811	07.21.2004-111115	7235865	552
126675.515964733	07.21.2004-111115	7235866	556
126675.525730655	07.21.2004-111115	7235867	558
126675.535496577	07.21.2004-111115	7235868	560
126675.545262499	07.21.2004-111115	7235869	561
126675.555028422	07.21.2004-111115	7235870	561
126675.564794344	07.21.2004-111115	7235871	563
126675.574560266	07.21.2004-111115	7235872	561
126675.584326188	07.21.2004-111115	7235873	559
126675.59409211	07.21.2004-111115	7235874	557
126675.603858033	07.21.2004-111115	7235875	551
126675.613623955	07.21.2004-111115	7235876	551
126675.623389877	07.21.2004-111115	7235877	551
126675.633155799	07.21.2004-111115	7235878	551
126675.642921721	07.21.2004-111115	7235879	528
126675.652687643	07.21.2004-111115	7235880	528
126675.662453566	07.21.2004-111115	7235881	524
126675.672219488	07.21.2004-111115	7235882	520
126675.68198541	07.21.2004-111115	7235883	518
126675.691751332	07.21.2004-111115	7235884	512
126675.701517254	07.21.2004-111115	7235885	507
126675.711283176	07.21.2004-111115	7235886	505
126675.721049099	07.21.2004-111115	7235887	501
126675.730815021	07.21.2004-111115	7235888	498
126675.740580943	07.21.2004-111115	7235889	496
126675.750346865	07.21.2004-111115	7235890	495
126675.760112787	07.21.2004-111115	7235891	495
126675.769878709	07.21.2004-111115	7235892	494
126675.779644632	07.21.2004-111115	7235893	495
126675.789410554	07.21.2004-111115	7235894	493
126675.799176476	07.21.2004-111115	7235895	491
126675.808942398	07.21.2004-111115	7235896	490
126675.81870832	07.21.2004-111115	7235897	490
126675.828474243	07.21.2004-111115	7235898	490
126675.838240165	07.21.2004-111115	7235899	490
126675.848006087	07.21.2004-111115	7235900	508
126675.857772009	07.21.2004-111115	7235901	508
126675.867537931	07.21.2004-111115	7235902	508
126675.877303853	07.21.2004-111115	7235903	508
126675.887069776	07.21.2004-111115	7235904	484
126675.896835698	07.21.2004-111115	7235905	486
126675.90660162	07.21.2004-111115	7235906	484
126675.916367542	07.21.2004-111115	7235907	485
126675.926133464	07.21.2004-111115	7235908	480
126675.935899386	07.21.2004-111115	7235909	478
126675.945665309	07.21.2004-111115	7235910	476
126675.955431231	07.21.2004-111115	7235911	475
126675.965197153	07.21.2004-111115	7235912	473
126675.974963075	07.21.2004-111115	7235913	471
126675.984728997	07.21.2004-111115	7235914	469
126675.994494919	07.21.2004-111115	7235915	467
126676.004260842	07.21.2004-111116	7235916	464
126676.014026764	07.21.2004-111116	7235917	462
126676.023792686	07.21.2004-111116	7235918	462
126676.033558608	07.21.2004-111116	7235919	461
126676.04332453	07.21.2004-111116	7235920	459
126676.053090452	07.21.2004-111116	7235921	459
126676.062856375	07.21.2004-111116	7235922	459
126676.072622297	07.21.2004-111116	7235923	458
126676.082388219	07.21.2004-111116	7235924	458
126676.092154141	07.21.2004-111116	7235925	456
126676.101920063	07.21.2004-111116	7235926	456
126676.111685986	07.21.2004-111116	7235927	456
126676.121451908	07.21.2004-111116	7235928	456
126676.13121783	07.21.2004-111116	7235929	449
126676.140983752	07.21.2004-111116	7235930	458
126676.150749674	07.21.2004-111116	7235931	463
126676.160515596	07.21.2004-111116	7235932	465
126676.170281519	07.21.2004-111116	7235933	468
126676.180047441	07.21.2004-111116	7235934	471
126676.189813363	07.21.2004-111116	7235935	474
126676.199579285	07.21.2004-111116	7235936	482
126676.209345207	07.21.2004-111116	7235937	481
126676.219111129	07.21.2004-111116	7235938	485
126676.228877052	07.21.2004-111116	7235939	495
126676.238642974	07.21.2004-111116	7235940	494
126676.248408896	07.21.2004-111116	7235941	498
126676.258174818	07.21.2004-111116	7235942	502
126676.26794074	07.21.2004-111116	7235943	506
126676.277706662	07.21.2004-111116	7235944	509
126676.287472585	07.21.2004-111116	7235945	518
126676.297238507	07.21.2004-111116	7235946	517
126676.307004429	07.21.2004-111116	7235947	521
126676.316770351	07.21.2004-111116	7235948	525
126676.326536273	07.21.2004-111116	7235949	529
126676.336302196	07.21.2004-111116	7235950	537
126676.346068118	07.21.2004-111116	7235951	529
126676.35583404	07.21.2004-111116	7235952	529
126676.365599962	07.21.2004-111116	7235953	538
126676.375365884	07.21.2004-111116	7235954	549
126676.385131806	07.21.2004-111116	7235955	552
126676.394897729	07.21.2004-111116	7235956	554
126676.404663651	07.21.2004-111116	7235957	556
126676.414429573	07.21.2004-111116	7235958	557
126676.424195495	07.21.2004-111116	7235959	563
126676.433961417	07.21.2004-111116	7235960	558
126676.443727339	07.21.2004-111116	7235961	558
126676.453493262	07.21.2004-111116	7235962	558
126676.463259184	07.21.2004-111116	7235963	557
126676.473025106	07.21.2004-111116	7235964	557
126676.482791028	07.21.2004-111116	7235965	554
126676.49255695	07.21.2004-111116	7235966	554
126676.502322872	07.21.2004-111116	7235967	553
126676.512088795	07.21.2004-111116	7235968	557
126676.521854717	07.21.2004-111116	7235969	551
126676.531620639	07.21.2004-111116	7235970	549
126676.541386561	07.21.2004-111116	7235971	548
126676.551152483	07.21.2004-111116	7235972	546
126676.560918406	07.21.2004-111116	7235973	546
126676.570684328	07.21.2004-111116	7235974	544
126676.58045025	07.21.2004-111116	7235975	544
126676.590216172	07.21.2004-111116	7235976	544
126676.599982094	07.21.2004-111116	7235977	544
126676.609748016	07.21.2004-111116	7235978	522
126676.619513939	07.21.2004-111116	7235979	528
126676.629279861	07.21.2004-111116	7235980	527
126676.639045783	07.21.2004-111116	7235981	525
126676.648811705	07.21.2004-111116	7235982	525
126676.658577627	07.21.2004-111116	7235983	523
126676.668343549	07.21.2004-111116	7235984	522
126676.678109472	07.21.2004-111116	7235985	521
126676.687875394	07.21.2004-111116	7235986	520
126676.697641316	07.21.2004-111116	7235987	519
126676.707407238	07.21.2004-111116	7235988	518
126676.71717316	07.21.2004-111116	7235989	517
126676.726939082	07.21.2004-111116	7235990	516
126676.736705005	07.21.2004-111116	7235991	516
126676.746470927	07.21.2004-111116	7235992	515
126676.756236849	07.21.2004-111116	7235993	515
126676.766002771	07.21.2004-111116	7235994	515
126676.775768693	07.21.2004-111116	7235995	514
126676.785534616	07.21.2004-111116	7235996	513
126676.795300538	07.21.2004-111116	7235997	517
126676.80506646	07.21.2004-111116	7235998	511
126676.814832382	07.21.2004-111116	7235999	511
126676.824598304	07.21.2004-111116	7236000	523
126676.834364226	07.21.2004-111116	7236001	523
126676.844130149	07.21.2004-111116	7236002	523
126676.853896071	07.21.2004-111116	7236003	523
126676.863661993	07.21.2004-111116	7236004	507
126676.873427915	07.21.2004-111116	7236005	508
126676.883193837	07.21.2004-111116	7236006	508
126676.892959759	07.21.2004-111116	7236007	509
126676.902725682	07.21.2004-111116	7236008	510
126676.912491604	07.21.2004-111116	7236009	510
126676.922257526	07.21.2004-111116	7236010	511
126676.932023448	07.21.2004-111116	7236011	514
126676.94178937	07.21.2004-111116	7236012	515
126676.951555292	07.21.2004-111116	7236013	516
126676.961321215	07.21.2004-111116	7236014	517
126676.971087137	07.21.2004-111116	7236015	519
126676.980853059	07.21.2004-111116	7236016	522
126676.990618981	07.21.2004-111116	7236017	522
126677.000384903	07.21.2004-111117	7236018	526
126677.010150826	07.21.2004-111117	7236019	521
126677.019916748	07.21.2004-111117	7236020	522
126677.02968267	07.21.2004-111117	7236021	521
126677.039448592	07.21.2004-111117	7236022	521
126677.049214514	07.21.2004-111117	7236023	521
126677.058980436	07.21.2004-111117	7236024	522
126677.068746359	07.21.2004-111117	7236025	522
126677.078512281	07.21.2004-111117	7236026	522
126677.088278203	07.21.2004-111117	7236027	522
126677.098044125	07.21.2004-111117	7236028	513
126677.107810047	07.21.2004-111117	7236029	518
126677.117575969	07.21.2004-111117	7236030	520
126677.127341892	07.21.2004-111117	7236031	519
126677.137107814	07.21.2004-111117	7236032	518
126677.146873736	07.21.2004-111117	7236033	516
126677.156639658	07.21.2004-111117	7236034	515
126677.16640558	07.21.2004-111117	7236035	513
126677.176171502	07.21.2004-111117	7236036	513
126677.185937425	07.21.2004-111117	7236037	510
126677.195703347	07.21.2004-111117	7236038	507
126677.205469269	07.21.2004-111117	7236039	506
126677.215235191	07.21.2004-111117	7236040	504
126677.225001113	07.21.2004-111117	7236041	503
126677.234767036	07.21.2004-111117	7236042	501
126677.244532958	07.21.2004-111117	7236043	500
126677.25429888	07.21.2004-111117	7236044	500
126677.264064802	07.21.2004-111117	7236045	500
126677.273830724	07.21.2004-111117	7236046	499
126677.283596646	07.21.2004-111117	7236047	505
126677.293362569	07.21.2004-111117	7236048	503
126677.303128491	07.21.2004-111117	7236049	503
126677.312894413	07.21.2004-111117	7236050	529
126677.322660335	07.21.2004-111117	7236051	529
126677.332426257	07.21.2004-111117	7236052	529
126677.342192179	07.21.2004-111117	7236053	529
126677.351958102	07.21.2004-111117	7236054	508
126677.361724024	07.21.2004-111117	7236055	510
126677.371489946	07.21.2004-111117	7236056	510
126677.381255868	07.21.2004-111117	7236057	511
126677.39102179	07.21.2004-111117	7236058	512
126677.400787712	07.21.2004-111117	7236059	512
126677.410553635	07.21.2004-111117	7236060	511
126677.420319557	07.21.2004-111117	7236061	514
126677.430085479	07.21.2004-111117	7236062	510
126677.439851401	07.21.2004-111117	7236063	510
126677.449617323	07.21.2004-111117	7236064	510
126677.459383245	07.21.2004-111117	7236065	508
126677.469149168	07.21.2004-111117	7236066	507
126677.47891509	07.21.2004-111117	7236067	510
126677.488681012	07.21.2004-111117	7236068	504
126677.498446934	07.21.2004-111117	7236069	502
126677.508212856	07.21.2004-111117	7236070	501
126677.517978779	07.21.2004-111117	7236071	500
126677.527744701	07.21.2004-111117	7236072	500
126677.537510623	07.21.2004-111117	7236073	504
126677.547276545	07.21.2004-111117	7236074	503
126677.557042467	07.21.2004-111117	7236075	501
126677.566808389	07.21.2004-111117	7236076	501
126677.576574312	07.21.2004-111117	7236077	501
126677.586340234	07.21.2004-111117	7236078	501
126677.596106156	07.21.2004-111117	7236079	491
126677.605872078	07.21.2004-111117	7236080	497
126677.615638	07.21.2004-111117	7236081	499
126677.625403922	07.21.2004-111117	7236082	500
126677.635169845	07.21.2004-111117	7236083	501
126677.644935767	07.21.2004-111117	7236084	502
126677.654701689	07.21.2004-111117	7236085	502
126677.664467611	07.21.2004-111117	7236086	505
126677.674233533	07.21.2004-111117	7236087	504
126677.683999455	07.21.2004-111117	7236088	504
126677.693765378	07.21.2004-111117	7236089	506
126677.7035313	07.21.2004-111117	7236090	507
126677.713297222	07.21.2004-111117	7236091	507
126677.723063144	07.21.2004-111117	7236092	508
126677.732829066	07.21.2004-111117	7236093	509
126677.742594989	07.21.2004-111117	7236094	509
126677.752360911	07.21.2004-111117	7236095	508
126677.762126833	07.21.2004-111117	7236096	508
126677.771892755	07.21.2004-111117	7236097	507
126677.781658677	07.21.2004-111117	7236098	506
126677.791424599	07.21.2004-111117	7236099	509
126677.801190522	07.21.2004-111117	7236100	509
126677.810956444	07.21.2004-111117	7236101	509
126677.820722366	07.21.2004-111117	7236102	509
126677.830488288	07.21.2004-111117	7236103	495
126677.84025421	07.21.2004-111117	7236104	499
126677.850020132	07.21.2004-111117	7236105	499
126677.859786055	07.21.2004-111117	7236106	497
126677.869551977	07.21.2004-111117	7236107	496
126677.879317899	07.21.2004-111117	7236108	495
126677.889083821	07.21.2004-111117	7236109	499
126677.898849743	07.21.2004-111117	7236110	492
126677.908615665	07.21.2004-111117	7236111	491
126677.918381588	07.21.2004-111117	7236112	490
126677.92814751	07.21.2004-111117	7236113	488
126677.937913432	07.21.2004-111117	7236114	486
126677.947679354	07.21.2004-111117	7236115	486
126677.957445276	07.21.2004-111117	7236116	484
126677.967211199	07.21.2004-111117	7236117	482
126677.976977121	07.21.2004-111117	7236118	481
126677.986743043	07.21.2004-111117	7236119	479
126677.996508965	07.21.2004-111117	7236120	476
126678.006274887	07.21.2004-111118	7236121	477
126678.016040809	07.21.2004-111118	7236122	476
126678.025806732	07.21.2004-111118	7236123	476
126678.035572654	07.21.2004-111118	7236124	475
126678.045338576	07.21.2004-111118	7236125	470
126678.055104498	07.21.2004-111118	7236126	479
126678.06487042	07.21.2004-111118	7236127	479
126678.074636342	07.21.2004-111118	7236128	479
126678.084402265	07.21.2004-111118	7236129	479
126678.094168187	07.21.2004-111118	7236130	466
126678.103934109	07.21.2004-111118	7236131	469
126678.113700031	07.21.2004-111118	7236132	472
126678.123465953	07.21.2004-111118	7236133	475
126678.133231875	07.21.2004-111118	7236134	477
126678.142997798	07.21.2004-111118	7236135	480
126678.15276372	07.21.2004-111118	7236136	482
126678.162529642	07.21.2004-111118	7236137	484
126678.172295564	07.21.2004-111118	7236138	486
126678.182061486	07.21.2004-111118	7236139	488
126678.191827409	07.21.2004-111118	7236140	491
126678.201593331	07.21.2004-111118	7236141	493
126678.211359253	07.21.2004-111118	7236142	495
126678.221125175	07.21.2004-111118	7236143	497
126678.230891097	07.21.2004-111118	7236144	503
126678.240657019	07.21.2004-111118	7236145	500
126678.250422942	07.21.2004-111118	7236146	501
126678.260188864	07.21.2004-111118	7236147	503
126678.269954786	07.21.2004-111118	7236148	503
126678.279720708	07.21.2004-111118	7236149	504
126678.28948663	07.21.2004-111118	7236150	507
126678.299252552	07.21.2004-111118	7236151	507
126678.309018475	07.21.2004-111118	7236152	507
126678.318784397	07.21.2004-111118	7236153	507
126678.328550319	07.21.2004-111118	7236154	505
126678.338316241	07.21.2004-111118	7236155	511
126678.348082163	07.21.2004-111118	7236156	513
126678.357848085	07.21.2004-111118	7236157	512
126678.367614008	07.21.2004-111118	7236158	513
126678.37737993	07.21.2004-111118	7236159	514
126678.387145852	07.21.2004-111118	7236160	514
126678.396911774	07.21.2004-111118	7236161	514
126678.406677696	07.21.2004-111118	7236162	514
126678.416443619	07.21.2004-111118	7236163	515
126678.426209541	07.21.2004-111118	7236164	515
126678.435975463	07.21.2004-111118	7236165	515
126678.445741385	07.21.2004-111118	7236166	515
126678.455507307	07.21.2004-111118	7236167	516
126678.465273229	07.21.2004-111118	7236168	517
126678.475039152	07.21.2004-111118	7236169	517
126678.484805074	07.21.2004-111118	7236170	517
126678.494570996	07.21.2004-111118	7236171	518
126678.504336918	07.21.2004-111118	7236172	519
126678.51410284	07.21.2004-111118	7236173	521
126678.523868762	07.21.2004-111118	7236174	521
126678.533634685	07.21.2004-111118	7236175	524
126678.543400607	07.21.2004-111118	7236176	524
126678.553166529	07.21.2004-111118	7236177	524
126678.562932451	07.21.2004-111118	7236178	514
126678.572698373	07.21.2004-111118	7236179	518
126678.582464295	07.21.2004-111118	7236180	520
126678.592230218	07.21.2004-111118	7236181	521
126678.60199614	07.21.2004-111118	7236182	520
126678.611762062	07.21.2004-111118	7236183	520
126678.621527984	07.21.2004-111118	7236184	520
126678.631293906	07.21.2004-111118	7236185	520
126678.641059829	07.21.2004-111118	7236186	520
126678.650825751	07.21.2004-111118	7236187	520
126678.660591673	07.21.2004-111118	7236188	519
126678.670357595	07.21.2004-111118	7236189	519
126678.680123517	07.21.2004-111118	7236190	519
126678.689889439	07.21.2004-111118	7236191	518
126678.699655362	07.21.2004-111118	7236192	518
126678.709421284	07.21.2004-111118	7236193	517
126678.719187206	07.21.2004-111118	7236194	516
126678.728953128	07.21.2004-111118	7236195	515
126678.73871905	07.21.2004-111118	7236196	514
126678.748484972	07.21.2004-111118	7236197	514
126678.758250895	07.21.2004-111118	7236198	513
126678.768016817	07.21.2004-111118	7236199	513
126678.777782739	07.21.2004-111118	7236200	523
126678.787548661	07.21.2004-111118	7236201	523
126678.797314583	07.21.2004-111118	7236202	523
126678.807080505	07.21.2004-111118	7236203	509
126678.816846428	07.21.2004-111118	7236204	513
126678.82661235	07.21.2004-111118	7236205	514
126678.836378272	07.21.2004-111118	7236206	513
126678.846144194	07.21.2004-111118	7236207	516
126678.855910116	07.21.2004-111118	7236208	511
126678.865676039	07.21.2004-111118	7236209	510
126678.875441961	07.21.2004-111118	7236210	508
126678.885207883	07.21.2004-111118	7236211	507
126678.894973805	07.21.2004-111118	7236212	505
126678.904739727	07.21.2004-111118	7236213	504
126678.914505649	07.21.2004-111118	7236214	503
126678.924271572	07.21.2004-111118	7236215	503
126678.934037494	07.21.2004-111118	7236216	502
126678.943803416	07.21.2004-111118	7236217	503
126678.953569338	07.21.2004-111118	7236218	503
126678.96333526	07.21.2004-111118	7236219	502
126678.973101182	07.21.2004-111118	7236220	502
126678.982867105	07.21.2004-111118	7236221	503
126678.992633027	07.21.2004-111118	7236222	505
126679.002398949	07.21.2004-111119	7236223	507
126679.012164871	07.21.2004-111119	7236224	504
126679.021930793	07.21.2004-111119	7236225	504
126679.031696715	07.21.2004-111119	7236226	504
126679.041462638	07.21.2004-111119	7236227	504
126679.05122856	07.21.2004-111119	7236228	501
126679.060994482	07.21.2004-111119	7236229	507
126679.070760404	07.21.2004-111119	7236230	509
126679.080526326	07.21.2004-111119	7236231	511
126679.090292248	07.21.2004-111119	7236232	512
126679.100058171	07.21.2004-111119	7236233	514
126679.109824093	07.21.2004-111119	7236234	516
126679.119590015	07.21.2004-111119	7236235	516
126679.129355937	07.21.2004-111119	7236236	516
126679.139121859	07.21.2004-111119	7236237	517
126679.148887782	07.21.2004-111119	7236238	516
126679.158653704	07.21.2004-111119	7236239	515
126679.168419626	07.21.2004-111119	7236240	516
126679.178185548	07.21.2004-111119	7236241	514
126679.18795147	07.21.2004-111119	7236242	514
126679.197717392	07.21.2004-111119	7236243	514
126679.207483315	07.21.2004-111119	7236244	513
126679.217249237	07.21.2004-111119	7236245	513
126679.227015159	07.21.2004-111119	7236246	511
126679.236781081	07.21.2004-111119	7236247	509
126679.246547003	07.21.2004-111119	7236248	508
126679.256312925	07.21.2004-111119	7236249	507
126679.266078848	07.21.2004-111119	7236250	508
126679.27584477	07.21.2004-111119	7236251	508
126679.285610692	07.21.2004-111119	7236252	508
126679.295376614	07.21.2004-111119	7236253	508
126679.305142536	07.21.2004-111119	7236254	496
126679.314908458	07.21.2004-111119	7236255	503
126679.324674381	07.21.2004-111119	7236256	504
126679.334440303	07.21.2004-111119	7236257	504
126679.344206225	07.21.2004-111119	7236258	503
126679.353972147	07.21.2004-111119	7236259	503
126679.363738069	07.21.2004-111119	7236260	504
126679.373503992	07.21.2004-111119	7236261	504
126679.383269914	07.21.2004-111119	7236262	503
126679.393035836	07.21.2004-111119	7236263	504
126679.402801758	07.21.2004-111119	7236264	504
126679.41256768	07.21.2004-111119	7236265	506
126679.422333602	07.21.2004-111119	7236266	505
126679.432099525	07.21.2004-111119	7236267	505
126679.441865447	07.21.2004-111119	7236268	506
126679.451631369	07.21.2004-111119	7236269	507
126679.461397291	07.21.2004-111119	7236270	507
126679.471163213	07.21.2004-111119	7236271	509
126679.480929135	07.21.2004-111119	7236272	509
126679.490695058	07.21.2004-111119	7236273	510
126679.50046098	07.21.2004-111119	7236274	512
126679.510226902	07.21.2004-111119	7236275	512
126679.519992824	07.21.2004-111119	7236276	512
126679.529758746	07.21.2004-111119	7236277	512
126679.539524668	07.21.2004-111119	7236278	500
126679.549290591	07.21.2004-111119	7236279	509
126679.559056513	07.21.2004-111119	7236280	509
126679.568822435	07.21.2004-111119	7236281	510
126679.578588357	07.21.2004-111119	7236282	509
126679.588354279	07.21.2004-111119	7236283	509
126679.598120202	07.21.2004-111119	7236284	508
126679.607886124	07.21.2004-111119	7236285	508
126679.617652046	07.21.2004-111119	7236286	508
126679.627417968	07.21.2004-111119	7236287	507
126679.63718389	07.21.2004-111119	7236288	506
126679.646949812	07.21.2004-111119	7236289	507
126679.656715735	07.21.2004-111119	7236290	505
126679.666481657	07.21.2004-111119	7236291	505
126679.676247579	07.21.2004-111119	7236292	505
126679.686013501	07.21.2004-111119	7236293	505
126679.695779423	07.21.2004-111119	7236294	505
126679.705545345	07.21.2004-111119	7236295	506
126679.715311268	07.21.2004-111119	7236296	505
126679.72507719	07.21.2004-111119	7236297	506
126679.734843112	07.21.2004-111119	7236298	505
126679.744609034	07.21.2004-111119	7236299	505
126679.754374956	07.21.2004-111119	7236300	505
126679.764140878	07.21.2004-111119	7236301	505
126679.773906801	07.21.2004-111119	7236302	505
126679.783672723	07.21.2004-111119	7236303	499
