126660.262775844 ORIG:07.21.2004-111100 7234497 507
126660.272541771 ORIG:07.21.2004-111100 7234498 510
126660.282307699 ORIG:07.21.2004-111100 7234499 508
126660.292073627 ORIG:07.21.2004-111100 7234500 535
126660.301839555 ORIG:07.21.2004-111100 7234501 535
126660.311605482 ORIG:07.21.2004-111100 7234502 535
126660.32137141 ORIG:07.21.2004-111100 7234503 535
126660.331137338 ORIG:07.21.2004-111100 7234504 507
126660.340903266 ORIG:07.21.2004-111100 7234505 511
126660.350669193 ORIG:07.21.2004-111100 7234506 510
126660.360435121 ORIG:07.21.2004-111100 7234507 512
126660.370201049 ORIG:07.21.2004-111100 7234508 511
126660.379966977 ORIG:07.21.2004-111100 7234509 511
126660.389732904 ORIG:07.21.2004-111100 7234510 510
126660.399498832 ORIG:07.21.2004-111100 7234511 510
126660.40926476 ORIG:07.21.2004-111100 7234512 512
126660.419030688 ORIG:07.21.2004-111100 7234513 511
126660.428796615 ORIG:07.21.2004-111100 7234514 511
126660.438562543 ORIG:07.21.2004-111100 7234515 511
126660.448328471 ORIG:07.21.2004-111100 7234516 511
126660.458094399 ORIG:07.21.2004-111100 7234517 511
126660.467860326 ORIG:07.21.2004-111100 7234518 513
126660.477626254 ORIG:07.21.2004-111100 7234519 511
126660.487392182 ORIG:07.21.2004-111100 7234520 511
126660.49715811 ORIG:07.21.2004-111100 7234521 511
126660.506924037 ORIG:07.21.2004-111100 7234522 511
126660.516689965 ORIG:07.21.2004-111100 7234523 511
126660.526455893 ORIG:07.21.2004-111100 7234524 511
126660.53622182 ORIG:07.21.2004-111100 7234525 508
126660.545987748 ORIG:07.21.2004-111100 7234526 508
126660.555753676 ORIG:07.21.2004-111100 7234527 508
126660.565519604 ORIG:07.21.2004-111100 7234528 508
126660.575285531 ORIG:07.21.2004-111100 7234529 494
126660.585051459 ORIG:07.21.2004-111100 7234530 508
126660.594817387 ORIG:07.21.2004-111100 7234531 509
126660.604583315 ORIG:07.21.2004-111100 7234532 511
126660.614349242 ORIG:07.21.2004-111100 7234533 511
126660.62411517 ORIG:07.21.2004-111100 7234534 511
126660.633881098 ORIG:07.21.2004-111100 7234535 511
126660.643647026 ORIG:07.21.2004-111100 7234536 501
126660.653412953 ORIG:07.21.2004-111100 7234537 512
126660.663178881 ORIG:07.21.2004-111100 7234538 510
126660.672944809 ORIG:07.21.2004-111100 7234539 509
126660.682710737 ORIG:07.21.2004-111100 7234540 510
126660.692476664 ORIG:07.21.2004-111100 7234541 511
126660.702242592 ORIG:07.21.2004-111100 7234542 510
126660.71200852 ORIG:07.21.2004-111100 7234543 509
126660.721774448 ORIG:07.21.2004-111100 7234544 510
126660.731540375 ORIG:07.21.2004-111100 7234545 511
126660.741306303 ORIG:07.21.2004-111100 7234546 510
126660.751072231 ORIG:07.21.2004-111100 7234547 510
126660.760838158 ORIG:07.21.2004-111100 7234548 511
126660.770604086 ORIG:07.21.2004-111100 7234549 510
126660.780370014 ORIG:07.21.2004-111100 7234550 507
126660.790135942 ORIG:07.21.2004-111100 7234551 507
126660.799901869 ORIG:07.21.2004-111100 7234552 507
126660.809667797 ORIG:07.21.2004-111100 7234553 507
126660.819433725 ORIG:07.21.2004-111100 7234554 501
126660.829199653 ORIG:07.21.2004-111100 7234555 504
126660.83896558 ORIG:07.21.2004-111100 7234556 505
126660.848731508 ORIG:07.21.2004-111100 7234557 505
126660.858497436 ORIG:07.21.2004-111100 7234558 505
126660.868263364 ORIG:07.21.2004-111100 7234559 506
126660.878029291 ORIG:07.21.2004-111100 7234560 505
126660.887795219 ORIG:07.21.2004-111100 7234561 506
126660.897561147 ORIG:07.21.2004-111100 7234562 506
126660.907327075 ORIG:07.21.2004-111100 7234563 506
126660.917093002 ORIG:07.21.2004-111100 7234564 507
126660.92685893 ORIG:07.21.2004-111100 7234565 505
126660.936624858 ORIG:07.21.2004-111100 7234566 506
126660.946390786 ORIG:07.21.2004-111100 7234567 505
126660.956156713 ORIG:07.21.2004-111100 7234568 507
126660.965922641 ORIG:07.21.2004-111100 7234569 505
126660.975688569 ORIG:07.21.2004-111100 7234570 505
126660.985454496 ORIG:07.21.2004-111100 7234571 506
126660.995220424 ORIG:07.21.2004-111100 7234572 506
126661.004986352 ORIG:07.21.2004-111101 7234573 506
126661.01475228 ORIG:07.21.2004-111101 7234574 503
126661.024518207 ORIG:07.21.2004-111101 7234575 504
126661.034284135 ORIG:07.21.2004-111101 7234576 504
126661.044050063 ORIG:07.21.2004-111101 7234577 504
126661.053815991 ORIG:07.21.2004-111101 7234578 504
126661.063581918 ORIG:07.21.2004-111101 7234579 498
126661.073347846 ORIG:07.21.2004-111101 7234580 504
126661.083113774 ORIG:07.21.2004-111101 7234581 506
126661.092879702 ORIG:07.21.2004-111101 7234582 505
126661.102645629 ORIG:07.21.2004-111101 7234583 509
126661.112411557 ORIG:07.21.2004-111101 7234584 505
126661.122177485 ORIG:07.21.2004-111101 7234585 504
126661.131943413 ORIG:07.21.2004-111101 7234586 504
126661.14170934 ORIG:07.21.2004-111101 7234587 506
126661.151475268 ORIG:07.21.2004-111101 7234588 505
126661.161241196 ORIG:07.21.2004-111101 7234589 506
126661.171007124 ORIG:07.21.2004-111101 7234590 505
126661.180773051 ORIG:07.21.2004-111101 7234591 506
126661.190538979 ORIG:07.21.2004-111101 7234592 505
126661.200304907 ORIG:07.21.2004-111101 7234593 506
126661.210070834 ORIG:07.21.2004-111101 7234594 506
126661.219836762 ORIG:07.21.2004-111101 7234595 506
126661.22960269 ORIG:07.21.2004-111101 7234596 510
126661.239368618 ORIG:07.21.2004-111101 7234597 507
126661.249134545 ORIG:07.21.2004-111101 7234598 506
126661.258900473 ORIG:07.21.2004-111101 7234599 506
126661.268666401 ORIG:07.21.2004-111101 7234600 503
126661.278432329 ORIG:07.21.2004-111101 7234601 503
126661.288198256 ORIG:07.21.2004-111101 7234602 503
126661.297964184 ORIG:07.21.2004-111101 7234603 503
126661.307730112 ORIG:07.21.2004-111101 7234604 494
126661.31749604 ORIG:07.21.2004-111101 7234605 501
126661.327261967 ORIG:07.21.2004-111101 7234606 501
126661.337027895 ORIG:07.21.2004-111101 7234607 508
126661.346793823 ORIG:07.21.2004-111101 7234608 502
126661.356559751 ORIG:07.21.2004-111101 7234609 502
126661.366325678 ORIG:07.21.2004-111101 7234610 506
126661.376091606 ORIG:07.21.2004-111101 7234611 502
126661.385857534 ORIG:07.21.2004-111101 7234612 503
126661.395623462 ORIG:07.21.2004-111101 7234613 502
126661.405389389 ORIG:07.21.2004-111101 7234614 502
126661.415155317 ORIG:07.21.2004-111101 7234615 502
126661.424921245 ORIG:07.21.2004-111101 7234616 501
126661.434687172 ORIG:07.21.2004-111101 7234617 502
126661.4444531 ORIG:07.21.2004-111101 7234618 501
126661.454219028 ORIG:07.21.2004-111101 7234619 503
126661.463984956 ORIG:07.21.2004-111101 7234620 501
126661.473750883 ORIG:07.21.2004-111101 7234621 504
126661.483516811 ORIG:07.21.2004-111101 7234622 502
126661.493282739 ORIG:07.21.2004-111101 7234623 502
126661.503048667 ORIG:07.21.2004-111101 7234624 503
126661.512814594 ORIG:07.21.2004-111101 7234625 503
126661.522580522 ORIG:07.21.2004-111101 7234626 503
126661.53234645 ORIG:07.21.2004-111101 7234627 503
126661.542112378 ORIG:07.21.2004-111101 7234628 496
126661.551878305 ORIG:07.21.2004-111101 7234629 504
126661.561644233 ORIG:07.21.2004-111101 7234630 506
126661.571410161 ORIG:07.21.2004-111101 7234631 505
126661.581176089 ORIG:07.21.2004-111101 7234632 508
126661.590942016 ORIG:07.21.2004-111101 7234633 506
126661.600707944 ORIG:07.21.2004-111101 7234634 506
126661.610473872 ORIG:07.21.2004-111101 7234635 506
126661.6202398 ORIG:07.21.2004-111101 7234636 510
126661.630005727 ORIG:07.21.2004-111101 7234637 506
126661.639771655 ORIG:07.21.2004-111101 7234638 506
126661.649537583 ORIG:07.21.2004-111101 7234639 506
126661.659303511 ORIG:07.21.2004-111101 7234640 510
126661.669069438 ORIG:07.21.2004-111101 7234641 506
126661.678835366 ORIG:07.21.2004-111101 7234642 506
126661.688601294 ORIG:07.21.2004-111101 7234643 506
126661.698367221 ORIG:07.21.2004-111101 7234644 505
126661.708133149 ORIG:07.21.2004-111101 7234645 507
126661.717899077 ORIG:07.21.2004-111101 7234646 506
126661.727665005 ORIG:07.21.2004-111101 7234647 506
126661.737430932 ORIG:07.21.2004-111101 7234648 506
126661.74719686 ORIG:07.21.2004-111101 7234649 507
126661.756962788 ORIG:07.21.2004-111101 7234650 503
126661.766728716 ORIG:07.21.2004-111101 7234651 503
126661.776494643 ORIG:07.21.2004-111101 7234652 503
126661.786260571 ORIG:07.21.2004-111101 7234653 503
126661.796026499 ORIG:07.21.2004-111101 7234654 498
126661.805792427 ORIG:07.21.2004-111101 7234655 500
126661.815558354 ORIG:07.21.2004-111101 7234656 501
126661.825324282 ORIG:07.21.2004-111101 7234657 502
126661.83509021 ORIG:07.21.2004-111101 7234658 502
126661.844856138 ORIG:07.21.2004-111101 7234659 502
126661.854622065 ORIG:07.21.2004-111101 7234660 502
126661.864387993 ORIG:07.21.2004-111101 7234661 502
126661.874153921 ORIG:07.21.2004-111101 7234662 504
126661.883919849 ORIG:07.21.2004-111101 7234663 502
126661.893685776 ORIG:07.21.2004-111101 7234664 502
126661.903451704 ORIG:07.21.2004-111101 7234665 502
126661.913217632 ORIG:07.21.2004-111101 7234666 503
126661.922983559 ORIG:07.21.2004-111101 7234667 502
126661.932749487 ORIG:07.21.2004-111101 7234668 503
126661.942515415 ORIG:07.21.2004-111101 7234669 503
126661.952281343 ORIG:07.21.2004-111101 7234670 507
126661.96204727 ORIG:07.21.2004-111101 7234671 502
126661.971813198 ORIG:07.21.2004-111101 7234672 504
126661.981579126 ORIG:07.21.2004-111101 7234673 502
126661.991345054 ORIG:07.21.2004-111101 7234674 503
126662.001110981 ORIG:07.21.2004-111102 7234675 504
126662.010876909 ORIG:07.21.2004-111102 7234676 533
126662.020642837 ORIG:07.21.2004-111102 7234677 533
126662.030408765 ORIG:07.21.2004-111102 7234678 533
126662.040174692 ORIG:07.21.2004-111102 7234679 533
126662.04994062 ORIG:07.21.2004-111102 7234680 508
126662.059706548 ORIG:07.21.2004-111102 7234681 510
126662.069472476 ORIG:07.21.2004-111102 7234682 510
126662.079238403 ORIG:07.21.2004-111102 7234683 511
126662.089004331 ORIG:07.21.2004-111102 7234684 511
126662.098770259 ORIG:07.21.2004-111102 7234685 510
126662.108536187 ORIG:07.21.2004-111102 7234686 511
126662.118302114 ORIG:07.21.2004-111102 7234687 512
126662.128068042 ORIG:07.21.2004-111102 7234688 511
126662.13783397 ORIG:07.21.2004-111102 7234689 511
126662.147599897 ORIG:07.21.2004-111102 7234690 511
126662.157365825 ORIG:07.21.2004-111102 7234691 511
126662.167131753 ORIG:07.21.2004-111102 7234692 513
126662.176897681 ORIG:07.21.2004-111102 7234693 511
126662.186663608 ORIG:07.21.2004-111102 7234694 510
126662.196429536 ORIG:07.21.2004-111102 7234695 511
126662.206195464 ORIG:07.21.2004-111102 7234696 511
126662.215961392 ORIG:07.21.2004-111102 7234697 512
126662.225727319 ORIG:07.21.2004-111102 7234698 511
126662.235493247 ORIG:07.21.2004-111102 7234699 510
126662.245259175 ORIG:07.21.2004-111102 7234700 510
126662.255025103 ORIG:07.21.2004-111102 7234701 510
126662.26479103 ORIG:07.21.2004-111102 7234702 510
126662.274556958 ORIG:07.21.2004-111102 7234703 499
126662.284322886 ORIG:07.21.2004-111102 7234704 505
126662.294088814 ORIG:07.21.2004-111102 7234705 505
126662.303854741 ORIG:07.21.2004-111102 7234706 506
126662.313620669 ORIG:07.21.2004-111102 7234707 506
126662.323386597 ORIG:07.21.2004-111102 7234708 506
126662.333152525 ORIG:07.21.2004-111102 7234709 507
126662.342918452 ORIG:07.21.2004-111102 7234710 507
126662.35268438 ORIG:07.21.2004-111102 7234711 507
126662.362450308 ORIG:07.21.2004-111102 7234712 507
126662.372216236 ORIG:07.21.2004-111102 7234713 507
126662.381982163 ORIG:07.21.2004-111102 7234714 510
126662.391748091 ORIG:07.21.2004-111102 7234715 507
126662.401514019 ORIG:07.21.2004-111102 7234716 506
126662.411279946 ORIG:07.21.2004-111102 7234717 507
126662.421045874 ORIG:07.21.2004-111102 7234718 506
126662.430811802 ORIG:07.21.2004-111102 7234719 506
126662.44057773 ORIG:07.21.2004-111102 7234720 510
126662.450343657 ORIG:07.21.2004-111102 7234721 506
126662.460109585 ORIG:07.21.2004-111102 7234722 506
126662.469875513 ORIG:07.21.2004-111102 7234723 507
126662.479641441 ORIG:07.21.2004-111102 7234724 507
126662.489407368 ORIG:07.21.2004-111102 7234725 507
126662.499173296 ORIG:07.21.2004-111102 7234726 507
126662.508939224 ORIG:07.21.2004-111102 7234727 507
126662.518705152 ORIG:07.21.2004-111102 7234728 498
126662.528471079 ORIG:07.21.2004-111102 7234729 509
126662.538237007 ORIG:07.21.2004-111102 7234730 509
126662.548002935 ORIG:07.21.2004-111102 7234731 510
126662.557768863 ORIG:07.21.2004-111102 7234732 511
126662.56753479 ORIG:07.21.2004-111102 7234733 510
126662.577300718 ORIG:07.21.2004-111102 7234734 511
126662.587066646 ORIG:07.21.2004-111102 7234735 511
126662.596832574 ORIG:07.21.2004-111102 7234736 511
126662.606598501 ORIG:07.21.2004-111102 7234737 512
126662.616364429 ORIG:07.21.2004-111102 7234738 511
126662.626130357 ORIG:07.21.2004-111102 7234739 511
126662.635896284 ORIG:07.21.2004-111102 7234740 512
126662.645662212 ORIG:07.21.2004-111102 7234741 511
126662.65542814 ORIG:07.21.2004-111102 7234742 511
126662.665194068 ORIG:07.21.2004-111102 7234743 510
126662.674959995 ORIG:07.21.2004-111102 7234744 515
126662.684725923 ORIG:07.21.2004-111102 7234745 510
126662.694491851 ORIG:07.21.2004-111102 7234746 510
126662.704257779 ORIG:07.21.2004-111102 7234747 511
126662.714023706 ORIG:07.21.2004-111102 7234748 510
126662.723789634 ORIG:07.21.2004-111102 7234749 511
126662.733555562 ORIG:07.21.2004-111102 7234750 511
126662.74332149 ORIG:07.21.2004-111102 7234751 511
126662.753087417 ORIG:07.21.2004-111102 7234752 511
126662.762853345 ORIG:07.21.2004-111102 7234753 495
126662.772619273 ORIG:07.21.2004-111102 7234754 504
126662.782385201 ORIG:07.21.2004-111102 7234755 505
126662.792151128 ORIG:07.21.2004-111102 7234756 507
126662.801917056 ORIG:07.21.2004-111102 7234757 505
126662.811682984 ORIG:07.21.2004-111102 7234758 510
126662.821448912 ORIG:07.21.2004-111102 7234759 506
126662.831214839 ORIG:07.21.2004-111102 7234760 505
126662.840980767 ORIG:07.21.2004-111102 7234761 506
126662.850746695 ORIG:07.21.2004-111102 7234762 505
126662.860512622 ORIG:07.21.2004-111102 7234763 506
126662.87027855 ORIG:07.21.2004-111102 7234764 509
126662.880044478 ORIG:07.21.2004-111102 7234765 505
126662.889810406 ORIG:07.21.2004-111102 7234766 505
126662.899576333 ORIG:07.21.2004-111102 7234767 505
126662.909342261 ORIG:07.21.2004-111102 7234768 506
126662.919108189 ORIG:07.21.2004-111102 7234769 505
126662.928874117 ORIG:07.21.2004-111102 7234770 505
126662.938640044 ORIG:07.21.2004-111102 7234771 509
126662.948405972 ORIG:07.21.2004-111102 7234772 506
126662.9581719 ORIG:07.21.2004-111102 7234773 506
126662.967937828 ORIG:07.21.2004-111102 7234774 505
126662.977703755 ORIG:07.21.2004-111102 7234775 535
126662.987469683 ORIG:07.21.2004-111102 7234776 535
126662.997235611 ORIG:07.21.2004-111102 7234777 535
126663.007001539 ORIG:07.21.2004-111103 7234778 535
126663.016767466 ORIG:07.21.2004-111103 7234779 506
126663.026533394 ORIG:07.21.2004-111103 7234780 511
126663.036299322 ORIG:07.21.2004-111103 7234781 506
126663.04606525 ORIG:07.21.2004-111103 7234782 510
126663.055831177 ORIG:07.21.2004-111103 7234783 505
126663.065597105 ORIG:07.21.2004-111103 7234784 506
126663.075363033 ORIG:07.21.2004-111103 7234785 507
126663.085128961 ORIG:07.21.2004-111103 7234786 506
126663.094894888 ORIG:07.21.2004-111103 7234787 505
126663.104660816 ORIG:07.21.2004-111103 7234788 505
126663.114426744 ORIG:07.21.2004-111103 7234789 510
126663.124192671 ORIG:07.21.2004-111103 7234790 505
126663.133958599 ORIG:07.21.2004-111103 7234791 505
126663.143724527 ORIG:07.21.2004-111103 7234792 506
126663.153490455 ORIG:07.21.2004-111103 7234793 506
126663.163256382 ORIG:07.21.2004-111103 7234794 504
126663.17302231 ORIG:07.21.2004-111103 7234795 505
126663.182788238 ORIG:07.21.2004-111103 7234796 506
126663.192554166 ORIG:07.21.2004-111103 7234797 505
126663.202320093 ORIG:07.21.2004-111103 7234798 505
126663.212086021 ORIG:07.21.2004-111103 7234799 506
126663.221851949 ORIG:07.21.2004-111103 7234800 503
126663.231617877 ORIG:07.21.2004-111103 7234801 503
126663.241383804 ORIG:07.21.2004-111103 7234802 503
126663.251149732 ORIG:07.21.2004-111103 7234803 495
126663.26091566 ORIG:07.21.2004-111103 7234804 499
126663.270681588 ORIG:07.21.2004-111103 7234805 501
126663.280447515 ORIG:07.21.2004-111103 7234806 501
126663.290213443 ORIG:07.21.2004-111103 7234807 504
126663.299979371 ORIG:07.21.2004-111103 7234808 500
126663.309745299 ORIG:07.21.2004-111103 7234809 501
126663.319511226 ORIG:07.21.2004-111103 7234810 502
126663.329277154 ORIG:07.21.2004-111103 7234811 501
126663.339043082 ORIG:07.21.2004-111103 7234812 501
126663.348809009 ORIG:07.21.2004-111103 7234813 501
126663.358574937 ORIG:07.21.2004-111103 7234814 502
126663.368340865 ORIG:07.21.2004-111103 7234815 502
126663.378106793 ORIG:07.21.2004-111103 7234816 501
126663.38787272 ORIG:07.21.2004-111103 7234817 502
126663.397638648 ORIG:07.21.2004-111103 7234818 501
126663.407404576 ORIG:07.21.2004-111103 7234819 501
126663.417170504 ORIG:07.21.2004-111103 7234820 503
126663.426936431 ORIG:07.21.2004-111103 7234821 502
126663.436702359 ORIG:07.21.2004-111103 7234822 506
126663.446468287 ORIG:07.21.2004-111103 7234823 503
126663.456234215 ORIG:07.21.2004-111103 7234824 502
126663.466000142 ORIG:07.21.2004-111103 7234825 505
126663.47576607 ORIG:07.21.2004-111103 7234826 505
126663.485531998 ORIG:07.21.2004-111103 7234827 505
126663.495297926 ORIG:07.21.2004-111103 7234828 505
126663.505063853 ORIG:07.21.2004-111103 7234829 498
126663.514829781 ORIG:07.21.2004-111103 7234830 504
126663.524595709 ORIG:07.21.2004-111103 7234831 505
126663.534361637 ORIG:07.21.2004-111103 7234832 505
126663.544127564 ORIG:07.21.2004-111103 7234833 506
126663.553893492 ORIG:07.21.2004-111103 7234834 509
126663.56365942 ORIG:07.21.2004-111103 7234835 506
126663.573425347 ORIG:07.21.2004-111103 7234836 507
126663.583191275 ORIG:07.21.2004-111103 7234837 506
126663.592957203 ORIG:07.21.2004-111103 7234838 505
126663.602723131 ORIG:07.21.2004-111103 7234839 506
126663.612489058 ORIG:07.21.2004-111103 7234840 505
126663.622254986 ORIG:07.21.2004-111103 7234841 505
126663.632020914 ORIG:07.21.2004-111103 7234842 506
126663.641786842 ORIG:07.21.2004-111103 7234843 505
126663.651552769 ORIG:07.21.2004-111103 7234844 505
126663.661318697 ORIG:07.21.2004-111103 7234845 505
126663.671084625 ORIG:07.21.2004-111103 7234846 504
126663.680850553 ORIG:07.21.2004-111103 7234847 506
126663.69061648 ORIG:07.21.2004-111103 7234848 505
126663.700382408 ORIG:07.21.2004-111103 7234849 506
126663.710148336 ORIG:07.21.2004-111103 7234850 504
126663.719914264 ORIG:07.21.2004-111103 7234851 504
126663.729680191 ORIG:07.21.2004-111103 7234852 504
126663.739446119 ORIG:07.21.2004-111103 7234853 504
126663.749212047 ORIG:07.21.2004-111103 7234854 493
126663.758977975 ORIG:07.21.2004-111103 7234855 505
126663.768743902 ORIG:07.21.2004-111103 7234856 501
126663.77850983 ORIG:07.21.2004-111103 7234857 501
126663.788275758 ORIG:07.21.2004-111103 7234858 503
126663.798041686 ORIG:07.21.2004-111103 7234859 501
126663.807807613 ORIG:07.21.2004-111103 7234860 502
126663.817573541 ORIG:07.21.2004-111103 7234861 506
126663.827339469 ORIG:07.21.2004-111103 7234862 503
126663.837105396 ORIG:07.21.2004-111103 7234863 503
126663.846871324 ORIG:07.21.2004-111103 7234864 502
126663.856637252 ORIG:07.21.2004-111103 7234865 502
126663.86640318 ORIG:07.21.2004-111103 7234866 504
126663.876169107 ORIG:07.21.2004-111103 7234867 503
126663.885935035 ORIG:07.21.2004-111103 7234868 503
126663.895700963 ORIG:07.21.2004-111103 7234869 501
126663.905466891 ORIG:07.21.2004-111103 7234870 503
126663.915232818 ORIG:07.21.2004-111103 7234871 503
126663.924998746 ORIG:07.21.2004-111103 7234872 503
126663.934764674 ORIG:07.21.2004-111103 7234873 503
126663.944530602 ORIG:07.21.2004-111103 7234874 502
126663.954296529 ORIG:07.21.2004-111103 7234875 505
126663.964062457 ORIG:07.21.2004-111103 7234876 505
126663.973828385 ORIG:07.21.2004-111103 7234877 505
126663.983594313 ORIG:07.21.2004-111103 7234878 505
126663.99336024 ORIG:07.21.2004-111103 7234879 499
126664.003126168 ORIG:07.21.2004-111104 7234880 504
126664.012892096 ORIG:07.21.2004-111104 7234881 508
126664.022658024 ORIG:07.21.2004-111104 7234882 509
126664.032423951 ORIG:07.21.2004-111104 7234883 510
126664.042189879 ORIG:07.21.2004-111104 7234884 512
126664.051955807 ORIG:07.21.2004-111104 7234885 510
126664.061721734 ORIG:07.21.2004-111104 7234886 511
126664.071487662 ORIG:07.21.2004-111104 7234887 512
126664.08125359 ORIG:07.21.2004-111104 7234888 511
126664.091019518 ORIG:07.21.2004-111104 7234889 511
126664.100785445 ORIG:07.21.2004-111104 7234890 511
126664.110551373 ORIG:07.21.2004-111104 7234891 511
126664.120317301 ORIG:07.21.2004-111104 7234892 511
126664.130083229 ORIG:07.21.2004-111104 7234893 511
126664.139849156 ORIG:07.21.2004-111104 7234894 513
126664.149615084 ORIG:07.21.2004-111104 7234895 510
126664.159381012 ORIG:07.21.2004-111104 7234896 510
126664.16914694 ORIG:07.21.2004-111104 7234897 511
126664.178912867 ORIG:07.21.2004-111104 7234898 512
126664.188678795 ORIG:07.21.2004-111104 7234899 511
126664.198444723 ORIG:07.21.2004-111104 7234900 521
126664.208210651 ORIG:07.21.2004-111104 7234901 521
126664.217976578 ORIG:07.21.2004-111104 7234902 521
126664.227742506 ORIG:07.21.2004-111104 7234903 521
126664.237508434 ORIG:07.21.2004-111104 7234904 503
126664.247274362 ORIG:07.21.2004-111104 7234905 505
126664.257040289 ORIG:07.21.2004-111104 7234906 510
126664.266806217 ORIG:07.21.2004-111104 7234907 505
126664.276572145 ORIG:07.21.2004-111104 7234908 506
126664.286338072 ORIG:07.21.2004-111104 7234909 507
126664.296104 ORIG:07.21.2004-111104 7234910 506
126664.305869928 ORIG:07.21.2004-111104 7234911 506
126664.315635856 ORIG:07.21.2004-111104 7234912 506
126664.325401783 ORIG:07.21.2004-111104 7234913 506
126664.335167711 ORIG:07.21.2004-111104 7234914 507
126664.344933639 ORIG:07.21.2004-111104 7234915 507
126664.354699567 ORIG:07.21.2004-111104 7234916 508
126664.364465494 ORIG:07.21.2004-111104 7234917 507
126664.374231422 ORIG:07.21.2004-111104 7234918 506
126664.38399735 ORIG:07.21.2004-111104 7234919 506
126664.393763278 ORIG:07.21.2004-111104 7234920 506
126664.403529205 ORIG:07.21.2004-111104 7234921 507
126664.413295133 ORIG:07.21.2004-111104 7234922 506
126664.423061061 ORIG:07.21.2004-111104 7234923 506
126664.432826989 ORIG:07.21.2004-111104 7234924 508
126664.442592916 ORIG:07.21.2004-111104 7234925 508
126664.452358844 ORIG:07.21.2004-111104 7234926 508
126664.462124772 ORIG:07.21.2004-111104 7234927 508
126664.4718907 ORIG:07.21.2004-111104 7234928 498
126664.481656627 ORIG:07.21.2004-111104 7234929 509
126664.491422555 ORIG:07.21.2004-111104 7234930 509
126664.501188483 ORIG:07.21.2004-111104 7234931 511
126664.510954411 ORIG:07.21.2004-111104 7234932 510
126664.520720338 ORIG:07.21.2004-111104 7234933 514
126664.530486266 ORIG:07.21.2004-111104 7234934 510
126664.540252194 ORIG:07.21.2004-111104 7234935 511
126664.550018121 ORIG:07.21.2004-111104 7234936 511
126664.559784049 ORIG:07.21.2004-111104 7234937 511
126664.569549977 ORIG:07.21.2004-111104 7234938 510
126664.579315905 ORIG:07.21.2004-111104 7234939 510
126664.589081832 ORIG:07.21.2004-111104 7234940 514
126664.59884776 ORIG:07.21.2004-111104 7234941 511
126664.608613688 ORIG:07.21.2004-111104 7234942 511
126664.618379616 ORIG:07.21.2004-111104 7234943 511
126664.628145543 ORIG:07.21.2004-111104 7234944 516
126664.637911471 ORIG:07.21.2004-111104 7234945 510
126664.647677399 ORIG:07.21.2004-111104 7234946 511
126664.657443327 ORIG:07.21.2004-111104 7234947 511
126664.667209254 ORIG:07.21.2004-111104 7234948 512
126664.676975182 ORIG:07.21.2004-111104 7234949 510
126664.68674111 ORIG:07.21.2004-111104 7234950 506
126664.696507038 ORIG:07.21.2004-111104 7234951 506
126664.706272965 ORIG:07.21.2004-111104 7234952 506
126664.716038893 ORIG:07.21.2004-111104 7234953 506
126664.725804821 ORIG:07.21.2004-111104 7234954 501
126664.735570749 ORIG:07.21.2004-111104 7234955 504
126664.745336676 ORIG:07.21.2004-111104 7234956 505
126664.755102604 ORIG:07.21.2004-111104 7234957 505
126664.764868532 ORIG:07.21.2004-111104 7234958 506
126664.774634459 ORIG:07.21.2004-111104 7234959 506
126664.784400387 ORIG:07.21.2004-111104 7234960 507
126664.794166315 ORIG:07.21.2004-111104 7234961 506
126664.803932243 ORIG:07.21.2004-111104 7234962 509
126664.81369817 ORIG:07.21.2004-111104 7234963 507
126664.823464098 ORIG:07.21.2004-111104 7234964 507
126664.833230026 ORIG:07.21.2004-111104 7234965 506
126664.842995954 ORIG:07.21.2004-111104 7234966 506
126664.852761881 ORIG:07.21.2004-111104 7234967 506
126664.862527809 ORIG:07.21.2004-111104 7234968 511
126664.872293737 ORIG:07.21.2004-111104 7234969 506
126664.882059665 ORIG:07.21.2004-111104 7234970 506
126664.891825592 ORIG:07.21.2004-111104 7234971 506
126664.90159152 ORIG:07.21.2004-111104 7234972 506
126664.911357448 ORIG:07.21.2004-111104 7234973 505
126664.921123376 ORIG:07.21.2004-111104 7234974 505
126664.930889303 ORIG:07.21.2004-111104 7234975 508
126664.940655231 ORIG:07.21.2004-111104 7234976 508
126664.950421159 ORIG:07.21.2004-111104 7234977 508
126664.960187087 ORIG:07.21.2004-111104 7234978 508
126664.969953014 ORIG:07.21.2004-111104 7234979 500
126664.979718942 ORIG:07.21.2004-111104 7234980 508
126664.98948487 ORIG:07.21.2004-111104 7234981 509
126664.999250797 ORIG:07.21.2004-111104 7234982 509
126665.009016725 ORIG:07.21.2004-111105 7234983 513
126665.018782653 ORIG:07.21.2004-111105 7234984 509
126665.028548581 ORIG:07.21.2004-111105 7234985 510
126665.038314508 ORIG:07.21.2004-111105 7234986 511
126665.048080436 ORIG:07.21.2004-111105 7234987 505
126665.057846364 ORIG:07.21.2004-111105 7234988 505
126665.067612292 ORIG:07.21.2004-111105 7234989 505
126665.077378219 ORIG:07.21.2004-111105 7234990 505
126665.087144147 ORIG:07.21.2004-111105 7234991 506
126665.096910075 ORIG:07.21.2004-111105 7234992 506
126665.106676003 ORIG:07.21.2004-111105 7234993 505
126665.11644193 ORIG:07.21.2004-111105 7234994 505
126665.126207858 ORIG:07.21.2004-111105 7234995 506
126665.135973786 ORIG:07.21.2004-111105 7234996 505
126665.145739714 ORIG:07.21.2004-111105 7234997 510
126665.155505641 ORIG:07.21.2004-111105 7234998 506
126665.165271569 ORIG:07.21.2004-111105 7234999 506
126665.175037497 ORIG:07.21.2004-111105 7235000 508
126665.184803425 ORIG:07.21.2004-111105 7235001 508
126665.194569352 ORIG:07.21.2004-111105 7235002 508
126665.20433528 ORIG:07.21.2004-111105 7235003 508
126665.214101208 ORIG:07.21.2004-111105 7235004 498
126665.223867136 ORIG:07.21.2004-111105 7235005 500
126665.233633063 ORIG:07.21.2004-111105 7235006 500
126665.243398991 ORIG:07.21.2004-111105 7235007 502
126665.253164919 ORIG:07.21.2004-111105 7235008 500
126665.262930846 ORIG:07.21.2004-111105 7235009 501
126665.272696774 ORIG:07.21.2004-111105 7235010 502
126665.282462702 ORIG:07.21.2004-111105 7235011 500
126665.29222863 ORIG:07.21.2004-111105 7235012 501
126665.301994557 ORIG:07.21.2004-111105 7235013 500
126665.311760485 ORIG:07.21.2004-111105 7235014 501
126665.321526413 ORIG:07.21.2004-111105 7235015 502
126665.331292341 ORIG:07.21.2004-111105 7235016 501
126665.341058268 ORIG:07.21.2004-111105 7235017 501
126665.350824196 ORIG:07.21.2004-111105 7235018 501
126665.360590124 ORIG:07.21.2004-111105 7235019 501
126665.370356052 ORIG:07.21.2004-111105 7235020 501
126665.380121979 ORIG:07.21.2004-111105 7235021 502
126665.389887907 ORIG:07.21.2004-111105 7235022 502
126665.399653835 ORIG:07.21.2004-111105 7235023 502
126665.409419763 ORIG:07.21.2004-111105 7235024 506
126665.41918569 ORIG:07.21.2004-111105 7235025 530
126665.428951618 ORIG:07.21.2004-111105 7235026 530
126665.438717546 ORIG:07.21.2004-111105 7235027 530
126665.448483474 ORIG:07.21.2004-111105 7235028 530
126665.458249401 ORIG:07.21.2004-111105 7235029 503
126665.468015329 ORIG:07.21.2004-111105 7235030 505
126665.477781257 ORIG:07.21.2004-111105 7235031 506
126665.487547184 ORIG:07.21.2004-111105 7235032 507
126665.497313112 ORIG:07.21.2004-111105 7235033 506
126665.50707904 ORIG:07.21.2004-111105 7235034 506
126665.516844968 ORIG:07.21.2004-111105 7235035 510
126665.526610895 ORIG:07.21.2004-111105 7235036 506
126665.536376823 ORIG:07.21.2004-111105 7235037 506
126665.546142751 ORIG:07.21.2004-111105 7235038 505
126665.555908679 ORIG:07.21.2004-111105 7235039 506
126665.565674606 ORIG:07.21.2004-111105 7235040 506
126665.575440534 ORIG:07.21.2004-111105 7235041 506
126665.585206462 ORIG:07.21.2004-111105 7235042 506
126665.59497239 ORIG:07.21.2004-111105 7235043 506
126665.604738317 ORIG:07.21.2004-111105 7235044 506
126665.614504245 ORIG:07.21.2004-111105 7235045 506
126665.624270173 ORIG:07.21.2004-111105 7235046 507
126665.634036101 ORIG:07.21.2004-111105 7235047 506
126665.643802028 ORIG:07.21.2004-111105 7235048 506
126665.653567956 ORIG:07.21.2004-111105 7235049 507
126665.663333884 ORIG:07.21.2004-111105 7235050 507
126665.673099812 ORIG:07.21.2004-111105 7235051 507
126665.682865739 ORIG:07.21.2004-111105 7235052 507
126665.692631667 ORIG:07.21.2004-111105 7235053 495
126665.702397595 ORIG:07.21.2004-111105 7235054 500
126665.712163522 ORIG:07.21.2004-111105 7235055 500
126665.72192945 ORIG:07.21.2004-111105 7235056 501
126665.731695378 ORIG:07.21.2004-111105 7235057 501
126665.741461306 ORIG:07.21.2004-111105 7235058 502
126665.751227233 ORIG:07.21.2004-111105 7235059 502
126665.760993161 ORIG:07.21.2004-111105 7235060 502
126665.770759089 ORIG:07.21.2004-111105 7235061 502
126665.780525017 ORIG:07.21.2004-111105 7235062 502
126665.790290944 ORIG:07.21.2004-111105 7235063 503
126665.800056872 ORIG:07.21.2004-111105 7235064 502
126665.8098228 ORIG:07.21.2004-111105 7235065 502
126665.819588728 ORIG:07.21.2004-111105 7235066 502
126665.829354655 ORIG:07.21.2004-111105 7235067 502
126665.839120583 ORIG:07.21.2004-111105 7235068 506
126665.848886511 ORIG:07.21.2004-111105 7235069 501
126665.858652439 ORIG:07.21.2004-111105 7235070 501
126665.868418366 ORIG:07.21.2004-111105 7235071 502
126665.878184294 ORIG:07.21.2004-111105 7235072 502
126665.887950222 ORIG:07.21.2004-111105 7235073 502
126665.89771615 ORIG:07.21.2004-111105 7235074 502
126665.907482077 ORIG:07.21.2004-111105 7235075 505
126665.917248005 ORIG:07.21.2004-111105 7235076 505
126665.927013933 ORIG:07.21.2004-111105 7235077 505
126665.93677986 ORIG:07.21.2004-111105 7235078 493
126665.946545788 ORIG:07.21.2004-111105 7235079 504
126665.956311716 ORIG:07.21.2004-111105 7235080 505
126665.966077644 ORIG:07.21.2004-111105 7235081 505
126665.975843571 ORIG:07.21.2004-111105 7235082 506
126665.985609499 ORIG:07.21.2004-111105 7235083 507
126665.995375427 ORIG:07.21.2004-111105 7235084 506
126666.005141355 ORIG:07.21.2004-111106 7235085 506
126666.014907282 ORIG:07.21.2004-111106 7235086 506
126666.02467321 ORIG:07.21.2004-111106 7235087 510
126666.034439138 ORIG:07.21.2004-111106 7235088 511
126666.044205066 ORIG:07.21.2004-111106 7235089 511
126666.053970993 ORIG:07.21.2004-111106 7235090 511
126666.063736921 ORIG:07.21.2004-111106 7235091 512
126666.073502849 ORIG:07.21.2004-111106 7235092 511
126666.083268777 ORIG:07.21.2004-111106 7235093 511
126666.093034704 ORIG:07.21.2004-111106 7235094 511
126666.102800632 ORIG:07.21.2004-111106 7235095 511
126666.11256656 ORIG:07.21.2004-111106 7235096 512
126666.122332488 ORIG:07.21.2004-111106 7235097 511
126666.132098415 ORIG:07.21.2004-111106 7235098 511
126666.141864343 ORIG:07.21.2004-111106 7235099 515
126666.151630271 ORIG:07.21.2004-111106 7235100 510
126666.161396198 ORIG:07.21.2004-111106 7235101 510
126666.171162126 ORIG:07.21.2004-111106 7235102 510
126666.180928054 ORIG:07.21.2004-111106 7235103 510
126666.190693982 ORIG:07.21.2004-111106 7235104 498
126666.200459909 ORIG:07.21.2004-111106 7235105 505
126666.210225837 ORIG:07.21.2004-111106 7235106 505
126666.219991765 ORIG:07.21.2004-111106 7235107 507
126666.229757693 ORIG:07.21.2004-111106 7235108 506
126666.23952362 ORIG:07.21.2004-111106 7235109 506
126666.249289548 ORIG:07.21.2004-111106 7235110 510
126666.259055476 ORIG:07.21.2004-111106 7235111 506
126666.268821404 ORIG:07.21.2004-111106 7235112 506
126666.278587331 ORIG:07.21.2004-111106 7235113 507
126666.288353259 ORIG:07.21.2004-111106 7235114 507
126666.298119187 ORIG:07.21.2004-111106 7235115 507
126666.307885115 ORIG:07.21.2004-111106 7235116 506
126666.317651042 ORIG:07.21.2004-111106 7235117 506
126666.32741697 ORIG:07.21.2004-111106 7235118 506
126666.337182898 ORIG:07.21.2004-111106 7235119 506
126666.346948826 ORIG:07.21.2004-111106 7235120 506
126666.356714753 ORIG:07.21.2004-111106 7235121 507
126666.366480681 ORIG:07.21.2004-111106 7235122 507
126666.376246609 ORIG:07.21.2004-111106 7235123 507
126666.386012537 ORIG:07.21.2004-111106 7235124 507
126666.395778464 ORIG:07.21.2004-111106 7235125 509
126666.405544392 ORIG:07.21.2004-111106 7235126 509
126666.41531032 ORIG:07.21.2004-111106 7235127 509
126666.425076247 ORIG:07.21.2004-111106 7235128 509
126666.434842175 ORIG:07.21.2004-111106 7235129 503
126666.444608103 ORIG:07.21.2004-111106 7235130 510
126666.454374031 ORIG:07.21.2004-111106 7235131 510
126666.464139958 ORIG:07.21.2004-111106 7235132 513
126666.473905886 ORIG:07.21.2004-111106 7235133 510
126666.483671814 ORIG:07.21.2004-111106 7235134 510
126666.493437742 ORIG:07.21.2004-111106 7235135 510
126666.503203669 ORIG:07.21.2004-111106 7235136 512
126666.512969597 ORIG:07.21.2004-111106 7235137 511
126666.522735525 ORIG:07.21.2004-111106 7235138 510
126666.532501453 ORIG:07.21.2004-111106 7235139 511
126666.54226738 ORIG:07.21.2004-111106 7235140 512
126666.552033308 ORIG:07.21.2004-111106 7235141 510
126666.561799236 ORIG:07.21.2004-111106 7235142 510
126666.571565164 ORIG:07.21.2004-111106 7235143 515
126666.581331091 ORIG:07.21.2004-111106 7235144 510
126666.591097019 ORIG:07.21.2004-111106 7235145 510
126666.600862947 ORIG:07.21.2004-111106 7235146 510
126666.610628875 ORIG:07.21.2004-111106 7235147 510
126666.620394802 ORIG:07.21.2004-111106 7235148 511
126666.63016073 ORIG:07.21.2004-111106 7235149 510
126666.639926658 ORIG:07.21.2004-111106 7235150 507
126666.649692585 ORIG:07.21.2004-111106 7235151 507
126666.659458513 ORIG:07.21.2004-111106 7235152 507
126666.669224441 ORIG:07.21.2004-111106 7235153 507
126666.678990369 ORIG:07.21.2004-111106 7235154 498
126666.688756296 ORIG:07.21.2004-111106 7235155 510
126666.698522224 ORIG:07.21.2004-111106 7235156 505
126666.708288152 ORIG:07.21.2004-111106 7235157 505
126666.71805408 ORIG:07.21.2004-111106 7235158 505
126666.727820007 ORIG:07.21.2004-111106 7235159 506
126666.737585935 ORIG:07.21.2004-111106 7235160 506
126666.747351863 ORIG:07.21.2004-111106 7235161 506
126666.757117791 ORIG:07.21.2004-111106 7235162 506
126666.766883718 ORIG:07.21.2004-111106 7235163 506
126666.776649646 ORIG:07.21.2004-111106 7235164 506
126666.786415574 ORIG:07.21.2004-111106 7235165 506
126666.796181502 ORIG:07.21.2004-111106 7235166 506
126666.805947429 ORIG:07.21.2004-111106 7235167 506
126666.815713357 ORIG:07.21.2004-111106 7235168 507
126666.825479285 ORIG:07.21.2004-111106 7235169 506
126666.835245213 ORIG:07.21.2004-111106 7235170 510
126666.84501114 ORIG:07.21.2004-111106 7235171 506
126666.854777068 ORIG:07.21.2004-111106 7235172 506
126666.864542996 ORIG:07.21.2004-111106 7235173 506
126666.874308923 ORIG:07.21.2004-111106 7235174 507
126666.884074851 ORIG:07.21.2004-111106 7235175 509
126666.893840779 ORIG:07.21.2004-111106 7235176 509
126666.903606707 ORIG:07.21.2004-111106 7235177 509
126666.913372634 ORIG:07.21.2004-111106 7235178 509
126666.923138562 ORIG:07.21.2004-111106 7235179 502
126666.93290449 ORIG:07.21.2004-111106 7235180 508
126666.942670418 ORIG:07.21.2004-111106 7235181 509
126666.952436345 ORIG:07.21.2004-111106 7235182 510
126666.962202273 ORIG:07.21.2004-111106 7235183 510
126666.971968201 ORIG:07.21.2004-111106 7235184 509
126666.981734129 ORIG:07.21.2004-111106 7235185 510
126666.991500056 ORIG:07.21.2004-111106 7235186 511
126667.001265984 ORIG:07.21.2004-111107 7235187 510
126667.011031912 ORIG:07.21.2004-111107 7235188 510
126667.02079784 ORIG:07.21.2004-111107 7235189 506
126667.030563767 ORIG:07.21.2004-111107 7235190 506
126667.040329695 ORIG:07.21.2004-111107 7235191 506
126667.050095623 ORIG:07.21.2004-111107 7235192 510
126667.059861551 ORIG:07.21.2004-111107 7235193 506
126667.069627478 ORIG:07.21.2004-111107 7235194 505
126667.079393406 ORIG:07.21.2004-111107 7235195 506
126667.089159334 ORIG:07.21.2004-111107 7235196 505
126667.098925261 ORIG:07.21.2004-111107 7235197 506
126667.108691189 ORIG:07.21.2004-111107 7235198 505
126667.118457117 ORIG:07.21.2004-111107 7235199 505
126667.128223045 ORIG:07.21.2004-111107 7235200 523
126667.137988972 ORIG:07.21.2004-111107 7235201 523
126667.1477549 ORIG:07.21.2004-111107 7235202 523
126667.157520828 ORIG:07.21.2004-111107 7235203 523
126667.167286756 ORIG:07.21.2004-111107 7235204 497
126667.177052683 ORIG:07.21.2004-111107 7235205 500
126667.186818611 ORIG:07.21.2004-111107 7235206 501
126667.196584539 ORIG:07.21.2004-111107 7235207 500
126667.206350467 ORIG:07.21.2004-111107 7235208 505
126667.216116394 ORIG:07.21.2004-111107 7235209 501
126667.225882322 ORIG:07.21.2004-111107 7235210 501
126667.23564825 ORIG:07.21.2004-111107 7235211 501
126667.245414178 ORIG:07.21.2004-111107 7235212 501
126667.255180105 ORIG:07.21.2004-111107 7235213 502
126667.264946033 ORIG:07.21.2004-111107 7235214 502
126667.274711961 ORIG:07.21.2004-111107 7235215 505
126667.284477889 ORIG:07.21.2004-111107 7235216 505
126667.294243816 ORIG:07.21.2004-111107 7235217 502
126667.304009744 ORIG:07.21.2004-111107 7235218 501
126667.313775672 ORIG:07.21.2004-111107 7235219 501
126667.3235416 ORIG:07.21.2004-111107 7235220 502
126667.333307527 ORIG:07.21.2004-111107 7235221 502
126667.343073455 ORIG:07.21.2004-111107 7235222 502
126667.352839383 ORIG:07.21.2004-111107 7235223 502
126667.36260531 ORIG:07.21.2004-111107 7235224 502
126667.372371238 ORIG:07.21.2004-111107 7235225 510
126667.382137166 ORIG:07.21.2004-111107 7235226 510
126667.391903094 ORIG:07.21.2004-111107 7235227 510
126667.401669021 ORIG:07.21.2004-111107 7235228 510
126667.411434949 ORIG:07.21.2004-111107 7235229 503
126667.421200877 ORIG:07.21.2004-111107 7235230 508
126667.430966805 ORIG:07.21.2004-111107 7235231 505
126667.440732732 ORIG:07.21.2004-111107 7235232 505
126667.45049866 ORIG:07.21.2004-111107 7235233 506
126667.460264588 ORIG:07.21.2004-111107 7235234 505
126667.470030516 ORIG:07.21.2004-111107 7235235 505
126667.479796443 ORIG:07.21.2004-111107 7235236 506
126667.489562371 ORIG:07.21.2004-111107 7235237 506
126667.499328299 ORIG:07.21.2004-111107 7235238 506
126667.509094227 ORIG:07.21.2004-111107 7235239 506
126667.518860154 ORIG:07.21.2004-111107 7235240 506
126667.528626082 ORIG:07.21.2004-111107 7235241 507
126667.53839201 ORIG:07.21.2004-111107 7235242 506
126667.548157938 ORIG:07.21.2004-111107 7235243 504
126667.557923865 ORIG:07.21.2004-111107 7235244 506
126667.567689793 ORIG:07.21.2004-111107 7235245 506
126667.577455721 ORIG:07.21.2004-111107 7235246 507
126667.587221648 ORIG:07.21.2004-111107 7235247 506
126667.596987576 ORIG:07.21.2004-111107 7235248 506
126667.606753504 ORIG:07.21.2004-111107 7235249 506
126667.616519432 ORIG:07.21.2004-111107 7235250 504
126667.626285359 ORIG:07.21.2004-111107 7235251 504
126667.636051287 ORIG:07.21.2004-111107 7235252 504
126667.645817215 ORIG:07.21.2004-111107 7235253 504
126667.655583143 ORIG:07.21.2004-111107 7235254 496
126667.66534907 ORIG:07.21.2004-111107 7235255 506
126667.675114998 ORIG:07.21.2004-111107 7235256 500
126667.684880926 ORIG:07.21.2004-111107 7235257 501
126667.694646854 ORIG:07.21.2004-111107 7235258 501
126667.704412781 ORIG:07.21.2004-111107 7235259 502
126667.714178709 ORIG:07.21.2004-111107 7235260 501
126667.723944637 ORIG:07.21.2004-111107 7235261 502
126667.733710565 ORIG:07.21.2004-111107 7235262 501
126667.743476492 ORIG:07.21.2004-111107 7235263 502
126667.75324242 ORIG:07.21.2004-111107 7235264 501
126667.763008348 ORIG:07.21.2004-111107 7235265 502
126667.772774276 ORIG:07.21.2004-111107 7235266 501
126667.782540203 ORIG:07.21.2004-111107 7235267 502
126667.792306131 ORIG:07.21.2004-111107 7235268 503
126667.802072059 ORIG:07.21.2004-111107 7235269 501
126667.811837986 ORIG:07.21.2004-111107 7235270 501
126667.821603914 ORIG:07.21.2004-111107 7235271 502
126667.831369842 ORIG:07.21.2004-111107 7235272 502
126667.84113577 ORIG:07.21.2004-111107 7235273 502
126667.850901697 ORIG:07.21.2004-111107 7235274 502
126667.860667625 ORIG:07.21.2004-111107 7235275 512
126667.870433553 ORIG:07.21.2004-111107 7235276 512
126667.880199481 ORIG:07.21.2004-111107 7235277 512
126667.889965408 ORIG:07.21.2004-111107 7235278 499
126667.899731336 ORIG:07.21.2004-111107 7235279 504
126667.909497264 ORIG:07.21.2004-111107 7235280 505
126667.919263192 ORIG:07.21.2004-111107 7235281 506
126667.929029119 ORIG:07.21.2004-111107 7235282 506
126667.938795047 ORIG:07.21.2004-111107 7235283 510
126667.948560975 ORIG:07.21.2004-111107 7235284 508
126667.958326903 ORIG:07.21.2004-111107 7235285 507
126667.96809283 ORIG:07.21.2004-111107 7235286 506
126667.977858758 ORIG:07.21.2004-111107 7235287 506
126667.987624686 ORIG:07.21.2004-111107 7235288 508
126667.997390614 ORIG:07.21.2004-111107 7235289 506
126668.007156541 ORIG:07.21.2004-111108 7235290 506
126668.016922469 ORIG:07.21.2004-111108 7235291 509
126668.026688397 ORIG:07.21.2004-111108 7235292 511
126668.036454324 ORIG:07.21.2004-111108 7235293 512
126668.046220252 ORIG:07.21.2004-111108 7235294 510
126668.05598618 ORIG:07.21.2004-111108 7235295 511
126668.065752108 ORIG:07.21.2004-111108 7235296 511
126668.075518035 ORIG:07.21.2004-111108 7235297 511
126668.085283963 ORIG:07.21.2004-111108 7235298 516
126668.095049891 ORIG:07.21.2004-111108 7235299 512
126668.104815819 ORIG:07.21.2004-111108 7235300 524
126668.114581746 ORIG:07.21.2004-111108 7235301 524
126668.124347674 ORIG:07.21.2004-111108 7235302 524
126668.134113602 ORIG:07.21.2004-111108 7235303 524
126668.14387953 ORIG:07.21.2004-111108 7235304 503
126668.153645457 ORIG:07.21.2004-111108 7235305 505
126668.163411385 ORIG:07.21.2004-111108 7235306 506
126668.173177313 ORIG:07.21.2004-111108 7235307 505
126668.182943241 ORIG:07.21.2004-111108 7235308 506
126668.192709168 ORIG:07.21.2004-111108 7235309 506
126668.202475096 ORIG:07.21.2004-111108 7235310 506
126668.212241024 ORIG:07.21.2004-111108 7235311 506
126668.222006952 ORIG:07.21.2004-111108 7235312 506
126668.231772879 ORIG:07.21.2004-111108 7235313 506
126668.241538807 ORIG:07.21.2004-111108 7235314 506
126668.251304735 ORIG:07.21.2004-111108 7235315 506
126668.261070663 ORIG:07.21.2004-111108 7235316 506
126668.27083659 ORIG:07.21.2004-111108 7235317 510
126668.280602518 ORIG:07.21.2004-111108 7235318 507
126668.290368446 ORIG:07.21.2004-111108 7235319 506
126668.300134373 ORIG:07.21.2004-111108 7235320 511
126668.309900301 ORIG:07.21.2004-111108 7235321 506
126668.319666229 ORIG:07.21.2004-111108 7235322 507
126668.329432157 ORIG:07.21.2004-111108 7235323 507
126668.339198084 ORIG:07.21.2004-111108 7235324 507
126668.348964012 ORIG:07.21.2004-111108 7235325 507
126668.35872994 ORIG:07.21.2004-111108 7235326 507
126668.368495868 ORIG:07.21.2004-111108 7235327 507
126668.378261795 ORIG:07.21.2004-111108 7235328 500
126668.388027723 ORIG:07.21.2004-111108 7235329 509
126668.397793651 ORIG:07.21.2004-111108 7235330 510
126668.407559579 ORIG:07.21.2004-111108 7235331 515
126668.417325506 ORIG:07.21.2004-111108 7235332 511
126668.427091434 ORIG:07.21.2004-111108 7235333 511
126668.436857362 ORIG:07.21.2004-111108 7235334 511
126668.44662329 ORIG:07.21.2004-111108 7235335 511
126668.456389217 ORIG:07.21.2004-111108 7235336 510
126668.466155145 ORIG:07.21.2004-111108 7235337 511
126668.475921073 ORIG:07.21.2004-111108 7235338 511
126668.485687001 ORIG:07.21.2004-111108 7235339 513
126668.495452928 ORIG:07.21.2004-111108 7235340 510
126668.505218856 ORIG:07.21.2004-111108 7235341 510
126668.514984784 ORIG:07.21.2004-111108 7235342 515
126668.524750711 ORIG:07.21.2004-111108 7235343 510
126668.534516639 ORIG:07.21.2004-111108 7235344 510
126668.544282567 ORIG:07.21.2004-111108 7235345 510
126668.554048495 ORIG:07.21.2004-111108 7235346 511
126668.563814422 ORIG:07.21.2004-111108 7235347 515
126668.57358035 ORIG:07.21.2004-111108 7235348 511
126668.583346278 ORIG:07.21.2004-111108 7235349 510
126668.593112206 ORIG:07.21.2004-111108 7235350 533
126668.602878133 ORIG:07.21.2004-111108 7235351 533
126668.612644061 ORIG:07.21.2004-111108 7235352 533
126668.622409989 ORIG:07.21.2004-111108 7235353 533
126668.632175917 ORIG:07.21.2004-111108 7235354 502
126668.641941844 ORIG:07.21.2004-111108 7235355 505
126668.651707772 ORIG:07.21.2004-111108 7235356 505
126668.6614737 ORIG:07.21.2004-111108 7235357 505
126668.671239628 ORIG:07.21.2004-111108 7235358 506
126668.681005555 ORIG:07.21.2004-111108 7235359 506
126668.690771483 ORIG:07.21.2004-111108 7235360 506
126668.700537411 ORIG:07.21.2004-111108 7235361 506
126668.710303339 ORIG:07.21.2004-111108 7235362 506
126668.720069266 ORIG:07.21.2004-111108 7235363 506
126668.729835194 ORIG:07.21.2004-111108 7235364 506
126668.739601122 ORIG:07.21.2004-111108 7235365 506
126668.749367049 ORIG:07.21.2004-111108 7235366 507
126668.759132977 ORIG:07.21.2004-111108 7235367 506
126668.768898905 ORIG:07.21.2004-111108 7235368 506
126668.778664833 ORIG:07.21.2004-111108 7235369 505
126668.78843076 ORIG:07.21.2004-111108 7235370 506
126668.798196688 ORIG:07.21.2004-111108 7235371 506
126668.807962616 ORIG:07.21.2004-111108 7235372 506
126668.817728544 ORIG:07.21.2004-111108 7235373 507
126668.827494471 ORIG:07.21.2004-111108 7235374 506
126668.837260399 ORIG:07.21.2004-111108 7235375 509
126668.847026327 ORIG:07.21.2004-111108 7235376 509
126668.856792255 ORIG:07.21.2004-111108 7235377 509
126668.866558182 ORIG:07.21.2004-111108 7235378 495
126668.87632411 ORIG:07.21.2004-111108 7235379 507
126668.886090038 ORIG:07.21.2004-111108 7235380 509
126668.895855966 ORIG:07.21.2004-111108 7235381 511
126668.905621893 ORIG:07.21.2004-111108 7235382 509
126668.915387821 ORIG:07.21.2004-111108 7235383 510
126668.925153749 ORIG:07.21.2004-111108 7235384 509
126668.934919677 ORIG:07.21.2004-111108 7235385 509
126668.944685604 ORIG:07.21.2004-111108 7235386 510
126668.954451532 ORIG:07.21.2004-111108 7235387 510
126668.96421746 ORIG:07.21.2004-111108 7235388 510
126668.973983388 ORIG:07.21.2004-111108 7235389 513
126668.983749315 ORIG:07.21.2004-111108 7235390 511
126668.993515243 ORIG:07.21.2004-111108 7235391 510
126669.003281171 ORIG:07.21.2004-111109 7235392 511
126669.013047098 ORIG:07.21.2004-111109 7235393 508
126669.022813026 ORIG:07.21.2004-111109 7235394 506
126669.032578954 ORIG:07.21.2004-111109 7235395 506
126669.042344882 ORIG:07.21.2004-111109 7235396 506
126669.052110809 ORIG:07.21.2004-111109 7235397 510
126669.061876737 ORIG:07.21.2004-111109 7235398 505
126669.071642665 ORIG:07.21.2004-111109 7235399 505
126669.081408593 ORIG:07.21.2004-111109 7235400 502
126669.09117452 ORIG:07.21.2004-111109 7235401 502
126669.100940448 ORIG:07.21.2004-111109 7235402 502
126669.110706376 ORIG:07.21.2004-111109 7235403 502
126669.120472304 ORIG:07.21.2004-111109 7235404 494
126669.130238231 ORIG:07.21.2004-111109 7235405 500
126669.140004159 ORIG:07.21.2004-111109 7235406 501
126669.149770087 ORIG:07.21.2004-111109 7235407 502
126669.159536015 ORIG:07.21.2004-111109 7235408 502
126669.169301942 ORIG:07.21.2004-111109 7235409 502
126669.17906787 ORIG:07.21.2004-111109 7235410 502
126669.188833798 ORIG:07.21.2004-111109 7235411 502
126669.198599726 ORIG:07.21.2004-111109 7235412 503
126669.208365653 ORIG:07.21.2004-111109 7235413 502
126669.218131581 ORIG:07.21.2004-111109 7235414 503
126669.227897509 ORIG:07.21.2004-111109 7235415 502
126669.237663436 ORIG:07.21.2004-111109 7235416 502
126669.247429364 ORIG:07.21.2004-111109 7235417 507
126669.257195292 ORIG:07.21.2004-111109 7235418 501
126669.26696122 ORIG:07.21.2004-111109 7235419 501
126669.276727147 ORIG:07.21.2004-111109 7235420 501
126669.286493075 ORIG:07.21.2004-111109 7235421 501
126669.296259003 ORIG:07.21.2004-111109 7235422 502
126669.306024931 ORIG:07.21.2004-111109 7235423 502
126669.315790858 ORIG:07.21.2004-111109 7235424 503
126669.325556786 ORIG:07.21.2004-111109 7235425 506
126669.335322714 ORIG:07.21.2004-111109 7235426 506
126669.345088642 ORIG:07.21.2004-111109 7235427 506
126669.354854569 ORIG:07.21.2004-111109 7235428 506
126669.364620497 ORIG:07.21.2004-111109 7235429 500
126669.374386425 ORIG:07.21.2004-111109 7235430 506
126669.384152353 ORIG:07.21.2004-111109 7235431 508
126669.39391828 ORIG:07.21.2004-111109 7235432 508
126669.403684208 ORIG:07.21.2004-111109 7235433 512
126669.413450136 ORIG:07.21.2004-111109 7235434 508
126669.423216064 ORIG:07.21.2004-111109 7235435 507
126669.432981991 ORIG:07.21.2004-111109 7235436 508
126669.442747919 ORIG:07.21.2004-111109 7235437 508
126669.452513847 ORIG:07.21.2004-111109 7235438 508
126669.462279774 ORIG:07.21.2004-111109 7235439 513
126669.472045702 ORIG:07.21.2004-111109 7235440 510
126669.48181163 ORIG:07.21.2004-111109 7235441 510
126669.491577558 ORIG:07.21.2004-111109 7235442 509
126669.501343485 ORIG:07.21.2004-111109 7235443 509
126669.511109413 ORIG:07.21.2004-111109 7235444 511
126669.520875341 ORIG:07.21.2004-111109 7235445 509
126669.530641269 ORIG:07.21.2004-111109 7235446 511
126669.540407196 ORIG:07.21.2004-111109 7235447 513
126669.550173124 ORIG:07.21.2004-111109 7235448 518
126669.559939052 ORIG:07.21.2004-111109 7235449 531
126669.56970498 ORIG:07.21.2004-111109 7235450 529
126669.579470907 ORIG:07.21.2004-111109 7235451 529
126669.589236835 ORIG:07.21.2004-111109 7235452 529
126669.599002763 ORIG:07.21.2004-111109 7235453 529
126669.608768691 ORIG:07.21.2004-111109 7235454 508
126669.618534618 ORIG:07.21.2004-111109 7235455 511
126669.628300546 ORIG:07.21.2004-111109 7235456 510
126669.638066474 ORIG:07.21.2004-111109 7235457 515
126669.647832402 ORIG:07.21.2004-111109 7235458 512
126669.657598329 ORIG:07.21.2004-111109 7235459 512
126669.667364257 ORIG:07.21.2004-111109 7235460 512
126669.677130185 ORIG:07.21.2004-111109 7235461 512
126669.686896113 ORIG:07.21.2004-111109 7235462 514
126669.69666204 ORIG:07.21.2004-111109 7235463 534
126669.706427968 ORIG:07.21.2004-111109 7235464 600
126669.716193896 ORIG:07.21.2004-111109 7235465 696
126669.725959823 ORIG:07.21.2004-111109 7235466 781
126669.735725751 ORIG:07.21.2004-111109 7235467 825
126669.745491679 ORIG:07.21.2004-111109 7235468 846
126669.755257607 ORIG:07.21.2004-111109 7235469 854
126669.765023534 ORIG:07.21.2004-111109 7235470 863
126669.774789462 ORIG:07.21.2004-111109 7235471 861
126669.78455539 ORIG:07.21.2004-111109 7235472 845
126669.794321318 ORIG:07.21.2004-111109 7235473 824
126669.804087245 ORIG:07.21.2004-111109 7235474 785
126669.813853173 ORIG:07.21.2004-111109 7235475 757
126669.823619101 ORIG:07.21.2004-111109 7235476 757
126669.833385029 ORIG:07.21.2004-111109 7235477 757
126669.843150956 ORIG:07.21.2004-111109 7235478 584
126669.852916884 ORIG:07.21.2004-111109 7235479 566
126669.862682812 ORIG:07.21.2004-111109 7235480 504
126669.87244874 ORIG:07.21.2004-111109 7235481 450
126669.882214667 ORIG:07.21.2004-111109 7235482 407
126669.891980595 ORIG:07.21.2004-111109 7235483 373
126669.901746523 ORIG:07.21.2004-111109 7235484 345
126669.911512451 ORIG:07.21.2004-111109 7235485 322
126669.921278378 ORIG:07.21.2004-111109 7235486 302
126669.931044306 ORIG:07.21.2004-111109 7235487 290
126669.940810234 ORIG:07.21.2004-111109 7235488 285
126669.950576161 ORIG:07.21.2004-111109 7235489 282
126669.960342089 ORIG:07.21.2004-111109 7235490 275
126669.970108017 ORIG:07.21.2004-111109 7235491 272
126669.979873945 ORIG:07.21.2004-111109 7235492 272
126669.989639872 ORIG:07.21.2004-111109 7235493 284
126669.9994058 ORIG:07.21.2004-111109 7235494 288
126670.009171728 ORIG:07.21.2004-111110 7235495 300
126670.028703583	07.21.2004-111110	7235497	312
126670.038469511	07.21.2004-111110	7235498	315
126670.048235439	07.21.2004-111110	7235499	319
126670.058001367	07.21.2004-111110	7235500	328
126670.067767294	07.21.2004-111110	7235501	331
126670.077533222	07.21.2004-111110	7235502	335
126670.08729915	07.21.2004-111110	7235503	332
126670.097065078	07.21.2004-111110	7235504	396
126670.106831005	07.21.2004-111110	7235505	427
126670.116596933	07.21.2004-111110	7235506	447
126670.126362861	07.21.2004-111110	7235507	457
126670.136128789	07.21.2004-111110	7235508	473
126670.145894716	07.21.2004-111110	7235509	478
126670.155660644	07.21.2004-111110	7235510	481
126670.165426572	07.21.2004-111110	7235511	477
126670.175192499	07.21.2004-111110	7235512	468
126670.184958427	07.21.2004-111110	7235513	474
126670.194724355	07.21.2004-111110	7235514	480
126670.204490283	07.21.2004-111110	7235515	489
126670.21425621	07.21.2004-111110	7235516	493
126670.224022138	07.21.2004-111110	7235517	488
126670.233788066	07.21.2004-111110	7235518	485
126670.243553994	07.21.2004-111110	7235519	486
126670.253319921	07.21.2004-111110	7235520	493
126670.263085849	07.21.2004-111110	7235521	501
126670.272851777	07.21.2004-111110	7235522	511
126670.282617705	07.21.2004-111110	7235523	521
126670.292383632	07.21.2004-111110	7235524	529
126670.30214956	07.21.2004-111110	7235525	535
126670.311915488	07.21.2004-111110	7235526	531
126670.321681416	07.21.2004-111110	7235527	529
126670.331447343	07.21.2004-111110	7235528	551
126670.341213271	07.21.2004-111110	7235529	567
126670.350979199	07.21.2004-111110	7235530	578
126670.360745127	07.21.2004-111110	7235531	573
126670.370511054	07.21.2004-111110	7235532	573
126670.380276982	07.21.2004-111110	7235533	576
126670.39004291	07.21.2004-111110	7235534	574
126670.399808838	07.21.2004-111110	7235535	572
126670.409574765	07.21.2004-111110	7235536	577
126670.419340693	07.21.2004-111110	7235537	574
126670.429106621	07.21.2004-111110	7235538	572
126670.438872548	07.21.2004-111110	7235539	573
126670.448638476	07.21.2004-111110	7235540	579
126670.458404404	07.21.2004-111110	7235541	584
126670.468170332	07.21.2004-111110	7235542	580
126670.477936259	07.21.2004-111110	7235543	575
126670.487702187	07.21.2004-111110	7235544	569
126670.497468115	07.21.2004-111110	7235545	562
126670.507234043	07.21.2004-111110	7235546	552
126670.51699997	07.21.2004-111110	7235547	538
126670.526765898	07.21.2004-111110	7235548	517
126670.536531826	07.21.2004-111110	7235549	494
126670.546297754	07.21.2004-111110	7235550	497
126670.556063681	07.21.2004-111110	7235551	497
126670.565829609	07.21.2004-111110	7235552	497
126670.575595537	07.21.2004-111110	7235553	497
126670.585361465	07.21.2004-111110	7235554	416
126670.595127392	07.21.2004-111110	7235555	413
126670.60489332	07.21.2004-111110	7235556	405
126670.614659248	07.21.2004-111110	7235557	397
126670.624425176	07.21.2004-111110	7235558	383
126670.634191103	07.21.2004-111110	7235559	371
126670.643957031	07.21.2004-111110	7235560	362
126670.653722959	07.21.2004-111110	7235561	363
126670.663488886	07.21.2004-111110	7235562	359
126670.673254814	07.21.2004-111110	7235563	361
126670.683020742	07.21.2004-111110	7235564	368
126670.69278667	07.21.2004-111110	7235565	380
126670.702552597	07.21.2004-111110	7235566	391
126670.712318525	07.21.2004-111110	7235567	403
126670.722084453	07.21.2004-111110	7235568	416
126670.731850381	07.21.2004-111110	7235569	431
126670.741616308	07.21.2004-111110	7235570	443
126670.751382236	07.21.2004-111110	7235571	457
126670.761148164	07.21.2004-111110	7235572	466
126670.770914092	07.21.2004-111110	7235573	479
126670.780680019	07.21.2004-111110	7235574	492
126670.790445947	07.21.2004-111110	7235575	510
126670.800211875	07.21.2004-111110	7235576	510
126670.809977803	07.21.2004-111110	7235577	513
126670.81974373	07.21.2004-111110	7235578	543
126670.829509658	07.21.2004-111110	7235579	547
126670.839275586	07.21.2004-111110	7235580	549
126670.849041514	07.21.2004-111110	7235581	547
126670.858807441	07.21.2004-111110	7235582	552
126670.868573369	07.21.2004-111110	7235583	552
126670.878339297	07.21.2004-111110	7235584	553
126670.888105224	07.21.2004-111110	7235585	553
126670.897871152	07.21.2004-111110	7235586	551
126670.90763708	07.21.2004-111110	7235587	548
126670.917403008	07.21.2004-111110	7235588	546
126670.927168935	07.21.2004-111110	7235589	542
126670.936934863	07.21.2004-111110	7235590	536
126670.946700791	07.21.2004-111110	7235591	529
126670.956466719	07.21.2004-111110	7235592	520
126670.966232646	07.21.2004-111110	7235593	507
126670.975998574	07.21.2004-111110	7235594	496
126670.985764502	07.21.2004-111110	7235595	489
126670.99553043	07.21.2004-111110	7235596	485
126671.005296357	07.21.2004-111111	7235597	487
126671.015062285	07.21.2004-111111	7235598	482
126671.024828213	07.21.2004-111111	7235599	484
126671.034594141	07.21.2004-111111	7235600	488
126671.044360068	07.21.2004-111111	7235601	495
126671.054125996	07.21.2004-111111	7235602	488
126671.063891924	07.21.2004-111111	7235603	488
126671.073657852	07.21.2004-111111	7235604	537
126671.083423779	07.21.2004-111111	7235605	563
126671.093189707	07.21.2004-111111	7235606	582
126671.102955635	07.21.2004-111111	7235607	597
126671.112721563	07.21.2004-111111	7235608	603
126671.12248749	07.21.2004-111111	7235609	599
126671.132253418	07.21.2004-111111	7235610	586
126671.142019346	07.21.2004-111111	7235611	582
126671.151785273	07.21.2004-111111	7235612	582
126671.161551201	07.21.2004-111111	7235613	588
126671.171317129	07.21.2004-111111	7235614	595
126671.181083057	07.21.2004-111111	7235615	596
126671.190848984	07.21.2004-111111	7235616	587
126671.200614912	07.21.2004-111111	7235617	564
126671.21038084	07.21.2004-111111	7235618	536
126671.220146768	07.21.2004-111111	7235619	499
126671.229912695	07.21.2004-111111	7235620	461
126671.239678623	07.21.2004-111111	7235621	429
126671.249444551	07.21.2004-111111	7235622	403
126671.259210479	07.21.2004-111111	7235623	382
126671.268976406	07.21.2004-111111	7235624	371
126671.278742334	07.21.2004-111111	7235625	367
126671.288508262	07.21.2004-111111	7235626	367
126671.29827419	07.21.2004-111111	7235627	367
126671.308040117	07.21.2004-111111	7235628	367
126671.317806045	07.21.2004-111111	7235629	372
126671.327571973	07.21.2004-111111	7235630	377
126671.337337901	07.21.2004-111111	7235631	382
126671.347103828	07.21.2004-111111	7235632	390
126671.356869756	07.21.2004-111111	7235633	401
126671.366635684	07.21.2004-111111	7235634	421
126671.376401611	07.21.2004-111111	7235635	451
126671.386167539	07.21.2004-111111	7235636	474
126671.395933467	07.21.2004-111111	7235637	502
126671.405699395	07.21.2004-111111	7235638	524
126671.415465322	07.21.2004-111111	7235639	541
126671.42523125	07.21.2004-111111	7235640	551
126671.434997178	07.21.2004-111111	7235641	557
126671.444763106	07.21.2004-111111	7235642	558
126671.454529033	07.21.2004-111111	7235643	557
126671.464294961	07.21.2004-111111	7235644	554
126671.474060889	07.21.2004-111111	7235645	560
126671.483826817	07.21.2004-111111	7235646	558
126671.493592744	07.21.2004-111111	7235647	561
126671.503358672	07.21.2004-111111	7235648	563
126671.5131246	07.21.2004-111111	7235649	562
126671.522890528	07.21.2004-111111	7235650	554
126671.532656455	07.21.2004-111111	7235651	554
126671.542422383	07.21.2004-111111	7235652	554
126671.552188311	07.21.2004-111111	7235653	525
126671.561954239	07.21.2004-111111	7235654	531
126671.571720166	07.21.2004-111111	7235655	519
126671.581486094	07.21.2004-111111	7235656	512
126671.591252022	07.21.2004-111111	7235657	507
126671.601017949	07.21.2004-111111	7235658	503
126671.610783877	07.21.2004-111111	7235659	499
126671.620549805	07.21.2004-111111	7235660	496
126671.630315733	07.21.2004-111111	7235661	493
126671.64008166	07.21.2004-111111	7235662	490
126671.649847588	07.21.2004-111111	7235663	490
126671.659613516	07.21.2004-111111	7235664	490
126671.669379444	07.21.2004-111111	7235665	491
126671.679145371	07.21.2004-111111	7235666	494
126671.688911299	07.21.2004-111111	7235667	496
126671.698677227	07.21.2004-111111	7235668	493
126671.708443155	07.21.2004-111111	7235669	490
126671.718209082	07.21.2004-111111	7235670	487
126671.72797501	07.21.2004-111111	7235671	485
126671.737740938	07.21.2004-111111	7235672	480
126671.747506866	07.21.2004-111111	7235673	479
126671.757272793	07.21.2004-111111	7235674	484
126671.767038721	07.21.2004-111111	7235675	486
126671.776804649	07.21.2004-111111	7235676	486
126671.786570577	07.21.2004-111111	7235677	486
126671.796336504	07.21.2004-111111	7235678	486
126671.806102432	07.21.2004-111111	7235679	496
126671.81586836	07.21.2004-111111	7235680	507
126671.825634287	07.21.2004-111111	7235681	510
126671.835400215	07.21.2004-111111	7235682	513
126671.845166143	07.21.2004-111111	7235683	512
126671.854932071	07.21.2004-111111	7235684	514
126671.864697998	07.21.2004-111111	7235685	514
126671.874463926	07.21.2004-111111	7235686	517
126671.884229854	07.21.2004-111111	7235687	521
126671.893995782	07.21.2004-111111	7235688	525
126671.903761709	07.21.2004-111111	7235689	527
126671.913527637	07.21.2004-111111	7235690	529
126671.923293565	07.21.2004-111111	7235691	533
126671.933059493	07.21.2004-111111	7235692	530
126671.94282542	07.21.2004-111111	7235693	527
126671.952591348	07.21.2004-111111	7235694	527
126671.962357276	07.21.2004-111111	7235695	525
126671.972123204	07.21.2004-111111	7235696	525
126671.981889131	07.21.2004-111111	7235697	525
126671.991655059	07.21.2004-111111	7235698	525
126672.001420987	07.21.2004-111112	7235699	525
126672.011186915	07.21.2004-111112	7235700	522
126672.020952842	07.21.2004-111112	7235701	550
126672.03071877	07.21.2004-111112	7235702	550
126672.040484698	07.21.2004-111112	7235703	550
126672.050250625	07.21.2004-111112	7235704	550
126672.060016553	07.21.2004-111112	7235705	508
126672.069782481	07.21.2004-111112	7235706	511
126672.079548409	07.21.2004-111112	7235707	513
126672.089314336	07.21.2004-111112	7235708	514
126672.099080264	07.21.2004-111112	7235709	513
126672.108846192	07.21.2004-111112	7235710	512
126672.11861212	07.21.2004-111112	7235711	513
126672.128378047	07.21.2004-111112	7235712	512
126672.138143975	07.21.2004-111112	7235713	511
126672.147909903	07.21.2004-111112	7235714	510
126672.157675831	07.21.2004-111112	7235715	508
126672.167441758	07.21.2004-111112	7235716	508
126672.177207686	07.21.2004-111112	7235717	505
126672.186973614	07.21.2004-111112	7235718	504
126672.196739542	07.21.2004-111112	7235719	504
126672.206505469	07.21.2004-111112	7235720	500
126672.216271397	07.21.2004-111112	7235721	507
126672.226037325	07.21.2004-111112	7235722	504
126672.235803253	07.21.2004-111112	7235723	506
126672.24556918	07.21.2004-111112	7235724	509
126672.255335108	07.21.2004-111112	7235725	507
126672.265101036	07.21.2004-111112	7235726	507
126672.274866964	07.21.2004-111112	7235727	507
126672.284632891	07.21.2004-111112	7235728	507
126672.294398819	07.21.2004-111112	7235729	494
126672.304164747	07.21.2004-111112	7235730	505
126672.313930674	07.21.2004-111112	7235731	507
126672.323696602	07.21.2004-111112	7235732	508
126672.33346253	07.21.2004-111112	7235733	509
126672.343228458	07.21.2004-111112	7235734	509
126672.352994385	07.21.2004-111112	7235735	508
126672.362760313	07.21.2004-111112	7235736	509
126672.372526241	07.21.2004-111112	7235737	513
126672.382292169	07.21.2004-111112	7235738	519
126672.392058096	07.21.2004-111112	7235739	523
126672.401824024	07.21.2004-111112	7235740	527
126672.411589952	07.21.2004-111112	7235741	530
126672.42135588	07.21.2004-111112	7235742	532
126672.431121807	07.21.2004-111112	7235743	531
126672.440887735	07.21.2004-111112	7235744	532
126672.450653663	07.21.2004-111112	7235745	534
126672.460419591	07.21.2004-111112	7235746	537
126672.470185518	07.21.2004-111112	7235747	540
126672.479951446	07.21.2004-111112	7235748	543
126672.489717374	07.21.2004-111112	7235749	546
126672.499483302	07.21.2004-111112	7235750	547
126672.509249229	07.21.2004-111112	7235751	547
126672.519015157	07.21.2004-111112	7235752	547
126672.528781085	07.21.2004-111112	7235753	547
126672.538547012	07.21.2004-111112	7235754	537
126672.54831294	07.21.2004-111112	7235755	543
126672.558078868	07.21.2004-111112	7235756	541
126672.567844796	07.21.2004-111112	7235757	546
126672.577610723	07.21.2004-111112	7235758	539
126672.587376651	07.21.2004-111112	7235759	539
126672.597142579	07.21.2004-111112	7235760	539
126672.606908507	07.21.2004-111112	7235761	536
126672.616674434	07.21.2004-111112	7235762	532
126672.626440362	07.21.2004-111112	7235763	528
126672.63620629	07.21.2004-111112	7235764	523
126672.645972218	07.21.2004-111112	7235765	518
126672.655738145	07.21.2004-111112	7235766	514
126672.665504073	07.21.2004-111112	7235767	510
126672.675270001	07.21.2004-111112	7235768	507
126672.685035929	07.21.2004-111112	7235769	507
126672.694801856	07.21.2004-111112	7235770	506
126672.704567784	07.21.2004-111112	7235771	507
126672.714333712	07.21.2004-111112	7235772	506
126672.72409964	07.21.2004-111112	7235773	504
126672.733865567	07.21.2004-111112	7235774	501
126672.743631495	07.21.2004-111112	7235775	501
126672.753397423	07.21.2004-111112	7235776	501
126672.76316335	07.21.2004-111112	7235777	501
126672.772929278	07.21.2004-111112	7235778	501
126672.782695206	07.21.2004-111112	7235779	493
126672.792461134	07.21.2004-111112	7235780	502
126672.802227061	07.21.2004-111112	7235781	505
126672.811992989	07.21.2004-111112	7235782	509
126672.821758917	07.21.2004-111112	7235783	511
126672.831524845	07.21.2004-111112	7235784	511
126672.841290772	07.21.2004-111112	7235785	511
126672.8510567	07.21.2004-111112	7235786	511
126672.860822628	07.21.2004-111112	7235787	511
126672.870588556	07.21.2004-111112	7235788	515
126672.880354483	07.21.2004-111112	7235789	511
126672.890120411	07.21.2004-111112	7235790	511
126672.899886339	07.21.2004-111112	7235791	512
126672.909652267	07.21.2004-111112	7235792	512
126672.919418194	07.21.2004-111112	7235793	512
126672.929184122	07.21.2004-111112	7235794	513
126672.93895005	07.21.2004-111112	7235795	515
126672.948715978	07.21.2004-111112	7235796	516
126672.958481905	07.21.2004-111112	7235797	518
126672.968247833	07.21.2004-111112	7235798	520
126672.978013761	07.21.2004-111112	7235799	521
126672.987779688	07.21.2004-111112	7235800	521
126672.997545616	07.21.2004-111112	7235801	521
126673.007311544	07.21.2004-111113	7235802	521
126673.017077472	07.21.2004-111113	7235803	510
126673.026843399	07.21.2004-111113	7235804	522
126673.036609327	07.21.2004-111113	7235805	522
126673.046375255	07.21.2004-111113	7235806	521
126673.056141183	07.21.2004-111113	7235807	524
126673.06590711	07.21.2004-111113	7235808	525
126673.075673038	07.21.2004-111113	7235809	527
126673.085438966	07.21.2004-111113	7235810	527
126673.095204894	07.21.2004-111113	7235811	526
126673.104970821	07.21.2004-111113	7235812	529
126673.114736749	07.21.2004-111113	7235813	528
126673.124502677	07.21.2004-111113	7235814	528
126673.134268605	07.21.2004-111113	7235815	526
126673.144034532	07.21.2004-111113	7235816	526
126673.15380046	07.21.2004-111113	7235817	524
126673.163566388	07.21.2004-111113	7235818	522
126673.173332316	07.21.2004-111113	7235819	520
126673.183098243	07.21.2004-111113	7235820	519
126673.192864171	07.21.2004-111113	7235821	519
126673.202630099	07.21.2004-111113	7235822	519
126673.212396027	07.21.2004-111113	7235823	519
126673.222161954	07.21.2004-111113	7235824	519
126673.231927882	07.21.2004-111113	7235825	522
126673.24169381	07.21.2004-111113	7235826	522
126673.251459737	07.21.2004-111113	7235827	522
126673.261225665	07.21.2004-111113	7235828	522
126673.270991593	07.21.2004-111113	7235829	512
126673.280757521	07.21.2004-111113	7235830	514
126673.290523448	07.21.2004-111113	7235831	514
126673.300289376	07.21.2004-111113	7235832	512
126673.310055304	07.21.2004-111113	7235833	509
126673.319821232	07.21.2004-111113	7235834	505
126673.329587159	07.21.2004-111113	7235835	500
126673.339353087	07.21.2004-111113	7235836	496
126673.349119015	07.21.2004-111113	7235837	494
126673.358884943	07.21.2004-111113	7235838	491
126673.36865087	07.21.2004-111113	7235839	489
126673.378416798	07.21.2004-111113	7235840	488
126673.388182726	07.21.2004-111113	7235841	487
126673.397948654	07.21.2004-111113	7235842	486
126673.407714581	07.21.2004-111113	7235843	484
126673.417480509	07.21.2004-111113	7235844	484
126673.427246437	07.21.2004-111113	7235845	484
126673.437012365	07.21.2004-111113	7235846	485
126673.446778292	07.21.2004-111113	7235847	491
126673.45654422	07.21.2004-111113	7235848	489
126673.466310148	07.21.2004-111113	7235849	490
126673.476076075	07.21.2004-111113	7235850	492
126673.485842003	07.21.2004-111113	7235851	492
126673.495607931	07.21.2004-111113	7235852	492
126673.505373859	07.21.2004-111113	7235853	489
126673.515139786	07.21.2004-111113	7235854	496
126673.524905714	07.21.2004-111113	7235855	500
126673.534671642	07.21.2004-111113	7235856	507
126673.54443757	07.21.2004-111113	7235857	504
126673.554203497	07.21.2004-111113	7235858	507
126673.563969425	07.21.2004-111113	7235859	515
126673.573735353	07.21.2004-111113	7235860	513
126673.583501281	07.21.2004-111113	7235861	514
126673.593267208	07.21.2004-111113	7235862	514
126673.603033136	07.21.2004-111113	7235863	515
126673.612799064	07.21.2004-111113	7235864	516
126673.622564992	07.21.2004-111113	7235865	516
126673.632330919	07.21.2004-111113	7235866	517
126673.642096847	07.21.2004-111113	7235867	519
126673.651862775	07.21.2004-111113	7235868	517
126673.661628703	07.21.2004-111113	7235869	516
126673.67139463	07.21.2004-111113	7235870	515
126673.681160558	07.21.2004-111113	7235871	513
126673.690926486	07.21.2004-111113	7235872	511
126673.700692413	07.21.2004-111113	7235873	509
126673.710458341	07.21.2004-111113	7235874	510
126673.720224269	07.21.2004-111113	7235875	511
126673.729990197	07.21.2004-111113	7235876	511
126673.739756124	07.21.2004-111113	7235877	511
126673.749522052	07.21.2004-111113	7235878	511
126673.75928798	07.21.2004-111113	7235879	501
126673.769053908	07.21.2004-111113	7235880	508
126673.778819835	07.21.2004-111113	7235881	507
126673.788585763	07.21.2004-111113	7235882	508
126673.798351691	07.21.2004-111113	7235883	505
126673.808117619	07.21.2004-111113	7235884	505
126673.817883546	07.21.2004-111113	7235885	503
126673.827649474	07.21.2004-111113	7235886	502
126673.837415402	07.21.2004-111113	7235887	499
126673.84718133	07.21.2004-111113	7235888	497
126673.856947257	07.21.2004-111113	7235889	495
126673.866713185	07.21.2004-111113	7235890	494
126673.876479113	07.21.2004-111113	7235891	492
126673.886245041	07.21.2004-111113	7235892	491
126673.896010968	07.21.2004-111113	7235893	490
126673.905776896	07.21.2004-111113	7235894	488
126673.915542824	07.21.2004-111113	7235895	487
126673.925308751	07.21.2004-111113	7235896	486
126673.935074679	07.21.2004-111113	7235897	485
126673.944840607	07.21.2004-111113	7235898	484
126673.954606535	07.21.2004-111113	7235899	484
126673.964372462	07.21.2004-111113	7235900	481
126673.97413839	07.21.2004-111113	7235901	481
126673.983904318	07.21.2004-111113	7235902	481
126673.993670246	07.21.2004-111113	7235903	481
126674.003436173	07.21.2004-111114	7235904	477
126674.013202101	07.21.2004-111114	7235905	493
126674.022968029	07.21.2004-111114	7235906	493
126674.032733957	07.21.2004-111114	7235907	499
126674.042499884	07.21.2004-111114	7235908	502
126674.052265812	07.21.2004-111114	7235909	503
126674.06203174	07.21.2004-111114	7235910	505
126674.071797668	07.21.2004-111114	7235911	506
126674.081563595	07.21.2004-111114	7235912	508
126674.091329523	07.21.2004-111114	7235913	510
126674.101095451	07.21.2004-111114	7235914	510
126674.110861379	07.21.2004-111114	7235915	511
126674.120627306	07.21.2004-111114	7235916	511
126674.130393234	07.21.2004-111114	7235917	512
126674.140159162	07.21.2004-111114	7235918	517
126674.14992509	07.21.2004-111114	7235919	514
126674.159691017	07.21.2004-111114	7235920	513
126674.169456945	07.21.2004-111114	7235921	513
126674.179222873	07.21.2004-111114	7235922	512
126674.1889888	07.21.2004-111114	7235923	511
126674.198754728	07.21.2004-111114	7235924	511
126674.208520656	07.21.2004-111114	7235925	525
126674.218286584	07.21.2004-111114	7235926	525
126674.228052511	07.21.2004-111114	7235927	525
126674.237818439	07.21.2004-111114	7235928	525
126674.247584367	07.21.2004-111114	7235929	508
126674.257350295	07.21.2004-111114	7235930	510
126674.267116222	07.21.2004-111114	7235931	511
126674.27688215	07.21.2004-111114	7235932	512
126674.286648078	07.21.2004-111114	7235933	514
126674.296414006	07.21.2004-111114	7235934	514
126674.306179933	07.21.2004-111114	7235935	516
126674.315945861	07.21.2004-111114	7235936	516
126674.325711789	07.21.2004-111114	7235937	515
126674.335477717	07.21.2004-111114	7235938	514
126674.345243644	07.21.2004-111114	7235939	518
126674.355009572	07.21.2004-111114	7235940	513
126674.3647755	07.21.2004-111114	7235941	512
126674.374541428	07.21.2004-111114	7235942	513
126674.384307355	07.21.2004-111114	7235943	515
126674.394073283	07.21.2004-111114	7235944	515
126674.403839211	07.21.2004-111114	7235945	516
126674.413605138	07.21.2004-111114	7235946	518
126674.423371066	07.21.2004-111114	7235947	520
126674.433136994	07.21.2004-111114	7235948	522
126674.442902922	07.21.2004-111114	7235949	523
126674.452668849	07.21.2004-111114	7235950	523
126674.462434777	07.21.2004-111114	7235951	523
126674.472200705	07.21.2004-111114	7235952	523
126674.481966633	07.21.2004-111114	7235953	506
126674.49173256	07.21.2004-111114	7235954	515
126674.501498488	07.21.2004-111114	7235955	514
126674.511264416	07.21.2004-111114	7235956	512
126674.521030344	07.21.2004-111114	7235957	510
126674.530796271	07.21.2004-111114	7235958	508
126674.540562199	07.21.2004-111114	7235959	506
126674.550328127	07.21.2004-111114	7235960	503
126674.560094055	07.21.2004-111114	7235961	502
126674.569859982	07.21.2004-111114	7235962	498
126674.57962591	07.21.2004-111114	7235963	498
126674.589391838	07.21.2004-111114	7235964	497
126674.599157766	07.21.2004-111114	7235965	493
126674.608923693	07.21.2004-111114	7235966	492
126674.618689621	07.21.2004-111114	7235967	490
126674.628455549	07.21.2004-111114	7235968	489
126674.638221476	07.21.2004-111114	7235969	488
126674.647987404	07.21.2004-111114	7235970	486
126674.657753332	07.21.2004-111114	7235971	485
126674.66751926	07.21.2004-111114	7235972	483
126674.677285187	07.21.2004-111114	7235973	483
126674.687051115	07.21.2004-111114	7235974	480
126674.696817043	07.21.2004-111114	7235975	482
126674.706582971	07.21.2004-111114	7235976	482
126674.716348898	07.21.2004-111114	7235977	482
126674.726114826	07.21.2004-111114	7235978	482
126674.735880754	07.21.2004-111114	7235979	471
126674.745646682	07.21.2004-111114	7235980	473
126674.755412609	07.21.2004-111114	7235981	472
126674.765178537	07.21.2004-111114	7235982	475
126674.774944465	07.21.2004-111114	7235983	474
126674.784710393	07.21.2004-111114	7235984	475
126674.79447632	07.21.2004-111114	7235985	477
126674.804242248	07.21.2004-111114	7235986	479
126674.814008176	07.21.2004-111114	7235987	482
126674.823774104	07.21.2004-111114	7235988	484
126674.833540031	07.21.2004-111114	7235989	489
126674.843305959	07.21.2004-111114	7235990	492
126674.853071887	07.21.2004-111114	7235991	494
126674.862837815	07.21.2004-111114	7235992	497
126674.872603742	07.21.2004-111114	7235993	500
126674.88236967	07.21.2004-111114	7235994	503
126674.892135598	07.21.2004-111114	7235995	505
126674.901901525	07.21.2004-111114	7235996	509
126674.911667453	07.21.2004-111114	7235997	510
126674.921433381	07.21.2004-111114	7235998	510
126674.931199309	07.21.2004-111114	7235999	514
126674.940965236	07.21.2004-111114	7236000	514
126674.950731164	07.21.2004-111114	7236001	514
126674.960497092	07.21.2004-111114	7236002	514
126674.97026302	07.21.2004-111114	7236003	509
126674.980028947	07.21.2004-111114	7236004	509
126674.989794875	07.21.2004-111114	7236005	509
126674.999560803	07.21.2004-111114	7236006	509
126675.009326731	07.21.2004-111115	7236007	518
126675.019092658	07.21.2004-111115	7236008	522
126675.028858586	07.21.2004-111115	7236009	527
126675.038624514	07.21.2004-111115	7236010	521
126675.048390442	07.21.2004-111115	7236011	520
126675.058156369	07.21.2004-111115	7236012	522
126675.067922297	07.21.2004-111115	7236013	516
126675.077688225	07.21.2004-111115	7236014	514
126675.087454153	07.21.2004-111115	7236015	514
126675.09722008	07.21.2004-111115	7236016	514
126675.106986008	07.21.2004-111115	7236017	515
126675.116751936	07.21.2004-111115	7236018	516
126675.126517863	07.21.2004-111115	7236019	515
126675.136283791	07.21.2004-111115	7236020	520
126675.146049719	07.21.2004-111115	7236021	516
126675.155815647	07.21.2004-111115	7236022	517
126675.165581574	07.21.2004-111115	7236023	518
126675.175347502	07.21.2004-111115	7236024	518
126675.18511343	07.21.2004-111115	7236025	515
126675.194879358	07.21.2004-111115	7236026	515
126675.204645285	07.21.2004-111115	7236027	515
126675.214411213	07.21.2004-111115	7236028	515
126675.224177141	07.21.2004-111115	7236029	510
126675.233943069	07.21.2004-111115	7236030	515
126675.243708996	07.21.2004-111115	7236031	516
126675.253474924	07.21.2004-111115	7236032	516
126675.263240852	07.21.2004-111115	7236033	516
126675.27300678	07.21.2004-111115	7236034	516
126675.282772707	07.21.2004-111115	7236035	515
126675.292538635	07.21.2004-111115	7236036	517
126675.302304563	07.21.2004-111115	7236037	513
126675.312070491	07.21.2004-111115	7236038	513
126675.321836418	07.21.2004-111115	7236039	513
126675.331602346	07.21.2004-111115	7236040	511
126675.341368274	07.21.2004-111115	7236041	511
126675.351134201	07.21.2004-111115	7236042	509
126675.360900129	07.21.2004-111115	7236043	509
126675.370666057	07.21.2004-111115	7236044	508
126675.380431985	07.21.2004-111115	7236045	507
126675.390197912	07.21.2004-111115	7236046	508
126675.39996384	07.21.2004-111115	7236047	507
126675.409729768	07.21.2004-111115	7236048	508
126675.419495696	07.21.2004-111115	7236049	508
126675.429261623	07.21.2004-111115	7236050	537
126675.439027551	07.21.2004-111115	7236051	537
126675.448793479	07.21.2004-111115	7236052	537
126675.458559407	07.21.2004-111115	7236053	537
126675.468325334	07.21.2004-111115	7236054	515
126675.478091262	07.21.2004-111115	7236055	519
126675.48785719	07.21.2004-111115	7236056	522
126675.497623118	07.21.2004-111115	7236057	523
126675.507389045	07.21.2004-111115	7236058	525
126675.517154973	07.21.2004-111115	7236059	525
126675.526920901	07.21.2004-111115	7236060	525
126675.536686829	07.21.2004-111115	7236061	525
126675.546452756	07.21.2004-111115	7236062	522
126675.556218684	07.21.2004-111115	7236063	521
126675.565984612	07.21.2004-111115	7236064	523
126675.57575054	07.21.2004-111115	7236065	518
126675.585516467	07.21.2004-111115	7236066	516
126675.595282395	07.21.2004-111115	7236067	513
126675.605048323	07.21.2004-111115	7236068	509
126675.61481425	07.21.2004-111115	7236069	507
126675.624580178	07.21.2004-111115	7236070	505
126675.634346106	07.21.2004-111115	7236071	503
126675.644112034	07.21.2004-111115	7236072	501
126675.653877961	07.21.2004-111115	7236073	498
126675.663643889	07.21.2004-111115	7236074	496
126675.673409817	07.21.2004-111115	7236075	496
126675.683175745	07.21.2004-111115	7236076	496
126675.692941672	07.21.2004-111115	7236077	496
126675.7027076	07.21.2004-111115	7236078	479
126675.712473528	07.21.2004-111115	7236079	479
126675.722239456	07.21.2004-111115	7236080	479
126675.732005383	07.21.2004-111115	7236081	479
126675.741771311	07.21.2004-111115	7236082	490
126675.751537239	07.21.2004-111115	7236083	495
126675.761303167	07.21.2004-111115	7236084	496
126675.771069094	07.21.2004-111115	7236085	496
126675.780835022	07.21.2004-111115	7236086	496
126675.79060095	07.21.2004-111115	7236087	498
126675.800366878	07.21.2004-111115	7236088	498
126675.810132805	07.21.2004-111115	7236089	499
126675.819898733	07.21.2004-111115	7236090	499
126675.829664661	07.21.2004-111115	7236091	498
126675.839430588	07.21.2004-111115	7236092	497
126675.849196516	07.21.2004-111115	7236093	497
126675.858962444	07.21.2004-111115	7236094	497
126675.868728372	07.21.2004-111115	7236095	497
126675.878494299	07.21.2004-111115	7236096	496
126675.888260227	07.21.2004-111115	7236097	496
126675.898026155	07.21.2004-111115	7236098	493
126675.907792083	07.21.2004-111115	7236099	493
126675.91755801	07.21.2004-111115	7236100	493
126675.927323938	07.21.2004-111115	7236101	493
126675.937089866	07.21.2004-111115	7236102	493
126675.946855794	07.21.2004-111115	7236103	482
126675.956621721	07.21.2004-111115	7236104	486
126675.966387649	07.21.2004-111115	7236105	486
126675.976153577	07.21.2004-111115	7236106	485
126675.985919505	07.21.2004-111115	7236107	484
126675.995685432	07.21.2004-111115	7236108	484
126676.00545136	07.21.2004-111116	7236109	483
126676.015217288	07.21.2004-111116	7236110	483
126676.024983216	07.21.2004-111116	7236111	488
126676.034749143	07.21.2004-111116	7236112	490
126676.044515071	07.21.2004-111116	7236113	489
126676.054280999	07.21.2004-111116	7236114	491
126676.064046926	07.21.2004-111116	7236115	493
126676.073812854	07.21.2004-111116	7236116	493
126676.083578782	07.21.2004-111116	7236117	494
126676.09334471	07.21.2004-111116	7236118	496
126676.103110637	07.21.2004-111116	7236119	498
126676.112876565	07.21.2004-111116	7236120	498
126676.122642493	07.21.2004-111116	7236121	499
126676.132408421	07.21.2004-111116	7236122	502
126676.142174348	07.21.2004-111116	7236123	503
126676.151940276	07.21.2004-111116	7236124	504
126676.161706204	07.21.2004-111116	7236125	504
126676.171472132	07.21.2004-111116	7236126	504
126676.181238059	07.21.2004-111116	7236127	504
126676.191003987	07.21.2004-111116	7236128	508
126676.200769915	07.21.2004-111116	7236129	515
126676.210535843	07.21.2004-111116	7236130	518
126676.22030177	07.21.2004-111116	7236131	519
126676.230067698	07.21.2004-111116	7236132	523
126676.239833626	07.21.2004-111116	7236133	521
126676.249599554	07.21.2004-111116	7236134	522
126676.259365481	07.21.2004-111116	7236135	524
126676.269131409	07.21.2004-111116	7236136	525
126676.278897337	07.21.2004-111116	7236137	526
126676.288663265	07.21.2004-111116	7236138	526
126676.298429192	07.21.2004-111116	7236139	529
126676.30819512	07.21.2004-111116	7236140	530
126676.317961048	07.21.2004-111116	7236141	531
126676.327726975	07.21.2004-111116	7236142	533
126676.337492903	07.21.2004-111116	7236143	532
126676.347258831	07.21.2004-111116	7236144	532
126676.357024759	07.21.2004-111116	7236145	533
126676.366790686	07.21.2004-111116	7236146	533
126676.376556614	07.21.2004-111116	7236147	532
126676.386322542	07.21.2004-111116	7236148	530
126676.39608847	07.21.2004-111116	7236149	529
126676.405854397	07.21.2004-111116	7236150	529
126676.415620325	07.21.2004-111116	7236151	529
126676.425386253	07.21.2004-111116	7236152	529
126676.435152181	07.21.2004-111116	7236153	509
126676.444918108	07.21.2004-111116	7236154	518
126676.454684036	07.21.2004-111116	7236155	517
126676.464449964	07.21.2004-111116	7236156	518
126676.474215892	07.21.2004-111116	7236157	515
126676.483981819	07.21.2004-111116	7236158	514
126676.493747747	07.21.2004-111116	7236159	513
126676.503513675	07.21.2004-111116	7236160	512
126676.513279603	07.21.2004-111116	7236161	511
126676.52304553	07.21.2004-111116	7236162	510
126676.532811458	07.21.2004-111116	7236163	510
126676.542577386	07.21.2004-111116	7236164	509
126676.552343313	07.21.2004-111116	7236165	509
126676.562109241	07.21.2004-111116	7236166	508
126676.571875169	07.21.2004-111116	7236167	508
126676.581641097	07.21.2004-111116	7236168	511
126676.591407024	07.21.2004-111116	7236169	506
126676.601172952	07.21.2004-111116	7236170	505
126676.61093888	07.21.2004-111116	7236171	506
126676.620704808	07.21.2004-111116	7236172	506
126676.630470735	07.21.2004-111116	7236173	508
126676.640236663	07.21.2004-111116	7236174	506
126676.650002591	07.21.2004-111116	7236175	509
126676.659768519	07.21.2004-111116	7236176	509
126676.669534446	07.21.2004-111116	7236177	509
126676.679300374	07.21.2004-111116	7236178	509
126676.689066302	07.21.2004-111116	7236179	503
126676.69883223	07.21.2004-111116	7236180	508
126676.708598157	07.21.2004-111116	7236181	509
126676.718364085	07.21.2004-111116	7236182	509
126676.728130013	07.21.2004-111116	7236183	508
126676.737895941	07.21.2004-111116	7236184	509
126676.747661868	07.21.2004-111116	7236185	508
126676.757427796	07.21.2004-111116	7236186	508
126676.767193724	07.21.2004-111116	7236187	508
126676.776959651	07.21.2004-111116	7236188	508
126676.786725579	07.21.2004-111116	7236189	508
126676.796491507	07.21.2004-111116	7236190	507
126676.806257435	07.21.2004-111116	7236191	509
126676.816023362	07.21.2004-111116	7236192	508
126676.82578929	07.21.2004-111116	7236193	508
126676.835555218	07.21.2004-111116	7236194	507
126676.845321146	07.21.2004-111116	7236195	508
126676.855087073	07.21.2004-111116	7236196	509
126676.864853001	07.21.2004-111116	7236197	509
126676.874618929	07.21.2004-111116	7236198	509
126676.884384857	07.21.2004-111116	7236199	510
126676.894150784	07.21.2004-111116	7236200	507
126676.903916712	07.21.2004-111116	7236201	507
126676.91368264	07.21.2004-111116	7236202	507
126676.923448568	07.21.2004-111116	7236203	507
126676.933214495	07.21.2004-111116	7236204	498
126676.942980423	07.21.2004-111116	7236205	507
126676.952746351	07.21.2004-111116	7236206	508
126676.962512279	07.21.2004-111116	7236207	513
126676.972278206	07.21.2004-111116	7236208	509
126676.982044134	07.21.2004-111116	7236209	510
126676.991810062	07.21.2004-111116	7236210	511
126677.00157599	07.21.2004-111117	7236211	514
126677.011341917	07.21.2004-111117	7236212	511
126677.021107845	07.21.2004-111117	7236213	506
126677.030873773	07.21.2004-111117	7236214	506
126677.0406397	07.21.2004-111117	7236215	507
126677.050405628	07.21.2004-111117	7236216	507
126677.060171556	07.21.2004-111117	7236217	506
126677.069937484	07.21.2004-111117	7236218	506
126677.079703411	07.21.2004-111117	7236219	506
126677.089469339	07.21.2004-111117	7236220	505
126677.099235267	07.21.2004-111117	7236221	505
126677.109001195	07.21.2004-111117	7236222	505
126677.118767122	07.21.2004-111117	7236223	504
126677.12853305	07.21.2004-111117	7236224	504
126677.138298978	07.21.2004-111117	7236225	505
126677.148064906	07.21.2004-111117	7236226	505
126677.157830833	07.21.2004-111117	7236227	505
126677.167596761	07.21.2004-111117	7236228	505
126677.177362689	07.21.2004-111117	7236229	492
126677.187128617	07.21.2004-111117	7236230	500
126677.196894544	07.21.2004-111117	7236231	502
126677.206660472	07.21.2004-111117	7236232	500
126677.2164264	07.21.2004-111117	7236233	500
126677.226192328	07.21.2004-111117	7236234	500
126677.235958255	07.21.2004-111117	7236235	500
126677.245724183	07.21.2004-111117	7236236	500
126677.255490111	07.21.2004-111117	7236237	501
126677.265256038	07.21.2004-111117	7236238	503
126677.275021966	07.21.2004-111117	7236239	502
126677.284787894	07.21.2004-111117	7236240	503
126677.294553822	07.21.2004-111117	7236241	505
126677.304319749	07.21.2004-111117	7236242	505
126677.314085677	07.21.2004-111117	7236243	506
126677.323851605	07.21.2004-111117	7236244	506
126677.333617533	07.21.2004-111117	7236245	506
126677.34338346	07.21.2004-111117	7236246	507
126677.353149388	07.21.2004-111117	7236247	507
126677.362915316	07.21.2004-111117	7236248	506
126677.372681244	07.21.2004-111117	7236249	506
126677.382447171	07.21.2004-111117	7236250	521
126677.392213099	07.21.2004-111117	7236251	521
126677.401979027	07.21.2004-111117	7236252	521
126677.411744955	07.21.2004-111117	7236253	521
126677.421510882	07.21.2004-111117	7236254	497
126677.43127681	07.21.2004-111117	7236255	501
126677.441042738	07.21.2004-111117	7236256	500
126677.450808666	07.21.2004-111117	7236257	500
126677.460574593	07.21.2004-111117	7236258	501
126677.470340521	07.21.2004-111117	7236259	500
126677.480106449	07.21.2004-111117	7236260	499
126677.489872376	07.21.2004-111117	7236261	499
126677.499638304	07.21.2004-111117	7236262	499
126677.509404232	07.21.2004-111117	7236263	503
126677.51917016	07.21.2004-111117	7236264	500
126677.528936087	07.21.2004-111117	7236265	500
126677.538702015	07.21.2004-111117	7236266	501
126677.548467943	07.21.2004-111117	7236267	500
126677.558233871	07.21.2004-111117	7236268	501
126677.567999798	07.21.2004-111117	7236269	500
126677.577765726	07.21.2004-111117	7236270	501
126677.587531654	07.21.2004-111117	7236271	501
126677.597297582	07.21.2004-111117	7236272	502
126677.607063509	07.21.2004-111117	7236273	502
126677.616829437	07.21.2004-111117	7236274	504
126677.626595365	07.21.2004-111117	7236275	504
126677.636361293	07.21.2004-111117	7236276	504
126677.64612722	07.21.2004-111117	7236277	504
126677.655893148	07.21.2004-111117	7236278	500
126677.665659076	07.21.2004-111117	7236279	507
126677.675425004	07.21.2004-111117	7236280	513
126677.685190931	07.21.2004-111117	7236281	508
126677.694956859	07.21.2004-111117	7236282	509
126677.704722787	07.21.2004-111117	7236283	509
126677.714488714	07.21.2004-111117	7236284	510
126677.724254642	07.21.2004-111117	7236285	509
126677.73402057	07.21.2004-111117	7236286	509
126677.743786498	07.21.2004-111117	7236287	508
126677.753552425	07.21.2004-111117	7236288	507
126677.763318353	07.21.2004-111117	7236289	507
126677.773084281	07.21.2004-111117	7236290	506
126677.782850209	07.21.2004-111117	7236291	505
126677.792616136	07.21.2004-111117	7236292	504
126677.802382064	07.21.2004-111117	7236293	502
126677.812147992	07.21.2004-111117	7236294	506
126677.82191392	07.21.2004-111117	7236295	500
126677.831679847	07.21.2004-111117	7236296	499
126677.841445775	07.21.2004-111117	7236297	499
126677.851211703	07.21.2004-111117	7236298	497
126677.860977631	07.21.2004-111117	7236299	497
126677.870743558	07.21.2004-111117	7236300	497
126677.880509486	07.21.2004-111117	7236301	497
126677.890275414	07.21.2004-111117	7236302	497
126677.900041342	07.21.2004-111117	7236303	488
126677.909807269	07.21.2004-111117	7236304	492
126677.919573197	07.21.2004-111117	7236305	493
126677.929339125	07.21.2004-111117	7236306	492
126677.939105053	07.21.2004-111117	7236307	492
126677.94887098	07.21.2004-111117	7236308	492
126677.958636908	07.21.2004-111117	7236309	492
126677.968402836	07.21.2004-111117	7236310	491
126677.978168763	07.21.2004-111117	7236311	491
126677.987934691	07.21.2004-111117	7236312	491
126677.997700619	07.21.2004-111117	7236313	490
126678.007466547	07.21.2004-111118	7236314	493
126678.017232474	07.21.2004-111118	7236315	495
126678.026998402	07.21.2004-111118	7236316	494
126678.03676433	07.21.2004-111118	7236317	494
126678.046530258	07.21.2004-111118	7236318	493
126678.056296185	07.21.2004-111118	7236319	499
126678.066062113	07.21.2004-111118	7236320	494
126678.075828041	07.21.2004-111118	7236321	495
126678.085593969	07.21.2004-111118	7236322	496
126678.095359896	07.21.2004-111118	7236323	497
126678.105125824	07.21.2004-111118	7236324	499
126678.114891752	07.21.2004-111118	7236325	499
126678.12465768	07.21.2004-111118	7236326	499
126678.134423607	07.21.2004-111118	7236327	499
126678.144189535	07.21.2004-111118	7236328	501
126678.153955463	07.21.2004-111118	7236329	507
126678.163721391	07.21.2004-111118	7236330	510
126678.173487318	07.21.2004-111118	7236331	510
126678.183253246	07.21.2004-111118	7236332	512
126678.193019174	07.21.2004-111118	7236333	512
126678.202785101	07.21.2004-111118	7236334	513
126678.212551029	07.21.2004-111118	7236335	513
126678.222316957	07.21.2004-111118	7236336	514
126678.232082885	07.21.2004-111118	7236337	513
126678.241848812	07.21.2004-111118	7236338	513
126678.25161474	07.21.2004-111118	7236339	512
126678.261380668	07.21.2004-111118	7236340	514
126678.271146596	07.21.2004-111118	7236341	512
126678.280912523	07.21.2004-111118	7236342	512
126678.290678451	07.21.2004-111118	7236343	517
126678.300444379	07.21.2004-111118	7236344	512
126678.310210307	07.21.2004-111118	7236345	513
126678.319976234	07.21.2004-111118	7236346	513
126678.329742162	07.21.2004-111118	7236347	513
126678.33950809	07.21.2004-111118	7236348	514
126678.349274018	07.21.2004-111118	7236349	515
126678.359039945	07.21.2004-111118	7236350	509
126678.368805873	07.21.2004-111118	7236351	509
126678.378571801	07.21.2004-111118	7236352	509
126678.388337729	07.21.2004-111118	7236353	496
126678.398103656	07.21.2004-111118	7236354	508
126678.407869584	07.21.2004-111118	7236355	508
126678.417635512	07.21.2004-111118	7236356	515
126678.427401439	07.21.2004-111118	7236357	509
126678.437167367	07.21.2004-111118	7236358	509
126678.446933295	07.21.2004-111118	7236359	511
126678.456699223	07.21.2004-111118	7236360	510
126678.46646515	07.21.2004-111118	7236361	510
126678.476231078	07.21.2004-111118	7236362	510
126678.485997006	07.21.2004-111118	7236363	514
126678.495762934	07.21.2004-111118	7236364	511
126678.505528861	07.21.2004-111118	7236365	511
126678.515294789	07.21.2004-111118	7236366	514
126678.525060717	07.21.2004-111118	7236367	511
126678.534826645	07.21.2004-111118	7236368	510
126678.544592572	07.21.2004-111118	7236369	510
126678.5543585	07.21.2004-111118	7236370	509
126678.564124428	07.21.2004-111118	7236371	510
126678.573890356	07.21.2004-111118	7236372	509
126678.583656283	07.21.2004-111118	7236373	509
126678.593422211	07.21.2004-111118	7236374	508
126678.603188139	07.21.2004-111118	7236375	535
126678.612954067	07.21.2004-111118	7236376	535
126678.622719994	07.21.2004-111118	7236377	535
126678.632485922	07.21.2004-111118	7236378	535
126678.64225185	07.21.2004-111118	7236379	508
126678.652017777	07.21.2004-111118	7236380	510
126678.661783705	07.21.2004-111118	7236381	510
126678.671549633	07.21.2004-111118	7236382	511
126678.681315561	07.21.2004-111118	7236383	511
126678.691081488	07.21.2004-111118	7236384	511
126678.700847416	07.21.2004-111118	7236385	511
126678.710613344	07.21.2004-111118	7236386	511
126678.720379272	07.21.2004-111118	7236387	510
126678.730145199	07.21.2004-111118	7236388	515
126678.739911127	07.21.2004-111118	7236389	511
126678.749677055	07.21.2004-111118	7236390	510
126678.759442983	07.21.2004-111118	7236391	510
126678.76920891	07.21.2004-111118	7236392	510
126678.778974838	07.21.2004-111118	7236393	514
126678.788740766	07.21.2004-111118	7236394	509
126678.798506694	07.21.2004-111118	7236395	509
126678.808272621	07.21.2004-111118	7236396	509
126678.818038549	07.21.2004-111118	7236397	509
126678.827804477	07.21.2004-111118	7236398	509
126678.837570405	07.21.2004-111118	7236399	508
126678.847336332	07.21.2004-111118	7236400	508
126678.85710226	07.21.2004-111118	7236401	508
126678.866868188	07.21.2004-111118	7236402	508
126678.876634115	07.21.2004-111118	7236403	492
126678.886400043	07.21.2004-111118	7236404	498
126678.896165971	07.21.2004-111118	7236405	503
126678.905931899	07.21.2004-111118	7236406	500
126678.915697826	07.21.2004-111118	7236407	500
126678.925463754	07.21.2004-111118	7236408	502
126678.935229682	07.21.2004-111118	7236409	502
126678.94499561	07.21.2004-111118	7236410	503
126678.954761537	07.21.2004-111118	7236411	504
126678.964527465	07.21.2004-111118	7236412	504
126678.974293393	07.21.2004-111118	7236413	504
126678.984059321	07.21.2004-111118	7236414	505
126678.993825248	07.21.2004-111118	7236415	511
126679.003591176	07.21.2004-111119	7236416	508
126679.013357104	07.21.2004-111119	7236417	504
126679.023123032	07.21.2004-111119	7236418	504
126679.032888959	07.21.2004-111119	7236419	505
126679.042654887	07.21.2004-111119	7236420	506
126679.052420815	07.21.2004-111119	7236421	507
126679.062186743	07.21.2004-111119	7236422	507
126679.07195267	07.21.2004-111119	7236423	507
126679.081718598	07.21.2004-111119	7236424	507
126679.091484526	07.21.2004-111119	7236425	507
126679.101250454	07.21.2004-111119	7236426	507
126679.111016381	07.21.2004-111119	7236427	507
126679.120782309	07.21.2004-111119	7236428	504
126679.130548237	07.21.2004-111119	7236429	510
126679.140314164	07.21.2004-111119	7236430	510
126679.150080092	07.21.2004-111119	7236431	509
126679.15984602	07.21.2004-111119	7236432	509
126679.169611948	07.21.2004-111119	7236433	509
126679.179377875	07.21.2004-111119	7236434	507
126679.189143803	07.21.2004-111119	7236435	506
126679.198909731	07.21.2004-111119	7236436	506
126679.208675659	07.21.2004-111119	7236437	507
126679.218441586	07.21.2004-111119	7236438	506
126679.228207514	07.21.2004-111119	7236439	504
126679.237973442	07.21.2004-111119	7236440	504
126679.24773937	07.21.2004-111119	7236441	504
126679.257505297	07.21.2004-111119	7236442	503
126679.267271225	07.21.2004-111119	7236443	503
126679.277037153	07.21.2004-111119	7236444	502
126679.286803081	07.21.2004-111119	7236445	507
126679.296569008	07.21.2004-111119	7236446	502
126679.306334936	07.21.2004-111119	7236447	503
126679.316100864	07.21.2004-111119	7236448	504
126679.325866792	07.21.2004-111119	7236449	503
126679.335632719	07.21.2004-111119	7236450	501
126679.345398647	07.21.2004-111119	7236451	501
126679.355164575	07.21.2004-111119	7236452	501
126679.364930502	07.21.2004-111119	7236453	493
126679.37469643	07.21.2004-111119	7236454	497
126679.384462358	07.21.2004-111119	7236455	500
126679.394228286	07.21.2004-111119	7236456	501
126679.403994213	07.21.2004-111119	7236457	500
126679.413760141	07.21.2004-111119	7236458	506
126679.423526069	07.21.2004-111119	7236459	502
126679.433291997	07.21.2004-111119	7236460	502
126679.443057924	07.21.2004-111119	7236461	502
126679.452823852	07.21.2004-111119	7236462	502
126679.46258978	07.21.2004-111119	7236463	504
126679.472355708	07.21.2004-111119	7236464	504
126679.482121635	07.21.2004-111119	7236465	504
126679.491887563	07.21.2004-111119	7236466	504
126679.501653491	07.21.2004-111119	7236467	506
126679.511419419	07.21.2004-111119	7236468	505
126679.521185346	07.21.2004-111119	7236469	504
126679.530951274	07.21.2004-111119	7236470	505
126679.540717202	07.21.2004-111119	7236471	505
126679.55048313	07.21.2004-111119	7236472	504
126679.560249057	07.21.2004-111119	7236473	504
126679.570014985	07.21.2004-111119	7236474	504
126679.579780913	07.21.2004-111119	7236475	506
126679.58954684	07.21.2004-111119	7236476	506
126679.599312768	07.21.2004-111119	7236477	506
126679.609078696	07.21.2004-111119	7236478	506
126679.618844624	07.21.2004-111119	7236479	498
126679.628610551	07.21.2004-111119	7236480	504
126679.638376479	07.21.2004-111119	7236481	504
126679.648142407	07.21.2004-111119	7236482	504
126679.657908335	07.21.2004-111119	7236483	505
126679.667674262	07.21.2004-111119	7236484	505
126679.67744019	07.21.2004-111119	7236485	505
126679.687206118	07.21.2004-111119	7236486	505
126679.696972046	07.21.2004-111119	7236487	506
126679.706737973	07.21.2004-111119	7236488	505
126679.716503901	07.21.2004-111119	7236489	505
126679.726269829	07.21.2004-111119	7236490	506
126679.736035757	07.21.2004-111119	7236491	505
126679.745801684	07.21.2004-111119	7236492	509
126679.755567612	07.21.2004-111119	7236493	509
126679.76533354	07.21.2004-111119	7236494	505
126679.775099468	07.21.2004-111119	7236495	507
126679.784865395	07.21.2004-111119	7236496	507
