126660.268083011 ORIG:07.21.2004-111100 7234468 519
126660.277848977 ORIG:07.21.2004-111100 7234469 519
126660.287614943 ORIG:07.21.2004-111100 7234470 519
126660.297380909 ORIG:07.21.2004-111100 7234471 519
126660.307146874 ORIG:07.21.2004-111100 7234472 520
126660.31691284 ORIG:07.21.2004-111100 7234473 520
126660.326678806 ORIG:07.21.2004-111100 7234474 521
126660.336444772 ORIG:07.21.2004-111100 7234475 523
126660.346210738 ORIG:07.21.2004-111100 7234476 523
126660.355976703 ORIG:07.21.2004-111100 7234477 523
126660.365742669 ORIG:07.21.2004-111100 7234478 523
126660.375508635 ORIG:07.21.2004-111100 7234479 518
126660.385274601 ORIG:07.21.2004-111100 7234480 518
126660.395040567 ORIG:07.21.2004-111100 7234481 518
126660.404806532 ORIG:07.21.2004-111100 7234482 518
126660.414572498 ORIG:07.21.2004-111100 7234483 514
126660.424338464 ORIG:07.21.2004-111100 7234484 518
126660.43410443 ORIG:07.21.2004-111100 7234485 521
126660.443870396 ORIG:07.21.2004-111100 7234486 521
126660.453636361 ORIG:07.21.2004-111100 7234487 521
126660.463402327 ORIG:07.21.2004-111100 7234488 521
126660.473168293 ORIG:07.21.2004-111100 7234489 521
126660.482934259 ORIG:07.21.2004-111100 7234490 521
126660.492700225 ORIG:07.21.2004-111100 7234491 522
126660.50246619 ORIG:07.21.2004-111100 7234492 525
126660.512232156 ORIG:07.21.2004-111100 7234493 523
126660.521998122 ORIG:07.21.2004-111100 7234494 523
126660.531764088 ORIG:07.21.2004-111100 7234495 523
126660.541530054 ORIG:07.21.2004-111100 7234496 522
126660.551296019 ORIG:07.21.2004-111100 7234497 527
126660.561061985 ORIG:07.21.2004-111100 7234498 523
126660.570827951 ORIG:07.21.2004-111100 7234499 522
126660.580593917 ORIG:07.21.2004-111100 7234500 522
126660.590359883 ORIG:07.21.2004-111100 7234501 522
126660.600125848 ORIG:07.21.2004-111100 7234502 522
126660.609891814 ORIG:07.21.2004-111100 7234503 521
126660.61965778 ORIG:07.21.2004-111100 7234504 525
126660.629423746 ORIG:07.21.2004-111100 7234505 527
126660.639189712 ORIG:07.21.2004-111100 7234506 527
126660.648955677 ORIG:07.21.2004-111100 7234507 527
126660.658721643 ORIG:07.21.2004-111100 7234508 526
126660.668487609 ORIG:07.21.2004-111100 7234509 526
126660.678253575 ORIG:07.21.2004-111100 7234510 526
126660.688019541 ORIG:07.21.2004-111100 7234511 527
126660.697785506 ORIG:07.21.2004-111100 7234512 527
126660.707551472 ORIG:07.21.2004-111100 7234513 528
126660.717317438 ORIG:07.21.2004-111100 7234514 527
126660.727083404 ORIG:07.21.2004-111100 7234515 530
126660.73684937 ORIG:07.21.2004-111100 7234516 527
126660.746615335 ORIG:07.21.2004-111100 7234517 527
126660.756381301 ORIG:07.21.2004-111100 7234518 527
126660.766147267 ORIG:07.21.2004-111100 7234519 527
126660.775913233 ORIG:07.21.2004-111100 7234520 526
126660.785679199 ORIG:07.21.2004-111100 7234521 526
126660.795445164 ORIG:07.21.2004-111100 7234522 527
126660.80521113 ORIG:07.21.2004-111100 7234523 528
126660.814977096 ORIG:07.21.2004-111100 7234524 527
126660.824743062 ORIG:07.21.2004-111100 7234525 523
126660.834509028 ORIG:07.21.2004-111100 7234526 523
126660.844274993 ORIG:07.21.2004-111100 7234527 523
126660.854040959 ORIG:07.21.2004-111100 7234528 523
126660.863806925 ORIG:07.21.2004-111100 7234529 514
126660.873572891 ORIG:07.21.2004-111100 7234530 521
126660.883338857 ORIG:07.21.2004-111100 7234531 522
126660.893104822 ORIG:07.21.2004-111100 7234532 522
126660.902870788 ORIG:07.21.2004-111100 7234533 522
126660.912636754 ORIG:07.21.2004-111100 7234534 522
126660.92240272 ORIG:07.21.2004-111100 7234535 522
126660.932168686 ORIG:07.21.2004-111100 7234536 522
126660.941934651 ORIG:07.21.2004-111100 7234537 522
126660.951700617 ORIG:07.21.2004-111100 7234538 522
126660.961466583 ORIG:07.21.2004-111100 7234539 522
126660.971232549 ORIG:07.21.2004-111100 7234540 526
126660.980998515 ORIG:07.21.2004-111100 7234541 522
126660.99076448 ORIG:07.21.2004-111100 7234542 522
126661.000530446 ORIG:07.21.2004-111101 7234543 521
126661.010296412 ORIG:07.21.2004-111101 7234544 523
126661.020062378 ORIG:07.21.2004-111101 7234545 525
126661.029828344 ORIG:07.21.2004-111101 7234546 525
126661.039594309 ORIG:07.21.2004-111101 7234547 525
126661.049360275 ORIG:07.21.2004-111101 7234548 524
126661.059126241 ORIG:07.21.2004-111101 7234549 525
126661.068892207 ORIG:07.21.2004-111101 7234550 527
126661.078658173 ORIG:07.21.2004-111101 7234551 527
126661.088424138 ORIG:07.21.2004-111101 7234552 527
126661.098190104 ORIG:07.21.2004-111101 7234553 527
126661.10795607 ORIG:07.21.2004-111101 7234554 517
126661.117722036 ORIG:07.21.2004-111101 7234555 531
126661.127488002 ORIG:07.21.2004-111101 7234556 531
126661.137253967 ORIG:07.21.2004-111101 7234557 528
126661.147019933 ORIG:07.21.2004-111101 7234558 528
126661.156785899 ORIG:07.21.2004-111101 7234559 527
126661.166551865 ORIG:07.21.2004-111101 7234560 527
126661.176317831 ORIG:07.21.2004-111101 7234561 527
126661.186083796 ORIG:07.21.2004-111101 7234562 527
126661.195849762 ORIG:07.21.2004-111101 7234563 527
126661.205615728 ORIG:07.21.2004-111101 7234564 527
126661.215381694 ORIG:07.21.2004-111101 7234565 527
126661.225147659 ORIG:07.21.2004-111101 7234566 527
126661.234913625 ORIG:07.21.2004-111101 7234567 533
126661.244679591 ORIG:07.21.2004-111101 7234568 529
126661.254445557 ORIG:07.21.2004-111101 7234569 528
126661.264211523 ORIG:07.21.2004-111101 7234570 528
126661.273977488 ORIG:07.21.2004-111101 7234571 527
126661.283743454 ORIG:07.21.2004-111101 7234572 528
126661.29350942 ORIG:07.21.2004-111101 7234573 530
126661.303275386 ORIG:07.21.2004-111101 7234574 530
126661.313041352 ORIG:07.21.2004-111101 7234575 530
126661.322807317 ORIG:07.21.2004-111101 7234576 530
126661.332573283 ORIG:07.21.2004-111101 7234577 530
126661.342339249 ORIG:07.21.2004-111101 7234578 520
126661.352105215 ORIG:07.21.2004-111101 7234579 524
126661.361871181 ORIG:07.21.2004-111101 7234580 524
126661.371637146 ORIG:07.21.2004-111101 7234581 525
126661.381403112 ORIG:07.21.2004-111101 7234582 526
126661.391169078 ORIG:07.21.2004-111101 7234583 526
126661.400935044 ORIG:07.21.2004-111101 7234584 526
126661.41070101 ORIG:07.21.2004-111101 7234585 526
126661.420466975 ORIG:07.21.2004-111101 7234586 526
126661.430232941 ORIG:07.21.2004-111101 7234587 525
126661.439998907 ORIG:07.21.2004-111101 7234588 525
126661.449764873 ORIG:07.21.2004-111101 7234589 531
126661.459530839 ORIG:07.21.2004-111101 7234590 526
126661.469296804 ORIG:07.21.2004-111101 7234591 526
126661.47906277 ORIG:07.21.2004-111101 7234592 526
126661.488828736 ORIG:07.21.2004-111101 7234593 526
126661.498594702 ORIG:07.21.2004-111101 7234594 529
126661.508360668 ORIG:07.21.2004-111101 7234595 527
126661.518126633 ORIG:07.21.2004-111101 7234596 526
126661.527892599 ORIG:07.21.2004-111101 7234597 527
126661.537658565 ORIG:07.21.2004-111101 7234598 527
126661.547424531 ORIG:07.21.2004-111101 7234599 527
126661.557190497 ORIG:07.21.2004-111101 7234600 529
126661.566956462 ORIG:07.21.2004-111101 7234601 529
126661.576722428 ORIG:07.21.2004-111101 7234602 529
126661.586488394 ORIG:07.21.2004-111101 7234603 529
126661.59625436 ORIG:07.21.2004-111101 7234604 526
126661.606020326 ORIG:07.21.2004-111101 7234605 529
126661.615786291 ORIG:07.21.2004-111101 7234606 529
126661.625552257 ORIG:07.21.2004-111101 7234607 529
126661.635318223 ORIG:07.21.2004-111101 7234608 529
126661.645084189 ORIG:07.21.2004-111101 7234609 528
126661.654850155 ORIG:07.21.2004-111101 7234610 528
126661.66461612 ORIG:07.21.2004-111101 7234611 528
126661.674382086 ORIG:07.21.2004-111101 7234612 526
126661.684148052 ORIG:07.21.2004-111101 7234613 527
126661.693914018 ORIG:07.21.2004-111101 7234614 527
126661.703679984 ORIG:07.21.2004-111101 7234615 527
126661.713445949 ORIG:07.21.2004-111101 7234616 528
126661.723211915 ORIG:07.21.2004-111101 7234617 527
126661.732977881 ORIG:07.21.2004-111101 7234618 527
126661.742743847 ORIG:07.21.2004-111101 7234619 528
126661.752509813 ORIG:07.21.2004-111101 7234620 527
126661.762275778 ORIG:07.21.2004-111101 7234621 527
126661.772041744 ORIG:07.21.2004-111101 7234622 527
126661.78180771 ORIG:07.21.2004-111101 7234623 527
126661.791573676 ORIG:07.21.2004-111101 7234624 528
126661.801339642 ORIG:07.21.2004-111101 7234625 528
126661.811105607 ORIG:07.21.2004-111101 7234626 528
126661.820871573 ORIG:07.21.2004-111101 7234627 528
126661.830637539 ORIG:07.21.2004-111101 7234628 515
126661.840403505 ORIG:07.21.2004-111101 7234629 526
126661.850169471 ORIG:07.21.2004-111101 7234630 523
126661.859935436 ORIG:07.21.2004-111101 7234631 522
126661.869701402 ORIG:07.21.2004-111101 7234632 523
126661.879467368 ORIG:07.21.2004-111101 7234633 522
126661.889233334 ORIG:07.21.2004-111101 7234634 523
126661.8989993 ORIG:07.21.2004-111101 7234635 523
126661.908765265 ORIG:07.21.2004-111101 7234636 524
126661.918531231 ORIG:07.21.2004-111101 7234637 523
126661.928297197 ORIG:07.21.2004-111101 7234638 523
126661.938063163 ORIG:07.21.2004-111101 7234639 524
126661.947829129 ORIG:07.21.2004-111101 7234640 523
126661.957595094 ORIG:07.21.2004-111101 7234641 524
126661.96736106 ORIG:07.21.2004-111101 7234642 525
126661.977127026 ORIG:07.21.2004-111101 7234643 524
126661.986892992 ORIG:07.21.2004-111101 7234644 523
126661.996658958 ORIG:07.21.2004-111101 7234645 525
126662.006424923 ORIG:07.21.2004-111102 7234646 522
126662.016190889 ORIG:07.21.2004-111102 7234647 520
126662.025956855 ORIG:07.21.2004-111102 7234648 521
126662.035722821 ORIG:07.21.2004-111102 7234649 521
126662.045488787 ORIG:07.21.2004-111102 7234650 525
126662.055254752 ORIG:07.21.2004-111102 7234651 525
126662.065020718 ORIG:07.21.2004-111102 7234652 525
126662.074786684 ORIG:07.21.2004-111102 7234653 525
126662.08455265 ORIG:07.21.2004-111102 7234654 512
126662.094318616 ORIG:07.21.2004-111102 7234655 522
126662.104084581 ORIG:07.21.2004-111102 7234656 523
126662.113850547 ORIG:07.21.2004-111102 7234657 523
126662.123616513 ORIG:07.21.2004-111102 7234658 524
126662.133382479 ORIG:07.21.2004-111102 7234659 524
126662.143148445 ORIG:07.21.2004-111102 7234660 524
126662.15291441 ORIG:07.21.2004-111102 7234661 524
126662.162680376 ORIG:07.21.2004-111102 7234662 524
126662.172446342 ORIG:07.21.2004-111102 7234663 524
126662.182212308 ORIG:07.21.2004-111102 7234664 524
126662.191978274 ORIG:07.21.2004-111102 7234665 524
126662.201744239 ORIG:07.21.2004-111102 7234666 525
126662.211510205 ORIG:07.21.2004-111102 7234667 524
126662.221276171 ORIG:07.21.2004-111102 7234668 527
126662.231042137 ORIG:07.21.2004-111102 7234669 527
126662.240808103 ORIG:07.21.2004-111102 7234670 523
126662.250574068 ORIG:07.21.2004-111102 7234671 523
126662.260340034 ORIG:07.21.2004-111102 7234672 523
126662.270106 ORIG:07.21.2004-111102 7234673 524
126662.279871966 ORIG:07.21.2004-111102 7234674 522
126662.289637932 ORIG:07.21.2004-111102 7234675 528
126662.299403897 ORIG:07.21.2004-111102 7234676 528
126662.309169863 ORIG:07.21.2004-111102 7234677 528
126662.318935829 ORIG:07.21.2004-111102 7234678 528
126662.328701795 ORIG:07.21.2004-111102 7234679 517
126662.338467761 ORIG:07.21.2004-111102 7234680 519
126662.348233726 ORIG:07.21.2004-111102 7234681 519
126662.357999692 ORIG:07.21.2004-111102 7234682 519
126662.367765658 ORIG:07.21.2004-111102 7234683 520
126662.377531624 ORIG:07.21.2004-111102 7234684 520
126662.38729759 ORIG:07.21.2004-111102 7234685 520
126662.397063555 ORIG:07.21.2004-111102 7234686 521
126662.406829521 ORIG:07.21.2004-111102 7234687 521
126662.416595487 ORIG:07.21.2004-111102 7234688 521
126662.426361453 ORIG:07.21.2004-111102 7234689 519
126662.436127419 ORIG:07.21.2004-111102 7234690 520
126662.445893384 ORIG:07.21.2004-111102 7234691 520
126662.45565935 ORIG:07.21.2004-111102 7234692 520
126662.465425316 ORIG:07.21.2004-111102 7234693 520
126662.475191282 ORIG:07.21.2004-111102 7234694 524
126662.484957248 ORIG:07.21.2004-111102 7234695 521
126662.494723213 ORIG:07.21.2004-111102 7234696 520
126662.504489179 ORIG:07.21.2004-111102 7234697 520
126662.514255145 ORIG:07.21.2004-111102 7234698 520
126662.524021111 ORIG:07.21.2004-111102 7234699 520
126662.533787077 ORIG:07.21.2004-111102 7234700 520
126662.543553042 ORIG:07.21.2004-111102 7234701 520
126662.553319008 ORIG:07.21.2004-111102 7234702 520
126662.563084974 ORIG:07.21.2004-111102 7234703 522
126662.57285094 ORIG:07.21.2004-111102 7234704 524
126662.582616906 ORIG:07.21.2004-111102 7234705 524
126662.592382871 ORIG:07.21.2004-111102 7234706 524
126662.602148837 ORIG:07.21.2004-111102 7234707 524
126662.611914803 ORIG:07.21.2004-111102 7234708 525
126662.621680769 ORIG:07.21.2004-111102 7234709 525
126662.631446735 ORIG:07.21.2004-111102 7234710 524
126662.6412127 ORIG:07.21.2004-111102 7234711 524
126662.650978666 ORIG:07.21.2004-111102 7234712 524
126662.660744632 ORIG:07.21.2004-111102 7234713 524
126662.670510598 ORIG:07.21.2004-111102 7234714 530
126662.680276564 ORIG:07.21.2004-111102 7234715 523
126662.690042529 ORIG:07.21.2004-111102 7234716 524
126662.699808495 ORIG:07.21.2004-111102 7234717 525
126662.709574461 ORIG:07.21.2004-111102 7234718 525
126662.719340427 ORIG:07.21.2004-111102 7234719 525
126662.729106393 ORIG:07.21.2004-111102 7234720 524
126662.738872358 ORIG:07.21.2004-111102 7234721 526
126662.748638324 ORIG:07.21.2004-111102 7234722 526
126662.75840429 ORIG:07.21.2004-111102 7234723 527
126662.768170256 ORIG:07.21.2004-111102 7234724 526
126662.777936222 ORIG:07.21.2004-111102 7234725 524
126662.787702187 ORIG:07.21.2004-111102 7234726 524
126662.797468153 ORIG:07.21.2004-111102 7234727 524
126662.807234119 ORIG:07.21.2004-111102 7234728 524
126662.817000085 ORIG:07.21.2004-111102 7234729 515
126662.826766051 ORIG:07.21.2004-111102 7234730 525
126662.836532016 ORIG:07.21.2004-111102 7234731 522
126662.846297982 ORIG:07.21.2004-111102 7234732 521
126662.856063948 ORIG:07.21.2004-111102 7234733 522
126662.865829914 ORIG:07.21.2004-111102 7234734 521
126662.87559588 ORIG:07.21.2004-111102 7234735 521
126662.885361845 ORIG:07.21.2004-111102 7234736 521
126662.895127811 ORIG:07.21.2004-111102 7234737 521
126662.904893777 ORIG:07.21.2004-111102 7234738 521
126662.914659743 ORIG:07.21.2004-111102 7234739 521
126662.924425709 ORIG:07.21.2004-111102 7234740 521
126662.934191674 ORIG:07.21.2004-111102 7234741 521
126662.94395764 ORIG:07.21.2004-111102 7234742 521
126662.953723606 ORIG:07.21.2004-111102 7234743 521
126662.963489572 ORIG:07.21.2004-111102 7234744 521
126662.973255537 ORIG:07.21.2004-111102 7234745 521
126662.983021503 ORIG:07.21.2004-111102 7234746 521
126662.992787469 ORIG:07.21.2004-111102 7234747 521
126663.002553435 ORIG:07.21.2004-111103 7234748 522
126663.012319401 ORIG:07.21.2004-111103 7234749 522
126663.022085366 ORIG:07.21.2004-111103 7234750 525
126663.031851332 ORIG:07.21.2004-111103 7234751 547
126663.041617298 ORIG:07.21.2004-111103 7234752 547
126663.051383264 ORIG:07.21.2004-111103 7234753 547
126663.06114923 ORIG:07.21.2004-111103 7234754 547
126663.070915195 ORIG:07.21.2004-111103 7234755 528
126663.080681161 ORIG:07.21.2004-111103 7234756 529
126663.090447127 ORIG:07.21.2004-111103 7234757 529
126663.100213093 ORIG:07.21.2004-111103 7234758 529
126663.109979059 ORIG:07.21.2004-111103 7234759 529
126663.119745024 ORIG:07.21.2004-111103 7234760 529
126663.12951099 ORIG:07.21.2004-111103 7234761 529
126663.139276956 ORIG:07.21.2004-111103 7234762 529
126663.149042922 ORIG:07.21.2004-111103 7234763 528
126663.158808888 ORIG:07.21.2004-111103 7234764 528
126663.168574853 ORIG:07.21.2004-111103 7234765 528
126663.178340819 ORIG:07.21.2004-111103 7234766 528
126663.188106785 ORIG:07.21.2004-111103 7234767 529
126663.197872751 ORIG:07.21.2004-111103 7234768 528
126663.207638717 ORIG:07.21.2004-111103 7234769 527
126663.217404682 ORIG:07.21.2004-111103 7234770 527
126663.227170648 ORIG:07.21.2004-111103 7234771 528
126663.236936614 ORIG:07.21.2004-111103 7234772 528
126663.24670258 ORIG:07.21.2004-111103 7234773 528
126663.256468546 ORIG:07.21.2004-111103 7234774 528
126663.266234511 ORIG:07.21.2004-111103 7234775 540
126663.276000477 ORIG:07.21.2004-111103 7234776 540
126663.285766443 ORIG:07.21.2004-111103 7234777 540
126663.295532409 ORIG:07.21.2004-111103 7234778 540
126663.305298375 ORIG:07.21.2004-111103 7234779 522
126663.31506434 ORIG:07.21.2004-111103 7234780 523
126663.324830306 ORIG:07.21.2004-111103 7234781 523
126663.334596272 ORIG:07.21.2004-111103 7234782 525
126663.344362238 ORIG:07.21.2004-111103 7234783 529
126663.354128204 ORIG:07.21.2004-111103 7234784 523
126663.363894169 ORIG:07.21.2004-111103 7234785 523
126663.373660135 ORIG:07.21.2004-111103 7234786 524
126663.383426101 ORIG:07.21.2004-111103 7234787 524
126663.393192067 ORIG:07.21.2004-111103 7234788 523
126663.402958033 ORIG:07.21.2004-111103 7234789 528
126663.412723998 ORIG:07.21.2004-111103 7234790 524
126663.422489964 ORIG:07.21.2004-111103 7234791 525
126663.43225593 ORIG:07.21.2004-111103 7234792 527
126663.442021896 ORIG:07.21.2004-111103 7234793 526
126663.451787862 ORIG:07.21.2004-111103 7234794 526
126663.461553827 ORIG:07.21.2004-111103 7234795 525
126663.471319793 ORIG:07.21.2004-111103 7234796 525
126663.481085759 ORIG:07.21.2004-111103 7234797 526
126663.490851725 ORIG:07.21.2004-111103 7234798 528
126663.500617691 ORIG:07.21.2004-111103 7234799 527
126663.510383656 ORIG:07.21.2004-111103 7234800 545
126663.520149622 ORIG:07.21.2004-111103 7234801 545
126663.529915588 ORIG:07.21.2004-111103 7234802 545
126663.539681554 ORIG:07.21.2004-111103 7234803 545
126663.54944752 ORIG:07.21.2004-111103 7234804 527
126663.559213485 ORIG:07.21.2004-111103 7234805 529
126663.568979451 ORIG:07.21.2004-111103 7234806 529
126663.578745417 ORIG:07.21.2004-111103 7234807 528
126663.588511383 ORIG:07.21.2004-111103 7234808 529
126663.598277349 ORIG:07.21.2004-111103 7234809 528
126663.608043314 ORIG:07.21.2004-111103 7234810 528
126663.61780928 ORIG:07.21.2004-111103 7234811 528
126663.627575246 ORIG:07.21.2004-111103 7234812 528
126663.637341212 ORIG:07.21.2004-111103 7234813 528
126663.647107178 ORIG:07.21.2004-111103 7234814 528
126663.656873143 ORIG:07.21.2004-111103 7234815 527
126663.666639109 ORIG:07.21.2004-111103 7234816 529
126663.676405075 ORIG:07.21.2004-111103 7234817 528
126663.686171041 ORIG:07.21.2004-111103 7234818 528
126663.695937007 ORIG:07.21.2004-111103 7234819 528
126663.705702972 ORIG:07.21.2004-111103 7234820 527
126663.715468938 ORIG:07.21.2004-111103 7234821 526
126663.725234904 ORIG:07.21.2004-111103 7234822 527
126663.73500087 ORIG:07.21.2004-111103 7234823 528
126663.744766836 ORIG:07.21.2004-111103 7234824 528
126663.754532801 ORIG:07.21.2004-111103 7234825 528
126663.764298767 ORIG:07.21.2004-111103 7234826 528
126663.774064733 ORIG:07.21.2004-111103 7234827 528
126663.783830699 ORIG:07.21.2004-111103 7234828 514
126663.793596665 ORIG:07.21.2004-111103 7234829 521
126663.80336263 ORIG:07.21.2004-111103 7234830 522
126663.813128596 ORIG:07.21.2004-111103 7234831 523
126663.822894562 ORIG:07.21.2004-111103 7234832 522
126663.832660528 ORIG:07.21.2004-111103 7234833 523
126663.842426494 ORIG:07.21.2004-111103 7234834 524
126663.852192459 ORIG:07.21.2004-111103 7234835 524
126663.861958425 ORIG:07.21.2004-111103 7234836 524
126663.871724391 ORIG:07.21.2004-111103 7234837 524
126663.881490357 ORIG:07.21.2004-111103 7234838 524
126663.891256323 ORIG:07.21.2004-111103 7234839 524
126663.901022288 ORIG:07.21.2004-111103 7234840 524
126663.910788254 ORIG:07.21.2004-111103 7234841 524
126663.92055422 ORIG:07.21.2004-111103 7234842 525
126663.930320186 ORIG:07.21.2004-111103 7234843 525
126663.940086152 ORIG:07.21.2004-111103 7234844 525
126663.949852117 ORIG:07.21.2004-111103 7234845 525
126663.959618083 ORIG:07.21.2004-111103 7234846 524
126663.969384049 ORIG:07.21.2004-111103 7234847 528
126663.979150015 ORIG:07.21.2004-111103 7234848 525
126663.988915981 ORIG:07.21.2004-111103 7234849 526
126663.998681946 ORIG:07.21.2004-111103 7234850 528
126664.008447912 ORIG:07.21.2004-111104 7234851 555
126664.018213878 ORIG:07.21.2004-111104 7234852 555
126664.027979844 ORIG:07.21.2004-111104 7234853 555
126664.03774581 ORIG:07.21.2004-111104 7234854 555
126664.047511775 ORIG:07.21.2004-111104 7234855 520
126664.057277741 ORIG:07.21.2004-111104 7234856 525
126664.067043707 ORIG:07.21.2004-111104 7234857 525
126664.076809673 ORIG:07.21.2004-111104 7234858 525
126664.086575639 ORIG:07.21.2004-111104 7234859 524
126664.096341604 ORIG:07.21.2004-111104 7234860 525
126664.10610757 ORIG:07.21.2004-111104 7234861 525
126664.115873536 ORIG:07.21.2004-111104 7234862 525
126664.125639502 ORIG:07.21.2004-111104 7234863 525
126664.135405468 ORIG:07.21.2004-111104 7234864 524
126664.145171433 ORIG:07.21.2004-111104 7234865 525
126664.154937399 ORIG:07.21.2004-111104 7234866 525
126664.164703365 ORIG:07.21.2004-111104 7234867 526
126664.174469331 ORIG:07.21.2004-111104 7234868 524
126664.184235297 ORIG:07.21.2004-111104 7234869 525
126664.194001262 ORIG:07.21.2004-111104 7234870 525
126664.203767228 ORIG:07.21.2004-111104 7234871 524
126664.213533194 ORIG:07.21.2004-111104 7234872 525
126664.22329916 ORIG:07.21.2004-111104 7234873 526
126664.233065126 ORIG:07.21.2004-111104 7234874 525
126664.242831091 ORIG:07.21.2004-111104 7234875 528
126664.252597057 ORIG:07.21.2004-111104 7234876 528
126664.262363023 ORIG:07.21.2004-111104 7234877 528
126664.272128989 ORIG:07.21.2004-111104 7234878 528
126664.281894955 ORIG:07.21.2004-111104 7234879 517
126664.29166092 ORIG:07.21.2004-111104 7234880 519
126664.301426886 ORIG:07.21.2004-111104 7234881 519
126664.311192852 ORIG:07.21.2004-111104 7234882 520
126664.320958818 ORIG:07.21.2004-111104 7234883 520
126664.330724784 ORIG:07.21.2004-111104 7234884 520
126664.340490749 ORIG:07.21.2004-111104 7234885 520
126664.350256715 ORIG:07.21.2004-111104 7234886 521
126664.360022681 ORIG:07.21.2004-111104 7234887 521
126664.369788647 ORIG:07.21.2004-111104 7234888 520
126664.379554613 ORIG:07.21.2004-111104 7234889 520
126664.389320578 ORIG:07.21.2004-111104 7234890 521
126664.399086544 ORIG:07.21.2004-111104 7234891 520
126664.40885251 ORIG:07.21.2004-111104 7234892 520
126664.418618476 ORIG:07.21.2004-111104 7234893 520
126664.428384442 ORIG:07.21.2004-111104 7234894 520
126664.438150407 ORIG:07.21.2004-111104 7234895 525
126664.447916373 ORIG:07.21.2004-111104 7234896 521
126664.457682339 ORIG:07.21.2004-111104 7234897 521
126664.467448305 ORIG:07.21.2004-111104 7234898 521
126664.477214271 ORIG:07.21.2004-111104 7234899 520
126664.486980236 ORIG:07.21.2004-111104 7234900 520
126664.496746202 ORIG:07.21.2004-111104 7234901 520
126664.506512168 ORIG:07.21.2004-111104 7234902 520
126664.516278134 ORIG:07.21.2004-111104 7234903 517
126664.5260441 ORIG:07.21.2004-111104 7234904 523
126664.535810065 ORIG:07.21.2004-111104 7234905 528
126664.545576031 ORIG:07.21.2004-111104 7234906 523
126664.555341997 ORIG:07.21.2004-111104 7234907 523
126664.565107963 ORIG:07.21.2004-111104 7234908 523
126664.574873929 ORIG:07.21.2004-111104 7234909 523
126664.584639894 ORIG:07.21.2004-111104 7234910 523
126664.59440586 ORIG:07.21.2004-111104 7234911 523
126664.604171826 ORIG:07.21.2004-111104 7234912 523
126664.613937792 ORIG:07.21.2004-111104 7234913 522
126664.623703758 ORIG:07.21.2004-111104 7234914 527
126664.633469723 ORIG:07.21.2004-111104 7234915 524
126664.643235689 ORIG:07.21.2004-111104 7234916 524
126664.653001655 ORIG:07.21.2004-111104 7234917 528
126664.662767621 ORIG:07.21.2004-111104 7234918 523
126664.672533587 ORIG:07.21.2004-111104 7234919 524
126664.682299552 ORIG:07.21.2004-111104 7234920 524
126664.692065518 ORIG:07.21.2004-111104 7234921 525
126664.701831484 ORIG:07.21.2004-111104 7234922 524
126664.71159745 ORIG:07.21.2004-111104 7234923 524
126664.721363415 ORIG:07.21.2004-111104 7234924 524
126664.731129381 ORIG:07.21.2004-111104 7234925 535
126664.740895347 ORIG:07.21.2004-111104 7234926 535
126664.750661313 ORIG:07.21.2004-111104 7234927 535
126664.760427279 ORIG:07.21.2004-111104 7234928 535
126664.770193244 ORIG:07.21.2004-111104 7234929 518
126664.77995921 ORIG:07.21.2004-111104 7234930 519
126664.789725176 ORIG:07.21.2004-111104 7234931 520
126664.799491142 ORIG:07.21.2004-111104 7234932 521
126664.809257108 ORIG:07.21.2004-111104 7234933 521
126664.819023073 ORIG:07.21.2004-111104 7234934 521
126664.828789039 ORIG:07.21.2004-111104 7234935 521
126664.838555005 ORIG:07.21.2004-111104 7234936 521
126664.848320971 ORIG:07.21.2004-111104 7234937 522
126664.858086937 ORIG:07.21.2004-111104 7234938 521
126664.867852902 ORIG:07.21.2004-111104 7234939 521
126664.877618868 ORIG:07.21.2004-111104 7234940 523
126664.887384834 ORIG:07.21.2004-111104 7234941 522
126664.8971508 ORIG:07.21.2004-111104 7234942 522
126664.906916766 ORIG:07.21.2004-111104 7234943 522
126664.916682731 ORIG:07.21.2004-111104 7234944 523
126664.926448697 ORIG:07.21.2004-111104 7234945 521
126664.936214663 ORIG:07.21.2004-111104 7234946 522
126664.945980629 ORIG:07.21.2004-111104 7234947 522
126664.955746595 ORIG:07.21.2004-111104 7234948 521
126664.96551256 ORIG:07.21.2004-111104 7234949 522
126664.975278526 ORIG:07.21.2004-111104 7234950 522
126664.985044492 ORIG:07.21.2004-111104 7234951 522
126664.994810458 ORIG:07.21.2004-111104 7234952 522
126665.004576424 ORIG:07.21.2004-111105 7234953 517
126665.014342389 ORIG:07.21.2004-111105 7234954 526
126665.024108355 ORIG:07.21.2004-111105 7234955 524
126665.033874321 ORIG:07.21.2004-111105 7234956 526
126665.043640287 ORIG:07.21.2004-111105 7234957 528
126665.053406253 ORIG:07.21.2004-111105 7234958 526
126665.063172218 ORIG:07.21.2004-111105 7234959 527
126665.072938184 ORIG:07.21.2004-111105 7234960 527
126665.08270415 ORIG:07.21.2004-111105 7234961 527
126665.092470116 ORIG:07.21.2004-111105 7234962 527
126665.102236082 ORIG:07.21.2004-111105 7234963 532
126665.112002047 ORIG:07.21.2004-111105 7234964 528
126665.121768013 ORIG:07.21.2004-111105 7234965 527
126665.131533979 ORIG:07.21.2004-111105 7234966 528
126665.141299945 ORIG:07.21.2004-111105 7234967 527
126665.151065911 ORIG:07.21.2004-111105 7234968 527
126665.160831876 ORIG:07.21.2004-111105 7234969 527
126665.170597842 ORIG:07.21.2004-111105 7234970 527
126665.180363808 ORIG:07.21.2004-111105 7234971 527
126665.190129774 ORIG:07.21.2004-111105 7234972 527
126665.19989574 ORIG:07.21.2004-111105 7234973 528
126665.209661705 ORIG:07.21.2004-111105 7234974 528
126665.219427671 ORIG:07.21.2004-111105 7234975 524
126665.229193637 ORIG:07.21.2004-111105 7234976 524
126665.238959603 ORIG:07.21.2004-111105 7234977 524
126665.248725569 ORIG:07.21.2004-111105 7234978 524
126665.258491534 ORIG:07.21.2004-111105 7234979 518
126665.2682575 ORIG:07.21.2004-111105 7234980 525
126665.278023466 ORIG:07.21.2004-111105 7234981 523
126665.287789432 ORIG:07.21.2004-111105 7234982 521
126665.297555398 ORIG:07.21.2004-111105 7234983 521
126665.307321363 ORIG:07.21.2004-111105 7234984 521
126665.317087329 ORIG:07.21.2004-111105 7234985 520
126665.326853295 ORIG:07.21.2004-111105 7234986 520
126665.336619261 ORIG:07.21.2004-111105 7234987 520
126665.346385227 ORIG:07.21.2004-111105 7234988 521
126665.356151192 ORIG:07.21.2004-111105 7234989 522
126665.365917158 ORIG:07.21.2004-111105 7234990 521
126665.375683124 ORIG:07.21.2004-111105 7234991 523
126665.38544909 ORIG:07.21.2004-111105 7234992 522
126665.395215056 ORIG:07.21.2004-111105 7234993 521
126665.404981021 ORIG:07.21.2004-111105 7234994 521
126665.414746987 ORIG:07.21.2004-111105 7234995 523
126665.424512953 ORIG:07.21.2004-111105 7234996 522
126665.434278919 ORIG:07.21.2004-111105 7234997 523
126665.444044885 ORIG:07.21.2004-111105 7234998 524
126665.45381085 ORIG:07.21.2004-111105 7234999 524
126665.463576816 ORIG:07.21.2004-111105 7235000 526
126665.473342782 ORIG:07.21.2004-111105 7235001 526
126665.483108748 ORIG:07.21.2004-111105 7235002 526
126665.492874714 ORIG:07.21.2004-111105 7235003 526
126665.502640679 ORIG:07.21.2004-111105 7235004 523
126665.512406645 ORIG:07.21.2004-111105 7235005 527
126665.522172611 ORIG:07.21.2004-111105 7235006 528
126665.531938577 ORIG:07.21.2004-111105 7235007 527
126665.541704543 ORIG:07.21.2004-111105 7235008 527
126665.551470508 ORIG:07.21.2004-111105 7235009 527
126665.561236474 ORIG:07.21.2004-111105 7235010 532
126665.57100244 ORIG:07.21.2004-111105 7235011 528
126665.580768406 ORIG:07.21.2004-111105 7235012 528
126665.590534372 ORIG:07.21.2004-111105 7235013 527
126665.600300337 ORIG:07.21.2004-111105 7235014 527
126665.610066303 ORIG:07.21.2004-111105 7235015 528
126665.619832269 ORIG:07.21.2004-111105 7235016 527
126665.629598235 ORIG:07.21.2004-111105 7235017 530
126665.639364201 ORIG:07.21.2004-111105 7235018 527
126665.649130166 ORIG:07.21.2004-111105 7235019 527
126665.658896132 ORIG:07.21.2004-111105 7235020 530
126665.668662098 ORIG:07.21.2004-111105 7235021 528
126665.678428064 ORIG:07.21.2004-111105 7235022 528
126665.68819403 ORIG:07.21.2004-111105 7235023 528
126665.697959995 ORIG:07.21.2004-111105 7235024 528
126665.707725961 ORIG:07.21.2004-111105 7235025 528
126665.717491927 ORIG:07.21.2004-111105 7235026 528
126665.727257893 ORIG:07.21.2004-111105 7235027 528
126665.737023859 ORIG:07.21.2004-111105 7235028 515
126665.746789824 ORIG:07.21.2004-111105 7235029 521
126665.75655579 ORIG:07.21.2004-111105 7235030 523
126665.766321756 ORIG:07.21.2004-111105 7235031 523
126665.776087722 ORIG:07.21.2004-111105 7235032 523
126665.785853688 ORIG:07.21.2004-111105 7235033 523
126665.795619653 ORIG:07.21.2004-111105 7235034 524
126665.805385619 ORIG:07.21.2004-111105 7235035 524
126665.815151585 ORIG:07.21.2004-111105 7235036 523
126665.824917551 ORIG:07.21.2004-111105 7235037 523
126665.834683517 ORIG:07.21.2004-111105 7235038 522
126665.844449482 ORIG:07.21.2004-111105 7235039 522
126665.854215448 ORIG:07.21.2004-111105 7235040 523
126665.863981414 ORIG:07.21.2004-111105 7235041 522
126665.87374738 ORIG:07.21.2004-111105 7235042 523
126665.883513346 ORIG:07.21.2004-111105 7235043 523
126665.893279311 ORIG:07.21.2004-111105 7235044 523
126665.903045277 ORIG:07.21.2004-111105 7235045 523
126665.912811243 ORIG:07.21.2004-111105 7235046 523
126665.922577209 ORIG:07.21.2004-111105 7235047 524
126665.932343175 ORIG:07.21.2004-111105 7235048 524
126665.94210914 ORIG:07.21.2004-111105 7235049 522
126665.951875106 ORIG:07.21.2004-111105 7235050 522
126665.961641072 ORIG:07.21.2004-111105 7235051 522
126665.971407038 ORIG:07.21.2004-111105 7235052 522
126665.981173004 ORIG:07.21.2004-111105 7235053 516
126665.990938969 ORIG:07.21.2004-111105 7235054 525
126666.000704935 ORIG:07.21.2004-111106 7235055 526
126666.010470901 ORIG:07.21.2004-111106 7235056 526
126666.020236867 ORIG:07.21.2004-111106 7235057 524
126666.030002833 ORIG:07.21.2004-111106 7235058 523
126666.039768798 ORIG:07.21.2004-111106 7235059 523
126666.049534764 ORIG:07.21.2004-111106 7235060 521
126666.05930073 ORIG:07.21.2004-111106 7235061 522
126666.069066696 ORIG:07.21.2004-111106 7235062 522
126666.078832662 ORIG:07.21.2004-111106 7235063 522
126666.088598627 ORIG:07.21.2004-111106 7235064 522
126666.098364593 ORIG:07.21.2004-111106 7235065 528
126666.108130559 ORIG:07.21.2004-111106 7235066 523
126666.117896525 ORIG:07.21.2004-111106 7235067 524
126666.127662491 ORIG:07.21.2004-111106 7235068 524
126666.137428456 ORIG:07.21.2004-111106 7235069 524
126666.147194422 ORIG:07.21.2004-111106 7235070 523
126666.156960388 ORIG:07.21.2004-111106 7235071 523
126666.166726354 ORIG:07.21.2004-111106 7235072 525
126666.17649232 ORIG:07.21.2004-111106 7235073 524
126666.186258285 ORIG:07.21.2004-111106 7235074 529
126666.196024251 ORIG:07.21.2004-111106 7235075 529
126666.205790217 ORIG:07.21.2004-111106 7235076 529
126666.215556183 ORIG:07.21.2004-111106 7235077 529
126666.225322149 ORIG:07.21.2004-111106 7235078 514
126666.235088114 ORIG:07.21.2004-111106 7235079 518
126666.24485408 ORIG:07.21.2004-111106 7235080 520
126666.254620046 ORIG:07.21.2004-111106 7235081 520
126666.264386012 ORIG:07.21.2004-111106 7235082 520
126666.274151978 ORIG:07.21.2004-111106 7235083 519
126666.283917943 ORIG:07.21.2004-111106 7235084 519
126666.293683909 ORIG:07.21.2004-111106 7235085 520
126666.303449875 ORIG:07.21.2004-111106 7235086 520
126666.313215841 ORIG:07.21.2004-111106 7235087 519
126666.322981807 ORIG:07.21.2004-111106 7235088 519
126666.332747772 ORIG:07.21.2004-111106 7235089 526
126666.342513738 ORIG:07.21.2004-111106 7235090 520
126666.352279704 ORIG:07.21.2004-111106 7235091 520
126666.36204567 ORIG:07.21.2004-111106 7235092 525
126666.371811636 ORIG:07.21.2004-111106 7235093 520
126666.381577601 ORIG:07.21.2004-111106 7235094 520
126666.391343567 ORIG:07.21.2004-111106 7235095 520
126666.401109533 ORIG:07.21.2004-111106 7235096 520
126666.410875499 ORIG:07.21.2004-111106 7235097 521
126666.420641464 ORIG:07.21.2004-111106 7235098 521
126666.43040743 ORIG:07.21.2004-111106 7235099 527
126666.440173396 ORIG:07.21.2004-111106 7235100 550
126666.449939362 ORIG:07.21.2004-111106 7235101 550
126666.459705328 ORIG:07.21.2004-111106 7235102 550
126666.469471293 ORIG:07.21.2004-111106 7235103 550
126666.479237259 ORIG:07.21.2004-111106 7235104 521
126666.489003225 ORIG:07.21.2004-111106 7235105 524
126666.498769191 ORIG:07.21.2004-111106 7235106 525
126666.508535157 ORIG:07.21.2004-111106 7235107 525
126666.518301122 ORIG:07.21.2004-111106 7235108 524
126666.528067088 ORIG:07.21.2004-111106 7235109 525
126666.537833054 ORIG:07.21.2004-111106 7235110 525
126666.54759902 ORIG:07.21.2004-111106 7235111 526
126666.557364986 ORIG:07.21.2004-111106 7235112 525
126666.567130951 ORIG:07.21.2004-111106 7235113 526
126666.576896917 ORIG:07.21.2004-111106 7235114 526
126666.586662883 ORIG:07.21.2004-111106 7235115 525
126666.596428849 ORIG:07.21.2004-111106 7235116 527
126666.606194815 ORIG:07.21.2004-111106 7235117 526
126666.61596078 ORIG:07.21.2004-111106 7235118 526
126666.625726746 ORIG:07.21.2004-111106 7235119 525
126666.635492712 ORIG:07.21.2004-111106 7235120 524
126666.645258678 ORIG:07.21.2004-111106 7235121 524
126666.655024644 ORIG:07.21.2004-111106 7235122 524
126666.664790609 ORIG:07.21.2004-111106 7235123 525
126666.674556575 ORIG:07.21.2004-111106 7235124 525
126666.684322541 ORIG:07.21.2004-111106 7235125 538
126666.694088507 ORIG:07.21.2004-111106 7235126 538
126666.703854473 ORIG:07.21.2004-111106 7235127 538
126666.713620438 ORIG:07.21.2004-111106 7235128 538
126666.723386404 ORIG:07.21.2004-111106 7235129 517
126666.73315237 ORIG:07.21.2004-111106 7235130 520
126666.742918336 ORIG:07.21.2004-111106 7235131 521
126666.752684302 ORIG:07.21.2004-111106 7235132 521
126666.762450267 ORIG:07.21.2004-111106 7235133 521
126666.772216233 ORIG:07.21.2004-111106 7235134 521
126666.781982199 ORIG:07.21.2004-111106 7235135 521
126666.791748165 ORIG:07.21.2004-111106 7235136 521
126666.801514131 ORIG:07.21.2004-111106 7235137 525
126666.811280096 ORIG:07.21.2004-111106 7235138 522
126666.821046062 ORIG:07.21.2004-111106 7235139 522
126666.830812028 ORIG:07.21.2004-111106 7235140 527
126666.840577994 ORIG:07.21.2004-111106 7235141 523
126666.85034396 ORIG:07.21.2004-111106 7235142 523
126666.860109925 ORIG:07.21.2004-111106 7235143 522
126666.869875891 ORIG:07.21.2004-111106 7235144 522
126666.879641857 ORIG:07.21.2004-111106 7235145 522
126666.889407823 ORIG:07.21.2004-111106 7235146 521
126666.899173789 ORIG:07.21.2004-111106 7235147 521
126666.908939754 ORIG:07.21.2004-111106 7235148 522
126666.91870572 ORIG:07.21.2004-111106 7235149 522
126666.928471686 ORIG:07.21.2004-111106 7235150 524
126666.938237652 ORIG:07.21.2004-111106 7235151 524
126666.948003618 ORIG:07.21.2004-111106 7235152 524
126666.957769583 ORIG:07.21.2004-111106 7235153 524
126666.967535549 ORIG:07.21.2004-111106 7235154 521
126666.977301515 ORIG:07.21.2004-111106 7235155 525
126666.987067481 ORIG:07.21.2004-111106 7235156 525
126666.996833447 ORIG:07.21.2004-111106 7235157 524
126667.006599412 ORIG:07.21.2004-111107 7235158 531
126667.016365378 ORIG:07.21.2004-111107 7235159 529
126667.026131344 ORIG:07.21.2004-111107 7235160 530
126667.03589731 ORIG:07.21.2004-111107 7235161 529
126667.045663276 ORIG:07.21.2004-111107 7235162 531
126667.055429241 ORIG:07.21.2004-111107 7235163 529
126667.065195207 ORIG:07.21.2004-111107 7235164 530
126667.074961173 ORIG:07.21.2004-111107 7235165 528
126667.084727139 ORIG:07.21.2004-111107 7235166 531
126667.094493105 ORIG:07.21.2004-111107 7235167 529
126667.10425907 ORIG:07.21.2004-111107 7235168 528
126667.114025036 ORIG:07.21.2004-111107 7235169 528
126667.123791002 ORIG:07.21.2004-111107 7235170 528
126667.133556968 ORIG:07.21.2004-111107 7235171 528
126667.143322934 ORIG:07.21.2004-111107 7235172 528
126667.153088899 ORIG:07.21.2004-111107 7235173 529
126667.162854865 ORIG:07.21.2004-111107 7235174 529
126667.172620831 ORIG:07.21.2004-111107 7235175 526
126667.182386797 ORIG:07.21.2004-111107 7235176 526
126667.192152763 ORIG:07.21.2004-111107 7235177 526
126667.201918728 ORIG:07.21.2004-111107 7235178 526
126667.211684694 ORIG:07.21.2004-111107 7235179 515
126667.22145066 ORIG:07.21.2004-111107 7235180 523
126667.231216626 ORIG:07.21.2004-111107 7235181 525
126667.240982592 ORIG:07.21.2004-111107 7235182 524
126667.250748557 ORIG:07.21.2004-111107 7235183 524
126667.260514523 ORIG:07.21.2004-111107 7235184 524
126667.270280489 ORIG:07.21.2004-111107 7235185 524
126667.280046455 ORIG:07.21.2004-111107 7235186 525
126667.289812421 ORIG:07.21.2004-111107 7235187 524
126667.299578386 ORIG:07.21.2004-111107 7235188 523
126667.309344352 ORIG:07.21.2004-111107 7235189 524
126667.319110318 ORIG:07.21.2004-111107 7235190 525
126667.328876284 ORIG:07.21.2004-111107 7235191 525
126667.33864225 ORIG:07.21.2004-111107 7235192 525
126667.348408215 ORIG:07.21.2004-111107 7235193 525
126667.358174181 ORIG:07.21.2004-111107 7235194 525
126667.367940147 ORIG:07.21.2004-111107 7235195 526
126667.377706113 ORIG:07.21.2004-111107 7235196 525
126667.387472079 ORIG:07.21.2004-111107 7235197 525
126667.397238044 ORIG:07.21.2004-111107 7235198 525
126667.40700401 ORIG:07.21.2004-111107 7235199 526
126667.416769976 ORIG:07.21.2004-111107 7235200 526
126667.426535942 ORIG:07.21.2004-111107 7235201 526
126667.436301908 ORIG:07.21.2004-111107 7235202 526
126667.446067873 ORIG:07.21.2004-111107 7235203 521
126667.455833839 ORIG:07.21.2004-111107 7235204 527
126667.465599805 ORIG:07.21.2004-111107 7235205 527
126667.475365771 ORIG:07.21.2004-111107 7235206 528
126667.485131737 ORIG:07.21.2004-111107 7235207 528
126667.494897702 ORIG:07.21.2004-111107 7235208 527
126667.504663668 ORIG:07.21.2004-111107 7235209 528
126667.514429634 ORIG:07.21.2004-111107 7235210 527
126667.5241956 ORIG:07.21.2004-111107 7235211 528
126667.533961566 ORIG:07.21.2004-111107 7235212 527
126667.543727531 ORIG:07.21.2004-111107 7235213 528
126667.553493497 ORIG:07.21.2004-111107 7235214 527
126667.563259463 ORIG:07.21.2004-111107 7235215 527
126667.573025429 ORIG:07.21.2004-111107 7235216 527
126667.582791395 ORIG:07.21.2004-111107 7235217 528
126667.59255736 ORIG:07.21.2004-111107 7235218 528
126667.602323326 ORIG:07.21.2004-111107 7235219 530
126667.612089292 ORIG:07.21.2004-111107 7235220 529
126667.621855258 ORIG:07.21.2004-111107 7235221 528
126667.631621224 ORIG:07.21.2004-111107 7235222 529
126667.641387189 ORIG:07.21.2004-111107 7235223 530
126667.651153155 ORIG:07.21.2004-111107 7235224 529
126667.660919121 ORIG:07.21.2004-111107 7235225 534
126667.670685087 ORIG:07.21.2004-111107 7235226 534
126667.680451053 ORIG:07.21.2004-111107 7235227 534
126667.690217018 ORIG:07.21.2004-111107 7235228 534
126667.699982984 ORIG:07.21.2004-111107 7235229 521
126667.70974895 ORIG:07.21.2004-111107 7235230 523
126667.719514916 ORIG:07.21.2004-111107 7235231 524
126667.729280882 ORIG:07.21.2004-111107 7235232 523
126667.739046847 ORIG:07.21.2004-111107 7235233 523
126667.748812813 ORIG:07.21.2004-111107 7235234 523
126667.758578779 ORIG:07.21.2004-111107 7235235 523
126667.768344745 ORIG:07.21.2004-111107 7235236 523
126667.778110711 ORIG:07.21.2004-111107 7235237 523
126667.787876676 ORIG:07.21.2004-111107 7235238 522
126667.797642642 ORIG:07.21.2004-111107 7235239 522
126667.807408608 ORIG:07.21.2004-111107 7235240 522
126667.817174574 ORIG:07.21.2004-111107 7235241 523
126667.82694054 ORIG:07.21.2004-111107 7235242 523
126667.836706505 ORIG:07.21.2004-111107 7235243 523
126667.846472471 ORIG:07.21.2004-111107 7235244 524
126667.856238437 ORIG:07.21.2004-111107 7235245 524
126667.866004403 ORIG:07.21.2004-111107 7235246 524
126667.875770369 ORIG:07.21.2004-111107 7235247 524
126667.885536334 ORIG:07.21.2004-111107 7235248 524
126667.8953023 ORIG:07.21.2004-111107 7235249 525
126667.905068266 ORIG:07.21.2004-111107 7235250 525
126667.914834232 ORIG:07.21.2004-111107 7235251 525
126667.924600197 ORIG:07.21.2004-111107 7235252 525
126667.934366163 ORIG:07.21.2004-111107 7235253 520
126667.944132129 ORIG:07.21.2004-111107 7235254 526
126667.953898095 ORIG:07.21.2004-111107 7235255 527
126667.963664061 ORIG:07.21.2004-111107 7235256 528
126667.973430026 ORIG:07.21.2004-111107 7235257 527
126667.983195992 ORIG:07.21.2004-111107 7235258 527
126667.992961958 ORIG:07.21.2004-111107 7235259 532
126668.002727924 ORIG:07.21.2004-111108 7235260 529
126668.01249389 ORIG:07.21.2004-111108 7235261 529
126668.022259855 ORIG:07.21.2004-111108 7235262 524
126668.032025821 ORIG:07.21.2004-111108 7235263 524
126668.041791787 ORIG:07.21.2004-111108 7235264 528
126668.051557753 ORIG:07.21.2004-111108 7235265 523
126668.061323719 ORIG:07.21.2004-111108 7235266 524
126668.071089684 ORIG:07.21.2004-111108 7235267 526
126668.08085565 ORIG:07.21.2004-111108 7235268 524
126668.090621616 ORIG:07.21.2004-111108 7235269 524
126668.100387582 ORIG:07.21.2004-111108 7235270 524
126668.110153548 ORIG:07.21.2004-111108 7235271 525
126668.119919513 ORIG:07.21.2004-111108 7235272 524
126668.129685479 ORIG:07.21.2004-111108 7235273 525
126668.139451445 ORIG:07.21.2004-111108 7235274 526
126668.149217411 ORIG:07.21.2004-111108 7235275 521
126668.158983377 ORIG:07.21.2004-111108 7235276 521
126668.168749342 ORIG:07.21.2004-111108 7235277 521
126668.178515308 ORIG:07.21.2004-111108 7235278 521
126668.188281274 ORIG:07.21.2004-111108 7235279 519
126668.19804724 ORIG:07.21.2004-111108 7235280 519
126668.207813206 ORIG:07.21.2004-111108 7235281 524
126668.217579171 ORIG:07.21.2004-111108 7235282 519
126668.227345137 ORIG:07.21.2004-111108 7235283 519
126668.237111103 ORIG:07.21.2004-111108 7235284 519
126668.246877069 ORIG:07.21.2004-111108 7235285 519
126668.256643035 ORIG:07.21.2004-111108 7235286 519
126668.266409 ORIG:07.21.2004-111108 7235287 519
126668.276174966 ORIG:07.21.2004-111108 7235288 519
126668.285940932 ORIG:07.21.2004-111108 7235289 519
126668.295706898 ORIG:07.21.2004-111108 7235290 520
126668.305472864 ORIG:07.21.2004-111108 7235291 520
126668.315238829 ORIG:07.21.2004-111108 7235292 522
126668.325004795 ORIG:07.21.2004-111108 7235293 520
126668.334770761 ORIG:07.21.2004-111108 7235294 520
126668.344536727 ORIG:07.21.2004-111108 7235295 519
126668.354302693 ORIG:07.21.2004-111108 7235296 521
126668.364068658 ORIG:07.21.2004-111108 7235297 520
126668.373834624 ORIG:07.21.2004-111108 7235298 526
126668.38360059 ORIG:07.21.2004-111108 7235299 520
126668.393366556 ORIG:07.21.2004-111108 7235300 520
126668.403132522 ORIG:07.21.2004-111108 7235301 520
126668.412898487 ORIG:07.21.2004-111108 7235302 520
126668.422664453 ORIG:07.21.2004-111108 7235303 512
126668.432430419 ORIG:07.21.2004-111108 7235304 523
126668.442196385 ORIG:07.21.2004-111108 7235305 523
126668.451962351 ORIG:07.21.2004-111108 7235306 524
126668.461728316 ORIG:07.21.2004-111108 7235307 523
126668.471494282 ORIG:07.21.2004-111108 7235308 524
126668.481260248 ORIG:07.21.2004-111108 7235309 524
126668.491026214 ORIG:07.21.2004-111108 7235310 523
126668.50079218 ORIG:07.21.2004-111108 7235311 524
126668.510558145 ORIG:07.21.2004-111108 7235312 525
126668.520324111 ORIG:07.21.2004-111108 7235313 523
126668.530090077 ORIG:07.21.2004-111108 7235314 524
126668.539856043 ORIG:07.21.2004-111108 7235315 529
126668.549622009 ORIG:07.21.2004-111108 7235316 524
126668.559387974 ORIG:07.21.2004-111108 7235317 524
126668.56915394 ORIG:07.21.2004-111108 7235318 523
126668.578919906 ORIG:07.21.2004-111108 7235319 524
126668.588685872 ORIG:07.21.2004-111108 7235320 524
126668.598451838 ORIG:07.21.2004-111108 7235321 524
126668.608217803 ORIG:07.21.2004-111108 7235322 525
126668.617983769 ORIG:07.21.2004-111108 7235323 526
126668.627749735 ORIG:07.21.2004-111108 7235324 525
126668.637515701 ORIG:07.21.2004-111108 7235325 520
126668.647281667 ORIG:07.21.2004-111108 7235326 520
126668.657047632 ORIG:07.21.2004-111108 7235327 520
126668.666813598 ORIG:07.21.2004-111108 7235328 520
126668.676579564 ORIG:07.21.2004-111108 7235329 515
126668.68634553 ORIG:07.21.2004-111108 7235330 520
126668.696111496 ORIG:07.21.2004-111108 7235331 520
126668.705877461 ORIG:07.21.2004-111108 7235332 520
126668.715643427 ORIG:07.21.2004-111108 7235333 520
126668.725409393 ORIG:07.21.2004-111108 7235334 521
126668.735175359 ORIG:07.21.2004-111108 7235335 521
126668.744941325 ORIG:07.21.2004-111108 7235336 522
126668.75470729 ORIG:07.21.2004-111108 7235337 521
126668.764473256 ORIG:07.21.2004-111108 7235338 521
126668.774239222 ORIG:07.21.2004-111108 7235339 520
126668.784005188 ORIG:07.21.2004-111108 7235340 521
126668.793771154 ORIG:07.21.2004-111108 7235341 521
126668.803537119 ORIG:07.21.2004-111108 7235342 519
126668.813303085 ORIG:07.21.2004-111108 7235343 520
126668.823069051 ORIG:07.21.2004-111108 7235344 520
126668.832835017 ORIG:07.21.2004-111108 7235345 520
126668.842600983 ORIG:07.21.2004-111108 7235346 523
126668.852366948 ORIG:07.21.2004-111108 7235347 520
126668.862132914 ORIG:07.21.2004-111108 7235348 520
126668.87189888 ORIG:07.21.2004-111108 7235349 521
126668.881664846 ORIG:07.21.2004-111108 7235350 531
126668.891430812 ORIG:07.21.2004-111108 7235351 531
126668.901196777 ORIG:07.21.2004-111108 7235352 531
126668.910962743 ORIG:07.21.2004-111108 7235353 531
126668.920728709 ORIG:07.21.2004-111108 7235354 531
126668.930494675 ORIG:07.21.2004-111108 7235355 531
126668.940260641 ORIG:07.21.2004-111108 7235356 531
126668.950026606 ORIG:07.21.2004-111108 7235357 507
126668.959792572 ORIG:07.21.2004-111108 7235358 519
126668.969558538 ORIG:07.21.2004-111108 7235359 520
126668.979324504 ORIG:07.21.2004-111108 7235360 519
126668.98909047 ORIG:07.21.2004-111108 7235361 520
126668.998856435 ORIG:07.21.2004-111108 7235362 521
126669.008622401 ORIG:07.21.2004-111109 7235363 522
126669.018388367 ORIG:07.21.2004-111109 7235364 525
126669.028154333 ORIG:07.21.2004-111109 7235365 525
126669.037920299 ORIG:07.21.2004-111109 7235366 526
126669.047686264 ORIG:07.21.2004-111109 7235367 526
126669.05745223 ORIG:07.21.2004-111109 7235368 525
126669.067218196 ORIG:07.21.2004-111109 7235369 525
126669.076984162 ORIG:07.21.2004-111109 7235370 525
126669.086750128 ORIG:07.21.2004-111109 7235371 525
126669.096516093 ORIG:07.21.2004-111109 7235372 525
126669.106282059 ORIG:07.21.2004-111109 7235373 526
126669.116048025 ORIG:07.21.2004-111109 7235374 527
126669.125813991 ORIG:07.21.2004-111109 7235375 528
126669.135579957 ORIG:07.21.2004-111109 7235376 528
126669.145345922 ORIG:07.21.2004-111109 7235377 528
126669.155111888 ORIG:07.21.2004-111109 7235378 528
126669.164877854 ORIG:07.21.2004-111109 7235379 528
126669.17464382 ORIG:07.21.2004-111109 7235380 530
126669.184409786 ORIG:07.21.2004-111109 7235381 531
126669.194175751 ORIG:07.21.2004-111109 7235382 532
126669.203941717 ORIG:07.21.2004-111109 7235383 532
126669.213707683 ORIG:07.21.2004-111109 7235384 531
126669.223473649 ORIG:07.21.2004-111109 7235385 532
126669.233239615 ORIG:07.21.2004-111109 7235386 533
126669.24300558 ORIG:07.21.2004-111109 7235387 532
126669.252771546 ORIG:07.21.2004-111109 7235388 532
126669.262537512 ORIG:07.21.2004-111109 7235389 533
126669.272303478 ORIG:07.21.2004-111109 7235390 533
126669.282069444 ORIG:07.21.2004-111109 7235391 532
126669.291835409 ORIG:07.21.2004-111109 7235392 534
126669.301601375 ORIG:07.21.2004-111109 7235393 534
126669.311367341 ORIG:07.21.2004-111109 7235394 535
126669.321133307 ORIG:07.21.2004-111109 7235395 535
126669.330899273 ORIG:07.21.2004-111109 7235396 536
126669.340665238 ORIG:07.21.2004-111109 7235397 536
126669.350431204 ORIG:07.21.2004-111109 7235398 538
126669.36019717 ORIG:07.21.2004-111109 7235399 539
126669.369963136 ORIG:07.21.2004-111109 7235400 539
126669.379729102 ORIG:07.21.2004-111109 7235401 539
126669.389495067 ORIG:07.21.2004-111109 7235402 539
126669.399261033 ORIG:07.21.2004-111109 7235403 529
126669.409026999 ORIG:07.21.2004-111109 7235404 538
126669.418792965 ORIG:07.21.2004-111109 7235405 539
126669.428558931 ORIG:07.21.2004-111109 7235406 538
126669.438324896 ORIG:07.21.2004-111109 7235407 540
126669.448090862 ORIG:07.21.2004-111109 7235408 541
126669.457856828 ORIG:07.21.2004-111109 7235409 541
126669.467622794 ORIG:07.21.2004-111109 7235410 543
126669.47738876 ORIG:07.21.2004-111109 7235411 545
126669.487154725 ORIG:07.21.2004-111109 7235412 546
126669.496920691 ORIG:07.21.2004-111109 7235413 546
126669.506686657 ORIG:07.21.2004-111109 7235414 547
126669.516452623 ORIG:07.21.2004-111109 7235415 551
126669.526218589 ORIG:07.21.2004-111109 7235416 551
126669.535984554 ORIG:07.21.2004-111109 7235417 554
126669.54575052 ORIG:07.21.2004-111109 7235418 562
126669.555516486 ORIG:07.21.2004-111109 7235419 577
126669.565282452 ORIG:07.21.2004-111109 7235420 594
126669.575048418 ORIG:07.21.2004-111109 7235421 610
126669.584814383 ORIG:07.21.2004-111109 7235422 609
126669.594580349 ORIG:07.21.2004-111109 7235423 610
126669.604346315 ORIG:07.21.2004-111109 7235424 608
126669.614112281 ORIG:07.21.2004-111109 7235425 610
126669.623878247 ORIG:07.21.2004-111109 7235426 610
126669.633644212 ORIG:07.21.2004-111109 7235427 610
126669.643410178 ORIG:07.21.2004-111109 7235428 610
126669.653176144 ORIG:07.21.2004-111109 7235429 610
126669.66294211 ORIG:07.21.2004-111109 7235430 617
126669.672708075 ORIG:07.21.2004-111109 7235431 620
126669.682474041 ORIG:07.21.2004-111109 7235432 625
126669.692240007 ORIG:07.21.2004-111109 7235433 644
126669.702005973 ORIG:07.21.2004-111109 7235434 724
126669.711771939 ORIG:07.21.2004-111109 7235435 886
126669.721537904 ORIG:07.21.2004-111109 7235436 1023
126669.73130387 ORIG:07.21.2004-111109 7235437 1023
126669.741069836 ORIG:07.21.2004-111109 7235438 1023
126669.750835802 ORIG:07.21.2004-111109 7235439 1023
126669.760601768 ORIG:07.21.2004-111109 7235440 1023
126669.770367733 ORIG:07.21.2004-111109 7235441 1023
126669.780133699 ORIG:07.21.2004-111109 7235442 1023
126669.789899665 ORIG:07.21.2004-111109 7235443 1023
126669.799665631 ORIG:07.21.2004-111109 7235444 1023
126669.809431597 ORIG:07.21.2004-111109 7235445 1023
126669.819197562 ORIG:07.21.2004-111109 7235446 1023
126669.828963528 ORIG:07.21.2004-111109 7235447 1023
126669.838729494 ORIG:07.21.2004-111109 7235448 1023
126669.84849546 ORIG:07.21.2004-111109 7235449 1023
126669.858261426 ORIG:07.21.2004-111109 7235450 1023
126669.868027391 ORIG:07.21.2004-111109 7235451 1023
126669.877793357 ORIG:07.21.2004-111109 7235452 1023
126669.887559323 ORIG:07.21.2004-111109 7235453 1023
126669.897325289 ORIG:07.21.2004-111109 7235454 1023
126669.907091255 ORIG:07.21.2004-111109 7235455 1023
126669.91685722 ORIG:07.21.2004-111109 7235456 992
126669.926623186 ORIG:07.21.2004-111109 7235457 902
126669.936389152 ORIG:07.21.2004-111109 7235458 820
126669.946155118 ORIG:07.21.2004-111109 7235459 742
126669.955921084 ORIG:07.21.2004-111109 7235460 663
126669.965687049 ORIG:07.21.2004-111109 7235461 580
126669.975453015 ORIG:07.21.2004-111109 7235462 500
126669.985218981 ORIG:07.21.2004-111109 7235463 427
126669.994984947 ORIG:07.21.2004-111109 7235464 364
126670.004750913 ORIG:07.21.2004-111110 7235465 308
126670.014516878 ORIG:07.21.2004-111110 7235466 250
126670.03404881	07.21.2004-111110	7235468	134
126670.043814776	07.21.2004-111110	7235469	81
126670.053580742	07.21.2004-111110	7235470	33
126670.063346707	07.21.2004-111110	7235471	0
126670.073112673	07.21.2004-111110	7235472	0
126670.082878639	07.21.2004-111110	7235473	0
126670.092644605	07.21.2004-111110	7235474	0
126670.102410571	07.21.2004-111110	7235475	0
126670.112176536	07.21.2004-111110	7235476	0
126670.121942502	07.21.2004-111110	7235477	0
126670.131708468	07.21.2004-111110	7235478	0
126670.141474434	07.21.2004-111110	7235479	3
126670.1512404	07.21.2004-111110	7235480	5
126670.161006365	07.21.2004-111110	7235481	2
126670.170772331	07.21.2004-111110	7235482	0
126670.180538297	07.21.2004-111110	7235483	0
126670.190304263	07.21.2004-111110	7235484	0
126670.200070229	07.21.2004-111110	7235485	0
126670.209836194	07.21.2004-111110	7235486	0
126670.21960216	07.21.2004-111110	7235487	0
126670.229368126	07.21.2004-111110	7235488	0
126670.239134092	07.21.2004-111110	7235489	0
126670.248900058	07.21.2004-111110	7235490	0
126670.258666023	07.21.2004-111110	7235491	0
126670.268431989	07.21.2004-111110	7235492	6
126670.278197955	07.21.2004-111110	7235493	26
126670.287963921	07.21.2004-111110	7235494	52
126670.297729887	07.21.2004-111110	7235495	74
126670.307495852	07.21.2004-111110	7235496	115
126670.317261818	07.21.2004-111110	7235497	143
126670.327027784	07.21.2004-111110	7235498	168
126670.33679375	07.21.2004-111110	7235499	197
126670.346559716	07.21.2004-111110	7235500	237
126670.356325681	07.21.2004-111110	7235501	237
126670.366091647	07.21.2004-111110	7235502	251
126670.375857613	07.21.2004-111110	7235503	290
126670.385623579	07.21.2004-111110	7235504	327
126670.395389545	07.21.2004-111110	7235505	351
126670.40515551	07.21.2004-111110	7235506	371
126670.414921476	07.21.2004-111110	7235507	396
126670.424687442	07.21.2004-111110	7235508	417
126670.434453408	07.21.2004-111110	7235509	441
126670.444219374	07.21.2004-111110	7235510	459
126670.453985339	07.21.2004-111110	7235511	487
126670.463751305	07.21.2004-111110	7235512	510
126670.473517271	07.21.2004-111110	7235513	527
126670.483283237	07.21.2004-111110	7235514	542
126670.493049203	07.21.2004-111110	7235515	553
126670.502815168	07.21.2004-111110	7235516	557
126670.512581134	07.21.2004-111110	7235517	555
126670.5223471	07.21.2004-111110	7235518	535
126670.532113066	07.21.2004-111110	7235519	500
126670.541879032	07.21.2004-111110	7235520	460
126670.551644997	07.21.2004-111110	7235521	421
126670.561410963	07.21.2004-111110	7235522	381
126670.571176929	07.21.2004-111110	7235523	339
126670.580942895	07.21.2004-111110	7235524	293
126670.590708861	07.21.2004-111110	7235525	270
126670.600474826	07.21.2004-111110	7235526	270
126670.610240792	07.21.2004-111110	7235527	137
126670.620006758	07.21.2004-111110	7235528	100
126670.629772724	07.21.2004-111110	7235529	52
126670.63953869	07.21.2004-111110	7235530	0
126670.649304655	07.21.2004-111110	7235531	0
126670.659070621	07.21.2004-111110	7235532	0
126670.668836587	07.21.2004-111110	7235533	0
126670.678602553	07.21.2004-111110	7235534	0
126670.688368519	07.21.2004-111110	7235535	0
126670.698134484	07.21.2004-111110	7235536	0
126670.70790045	07.21.2004-111110	7235537	0
126670.717666416	07.21.2004-111110	7235538	0
126670.727432382	07.21.2004-111110	7235539	0
126670.737198348	07.21.2004-111110	7235540	0
126670.746964313	07.21.2004-111110	7235541	0
126670.756730279	07.21.2004-111110	7235542	0
126670.766496245	07.21.2004-111110	7235543	0
126670.776262211	07.21.2004-111110	7235544	0
126670.786028177	07.21.2004-111110	7235545	0
126670.795794142	07.21.2004-111110	7235546	0
126670.805560108	07.21.2004-111110	7235547	0
126670.815326074	07.21.2004-111110	7235548	0
126670.82509204	07.21.2004-111110	7235549	0
126670.834858006	07.21.2004-111110	7235550	0
126670.844623971	07.21.2004-111110	7235551	0
126670.854389937	07.21.2004-111110	7235552	0
126670.864155903	07.21.2004-111110	7235553	9
126670.873921869	07.21.2004-111110	7235554	63
126670.883687835	07.21.2004-111110	7235555	83
126670.8934538	07.21.2004-111110	7235556	96
126670.903219766	07.21.2004-111110	7235557	106
126670.912985732	07.21.2004-111110	7235558	115
126670.922751698	07.21.2004-111110	7235559	119
126670.932517664	07.21.2004-111110	7235560	124
126670.942283629	07.21.2004-111110	7235561	122
126670.952049595	07.21.2004-111110	7235562	115
126670.961815561	07.21.2004-111110	7235563	103
126670.971581527	07.21.2004-111110	7235564	86
126670.981347493	07.21.2004-111110	7235565	77
126670.991113458	07.21.2004-111110	7235566	59
126671.000879424	07.21.2004-111111	7235567	49
126671.01064539	07.21.2004-111111	7235568	41
126671.020411356	07.21.2004-111111	7235569	38
126671.030177322	07.21.2004-111111	7235570	48
126671.039943287	07.21.2004-111111	7235571	64
126671.049709253	07.21.2004-111111	7235572	87
126671.059475219	07.21.2004-111111	7235573	119
126671.069241185	07.21.2004-111111	7235574	164
126671.079007151	07.21.2004-111111	7235575	214
126671.088773116	07.21.2004-111111	7235576	253
126671.098539082	07.21.2004-111111	7235577	314
126671.108305048	07.21.2004-111111	7235578	388
126671.118071014	07.21.2004-111111	7235579	434
126671.12783698	07.21.2004-111111	7235580	456
126671.137602945	07.21.2004-111111	7235581	475
126671.147368911	07.21.2004-111111	7235582	503
126671.157134877	07.21.2004-111111	7235583	536
126671.166900843	07.21.2004-111111	7235584	575
126671.176666809	07.21.2004-111111	7235585	614
126671.186432774	07.21.2004-111111	7235586	636
126671.19619874	07.21.2004-111111	7235587	637
126671.205964706	07.21.2004-111111	7235588	615
126671.215730672	07.21.2004-111111	7235589	571
126671.225496638	07.21.2004-111111	7235590	511
126671.235262603	07.21.2004-111111	7235591	440
126671.245028569	07.21.2004-111111	7235592	369
126671.254794535	07.21.2004-111111	7235593	293
126671.264560501	07.21.2004-111111	7235594	224
126671.274326467	07.21.2004-111111	7235595	163
126671.284092432	07.21.2004-111111	7235596	108
126671.293858398	07.21.2004-111111	7235597	60
126671.303624364	07.21.2004-111111	7235598	19
126671.31339033	07.21.2004-111111	7235599	0
126671.323156296	07.21.2004-111111	7235600	0
126671.332922261	07.21.2004-111111	7235601	0
126671.342688227	07.21.2004-111111	7235602	0
126671.352454193	07.21.2004-111111	7235603	0
126671.362220159	07.21.2004-111111	7235604	0
126671.371986124	07.21.2004-111111	7235605	0
126671.38175209	07.21.2004-111111	7235606	0
126671.391518056	07.21.2004-111111	7235607	0
126671.401284022	07.21.2004-111111	7235608	0
126671.411049988	07.21.2004-111111	7235609	40
126671.420815953	07.21.2004-111111	7235610	82
126671.430581919	07.21.2004-111111	7235611	120
126671.440347885	07.21.2004-111111	7235612	151
126671.450113851	07.21.2004-111111	7235613	176
126671.459879817	07.21.2004-111111	7235614	199
126671.469645782	07.21.2004-111111	7235615	223
126671.479411748	07.21.2004-111111	7235616	249
126671.489177714	07.21.2004-111111	7235617	276
126671.49894368	07.21.2004-111111	7235618	302
126671.508709646	07.21.2004-111111	7235619	325
126671.518475611	07.21.2004-111111	7235620	344
126671.528241577	07.21.2004-111111	7235621	358
126671.538007543	07.21.2004-111111	7235622	367
126671.547773509	07.21.2004-111111	7235623	373
126671.557539475	07.21.2004-111111	7235624	373
126671.56730544	07.21.2004-111111	7235625	369
126671.577071406	07.21.2004-111111	7235626	369
126671.586837372	07.21.2004-111111	7235627	369
126671.596603338	07.21.2004-111111	7235628	346
126671.606369304	07.21.2004-111111	7235629	345
126671.616135269	07.21.2004-111111	7235630	344
126671.625901235	07.21.2004-111111	7235631	332
126671.635667201	07.21.2004-111111	7235632	325
126671.645433167	07.21.2004-111111	7235633	317
126671.655199133	07.21.2004-111111	7235634	312
126671.664965098	07.21.2004-111111	7235635	315
126671.674731064	07.21.2004-111111	7235636	312
126671.68449703	07.21.2004-111111	7235637	313
126671.694262996	07.21.2004-111111	7235638	311
126671.704028962	07.21.2004-111111	7235639	304
126671.713794927	07.21.2004-111111	7235640	297
126671.723560893	07.21.2004-111111	7235641	287
126671.733326859	07.21.2004-111111	7235642	277
126671.743092825	07.21.2004-111111	7235643	268
126671.752858791	07.21.2004-111111	7235644	261
126671.762624756	07.21.2004-111111	7235645	260
126671.772390722	07.21.2004-111111	7235646	259
126671.782156688	07.21.2004-111111	7235647	261
126671.791922654	07.21.2004-111111	7235648	272
126671.80168862	07.21.2004-111111	7235649	276
126671.811454585	07.21.2004-111111	7235650	276
126671.821220551	07.21.2004-111111	7235651	276
126671.830986517	07.21.2004-111111	7235652	276
126671.840752483	07.21.2004-111111	7235653	303
126671.850518449	07.21.2004-111111	7235654	315
126671.860284414	07.21.2004-111111	7235655	322
126671.87005038	07.21.2004-111111	7235656	331
126671.879816346	07.21.2004-111111	7235657	343
126671.889582312	07.21.2004-111111	7235658	355
126671.899348278	07.21.2004-111111	7235659	369
126671.909114243	07.21.2004-111111	7235660	382
126671.918880209	07.21.2004-111111	7235661	393
126671.928646175	07.21.2004-111111	7235662	401
126671.938412141	07.21.2004-111111	7235663	407
126671.948178107	07.21.2004-111111	7235664	413
126671.957944072	07.21.2004-111111	7235665	418
126671.967710038	07.21.2004-111111	7235666	429
126671.977476004	07.21.2004-111111	7235667	430
126671.98724197	07.21.2004-111111	7235668	434
126671.997007936	07.21.2004-111111	7235669	440
126672.006773901	07.21.2004-111112	7235670	446
126672.016539867	07.21.2004-111112	7235671	448
126672.026305833	07.21.2004-111112	7235672	449
126672.036071799	07.21.2004-111112	7235673	447
126672.045837765	07.21.2004-111112	7235674	446
126672.05560373	07.21.2004-111112	7235675	445
126672.065369696	07.21.2004-111112	7235676	445
126672.075135662	07.21.2004-111112	7235677	445
126672.084901628	07.21.2004-111112	7235678	445
126672.094667594	07.21.2004-111112	7235679	445
126672.104433559	07.21.2004-111112	7235680	455
126672.114199525	07.21.2004-111112	7235681	458
126672.123965491	07.21.2004-111112	7235682	463
126672.133731457	07.21.2004-111112	7235683	467
126672.143497423	07.21.2004-111112	7235684	467
126672.153263388	07.21.2004-111112	7235685	467
126672.163029354	07.21.2004-111112	7235686	468
126672.17279532	07.21.2004-111112	7235687	469
126672.182561286	07.21.2004-111112	7235688	468
126672.192327252	07.21.2004-111112	7235689	468
126672.202093217	07.21.2004-111112	7235690	464
126672.211859183	07.21.2004-111112	7235691	463
126672.221625149	07.21.2004-111112	7235692	464
126672.231391115	07.21.2004-111112	7235693	465
126672.241157081	07.21.2004-111112	7235694	465
126672.250923046	07.21.2004-111112	7235695	463
126672.260689012	07.21.2004-111112	7235696	458
126672.270454978	07.21.2004-111112	7235697	453
126672.280220944	07.21.2004-111112	7235698	449
126672.28998691	07.21.2004-111112	7235699	451
126672.299752875	07.21.2004-111112	7235700	473
126672.309518841	07.21.2004-111112	7235701	473
126672.319284807	07.21.2004-111112	7235702	473
126672.329050773	07.21.2004-111112	7235703	473
126672.338816739	07.21.2004-111112	7235704	443
126672.348582704	07.21.2004-111112	7235705	442
126672.35834867	07.21.2004-111112	7235706	442
126672.368114636	07.21.2004-111112	7235707	446
126672.377880602	07.21.2004-111112	7235708	452
126672.387646568	07.21.2004-111112	7235709	463
126672.397412533	07.21.2004-111112	7235710	474
126672.407178499	07.21.2004-111112	7235711	484
126672.416944465	07.21.2004-111112	7235712	494
126672.426710431	07.21.2004-111112	7235713	505
126672.436476397	07.21.2004-111112	7235714	514
126672.446242362	07.21.2004-111112	7235715	526
126672.456008328	07.21.2004-111112	7235716	540
126672.465774294	07.21.2004-111112	7235717	555
126672.47554026	07.21.2004-111112	7235718	571
126672.485306226	07.21.2004-111112	7235719	588
126672.495072191	07.21.2004-111112	7235720	607
126672.504838157	07.21.2004-111112	7235721	624
126672.514604123	07.21.2004-111112	7235722	642
126672.524370089	07.21.2004-111112	7235723	656
126672.534136055	07.21.2004-111112	7235724	672
126672.54390202	07.21.2004-111112	7235725	704
126672.553667986	07.21.2004-111112	7235726	704
126672.563433952	07.21.2004-111112	7235727	704
126672.573199918	07.21.2004-111112	7235728	704
126672.582965884	07.21.2004-111112	7235729	721
126672.592731849	07.21.2004-111112	7235730	726
126672.602497815	07.21.2004-111112	7235731	731
126672.612263781	07.21.2004-111112	7235732	734
126672.622029747	07.21.2004-111112	7235733	731
126672.631795713	07.21.2004-111112	7235734	728
126672.641561678	07.21.2004-111112	7235735	724
126672.651327644	07.21.2004-111112	7235736	716
126672.66109361	07.21.2004-111112	7235737	709
126672.670859576	07.21.2004-111112	7235738	701
126672.680625542	07.21.2004-111112	7235739	693
126672.690391507	07.21.2004-111112	7235740	690
126672.700157473	07.21.2004-111112	7235741	686
126672.709923439	07.21.2004-111112	7235742	685
126672.719689405	07.21.2004-111112	7235743	683
126672.729455371	07.21.2004-111112	7235744	673
126672.739221336	07.21.2004-111112	7235745	665
126672.748987302	07.21.2004-111112	7235746	658
126672.758753268	07.21.2004-111112	7235747	654
126672.768519234	07.21.2004-111112	7235748	651
126672.7782852	07.21.2004-111112	7235749	651
126672.788051165	07.21.2004-111112	7235750	648
126672.797817131	07.21.2004-111112	7235751	648
126672.807583097	07.21.2004-111112	7235752	648
126672.817349063	07.21.2004-111112	7235753	648
126672.827115029	07.21.2004-111112	7235754	652
126672.836880994	07.21.2004-111112	7235755	654
126672.84664696	07.21.2004-111112	7235756	652
126672.856412926	07.21.2004-111112	7235757	652
126672.866178892	07.21.2004-111112	7235758	650
126672.875944858	07.21.2004-111112	7235759	648
126672.885710823	07.21.2004-111112	7235760	647
126672.895476789	07.21.2004-111112	7235761	647
126672.905242755	07.21.2004-111112	7235762	652
126672.915008721	07.21.2004-111112	7235763	648
126672.924774687	07.21.2004-111112	7235764	650
126672.934540652	07.21.2004-111112	7235765	653
126672.944306618	07.21.2004-111112	7235766	662
126672.954072584	07.21.2004-111112	7235767	659
126672.96383855	07.21.2004-111112	7235768	664
126672.973604516	07.21.2004-111112	7235769	670
126672.983370481	07.21.2004-111112	7235770	675
126672.993136447	07.21.2004-111112	7235771	681
126673.002902413	07.21.2004-111113	7235772	687
126673.012668379	07.21.2004-111113	7235773	695
126673.022434345	07.21.2004-111113	7235774	700
126673.03220031	07.21.2004-111113	7235775	709
126673.041966276	07.21.2004-111113	7235776	727
126673.051732242	07.21.2004-111113	7235777	727
126673.061498208	07.21.2004-111113	7235778	727
126673.071264174	07.21.2004-111113	7235779	727
126673.081030139	07.21.2004-111113	7235780	742
126673.090796105	07.21.2004-111113	7235781	755
126673.100562071	07.21.2004-111113	7235782	763
126673.110328037	07.21.2004-111113	7235783	771
126673.120094002	07.21.2004-111113	7235784	779
126673.129859968	07.21.2004-111113	7235785	785
126673.139625934	07.21.2004-111113	7235786	790
126673.1493919	07.21.2004-111113	7235787	796
126673.159157866	07.21.2004-111113	7235788	801
126673.168923831	07.21.2004-111113	7235789	805
126673.178689797	07.21.2004-111113	7235790	815
126673.188455763	07.21.2004-111113	7235791	814
126673.198221729	07.21.2004-111113	7235792	818
126673.207987695	07.21.2004-111113	7235793	824
126673.21775366	07.21.2004-111113	7235794	828
126673.227519626	07.21.2004-111113	7235795	832
126673.237285592	07.21.2004-111113	7235796	834
126673.247051558	07.21.2004-111113	7235797	832
126673.256817524	07.21.2004-111113	7235798	832
126673.266583489	07.21.2004-111113	7235799	829
126673.276349455	07.21.2004-111113	7235800	829
126673.286115421	07.21.2004-111113	7235801	829
126673.295881387	07.21.2004-111113	7235802	829
126673.305647353	07.21.2004-111113	7235803	799
126673.315413318	07.21.2004-111113	7235804	796
126673.325179284	07.21.2004-111113	7235805	787
126673.33494525	07.21.2004-111113	7235806	776
126673.344711216	07.21.2004-111113	7235807	765
126673.354477182	07.21.2004-111113	7235808	754
126673.364243147	07.21.2004-111113	7235809	742
126673.374009113	07.21.2004-111113	7235810	732
126673.383775079	07.21.2004-111113	7235811	723
126673.393541045	07.21.2004-111113	7235812	719
126673.403307011	07.21.2004-111113	7235813	706
126673.413072976	07.21.2004-111113	7235814	695
126673.422838942	07.21.2004-111113	7235815	688
126673.432604908	07.21.2004-111113	7235816	679
126673.442370874	07.21.2004-111113	7235817	672
126673.45213684	07.21.2004-111113	7235818	666
126673.461902805	07.21.2004-111113	7235819	661
126673.471668771	07.21.2004-111113	7235820	659
126673.481434737	07.21.2004-111113	7235821	658
126673.491200703	07.21.2004-111113	7235822	658
126673.500966669	07.21.2004-111113	7235823	665
126673.510732634	07.21.2004-111113	7235824	664
126673.5204986	07.21.2004-111113	7235825	672
126673.530264566	07.21.2004-111113	7235826	672
126673.540030532	07.21.2004-111113	7235827	672
126673.549796498	07.21.2004-111113	7235828	672
126673.559562463	07.21.2004-111113	7235829	679
126673.569328429	07.21.2004-111113	7235830	689
126673.579094395	07.21.2004-111113	7235831	699
126673.588860361	07.21.2004-111113	7235832	699
126673.598626327	07.21.2004-111113	7235833	704
126673.608392292	07.21.2004-111113	7235834	708
126673.618158258	07.21.2004-111113	7235835	713
126673.627924224	07.21.2004-111113	7235836	718
126673.63769019	07.21.2004-111113	7235837	722
126673.647456156	07.21.2004-111113	7235838	725
126673.657222121	07.21.2004-111113	7235839	728
126673.666988087	07.21.2004-111113	7235840	729
126673.676754053	07.21.2004-111113	7235841	730
126673.686520019	07.21.2004-111113	7235842	730
126673.696285985	07.21.2004-111113	7235843	736
126673.70605195	07.21.2004-111113	7235844	733
126673.715817916	07.21.2004-111113	7235845	733
126673.725583882	07.21.2004-111113	7235846	735
126673.735349848	07.21.2004-111113	7235847	734
126673.745115814	07.21.2004-111113	7235848	737
126673.754881779	07.21.2004-111113	7235849	734
126673.764647745	07.21.2004-111113	7235850	734
126673.774413711	07.21.2004-111113	7235851	734
126673.784179677	07.21.2004-111113	7235852	734
126673.793945643	07.21.2004-111113	7235853	712
126673.803711608	07.21.2004-111113	7235854	714
126673.813477574	07.21.2004-111113	7235855	709
126673.82324354	07.21.2004-111113	7235856	702
126673.833009506	07.21.2004-111113	7235857	695
126673.842775472	07.21.2004-111113	7235858	685
126673.852541437	07.21.2004-111113	7235859	677
126673.862307403	07.21.2004-111113	7235860	669
126673.872073369	07.21.2004-111113	7235861	657
126673.881839335	07.21.2004-111113	7235862	648
126673.891605301	07.21.2004-111113	7235863	638
126673.901371266	07.21.2004-111113	7235864	629
126673.911137232	07.21.2004-111113	7235865	619
126673.920903198	07.21.2004-111113	7235866	611
126673.930669164	07.21.2004-111113	7235867	599
126673.94043513	07.21.2004-111113	7235868	593
126673.950201095	07.21.2004-111113	7235869	589
126673.959967061	07.21.2004-111113	7235870	579
126673.969733027	07.21.2004-111113	7235871	573
126673.979498993	07.21.2004-111113	7235872	569
126673.989264959	07.21.2004-111113	7235873	565
126673.999030924	07.21.2004-111113	7235874	565
126674.00879689	07.21.2004-111114	7235875	568
126674.018562856	07.21.2004-111114	7235876	570
126674.028328822	07.21.2004-111114	7235877	570
126674.038094788	07.21.2004-111114	7235878	570
126674.047860753	07.21.2004-111114	7235879	570
126674.057626719	07.21.2004-111114	7235880	563
126674.067392685	07.21.2004-111114	7235881	563
126674.077158651	07.21.2004-111114	7235882	563
126674.086924617	07.21.2004-111114	7235883	563
126674.096690582	07.21.2004-111114	7235884	569
126674.106456548	07.21.2004-111114	7235885	574
126674.116222514	07.21.2004-111114	7235886	582
126674.12598848	07.21.2004-111114	7235887	585
126674.135754446	07.21.2004-111114	7235888	584
126674.145520411	07.21.2004-111114	7235889	584
126674.155286377	07.21.2004-111114	7235890	585
126674.165052343	07.21.2004-111114	7235891	587
126674.174818309	07.21.2004-111114	7235892	587
126674.184584275	07.21.2004-111114	7235893	591
126674.19435024	07.21.2004-111114	7235894	588
126674.204116206	07.21.2004-111114	7235895	588
126674.213882172	07.21.2004-111114	7235896	588
126674.223648138	07.21.2004-111114	7235897	590
126674.233414104	07.21.2004-111114	7235898	591
126674.243180069	07.21.2004-111114	7235899	593
126674.252946035	07.21.2004-111114	7235900	616
126674.262712001	07.21.2004-111114	7235901	616
126674.272477967	07.21.2004-111114	7235902	616
126674.282243933	07.21.2004-111114	7235903	616
126674.292009898	07.21.2004-111114	7235904	601
126674.301775864	07.21.2004-111114	7235905	604
126674.31154183	07.21.2004-111114	7235906	606
126674.321307796	07.21.2004-111114	7235907	605
126674.331073762	07.21.2004-111114	7235908	604
126674.340839727	07.21.2004-111114	7235909	603
126674.350605693	07.21.2004-111114	7235910	603
126674.360371659	07.21.2004-111114	7235911	604
126674.370137625	07.21.2004-111114	7235912	605
126674.379903591	07.21.2004-111114	7235913	608
126674.389669556	07.21.2004-111114	7235914	610
126674.399435522	07.21.2004-111114	7235915	614
126674.409201488	07.21.2004-111114	7235916	619
126674.418967454	07.21.2004-111114	7235917	625
126674.42873342	07.21.2004-111114	7235918	630
126674.438499385	07.21.2004-111114	7235919	635
126674.448265351	07.21.2004-111114	7235920	639
126674.458031317	07.21.2004-111114	7235921	641
126674.467797283	07.21.2004-111114	7235922	643
126674.477563249	07.21.2004-111114	7235923	644
126674.487329214	07.21.2004-111114	7235924	642
126674.49709518	07.21.2004-111114	7235925	652
126674.506861146	07.21.2004-111114	7235926	652
126674.516627112	07.21.2004-111114	7235927	652
126674.526393078	07.21.2004-111114	7235928	652
126674.536159043	07.21.2004-111114	7235929	617
126674.545925009	07.21.2004-111114	7235930	613
126674.555690975	07.21.2004-111114	7235931	606
126674.565456941	07.21.2004-111114	7235932	600
126674.575222907	07.21.2004-111114	7235933	594
126674.584988872	07.21.2004-111114	7235934	587
126674.594754838	07.21.2004-111114	7235935	581
126674.604520804	07.21.2004-111114	7235936	572
126674.61428677	07.21.2004-111114	7235937	564
126674.624052736	07.21.2004-111114	7235938	554
126674.633818701	07.21.2004-111114	7235939	543
126674.643584667	07.21.2004-111114	7235940	534
126674.653350633	07.21.2004-111114	7235941	523
126674.663116599	07.21.2004-111114	7235942	513
126674.672882565	07.21.2004-111114	7235943	503
126674.68264853	07.21.2004-111114	7235944	490
126674.692414496	07.21.2004-111114	7235945	484
126674.702180462	07.21.2004-111114	7235946	468
126674.711946428	07.21.2004-111114	7235947	456
126674.721712394	07.21.2004-111114	7235948	443
126674.731478359	07.21.2004-111114	7235949	430
126674.741244325	07.21.2004-111114	7235950	419
126674.751010291	07.21.2004-111114	7235951	419
126674.760776257	07.21.2004-111114	7235952	419
126674.770542223	07.21.2004-111114	7235953	419
126674.780308188	07.21.2004-111114	7235954	378
126674.790074154	07.21.2004-111114	7235955	378
126674.79984012	07.21.2004-111114	7235956	374
126674.809606086	07.21.2004-111114	7235957	372
126674.819372052	07.21.2004-111114	7235958	371
126674.829138017	07.21.2004-111114	7235959	375
126674.838903983	07.21.2004-111114	7235960	371
126674.848669949	07.21.2004-111114	7235961	373
126674.858435915	07.21.2004-111114	7235962	375
126674.86820188	07.21.2004-111114	7235963	378
126674.877967846	07.21.2004-111114	7235964	381
126674.887733812	07.21.2004-111114	7235965	386
126674.897499778	07.21.2004-111114	7235966	391
126674.907265744	07.21.2004-111114	7235967	397
126674.917031709	07.21.2004-111114	7235968	403
126674.926797675	07.21.2004-111114	7235969	410
126674.936563641	07.21.2004-111114	7235970	419
126674.946329607	07.21.2004-111114	7235971	426
126674.956095573	07.21.2004-111114	7235972	438
126674.965861538	07.21.2004-111114	7235973	438
126674.975627504	07.21.2004-111114	7235974	445
126674.98539347	07.21.2004-111114	7235975	448
126674.995159436	07.21.2004-111114	7235976	451
126675.004925402	07.21.2004-111115	7235977	462
126675.014691367	07.21.2004-111115	7235978	462
126675.024457333	07.21.2004-111115	7235979	462
126675.034223299	07.21.2004-111115	7235980	462
126675.043989265	07.21.2004-111115	7235981	464
126675.053755231	07.21.2004-111115	7235982	469
126675.063521196	07.21.2004-111115	7235983	472
126675.073287162	07.21.2004-111115	7235984	477
126675.083053128	07.21.2004-111115	7235985	481
126675.092819094	07.21.2004-111115	7235986	484
126675.10258506	07.21.2004-111115	7235987	488
126675.112351025	07.21.2004-111115	7235988	493
126675.122116991	07.21.2004-111115	7235989	496
126675.131882957	07.21.2004-111115	7235990	501
126675.141648923	07.21.2004-111115	7235991	506
126675.151414889	07.21.2004-111115	7235992	510
126675.161180854	07.21.2004-111115	7235993	514
126675.17094682	07.21.2004-111115	7235994	519
126675.180712786	07.21.2004-111115	7235995	523
126675.190478752	07.21.2004-111115	7235996	528
126675.200244718	07.21.2004-111115	7235997	534
126675.210010683	07.21.2004-111115	7235998	541
126675.219776649	07.21.2004-111115	7235999	549
126675.229542615	07.21.2004-111115	7236000	581
126675.239308581	07.21.2004-111115	7236001	581
126675.249074547	07.21.2004-111115	7236002	581
126675.258840512	07.21.2004-111115	7236003	581
126675.268606478	07.21.2004-111115	7236004	576
126675.278372444	07.21.2004-111115	7236005	577
126675.28813841	07.21.2004-111115	7236006	581
126675.297904376	07.21.2004-111115	7236007	584
126675.307670341	07.21.2004-111115	7236008	585
126675.317436307	07.21.2004-111115	7236009	587
126675.327202273	07.21.2004-111115	7236010	587
126675.336968239	07.21.2004-111115	7236011	588
126675.346734205	07.21.2004-111115	7236012	589
126675.35650017	07.21.2004-111115	7236013	589
126675.366266136	07.21.2004-111115	7236014	590
126675.376032102	07.21.2004-111115	7236015	591
126675.385798068	07.21.2004-111115	7236016	593
126675.395564034	07.21.2004-111115	7236017	595
126675.405329999	07.21.2004-111115	7236018	598
126675.415095965	07.21.2004-111115	7236019	601
126675.424861931	07.21.2004-111115	7236020	604
126675.434627897	07.21.2004-111115	7236021	609
126675.444393863	07.21.2004-111115	7236022	615
126675.454159828	07.21.2004-111115	7236023	622
126675.463925794	07.21.2004-111115	7236024	630
126675.47369176	07.21.2004-111115	7236025	634
126675.483457726	07.21.2004-111115	7236026	634
126675.493223692	07.21.2004-111115	7236027	634
126675.502989657	07.21.2004-111115	7236028	634
126675.512755623	07.21.2004-111115	7236029	655
126675.522521589	07.21.2004-111115	7236030	666
126675.532287555	07.21.2004-111115	7236031	669
126675.542053521	07.21.2004-111115	7236032	671
126675.551819486	07.21.2004-111115	7236033	675
126675.561585452	07.21.2004-111115	7236034	675
126675.571351418	07.21.2004-111115	7236035	673
126675.581117384	07.21.2004-111115	7236036	671
126675.59088335	07.21.2004-111115	7236037	673
126675.600649315	07.21.2004-111115	7236038	665
126675.610415281	07.21.2004-111115	7236039	663
126675.620181247	07.21.2004-111115	7236040	654
126675.629947213	07.21.2004-111115	7236041	649
126675.639713179	07.21.2004-111115	7236042	643
126675.649479144	07.21.2004-111115	7236043	636
126675.65924511	07.21.2004-111115	7236044	630
126675.669011076	07.21.2004-111115	7236045	620
126675.678777042	07.21.2004-111115	7236046	613
126675.688543008	07.21.2004-111115	7236047	607
126675.698308973	07.21.2004-111115	7236048	604
126675.708074939	07.21.2004-111115	7236049	598
126675.717840905	07.21.2004-111115	7236050	597
126675.727606871	07.21.2004-111115	7236051	598
126675.737372837	07.21.2004-111115	7236052	619
126675.747138802	07.21.2004-111115	7236053	619
126675.756904768	07.21.2004-111115	7236054	619
126675.766670734	07.21.2004-111115	7236055	619
126675.7764367	07.21.2004-111115	7236056	575
126675.786202666	07.21.2004-111115	7236057	576
126675.795968631	07.21.2004-111115	7236058	575
126675.805734597	07.21.2004-111115	7236059	570
126675.815500563	07.21.2004-111115	7236060	565
126675.825266529	07.21.2004-111115	7236061	561
126675.835032495	07.21.2004-111115	7236062	556
126675.84479846	07.21.2004-111115	7236063	552
126675.854564426	07.21.2004-111115	7236064	549
126675.864330392	07.21.2004-111115	7236065	544
126675.874096358	07.21.2004-111115	7236066	540
126675.883862324	07.21.2004-111115	7236067	532
126675.893628289	07.21.2004-111115	7236068	526
126675.903394255	07.21.2004-111115	7236069	519
126675.913160221	07.21.2004-111115	7236070	513
126675.922926187	07.21.2004-111115	7236071	509
126675.932692153	07.21.2004-111115	7236072	502
126675.942458118	07.21.2004-111115	7236073	496
126675.952224084	07.21.2004-111115	7236074	489
126675.96199005	07.21.2004-111115	7236075	480
126675.971756016	07.21.2004-111115	7236076	480
126675.981521982	07.21.2004-111115	7236077	480
126675.991287947	07.21.2004-111115	7236078	480
126676.001053913	07.21.2004-111116	7236079	450
126676.010819879	07.21.2004-111116	7236080	449
126676.020585845	07.21.2004-111116	7236081	444
126676.030351811	07.21.2004-111116	7236082	437
126676.040117776	07.21.2004-111116	7236083	433
126676.049883742	07.21.2004-111116	7236084	430
126676.059649708	07.21.2004-111116	7236085	429
126676.069415674	07.21.2004-111116	7236086	427
126676.07918164	07.21.2004-111116	7236087	426
126676.088947605	07.21.2004-111116	7236088	425
126676.098713571	07.21.2004-111116	7236089	425
126676.108479537	07.21.2004-111116	7236090	427
126676.118245503	07.21.2004-111116	7236091	429
126676.128011469	07.21.2004-111116	7236092	431
126676.137777434	07.21.2004-111116	7236093	434
126676.1475434	07.21.2004-111116	7236094	436
126676.157309366	07.21.2004-111116	7236095	439
126676.167075332	07.21.2004-111116	7236096	442
126676.176841298	07.21.2004-111116	7236097	446
126676.186607263	07.21.2004-111116	7236098	451
126676.196373229	07.21.2004-111116	7236099	456
126676.206139195	07.21.2004-111116	7236100	464
126676.215905161	07.21.2004-111116	7236101	464
126676.225671127	07.21.2004-111116	7236102	464
126676.235437092	07.21.2004-111116	7236103	464
126676.245203058	07.21.2004-111116	7236104	483
126676.254969024	07.21.2004-111116	7236105	495
126676.26473499	07.21.2004-111116	7236106	503
126676.274500956	07.21.2004-111116	7236107	510
126676.284266921	07.21.2004-111116	7236108	518
126676.294032887	07.21.2004-111116	7236109	526
126676.303798853	07.21.2004-111116	7236110	535
126676.313564819	07.21.2004-111116	7236111	544
126676.323330785	07.21.2004-111116	7236112	552
126676.33309675	07.21.2004-111116	7236113	560
126676.342862716	07.21.2004-111116	7236114	567
126676.352628682	07.21.2004-111116	7236115	574
126676.362394648	07.21.2004-111116	7236116	580
126676.372160614	07.21.2004-111116	7236117	585
126676.381926579	07.21.2004-111116	7236118	589
126676.391692545	07.21.2004-111116	7236119	593
126676.401458511	07.21.2004-111116	7236120	596
126676.411224477	07.21.2004-111116	7236121	603
126676.420990443	07.21.2004-111116	7236122	601
126676.430756408	07.21.2004-111116	7236123	603
126676.440522374	07.21.2004-111116	7236124	605
126676.45028834	07.21.2004-111116	7236125	603
126676.460054306	07.21.2004-111116	7236126	603
126676.469820272	07.21.2004-111116	7236127	603
126676.479586237	07.21.2004-111116	7236128	599
126676.489352203	07.21.2004-111116	7236129	601
126676.499118169	07.21.2004-111116	7236130	601
126676.508884135	07.21.2004-111116	7236131	602
126676.518650101	07.21.2004-111116	7236132	601
126676.528416066	07.21.2004-111116	7236133	600
126676.538182032	07.21.2004-111116	7236134	600
126676.547947998	07.21.2004-111116	7236135	599
126676.557713964	07.21.2004-111116	7236136	599
126676.567479929	07.21.2004-111116	7236137	597
126676.577245895	07.21.2004-111116	7236138	600
126676.587011861	07.21.2004-111116	7236139	595
126676.596777827	07.21.2004-111116	7236140	594
126676.606543793	07.21.2004-111116	7236141	594
126676.616309758	07.21.2004-111116	7236142	593
126676.626075724	07.21.2004-111116	7236143	592
126676.63584169	07.21.2004-111116	7236144	592
126676.645607656	07.21.2004-111116	7236145	591
126676.655373622	07.21.2004-111116	7236146	590
126676.665139587	07.21.2004-111116	7236147	590
126676.674905553	07.21.2004-111116	7236148	589
126676.684671519	07.21.2004-111116	7236149	591
126676.694437485	07.21.2004-111116	7236150	592
126676.704203451	07.21.2004-111116	7236151	592
126676.713969416	07.21.2004-111116	7236152	592
126676.723735382	07.21.2004-111116	7236153	592
126676.733501348	07.21.2004-111116	7236154	590
126676.743267314	07.21.2004-111116	7236155	590
126676.75303328	07.21.2004-111116	7236156	590
126676.762799245	07.21.2004-111116	7236157	590
126676.772565211	07.21.2004-111116	7236158	572
126676.782331177	07.21.2004-111116	7236159	576
126676.792097143	07.21.2004-111116	7236160	576
126676.801863109	07.21.2004-111116	7236161	574
126676.811629074	07.21.2004-111116	7236162	575
126676.82139504	07.21.2004-111116	7236163	574
126676.831161006	07.21.2004-111116	7236164	574
126676.840926972	07.21.2004-111116	7236165	574
126676.850692938	07.21.2004-111116	7236166	574
126676.860458903	07.21.2004-111116	7236167	575
126676.870224869	07.21.2004-111116	7236168	576
126676.879990835	07.21.2004-111116	7236169	576
126676.889756801	07.21.2004-111116	7236170	578
126676.899522767	07.21.2004-111116	7236171	577
126676.909288732	07.21.2004-111116	7236172	579
126676.919054698	07.21.2004-111116	7236173	584
126676.928820664	07.21.2004-111116	7236174	582
126676.93858663	07.21.2004-111116	7236175	585
126676.948352596	07.21.2004-111116	7236176	603
126676.958118561	07.21.2004-111116	7236177	603
126676.967884527	07.21.2004-111116	7236178	603
126676.977650493	07.21.2004-111116	7236179	603
126676.987416459	07.21.2004-111116	7236180	589
126676.997182425	07.21.2004-111116	7236181	592
126677.00694839	07.21.2004-111117	7236182	596
126677.016714356	07.21.2004-111117	7236183	599
126677.026480322	07.21.2004-111117	7236184	600
126677.036246288	07.21.2004-111117	7236185	601
126677.046012254	07.21.2004-111117	7236186	603
126677.055778219	07.21.2004-111117	7236187	604
126677.065544185	07.21.2004-111117	7236188	604
126677.075310151	07.21.2004-111117	7236189	604
126677.085076117	07.21.2004-111117	7236190	605
126677.094842083	07.21.2004-111117	7236191	604
126677.104608048	07.21.2004-111117	7236192	604
126677.114374014	07.21.2004-111117	7236193	602
126677.12413998	07.21.2004-111117	7236194	601
126677.133905946	07.21.2004-111117	7236195	599
126677.143671912	07.21.2004-111117	7236196	595
126677.153437877	07.21.2004-111117	7236197	599
126677.163203843	07.21.2004-111117	7236198	592
126677.172969809	07.21.2004-111117	7236199	590
126677.182735775	07.21.2004-111117	7236200	584
126677.192501741	07.21.2004-111117	7236201	584
126677.202267706	07.21.2004-111117	7236202	584
126677.212033672	07.21.2004-111117	7236203	584
126677.221799638	07.21.2004-111117	7236204	563
126677.231565604	07.21.2004-111117	7236205	568
126677.24133157	07.21.2004-111117	7236206	568
126677.251097535	07.21.2004-111117	7236207	567
126677.260863501	07.21.2004-111117	7236208	567
126677.270629467	07.21.2004-111117	7236209	566
126677.280395433	07.21.2004-111117	7236210	566
126677.290161399	07.21.2004-111117	7236211	566
126677.299927364	07.21.2004-111117	7236212	566
126677.30969333	07.21.2004-111117	7236213	568
126677.319459296	07.21.2004-111117	7236214	573
126677.329225262	07.21.2004-111117	7236215	567
126677.338991228	07.21.2004-111117	7236216	567
126677.348757193	07.21.2004-111117	7236217	568
126677.358523159	07.21.2004-111117	7236218	568
126677.368289125	07.21.2004-111117	7236219	568
126677.378055091	07.21.2004-111117	7236220	567
126677.387821057	07.21.2004-111117	7236221	568
126677.397587022	07.21.2004-111117	7236222	567
126677.407352988	07.21.2004-111117	7236223	567
126677.417118954	07.21.2004-111117	7236224	566
126677.42688492	07.21.2004-111117	7236225	566
126677.436650886	07.21.2004-111117	7236226	566
126677.446416851	07.21.2004-111117	7236227	566
126677.456182817	07.21.2004-111117	7236228	563
126677.465948783	07.21.2004-111117	7236229	566
126677.475714749	07.21.2004-111117	7236230	566
126677.485480715	07.21.2004-111117	7236231	566
126677.49524668	07.21.2004-111117	7236232	565
126677.505012646	07.21.2004-111117	7236233	565
126677.514778612	07.21.2004-111117	7236234	565
126677.524544578	07.21.2004-111117	7236235	565
126677.534310544	07.21.2004-111117	7236236	565
126677.544076509	07.21.2004-111117	7236237	566
126677.553842475	07.21.2004-111117	7236238	564
126677.563608441	07.21.2004-111117	7236239	564
126677.573374407	07.21.2004-111117	7236240	565
126677.583140373	07.21.2004-111117	7236241	565
126677.592906338	07.21.2004-111117	7236242	570
126677.602672304	07.21.2004-111117	7236243	566
126677.61243827	07.21.2004-111117	7236244	566
126677.622204236	07.21.2004-111117	7236245	566
126677.631970202	07.21.2004-111117	7236246	568
126677.641736167	07.21.2004-111117	7236247	570
126677.651502133	07.21.2004-111117	7236248	570
126677.661268099	07.21.2004-111117	7236249	571
126677.671034065	07.21.2004-111117	7236250	596
126677.680800031	07.21.2004-111117	7236251	596
126677.690565996	07.21.2004-111117	7236252	596
126677.700331962	07.21.2004-111117	7236253	596
126677.710097928	07.21.2004-111117	7236254	568
126677.719863894	07.21.2004-111117	7236255	570
126677.72962986	07.21.2004-111117	7236256	571
126677.739395825	07.21.2004-111117	7236257	571
126677.749161791	07.21.2004-111117	7236258	570
126677.758927757	07.21.2004-111117	7236259	569
126677.768693723	07.21.2004-111117	7236260	567
126677.778459689	07.21.2004-111117	7236261	565
126677.788225654	07.21.2004-111117	7236262	562
126677.79799162	07.21.2004-111117	7236263	560
126677.807757586	07.21.2004-111117	7236264	555
126677.817523552	07.21.2004-111117	7236265	550
126677.827289518	07.21.2004-111117	7236266	547
126677.837055483	07.21.2004-111117	7236267	542
126677.846821449	07.21.2004-111117	7236268	537
126677.856587415	07.21.2004-111117	7236269	534
126677.866353381	07.21.2004-111117	7236270	530
126677.876119347	07.21.2004-111117	7236271	527
126677.885885312	07.21.2004-111117	7236272	525
126677.895651278	07.21.2004-111117	7236273	522
126677.905417244	07.21.2004-111117	7236274	520
126677.91518321	07.21.2004-111117	7236275	521
126677.924949176	07.21.2004-111117	7236276	521
126677.934715141	07.21.2004-111117	7236277	521
126677.944481107	07.21.2004-111117	7236278	521
126677.954247073	07.21.2004-111117	7236279	498
126677.964013039	07.21.2004-111117	7236280	501
126677.973779005	07.21.2004-111117	7236281	498
126677.98354497	07.21.2004-111117	7236282	495
126677.993310936	07.21.2004-111117	7236283	491
126678.003076902	07.21.2004-111118	7236284	487
126678.012842868	07.21.2004-111118	7236285	480
126678.022608834	07.21.2004-111118	7236286	475
126678.032374799	07.21.2004-111118	7236287	471
126678.042140765	07.21.2004-111118	7236288	468
126678.051906731	07.21.2004-111118	7236289	464
126678.061672697	07.21.2004-111118	7236290	462
126678.071438663	07.21.2004-111118	7236291	460
126678.081204628	07.21.2004-111118	7236292	458
126678.090970594	07.21.2004-111118	7236293	458
126678.10073656	07.21.2004-111118	7236294	457
126678.110502526	07.21.2004-111118	7236295	457
126678.120268492	07.21.2004-111118	7236296	457
126678.130034457	07.21.2004-111118	7236297	459
126678.139800423	07.21.2004-111118	7236298	459
126678.149566389	07.21.2004-111118	7236299	459
126678.159332355	07.21.2004-111118	7236300	459
126678.169098321	07.21.2004-111118	7236301	459
126678.178864286	07.21.2004-111118	7236302	459
126678.188630252	07.21.2004-111118	7236303	451
126678.198396218	07.21.2004-111118	7236304	464
126678.208162184	07.21.2004-111118	7236305	467
126678.21792815	07.21.2004-111118	7236306	469
126678.227694115	07.21.2004-111118	7236307	470
126678.237460081	07.21.2004-111118	7236308	471
126678.247226047	07.21.2004-111118	7236309	472
126678.256992013	07.21.2004-111118	7236310	473
126678.266757979	07.21.2004-111118	7236311	473
126678.276523944	07.21.2004-111118	7236312	475
126678.28628991	07.21.2004-111118	7236313	476
126678.296055876	07.21.2004-111118	7236314	477
126678.305821842	07.21.2004-111118	7236315	478
126678.315587807	07.21.2004-111118	7236316	481
126678.325353773	07.21.2004-111118	7236317	483
126678.335119739	07.21.2004-111118	7236318	484
126678.344885705	07.21.2004-111118	7236319	486
126678.354651671	07.21.2004-111118	7236320	487
126678.364417636	07.21.2004-111118	7236321	494
126678.374183602	07.21.2004-111118	7236322	490
126678.383949568	07.21.2004-111118	7236323	492
126678.393715534	07.21.2004-111118	7236324	498
126678.4034815	07.21.2004-111118	7236325	498
126678.413247465	07.21.2004-111118	7236326	498
126678.423013431	07.21.2004-111118	7236327	498
126678.432779397	07.21.2004-111118	7236328	496
126678.442545363	07.21.2004-111118	7236329	502
126678.452311329	07.21.2004-111118	7236330	505
126678.462077294	07.21.2004-111118	7236331	507
126678.47184326	07.21.2004-111118	7236332	509
126678.481609226	07.21.2004-111118	7236333	511
126678.491375192	07.21.2004-111118	7236334	512
126678.501141158	07.21.2004-111118	7236335	516
126678.510907123	07.21.2004-111118	7236336	516
126678.520673089	07.21.2004-111118	7236337	517
126678.530439055	07.21.2004-111118	7236338	518
126678.540205021	07.21.2004-111118	7236339	518
126678.549970987	07.21.2004-111118	7236340	520
126678.559736952	07.21.2004-111118	7236341	521
126678.569502918	07.21.2004-111118	7236342	521
126678.579268884	07.21.2004-111118	7236343	520
126678.58903485	07.21.2004-111118	7236344	522
126678.598800816	07.21.2004-111118	7236345	523
126678.608566781	07.21.2004-111118	7236346	529
126678.618332747	07.21.2004-111118	7236347	524
126678.628098713	07.21.2004-111118	7236348	524
126678.637864679	07.21.2004-111118	7236349	524
126678.647630645	07.21.2004-111118	7236350	537
126678.65739661	07.21.2004-111118	7236351	537
126678.667162576	07.21.2004-111118	7236352	537
126678.676928542	07.21.2004-111118	7236353	537
126678.686694508	07.21.2004-111118	7236354	518
126678.696460474	07.21.2004-111118	7236355	520
126678.706226439	07.21.2004-111118	7236356	525
126678.715992405	07.21.2004-111118	7236357	525
126678.725758371	07.21.2004-111118	7236358	520
126678.735524337	07.21.2004-111118	7236359	520
126678.745290303	07.21.2004-111118	7236360	520
126678.755056268	07.21.2004-111118	7236361	519
126678.764822234	07.21.2004-111118	7236362	518
126678.7745882	07.21.2004-111118	7236363	519
126678.784354166	07.21.2004-111118	7236364	519
126678.794120132	07.21.2004-111118	7236365	519
126678.803886097	07.21.2004-111118	7236366	518
126678.813652063	07.21.2004-111118	7236367	518
126678.823418029	07.21.2004-111118	7236368	519
126678.833183995	07.21.2004-111118	7236369	518
126678.842949961	07.21.2004-111118	7236370	515
126678.852715926	07.21.2004-111118	7236371	514
126678.862481892	07.21.2004-111118	7236372	513
126678.872247858	07.21.2004-111118	7236373	511
126678.882013824	07.21.2004-111118	7236374	509
126678.89177979	07.21.2004-111118	7236375	509
126678.901545755	07.21.2004-111118	7236376	509
126678.911311721	07.21.2004-111118	7236377	509
126678.921077687	07.21.2004-111118	7236378	509
126678.930843653	07.21.2004-111118	7236379	502
126678.940609619	07.21.2004-111118	7236380	506
126678.950375584	07.21.2004-111118	7236381	507
126678.96014155	07.21.2004-111118	7236382	507
126678.969907516	07.21.2004-111118	7236383	508
126678.979673482	07.21.2004-111118	7236384	509
126678.989439448	07.21.2004-111118	7236385	511
126678.999205413	07.21.2004-111118	7236386	512
126679.008971379	07.21.2004-111119	7236387	516
126679.018737345	07.21.2004-111119	7236388	520
126679.028503311	07.21.2004-111119	7236389	523
126679.038269277	07.21.2004-111119	7236390	531
126679.048035242	07.21.2004-111119	7236391	530
126679.057801208	07.21.2004-111119	7236392	530
126679.067567174	07.21.2004-111119	7236393	533
126679.07733314	07.21.2004-111119	7236394	535
126679.087099106	07.21.2004-111119	7236395	536
126679.096865071	07.21.2004-111119	7236396	540
126679.106631037	07.21.2004-111119	7236397	541
126679.116397003	07.21.2004-111119	7236398	549
126679.126162969	07.21.2004-111119	7236399	544
126679.135928935	07.21.2004-111119	7236400	566
126679.1456949	07.21.2004-111119	7236401	566
126679.155460866	07.21.2004-111119	7236402	566
126679.165226832	07.21.2004-111119	7236403	566
126679.174992798	07.21.2004-111119	7236404	538
126679.184758764	07.21.2004-111119	7236405	540
126679.194524729	07.21.2004-111119	7236406	539
126679.204290695	07.21.2004-111119	7236407	540
126679.214056661	07.21.2004-111119	7236408	539
126679.223822627	07.21.2004-111119	7236409	539
126679.233588593	07.21.2004-111119	7236410	538
126679.243354558	07.21.2004-111119	7236411	537
126679.253120524	07.21.2004-111119	7236412	535
126679.26288649	07.21.2004-111119	7236413	534
126679.272652456	07.21.2004-111119	7236414	533
126679.282418422	07.21.2004-111119	7236415	536
126679.292184387	07.21.2004-111119	7236416	530
126679.301950353	07.21.2004-111119	7236417	529
126679.311716319	07.21.2004-111119	7236418	532
126679.321482285	07.21.2004-111119	7236419	528
126679.331248251	07.21.2004-111119	7236420	527
126679.341014216	07.21.2004-111119	7236421	527
126679.350780182	07.21.2004-111119	7236422	527
126679.360546148	07.21.2004-111119	7236423	526
126679.370312114	07.21.2004-111119	7236424	525
126679.38007808	07.21.2004-111119	7236425	528
126679.389844045	07.21.2004-111119	7236426	528
126679.399610011	07.21.2004-111119	7236427	528
126679.409375977	07.21.2004-111119	7236428	528
126679.419141943	07.21.2004-111119	7236429	526
126679.428907909	07.21.2004-111119	7236430	530
126679.438673874	07.21.2004-111119	7236431	531
126679.44843984	07.21.2004-111119	7236432	531
126679.458205806	07.21.2004-111119	7236433	533
126679.467971772	07.21.2004-111119	7236434	534
126679.477737738	07.21.2004-111119	7236435	540
126679.487503703	07.21.2004-111119	7236436	536
126679.497269669	07.21.2004-111119	7236437	537
126679.507035635	07.21.2004-111119	7236438	541
126679.516801601	07.21.2004-111119	7236439	540
126679.526567567	07.21.2004-111119	7236440	541
126679.536333532	07.21.2004-111119	7236441	542
126679.546099498	07.21.2004-111119	7236442	543
126679.555865464	07.21.2004-111119	7236443	543
126679.56563143	07.21.2004-111119	7236444	544
126679.575397396	07.21.2004-111119	7236445	544
126679.585163361	07.21.2004-111119	7236446	544
126679.594929327	07.21.2004-111119	7236447	544
126679.604695293	07.21.2004-111119	7236448	544
126679.614461259	07.21.2004-111119	7236449	545
126679.624227225	07.21.2004-111119	7236450	540
126679.63399319	07.21.2004-111119	7236451	540
126679.643759156	07.21.2004-111119	7236452	540
126679.653525122	07.21.2004-111119	7236453	540
126679.663291088	07.21.2004-111119	7236454	529
126679.673057054	07.21.2004-111119	7236455	534
126679.682823019	07.21.2004-111119	7236456	535
126679.692588985	07.21.2004-111119	7236457	536
126679.702354951	07.21.2004-111119	7236458	534
126679.712120917	07.21.2004-111119	7236459	533
126679.721886883	07.21.2004-111119	7236460	533
126679.731652848	07.21.2004-111119	7236461	532
126679.741418814	07.21.2004-111119	7236462	532
126679.75118478	07.21.2004-111119	7236463	533
126679.760950746	07.21.2004-111119	7236464	533
126679.770716712	07.21.2004-111119	7236465	532
126679.780482677	07.21.2004-111119	7236466	538
126679.790248643	07.21.2004-111119	7236467	534
