# function: CDF
# windowSize: 0
# whereClause: (is_synced=1)
# nodeID: 8
# counter: laptoptimeSEC
# old: 0
# new: 0
# breakLineInterval: 
# noZeros: 0
# table: FTSPTestSecond_1
# column: (((globalClock - rootSentTime) / 28800) * 1000)
# starttime: 1123079234.522
# endtime: 1124454509.222
-914525.94	2.64914697467415e-05
-419994.62	5.29829394934831e-05
-406552.22	7.94744092402247e-05
-393044.24	0.000105965878986966
-379493.92	0.000132457348733708
-366028.40	0.000158948818480449
-352524.97	0.000185440288227191
-339138.61	0.000211931757973932
-325504.58	0.000238423227720674
-298535.31	0.000264914697467415
-285032.26	0.000291406167214157
-271514.86	0.000317897636960899
-258006.94	0.00034438910670764
-244541.04	0.000370880576454382
-230987.33	0.000397372046201123
-220873.06	0.000423863515947865
-217501.70	0.000450354985694606
-204003.19	0.000476846455441348
-190542.22	0.000503337925188089
-177024.83	0.000529829394934831
-163633.51	0.000556320864681573
-150055.94	0.000582812334428314
-136571.46	0.000609303804175056
-123156.63	0.000635795273921797
-109578.68	0.000662286743668539
-96038.16	0.00068877821341528
-82581.74	0.000715269683162022
-69087.85	0.000741761152908763
-67237.26	0.000768252622655505
-66776.08	0.000794744092402246
-66315.45	0.000821235562148988
-65854.38	0.00084772703189573
-65399.86	0.000874218501642471
-64937.92	0.000900709971389213
-64476.77	0.000927201441135954
-64015.10	0.000953692910882696
-63553.40	0.000980184380629437
-63092.88	0.00100667585037618
-62631.04	0.00103316732012292
-62171.15	0.00105965878986966
-61710.14	0.0010861502596164
-61250.56	0.00111264172936315
-60930.17	0.00113913319910989
-60789.20	0.00116562466885663
-60330.10	0.00119211613860337
-59869.72	0.00121860760835011
-59666.70	0.00124509907809685
-59407.12	0.00127159054784359
-58947.67	0.00129808201759034
-58384.83	0.00132457348733708
-58025.80	0.00135106495708382
-57564.97	0.00137755642683056
-57115.62	0.0014040478965773
-56643.54	0.00143053936632404
-56183.02	0.00145703083607079
-55849.55	0.00148352230581753
-55726.60	0.00151001377556427
-55542.40	0.00153650524531101
-55261.94	0.00156299671505775
-54802.67	0.00158948818480449
-54582.15	0.00161597965455123
-54342.78	0.00164247112429798
-53316.04	0.00166896259404472
-52049.06	0.00169545406379146
-50781.67	0.0017219455335382
-49509.41	0.00174843700328494
-48242.47	0.00177492847303168
-46975.49	0.00180141994277843
-45703.68	0.00182791141252517
-44439.34	0.00185440288227191
-44176.88	0.00188089435201865
-43991.01	0.00190738582176539
-43805.97	0.00193387729151213
-43434.83	0.00196036876125887
-43249.51	0.00198686023100562
-43168.85	0.00201335170075236
-43064.72	0.0020398431704991
-42879.13	0.00206633464024584
-42694.17	0.00209282610999258
-42510.83	0.00211931757973932
-42323.72	0.00214580904948607
-42138.92	0.00217230051923281
-42085.97	0.00219879198897955
-41952.47	0.00222528345872629
-41904.10	0.00225177492847303
-41767.53	0.00227826639821977
-41581.67	0.00230475786796651
-41396.81	0.00233124933771326
-41210.90	0.00235774080746
-41025.56	0.00238423227720674
-40840.24	0.00241072374695348
-40654.90	0.00243721521670022
-40632.29	0.00246370668644696
-40469.58	0.00249019815619371
-40284.24	0.00251668962594045
-40101.11	0.00254318109568719
-39913.85	0.00256967256543393
-39728.58	0.00259616403518067
-39543.82	0.00262265550492741
-39367.95	0.00264914697467415
-39358.58	0.0026756384444209
-39172.60	0.00270212991416764
-38987.29	0.00272862138391438
-38801.67	0.00275511285366112
-38616.53	0.00278160432340786
-38431.60	0.0028080957931546
-38246.46	0.00283458726290135
-38112.36	0.00286107873264809
-38060.35	0.00288757020239483
-37875.21	0.00291406167214157
-37689.69	0.00294055314188831
-37504.86	0.00296704461163505
-37319.48	0.0029935360813818
-37134.03	0.00302002755112854
-36948.99	0.00304651902087528
-36834.90	0.00307301049062202
-36763.16	0.00309950196036876
-36578.09	0.0031259934301155
-36393.99	0.00315248489986224
-36206.42	0.00317897636960899
-36022.15	0.00320546783935573
-35837.12	0.00323195930910247
-35651.88	0.00325845077884921
-35563.96	0.00328494224859595
-35466.11	0.00331143371834269
-35280.59	0.00333792518808944
-35104.76	0.00336441665783618
-34916.08	0.00339090812758292
-34539.44	0.00341739959732966
-34354.20	0.0034438910670764
-34293.47	0.00347038253682314
-34167.57	0.00349687400656988
-33983.92	0.00352336547631663
-33798.65	0.00354985694606337
-33612.71	0.00357634841581011
-33241.91	0.00360283988555685
-33058.12	0.00362933135530359
-33026.94	0.00365582282505033
-32871.28	0.00368231429479708
-32687.95	0.00370880576454382
-32500.90	0.00373529723429056
-32315.31	0.0037617887040373
-32130.38	0.00378828017378404
-31914.83	0.00381477164353078
-31758.02	0.00384126311327752
-31728.78	0.00386775458302427
-31543.58	0.00389424605277101
-31358.65	0.00392073752251775
-31172.99	0.00394722899226449
-30946.42	0.00397372046201123
-30761.18	0.00400021193175797
-30575.73	0.00402670340150472
-30493.89	0.00405319487125146
-30391.81	0.0040796863409982
-30204.20	0.00410617781074494
-30019.38	0.00413266928049168
-29833.68	0.00415916075023842
-29651.70	0.00418565221998516
-29462.92	0.00421214368973191
-29279.38	0.00423863515947865
-29223.82	0.00426512662922539
-29092.29	0.00429161809897213
-28908.58	0.00431810956871887
-28722.53	0.00434460103846561
-28536.56	0.00437109250821236
-28351.81	0.0043975839779591
-28162.92	0.00442407544770584
-27980.24	0.00445056691745258
-27956.42	0.00447705838719932
-26690.76	0.00450354985694606
-25133.40	0.00453004132669281
-22478.40	0.00455653279643955
-22123.65	0.00458302426618629
-21771.01	0.00460951573593303
-21417.12	0.00463600720567977
-21275.66	0.00466249867542651
-21063.12	0.00468899014517325
-21024.72	0.00471548161492
-20773.51	0.00474197308466674
-20710.97	0.00476846455441348
-20522.74	0.00479495602416022
-20356.11	0.00482144749390696
-20271.04	0.0048479389636537
-20020.59	0.00487443043340044
-20002.60	0.00490092190314719
-19769.20	0.00492741337289393
-19649.55	0.00495390484264067
-19517.67	0.00498039631238741
-19294.93	0.00500688778213415
-19267.33	0.00503337925188089
-19016.28	0.00505987072162764
-18862.01	0.00508636219137438
-18765.10	0.00511285366112112
-18513.37	0.00513934513086786
-18507.64	0.0051658366006146
-18262.43	0.00519232807036134
-18154.38	0.00521881954010809
-18010.52	0.00524531100985483
-17800.38	0.00527180247960157
-17760.10	0.00529829394934831
-17508.37	0.00532478541909505
-17448.09	0.00535127688884179
-17257.95	0.00537776835858853
-17094.69	0.00540425982833528
-17006.04	0.00543075129808202
-16754.93	0.00545724276782876
-16741.18	0.0054837342375755
-16503.82	0.00551022570732224
-16386.32	0.00553671717706898
-16253.06	0.00556320864681573
-16033.92	0.00558970011656247
-16002.43	0.00561619158630921
-15750.90	0.00564268305605595
-15680.03	0.00566917452580269
-15499.86	0.00569566599554943
-15325.03	0.00572215746529617
-15248.47	0.00574864893504292
-14997.53	0.00577514040478966
-14971.91	0.0058016318745364
-14746.49	0.00582812334428314
-14617.53	0.00585461481402988
-14495.83	0.00588110628377662
-14264.38	0.00590759775352337
-14244.69	0.00593408922327011
-13993.61	0.00596058069301685
-13911.49	0.00598707216276359
-13558.23	0.00601356363251033
-13203.26	0.00604005510225707
-12850.45	0.00606654657200381
-12495.73	0.00609303804175056
-11425.76	0.0061195295114973
-11307.92	0.00614602098124404
-11189.93	0.00617251245099078
-11072.05	0.00619900392073752
-10953.78	0.00622549539048426
-10835.94	0.00625198686023101
-10717.92	0.00627847832997775
-10599.90	0.00630496979972449
-10481.67	0.00633146126947123
-10363.75	0.00635795273921797
-10219.06	0.00638444420896471
-10100.87	0.00641093567871145
-9982.74	0.0064374271484582
-9864.65	0.00646391861820494
-9746.60	0.00649041008795168
-9628.89	0.00651690155769842
-9590.14	0.00654339302744516
-9511.88	0.0065698844971919
-9449.69	0.00659637596693865
-9392.64	0.00662286743668539
-9309.10	0.00664935890643213
-9274.76	0.00667585037617887
-9168.78	0.00670234184592561
-9156.84	0.00672883331567235
-9038.75	0.0067553247854191
-9028.82	0.00678181625516584
-8920.87	0.00680830772491258
-8888.09	0.00683479919465932
-8802.64	0.00686129066440606
-8747.81	0.0068877821341528
-8684.72	0.00691427360389954
-8607.36	0.00694076507364629
-8566.63	0.00696725654339303
-8466.70	0.00699374801313977
-8448.44	0.00702023948288651
-8330.31	0.00704673095263325
-8212.71	0.00707322242237999
-8188.23	0.00709971389212674
-8094.41	0.00712620536187348
-8045.76	0.00715269683162022
-7976.28	0.00717918830136696
-7905.10	0.0072056797711137
-7858.75	0.00723217124086044
-7765.17	0.00725866271060718
-7740.66	0.00728515418035393
-7624.51	0.00731164565010067
-7622.60	0.00733813711984741
-7504.55	0.00736462858959415
-7484.58	0.00739112005934089
-7386.32	0.00741761152908763
-7344.24	0.00744410299883438
-7268.47	0.00747059446858112
-7203.37	0.00749708593832786
-7150.17	0.0075235774080746
-7062.88	0.00755006887782134
-7032.05	0.00757656034756808
-6923.09	0.00760305181731482
-6914.51	0.00762954328706157
-6796.08	0.00765603475680831
-6782.22	0.00768252622655505
-6679.10	0.00770901769630179
-6641.88	0.00773550916604853
-6560.00	0.00776200063579527
-6501.35	0.00778849210554202
-6442.40	0.00781498357528876
-6361.56	0.0078414750450355
-6255.97	0.00786796651478224
-6221.08	0.00789445798452898
-6206.01	0.00792094945427572
-6195.73	0.00794744092402246
-6135.49	0.00797393239376921
-6080.14	0.00800042386351595
-6075.03	0.00802691533326269
-6061.11	0.00805340680300943
-6014.90	0.00807989827275617
-5954.62	0.00810638974250291
-5943.19	0.00813288121224966
-5939.72	0.0081593726819964
-5894.31	0.00818586415174314
-5833.65	0.00821235562148988
-5825.52	0.00823884709123662
-5799.76	0.00826533856098336
-5774.10	0.0082918300307301
-5713.19	0.00831832150047685
-5707.05	0.00834481297022359
-5659.51	0.00837130443997033
-5652.88	0.00839779590971707
-5593.92	0.00842428737946381
-5588.85	0.00845077884921055
-5532.36	0.00847727031895729
-5472.01	0.00850376178870404
-5471.39	0.00853025325845078
-5411.77	0.00855674472819752
-5353.12	0.00858323619794426
-5351.63	0.008609727667691
-5291.39	0.00863621913743775
-5235.38	0.00866271060718449
-5231.01	0.00868920207693123
-5170.59	0.00871569354667797
-5117.22	0.00874218501642471
-5110.42	0.00876867648617145
-5049.93	0.00879516795591819
-4999.34	0.00882165942566494
-4989.65	0.00884815089541168
-4929.34	0.00887464236515842
-4880.83	0.00890113383490516
-4869.24	0.0089276253046519
-4808.85	0.00895411677439864
-4764.31	0.00898060824414539
-4748.51	0.00900709971389213
-4688.37	0.00903359118363887
-4644.83	0.00906008265338561
-4628.12	0.00908657412313235
-4567.74	0.00911306559287909
-2001.11	0.00913955706262583
-54.83	0.00916604853237258
-54.44	0.00919254000211932
-54.06	0.00921903147186606
-53.58	0.0092455229416128
-53.23	0.00927201441135954
-52.85	0.00929850588110628
-52.47	0.00932499735085303
-52.08	0.00935148882059977
-51.70	0.00937798029034651
-51.32	0.00940447176009325
-50.94	0.00943096322983999
-50.59	0.00945745469958673
-50.17	0.00948394616933347
-49.83	0.00951043763908022
-49.44	0.00953692910882696
-48.99	0.0095634205785737
-48.61	0.00958991204832044
-48.19	0.00961640351806718
-47.85	0.00964289498781392
-47.47	0.00966938645756067
-47.08	0.00969587792730741
-46.70	0.00972236939705415
-46.32	0.00974886086680089
-45.94	0.00977535233654763
-45.56	0.00980184380629437
-45.10	0.00982833527604111
-44.83	0.0098813182155346
-44.51	0.00990780968528134
-44.44	0.00993430115502808
-44.27	0.00996079262477482
-44.06	0.00998728409452156
-43.99	0.0100137755642683
-43.72	0.0100667585037618
-43.44	0.0100932499735085
-43.30	0.0101197414432553
-43.16	0.010146232913002
-42.92	0.0101727243827488
-42.88	0.0101992158524955
-42.60	0.0102257073222422
-42.57	0.010252198791989
-42.36	0.0102786902617357
-42.19	0.0103316732012292
-42.08	0.0103581646709759
-41.91	0.0103846561407227
-41.81	0.0104111476104694
-41.63	0.0104376390802162
-41.46	0.0104641305499629
-41.42	0.0104906220197097
-41.35	0.0105171134894564
-41.15	0.0105436049592031
-41.08	0.0105700964289499
-41.01	0.0105965878986966
-40.83	0.0106230793684434
-40.80	0.0106495708381901
-40.66	0.0106760623079368
-40.52	0.0107290452474303
-40.28	0.0107555367171771
-40.24	0.0107820281869238
-40.21	0.0108085196566706
-39.97	0.0108350111264173
-39.93	0.010861502596164
-39.90	0.0108879940659108
-39.69	0.0109144855356575
-39.62	0.0109409770054043
-39.51	0.010967468475151
-39.34	0.0109939599448977
-39.31	0.0110204514146445
-39.17	0.0110469428843912
-39.10	0.011073434354138
-38.99	0.0110999258238847
-38.78	0.0111264172936315
-38.75	0.0111529087633782
-38.68	0.0111794002331249
-38.51	0.0112058917028717
-38.40	0.0112323831726184
-38.30	0.0112588746423652
-38.23	0.0112853661121119
-38.02	0.0113118575818586
-37.99	0.0113383490516054
-37.95	0.0113648405213521
-37.67	0.0114178234608456
-37.64	0.0114443149305923
-37.40	0.0114972978700858
-37.26	0.0115237893398326
-37.12	0.0115502808095793
-37.05	0.0115767722793261
-36.88	0.0116032637490728
-36.77	0.0116562466885663
-36.49	0.011682738158313
-36.42	0.0117092296280598
-36.15	0.0117357210978065
-36.11	0.0117622125675532
-35.83	0.0117887040373
-35.76	0.0118151955070467
-35.52	0.0118416869767935
-35.38	0.0118681784465402
-35.21	0.011894669916287
-34.97	0.0119211613860337
-34.90	0.0119476528557804
-34.62	0.0119741443255272
-34.58	0.0120006357952739
-34.27	0.0120271272650207
-34.24	0.0120536187347674
-33.96	0.0120801102045141
-33.85	0.0121066016742609
-33.65	0.0121330931440076
-33.47	0.0121595846137544
-33.09	0.0121860760835011
-32.71	0.0122125675532479
-32.67	0.0122390590229946
-32.40	0.0122655504927413
-32.26	0.0122920419624881
-32.08	0.0123185334322348
-32.05	0.0123450249019816
-31.84	0.0123715163717283
-31.70	0.012398007841475
-31.67	0.0124244993112218
-31.46	0.0124509907809685
-31.42	0.0124774822507153
-31.25	0.012503973720462
-31.11	0.0125304651902088
-31.04	0.0125569566599555
-30.83	0.0125834481297022
-30.80	0.012609939599449
-30.62	0.0126364310691957
-30.49	0.0126629225389425
-30.38	0.0126894140086892
-30.17	0.0127423969481827
-29.97	0.0127688884179294
-29.83	0.0127953798876762
-29.76	0.0128218713574229
-29.55	0.0128748542969164
-29.41	0.0129013457666631
-29.34	0.0129278372364099
-29.20	0.0129543287061566
-29.13	0.0129808201759034
-28.96	0.0130073116456501
-28.89	0.0130602945851436
-28.75	0.0130867860548903
-28.72	0.0131132775246371
-28.61	0.0131397689943838
-28.58	0.0131662604641306
-28.33	0.0131927519338773
-28.30	0.013219243403624
-28.26	0.0132457348733708
-28.12	0.0132722263431175
-28.02	0.0132987178128643
-27.95	0.013325209282611
-27.92	0.0133517007523577
-27.71	0.0133781922221045
-27.67	0.0134046836918512
-27.60	0.013431175161598
-27.50	0.0134576666313447
-27.40	0.0135106495708382
-27.33	0.0135371410405849
-27.29	0.0135636325103317
-27.19	0.0135901239800784
-27.08	0.0136431069195719
-27.01	0.0136695983893186
-26.94	0.0136960898590654
-26.91	0.0137225813288121
-26.81	0.0137490727985589
-26.70	0.0138550386775458
-26.49	0.0139080216170393
-26.42	0.0139610045565328
-26.35	0.0139874960262795
-26.28	0.0140139874960263
-26.25	0.014040478965773
-26.22	0.0140669704355198
-26.18	0.0140934619052665
-26.08	0.01414644484476
-26.04	0.0141729363145067
-25.90	0.0142259192540002
-25.87	0.0142789021934937
-25.83	0.0143053936632404
-25.76	0.0143318851329872
-25.73	0.0143583766027339
-25.69	0.0143848680724807
-25.66	0.0144113595422274
-25.59	0.0144908339514676
-25.56	0.0145173254212144
-25.49	0.0145703083607079
-25.45	0.0145967998304546
-25.42	0.0146232913002013
-25.35	0.0146497827699481
-25.31	0.0147027657094416
-25.28	0.0147822401186818
-25.24	0.0148352230581753
-25.21	0.014861714527922
-25.14	0.0149146974674155
-25.07	0.014967680406909
-25.03	0.0149941718766557
-25.00	0.0150206633464025
-24.97	0.0151001377556427
-24.93	0.0151531206951362
-24.86	0.0151796121648829
-24.83	0.0152061036346296
-24.79	0.0152325951043764
-24.76	0.0152590865741231
-24.72	0.0153385609833634
-24.69	0.0154180353926036
-24.65	0.0154710183320971
-24.62	0.0154975098018438
-24.51	0.0155504927413373
-24.48	0.0156299671505775
-24.44	0.015682950090071
-24.41	0.0157094415598177
-24.38	0.0157359330295645
-24.34	0.0157624244993112
-24.31	0.015788915969058
-24.24	0.0158683903782982
-24.20	0.0158948818480449
-24.17	0.0159213733177917
-24.10	0.0159743562572852
-24.06	0.0160008477270319
-24.03	0.0160273391967786
-23.99	0.0161068136060189
-23.89	0.0161597965455123
-23.82	0.0162127794850058
-23.78	0.0162657624244993
-23.75	0.016398219773233
-23.68	0.0164247112429798
-23.61	0.0164776941824732
-23.58	0.01650418565222
-23.54	0.0165306771219667
-23.51	0.016610151531207
-23.47	0.0166896259404472
-23.44	0.0167161174101939
-23.33	0.0167955918194341
-23.30	0.0168485747589276
-23.26	0.0168750662286744
-23.23	0.0169545406379146
-23.19	0.0169810321076613
-23.16	0.0170340150471548
-23.12	0.0170605065169016
-23.02	0.0171399809261418
-22.99	0.0171929638656353
-22.95	0.017219455335382
-22.92	0.0172459468051287
-22.88	0.0172989297446222
-22.85	0.017325421214369
-22.81	0.0173784041538625
-22.74	0.0174048956236092
-22.71	0.0174843700328494
-22.67	0.0175108615025962
-22.64	0.0175373529723429
-22.60	0.0176168273815831
-22.53	0.0176433188513299
-22.50	0.0176963017908234
-22.47	0.0177492847303168
-22.43	0.0177757762000636
-22.40	0.0178287591395571
-22.36	0.0178552506093038
-22.33	0.0178817420790505
-22.29	0.0179082335487973
-22.26	0.0179877079580375
-22.22	0.0180141994277843
-22.19	0.018040690897531
-22.15	0.0180671823672777
-22.08	0.0180936738370245
-22.05	0.018146656776518
-22.01	0.0182261311857582
-21.98	0.0182791141252517
-21.94	0.0183056055949984
-21.88	0.0183320970647452
-21.84	0.0184115714739854
-21.81	0.0184380629437321
-21.77	0.0184910458832256
-21.74	0.0185705202924658
-21.70	0.0185970117622126
-21.63	0.0186764861714528
-21.60	0.0187294691109463
-21.49	0.0187824520504398
-21.46	0.0188354349899332
-21.42	0.0188884179294267
-21.39	0.0189414008689202
-21.35	0.0189678923386669
-21.25	0.0190738582176539
-21.22	0.0191003496874007
-21.18	0.0191533326268941
-21.15	0.0192063155663876
-21.11	0.0192328070361344
-21.08	0.0192592985058811
-21.01	0.0193917558546148
-20.97	0.0194182473243616
-20.90	0.0194447387941083
-20.83	0.019471230263855
-20.80	0.0194977217336018
-20.76	0.019577196142842
-20.73	0.0196301790823355
-20.69	0.0196566705520822
-20.59	0.019683162021829
-20.56	0.0197361449613225
-20.52	0.0197891279008159
-20.49	0.0198686023100562
-20.42	0.0199215852495496
-20.38	0.0199480767192964
-20.31	0.0199745681890431
-20.24	0.0200805340680301
-20.21	0.0201070255377768
-20.17	0.0201335170075236
-20.14	0.0201600084772703
-20.07	0.0201864999470171
-20.00	0.0202129914167638
-19.97	0.0202394828865105
-19.93	0.0202659743562573
-19.90	0.020292465826004
-19.83	0.0203189572957508
-19.76	0.020398431704991
-19.72	0.0204514146444845
-19.65	0.0204779061142312
-19.58	0.020504397583978
-19.55	0.0205573805234714
-19.51	0.0205838719932182
-19.41	0.0206103634629649
-19.34	0.0206368549327117
-19.31	0.0206633464024584
-19.27	0.0207163293419519
-19.24	0.0207428208116986
-19.13	0.0207693122814454
-19.10	0.0208222952209389
-19.06	0.0208487866906856
-19.03	0.0208752781604323
-18.99	0.0209017696301791
-18.92	0.0209282610999258
-18.89	0.0209547525696726
-18.85	0.021007735509166
-18.78	0.0210872099184063
-18.75	0.0211666843276465
-18.68	0.0212461587368867
-18.65	0.0212726502066335
-18.61	0.0212991416763802
-18.58	0.0213521246158737
-18.54	0.0214051075553672
-18.51	0.0214315990251139
-18.47	0.0214845819646074
-18.44	0.0215375649041009
-18.40	0.0215905478435944
-18.37	0.0216170393133411
-18.33	0.0216700222528346
-18.26	0.0217494966620748
-18.23	0.0218024796015683
-18.19	0.021828971071315
-18.16	0.0218554625410618
-18.12	0.0218819540108085
-18.09	0.0219614284200487
-18.06	0.022040902829289
-18.02	0.0220673942990357
-17.95	0.0221468687082759
-17.92	0.0221998516477694
-17.88	0.0222263431175162
-17.85	0.0223323089965031
-17.81	0.0223852919359966
-17.74	0.0224647663452368
-17.71	0.0225177492847303
-17.64	0.0225972236939705
-17.60	0.0226766981032108
-17.57	0.0227031895729575
-17.53	0.0227296810427042
-17.50	0.0228091554519445
-17.47	0.0228356469216912
-17.43	0.022862138391438
-17.40	0.0229416128006782
-17.36	0.0229681042704249
-17.33	0.0230210872099184
-17.29	0.0230740701494119
-17.26	0.0231005616191586
-17.22	0.0232065274981456
-17.19	0.0232330189678923
-17.15	0.0232595104376391
-17.12	0.0233389848468793
-17.08	0.0234184592561195
-17.05	0.0234979336653598
-17.01	0.0235509166048532
-16.98	0.0235774080746
-16.94	0.0236568824838402
-16.91	0.0237098654233337
-16.88	0.0237363568930804
-16.84	0.0238158313023207
-16.81	0.0238423227720674
-16.77	0.0239482886510544
-16.74	0.0239747801208011
-16.70	0.0240012715905478
-16.67	0.0241072374695348
-16.60	0.024186711878775
-16.56	0.0242661862880153
-16.53	0.0243191692275087
-16.49	0.0243721521670022
-16.46	0.0244251351064957
-16.42	0.0244781180459892
-16.39	0.0245840839249762
-16.35	0.0246370668644696
-16.32	0.0246635583342164
-16.28	0.0246900498039631
-16.25	0.0248225071526968
-16.22	0.0248754900921903
-16.18	0.0249284730316838
-16.15	0.0249814559711773
-16.08	0.0250609303804175
-16.04	0.0251668962594045
-16.01	0.025219879198898
-15.97	0.0252463706686447
-15.94	0.0252728621383914
-15.90	0.0253788280173784
-15.87	0.0254318109568719
-15.83	0.0255112853661121
-15.80	0.0255642683056056
-15.76	0.0256172512450991
-15.73	0.0256967256543393
-15.69	0.0257497085938328
-15.66	0.025829183003073
-15.62	0.0258821659425665
-15.59	0.0259881318215535
-15.52	0.0260940977005404
-15.49	0.0261735721097806
-15.45	0.0262530465190209
-15.42	0.0263060294585144
-15.38	0.0263855038677546
-15.35	0.0264649782769948
-15.31	0.0265179612164883
-15.28	0.0265709441559818
-15.24	0.0266769100349687
-15.21	0.0267298929744622
-15.17	0.0267828759139557
-15.14	0.0268888417929427
-15.10	0.0269948076719296
-15.07	0.0270477906114231
-15.03	0.0271007735509166
-15.00	0.0272862138391438
-14.97	0.0273127053088905
-14.90	0.0274451626576242
-14.86	0.0275246370668645
-14.83	0.0275511285366112
-14.79	0.0276570944155982
-14.76	0.0277365688248384
-14.72	0.0277895517643319
-14.69	0.0279220091130656
-14.65	0.0279485005828123
-14.62	0.0280014835223058
-14.58	0.0280544664617993
-14.51	0.028186923810533
-14.48	0.0282663982197732
-14.44	0.02829288968952
-14.41	0.0283193811592667
-14.38	0.0284518385080004
-14.34	0.0284783299777472
-14.31	0.0285313129172406
-14.27	0.0286372787962276
-14.20	0.0287167532054678
-14.17	0.0287962276147081
-14.13	0.0288492105542015
-14.10	0.0289286849634418
-14.06	0.0289816679029353
-14.03	0.0290346508424287
-13.99	0.0290876337819222
-13.96	0.0291406167214157
-13.92	0.0292465826004027
-13.89	0.0292730740701494
-13.85	0.0293525484793896
-13.82	0.0294585143583766
-13.78	0.0295114972978701
-13.75	0.0295909717071103
-13.72	0.0298029034650842
-13.68	0.0298823778743245
-13.65	0.0299883437533114
-13.61	0.0300148352230582
-13.58	0.0300943096322984
-13.54	0.0302532584507788
-13.51	0.0302797499205256
-13.47	0.0304651902087528
-13.44	0.0305711560877397
-13.40	0.0305976475574865
-13.37	0.0307565963759669
-13.33	0.0308095793154604
-13.30	0.0308890537247006
-13.26	0.0310215110734344
-13.23	0.0311009854826746
-13.19	0.0312334428314083
-13.16	0.0313129172406485
-13.12	0.0313923916498887
-13.09	0.0315248489986224
-13.06	0.0316573063473562
-13.02	0.0317897636960899
-12.99	0.0319222210448236
-12.95	0.0320016954540638
-12.92	0.0321341528027975
-12.88	0.0322136272120377
-12.85	0.0323990675002649
-12.78	0.0325315248489986
-12.74	0.0326374907279856
-12.71	0.0327169651372258
-12.67	0.0328494224859595
-12.64	0.032902405425453
-12.60	0.0330613542439335
-12.57	0.0331408286531737
-12.53	0.0332467945321606
-12.50	0.0333527604111476
-12.47	0.0334852177598813
-12.43	0.0335646921691215
-12.40	0.033723640987602
-12.36	0.0339090812758292
-12.33	0.0341475045035499
-12.29	0.0344124192010173
-12.26	0.0347038253682314
-12.22	0.0350217230051923
-12.19	0.0352866377026597
-12.15	0.0354720779908869
-12.12	0.0355250609303804
-12.08	0.0357105012186076
-12.05	0.0359224329765815
-12.01	0.0360548903253152
-11.98	0.0362138391437957
-11.94	0.0363462964925294
-11.91	0.0364787538412631
-11.88	0.0365847197202501
-11.84	0.0368496344177175
-11.81	0.0370615661756914
-11.77	0.0372734979336654
-11.74	0.0374059552823991
-11.70	0.0375649041008795
-11.67	0.0377503443891067
-11.63	0.0380417505563209
-11.60	0.0382536823142948
-11.56	0.0384126311327752
-11.53	0.0386775458302427
-11.49	0.0388629861184699
-11.46	0.0389954434672036
-11.42	0.0393398325739112
-11.39	0.0395517643318851
-11.35	0.0397901875596058
-11.32	0.0399491363780863
-11.28	0.0402405425453004
-11.25	0.0406114231217548
-11.22	0.0407703719402352
-11.18	0.0411147610469429
-11.15	0.041406167214157
-11.11	0.0416710819116245
-11.08	0.0419889795485854
-11.04	0.0422803857157995
-11.01	0.0425982833527604
-10.97	0.0428896895199746
-10.94	0.043154604217442
-10.90	0.0433665359754159
-10.87	0.0437374165518703
-10.83	0.0440288227190845
-10.80	0.0443202288862986
-10.76	0.0446116350535128
-10.73	0.0449560241602204
-10.69	0.0452209388576878
-10.66	0.0456448023736357
-10.62	0.0459097170711031
-10.59	0.0462011232383173
-10.56	0.0465190208752782
-10.52	0.0467309526332521
-10.49	0.0470223588004662
-10.45	0.0473667479071739
-10.42	0.0475521881954011
-10.38	0.0479495602416022
-10.35	0.0481879834693229
-10.31	0.0486118469852707
-10.28	0.0488767616827382
-10.24	0.0492476422591925
-10.21	0.0494595740171665
-10.17	0.0497509801843806
-10.14	0.050121860760835
-10.10	0.0504662498675427
-10.07	0.0508106389742503
-10.03	0.0511550280809579
-10.00	0.0515788915969058
-9.97	0.05187029776412
-9.93	0.052479601568295
-9.90	0.0528239906750027
-9.86	0.0531683797817103
-9.83	0.0536982091766451
-9.79	0.054122072692593
-9.76	0.0544664617993006
-9.72	0.0549962911942355
-9.69	0.0553936632404366
-9.65	0.0557380523471442
-9.62	0.0562413902723323
-9.58	0.0566387623185334
-9.55	0.0570361343647346
-9.51	0.0574864893504292
-9.48	0.057910352866377
-9.44	0.0584136907915651
-9.41	0.058625622549539
-9.38	0.0592084348839674
-9.34	0.0597382642789022
-9.31	0.0600296704461164
-9.27	0.0605330083713044
-9.24	0.0610098548267458
-9.20	0.0615396842216806
-9.17	0.0620430221468687
-9.13	0.0625993430115503
-9.10	0.0631026809367384
-9.06	0.0636854932711667
-9.03	0.064374271484582
-8.99	0.0649570838190103
-8.96	0.0655928790929321
-8.92	0.0663876231853343
-8.89	0.0671823672777366
-8.85	0.0678711454911518
-8.82	0.0685864151743139
-8.78	0.0692487019179824
-8.75	0.0698844971919042
-8.72	0.0705732754053195
-8.68	0.071447493906962
-8.65	0.0721362721203772
-8.61	0.0728250503337925
-8.58	0.0736727773656883
-8.54	0.0743350641093568
-8.51	0.0751033167320123
-8.47	0.0758185864151743
-8.44	0.0766928049168168
-8.40	0.0775670234184593
-8.37	0.0782558016318745
-8.33	0.0789710713150366
-8.30	0.0796598495284518
-8.26	0.0802161703931334
-8.23	0.0810638974250291
-8.19	0.0816732012292042
-8.16	0.0824944367913532
-8.12	0.0831567235350217
-8.09	0.0838190102786903
-8.06	0.084560771431599
-8.02	0.0852230581752676
-7.99	0.0858323619794426
-7.95	0.0864416657836177
-7.92	0.087845713680195
-7.88	0.0884815089541168
-7.85	0.0894616933347462
-7.81	0.0903624033061354
-7.78	0.0909452156405637
-7.74	0.0917664512027127
-7.71	0.0924022464766345
-7.67	0.0931440076295433
-7.64	0.0940712090706792
-7.60	0.0947599872840945
-7.57	0.0954222740277631
-7.53	0.096349475468899
-7.50	0.0970382536823143
-7.47	0.0979654551234502
-7.43	0.0985482674578786
-7.40	0.0994754688990145
-7.36	0.10008477270319
-7.33	0.100667585037618
-7.29	0.101515312069514
-7.26	0.102469004980396
-7.22	0.103184274663558
-7.19	0.103979018755961
-7.15	0.104932711666843
-7.12	0.105753947228992
-7.08	0.106575182791141
-7.05	0.10747589276253
-7.01	0.108323619794426
-6.98	0.108985906538095
-6.94	0.109727667691003
-6.91	0.110654869132139
-6.88	0.111502596164035
-6.84	0.112376814665678
-6.81	0.113198050227827
-6.77	0.113860336971495
-6.74	0.114867012821871
-6.70	0.115741231323514
-6.67	0.116509483946169
-6.63	0.117251245099078
-6.60	0.118151955070467
-6.56	0.118840733283883
-6.53	0.119820917664512
-6.49	0.120483204408181
-6.46	0.121277948500583
-6.42	0.122046201123238
-6.39	0.123079368443361
-6.35	0.124112535763484
-6.32	0.125357634841581
-6.28	0.126549750980184
-6.25	0.127953798876762
-6.22	0.129463812652326
-6.18	0.130629437321183
-6.15	0.132563314612695
-6.11	0.1345501748437
-6.08	0.13666949242344
-6.04	0.138788810003179
-6.01	0.140643212885451
-5.97	0.142232701070255
-5.94	0.143848680724807
-5.90	0.145517643318851
-5.87	0.147160114443149
-5.83	0.149358906432129
-5.80	0.150789445798453
-5.76	0.152617357210978
-5.73	0.154153862456289
-5.69	0.155504927413373
-5.66	0.157226872946911
-5.62	0.158736886722475
-5.59	0.160617781074494
-5.56	0.162445692487019
-5.52	0.164379569778531
-5.49	0.166578361767511
-5.45	0.169042068453958
-5.42	0.171770689837872
-5.38	0.173916498887358
-5.35	0.176141782346085
-5.31	0.178314082865317
-5.28	0.18040690897531
-5.24	0.182632192434036
-5.21	0.184619052665042
-5.17	0.186976793472502
-5.14	0.189016636643001
-5.10	0.191639292147928
-5.07	0.194182473243616
-5.03	0.197387941082971
-5.00	0.200116562466886
-4.97	0.202898166790294
-4.93	0.205573805234714
-4.90	0.207534173995973
-4.86	0.210024372152167
-4.83	0.212805976475575
-4.79	0.21593196990569
-4.76	0.218475151001378
-4.72	0.221680618840733
-4.69	0.224488714633888
-4.65	0.226899438380841
-4.62	0.229310162127795
-4.58	0.231482462647028
-4.55	0.233707746105754
-4.51	0.236436367489668
-4.48	0.239191480343329
-4.44	0.24178764437851
-4.41	0.244357316943944
-4.38	0.24642365158419
-4.34	0.248595952103423
-4.31	0.250741761152909
-4.27	0.253443891067076
-4.24	0.25601356363251
-4.20	0.258424287379464
-4.17	0.261205891702872
-4.13	0.26406697043552
-4.10	0.266371728303486
-4.06	0.269206315566388
-4.03	0.271934936950302
-3.99	0.274372152167002
-3.96	0.276941824732436
-3.92	0.279458514358377
-3.89	0.282240118681784
-3.85	0.285101197414433
-3.82	0.287776835858853
-3.78	0.290743880470488
-3.75	0.29365794214263
-3.72	0.296280597647557
-3.68	0.299300625198686
-3.65	0.302347144219561
-3.61	0.30544664617993
-3.58	0.30902299459574
-3.54	0.312387411253576
-3.51	0.315672353502172
-3.47	0.319169227508742
-3.44	0.322851541803539
-3.40	0.326798770795804
-3.37	0.331143371834269
-3.33	0.336600614602098
-3.30	0.342216806188407
-3.26	0.3467468475151
-3.23	0.350853025325845
-3.19	0.35495920313659
-3.16	0.358932923598601
-3.12	0.363886828441242
-3.09	0.36918512239059
-3.06	0.374615873688672
-3.02	0.379887676168274
-2.99	0.385318427466356
-2.95	0.388921267351913
-2.92	0.392947970753417
-2.88	0.397954858535552
-2.85	0.402484899862244
-2.81	0.405743350641094
-2.78	0.409372681996397
-2.74	0.413796757444103
-2.71	0.418936102574971
-2.67	0.423784041538625
-2.64	0.428420048744304
-2.60	0.433003073010491
-2.57	0.438486807248066
-2.53	0.44455335382007
-2.50	0.449401292783724
-2.47	0.454434672035605
-2.43	0.459627000105966
-2.40	0.464077567023418
-2.36	0.468104270424923
-2.33	0.47170711031048
-2.29	0.47512450990781
-2.26	0.479628059764756
-2.22	0.484237575500689
-2.19	0.489641835329024
-2.15	0.495602416022041
-2.12	0.501748437003285
-2.08	0.50699374801314
-2.05	0.512556956659955
-2.01	0.519497721733602
-1.98	0.524080745999788
-1.94	0.528981667902935
-1.91	0.532558016318745
-1.88	0.536902617357211
-1.84	0.54137967574441
-1.81	0.546121648829077
-1.77	0.551155028080958
-1.74	0.555738052347144
-1.70	0.560029670446116
-1.67	0.564930592349264
-1.63	0.571394510967469
-1.60	0.578202818692381
-1.56	0.58609727667691
-1.53	0.591342587686765
-1.49	0.596508424287379
-1.46	0.600667585037618
-1.42	0.604243933453428
-1.39	0.608588534491894
-1.35	0.614019285789976
-1.32	0.619476528557804
-1.28	0.625198686023101
-1.25	0.630338031153968
-1.22	0.635503867754583
-1.18	0.640537247006464
-1.15	0.645650100667585
-1.11	0.650842428737946
-1.08	0.65553141888312
-1.04	0.660697255483734
-1.01	0.665783617675109
-0.97	0.671479283670658
-0.94	0.676539154392286
-0.90	0.681943414220621
-0.87	0.686314506728833
-0.83	0.690844548055526
-0.80	0.695639504079686
-0.76	0.701282187135742
-0.73	0.706474515206104
-0.69	0.71113701388153
-0.66	0.715984952845184
-0.62	0.721124297976052
-0.59	0.726449083395147
-0.56	0.731455971177281
-0.52	0.736383384550175
-0.49	0.741893610257497
-0.45	0.746768040690898
-0.42	0.750662286743669
-0.38	0.75463600720568
-0.35	0.758530253258451
-0.31	0.762689414008689
-0.28	0.767325421214369
-0.24	0.771723005192328
-0.21	0.7760146232913
-0.17	0.779061142312175
-0.14	0.782584507788492
-0.10	0.785710501218608
-0.07	0.788704037299989
-0.03	0.791935996609092
0.00	0.795167955918194
0.03	0.798346932287803
0.07	0.801075553671718
0.10	0.803433294479178
0.14	0.806612270848787
0.17	0.809499841051182
0.21	0.812069513616616
0.24	0.814241814135848
0.28	0.816228674366854
0.31	0.81853343223482
0.35	0.820599766875066
0.38	0.823513828547208
0.42	0.82666631344707
0.45	0.829156511603264
0.49	0.831196354773763
0.52	0.833395146762742
0.56	0.835620430221469
0.59	0.838852389530571
0.62	0.841130655928791
0.66	0.842932075871569
0.69	0.844971919042068
0.73	0.847435625728515
0.76	0.849687400656988
0.80	0.85244251351065
0.83	0.854694288439123
0.87	0.856495708381901
0.90	0.85837660273392
0.94	0.860204514146445
0.97	0.861714527922009
1.01	0.864072268729469
1.04	0.866165094839462
1.08	0.868125463600721
1.11	0.870191798240966
1.15	0.872099184062732
1.18	0.874006569884497
1.22	0.875755006887782
1.25	0.877503443891067
1.28	0.878642577090177
1.32	0.880443997032955
1.35	0.88203348521776
1.39	0.883755430751298
1.42	0.885556850694077
1.46	0.887464236515842
1.49	0.889901451732542
1.53	0.891437956977853
1.56	0.89284200487443
1.60	0.894378510119741
1.63	0.895809049486065
1.67	0.897160114443149
1.70	0.898590653809473
1.74	0.900047684645544
1.77	0.902776306029458
1.81	0.90439228568401
1.84	0.905796333580587
1.88	0.907173890007418
1.91	0.908710395252729
1.94	0.910140934619053
1.98	0.912048320440818
2.01	0.914008689202077
2.05	0.915359754159161
2.08	0.917823460845608
2.12	0.919942778425347
2.15	0.921558758079898
2.19	0.923227720673943
2.22	0.924843700328494
2.26	0.92691003496874
2.29	0.928367065804811
2.33	0.929903571050122
2.36	0.931254636007206
2.40	0.932870615661757
2.43	0.934248172088587
2.47	0.935625728515418
2.50	0.937082759351489
2.53	0.938089435201865
2.57	0.939175585461481
2.60	0.940102786902617
2.64	0.941003496874007
2.67	0.941930698315143
2.71	0.943069831514252
2.74	0.944208964713362
2.78	0.945348097912472
2.81	0.946434248172089
2.85	0.947281975203984
2.88	0.948235668114867
2.92	0.94926883543499
2.95	0.950010596587899
2.99	0.950911306559288
3.02	0.951864999470171
3.06	0.952792200911307
3.09	0.953719402352442
3.12	0.954302214686871
3.16	0.954805552612059
3.19	0.955812228462435
3.23	0.95642153226661
3.26	0.956924870191798
3.30	0.957666631344707
3.33	0.958222952209389
3.37	0.958805764543817
3.40	0.959176645120271
3.44	0.959600508636219
3.47	0.96007735509166
3.51	0.960342269789128
3.54	0.960739641835329
3.58	0.961163505351277
3.61	0.961348945639504
3.65	0.961905266504186
3.68	0.962249655610893
3.72	0.962700010596588
3.75	0.963017908233549
3.78	0.963388788810003
3.82	0.963812652325951
3.85	0.964289498781392
3.89	0.964686870827594
3.92	0.965031259934301
3.96	0.965508106389742
3.99	0.96585249549645
4.03	0.966143901663664
4.06	0.966355833421638
4.10	0.966700222528346
4.13	0.967044611635054
4.17	0.967336017802268
4.20	0.967706898378722
4.24	0.967945321606443
4.27	0.96828971071315
4.31	0.968554625410618
4.34	0.968846031577832
4.38	0.969137437745046
4.41	0.969402352442513
4.44	0.969693758609728
4.48	0.969932181837448
4.51	0.970197096534916
4.55	0.970541485641623
4.58	0.970806400339091
4.62	0.971018332097065
4.65	0.971177280915545
4.69	0.971336229734026
4.72	0.971680618840733
4.76	0.971919042068454
4.79	0.972210448235668
4.83	0.972554837342376
4.86	0.972952209388577
4.90	0.973164141146551
4.93	0.973482038783512
4.97	0.973852919359966
5.00	0.974091342587687
5.03	0.974382748754901
5.07	0.974647663452368
5.10	0.974939069619583
5.14	0.975230475786797
5.17	0.975442407544771
5.21	0.975574864893504
5.24	0.975866271060718
5.28	0.975945745469959
5.31	0.976184168697679
5.35	0.976290134576666
5.38	0.976396100455653
5.42	0.976555049274134
5.45	0.976661015153121
5.49	0.976819963971601
5.52	0.976978912790082
5.56	0.977084878669069
5.59	0.977243827487549
5.62	0.977323301896789
5.66	0.97748225071527
5.73	0.977588216594257
5.76	0.977800148352231
5.80	0.977959097170711
5.83	0.978038571579951
5.87	0.978197520398432
5.90	0.978382960686659
5.94	0.978568400974886
5.97	0.978594892444633
6.01	0.978753841263113
6.04	0.978912790081594
6.08	0.979018755960581
6.11	0.979204196248808
6.15	0.979310162127795
6.18	0.979495602416022
6.22	0.979628059764756
6.25	0.979760517113489
6.28	0.979866482992476
6.32	0.97999894034121
6.35	0.98007841475045
6.39	0.980157889159691
6.42	0.980290346508424
6.46	0.980449295326905
6.49	0.980475786796651
6.53	0.980528769736145
6.56	0.980687718554625
6.60	0.980740701494119
6.63	0.980820175903359
6.67	0.980873158842853
6.70	0.981005616191586
6.74	0.981111582070573
6.77	0.981164565010067
6.81	0.981270530889054
6.84	0.981376496768041
6.88	0.981482462647028
6.91	0.981561937056268
6.94	0.981667902935255
6.98	0.981747377344495
7.01	0.981826851753735
7.05	0.981906326162976
7.08	0.981959309102469
7.12	0.982038783511709
7.15	0.982171240860443
7.19	0.982250715269683
7.22	0.982303698209177
7.26	0.98235668114867
7.29	0.982409664088164
7.33	0.982489138497404
7.36	0.982542121436897
7.40	0.982621595846138
7.43	0.982754053194871
7.47	0.982780544664618
7.50	0.982886510543605
7.53	0.982913002013352
7.57	0.983018967892339
7.60	0.983098442301579
7.64	0.983177916710819
7.67	0.983257391120059
7.71	0.983389848468793
7.74	0.983442831408286
7.78	0.983522305817527
7.81	0.98357528875702
7.85	0.983681254636007
7.88	0.983734237575501
7.92	0.983813711984741
7.95	0.983866694924234
7.99	0.983919677863728
8.02	0.983999152272968
8.06	0.984052135212462
8.09	0.984131609621702
8.12	0.984184592561195
8.16	0.984264066970436
8.19	0.984317049909929
8.23	0.984396524319169
8.26	0.984449507258663
8.30	0.984475998728409
8.33	0.984528981667903
8.37	0.984581964607396
8.40	0.984608456077143
8.44	0.98463494754689
8.51	0.98471442195613
8.54	0.984740913425877
8.58	0.98479389636537
8.65	0.984820387835117
8.68	0.984873370774611
8.75	0.984899862244357
8.82	0.984926353714104
8.85	0.984952845183851
8.92	0.985005828123344
9.06	0.985058811062838
9.10	0.985085302532585
9.24	0.985138285472078
9.31	0.985164776941825
9.34	0.985191268411571
9.38	0.985217759881318
9.48	0.985270742820812
9.58	0.985297234290558
9.62	0.985323725760305
9.69	0.985350217230052
9.72	0.985376708699799
9.76	0.985403200169545
9.86	0.985429691639292
9.93	0.985456183109039
9.97	0.985482674578786
10.00	0.985535657518279
10.10	0.985562148988026
10.17	0.985588640457773
10.21	0.985615131927519
10.28	0.98569460633676
10.38	0.985747589276253
10.42	0.985774080746
10.49	0.985800572215747
10.52	0.985827063685493
10.56	0.985880046624987
10.59	0.985906538094733
10.66	0.98593302956448
10.69	0.985986012503974
10.73	0.98601250397372
10.80	0.986065486913214
10.83	0.986091978382961
10.90	0.986144961322454
10.97	0.986171452792201
11.01	0.986224435731694
11.08	0.986277418671188
11.11	0.986303910140935
11.18	0.986356893080428
11.25	0.986409876019922
11.32	0.986436367489668
11.35	0.986462858959415
11.39	0.986515841898909
11.46	0.986542333368655
11.49	0.986568824838402
11.53	0.986621807777896
11.60	0.986674790717389
11.67	0.986701282187136
11.70	0.986727773656882
11.74	0.986754265126629
11.77	0.986807248066123
11.81	0.98683373953587
11.88	0.986860231005616
11.91	0.986886722475363
11.94	0.98691321394511
11.98	0.986966196884603
12.05	0.98699268835435
12.08	0.987045671293843
12.15	0.98707216276359
12.19	0.987098654233337
12.22	0.987125145703084
12.26	0.98715163717283
12.29	0.987178128642577
12.33	0.987204620112324
12.36	0.987231111582071
12.40	0.987284094521564
12.50	0.987337077461058
12.57	0.987363568930804
12.60	0.987390060400551
12.64	0.987416551870298
12.67	0.987469534809791
12.74	0.987496026279538
12.78	0.987549009219031
12.85	0.987575500688778
12.88	0.987628483628272
12.95	0.987654975098018
12.99	0.987681466567765
13.06	0.987707958037512
13.09	0.987734449507259
13.12	0.987760940977005
13.16	0.987787432446752
13.19	0.987813923916499
13.30	0.987866906855992
13.37	0.987893398325739
13.44	0.987919889795486
13.54	0.987946381265233
13.68	0.987972872734979
13.82	0.987999364204726
13.99	0.988025855674473
14.10	0.98805234714422
16.53	0.988078838613966
16.84	0.988105330083713
17.15	0.98813182155346
17.43	0.988158313023207
17.78	0.988184804492953
18.30	0.9882112959627
18.58	0.988237787432447
18.85	0.988264278902193
19.13	0.98829077037194
19.44	0.988317261841687
19.72	0.988343753311434
20.00	0.98837024478118
20.31	0.988396736250927
20.56	0.988423227720674
20.87	0.988449719190421
21.15	0.988476210660167
21.42	0.988502702129914
21.49	0.988529193599661
21.74	0.988555685069408
22.01	0.988582176539154
22.29	0.988608668008901
22.57	0.988635159478648
22.81	0.988661650948395
22.88	0.988688142418141
23.06	0.988714633887888
23.09	0.988741125357635
23.16	0.988767616827382
23.19	0.988794108297128
23.30	0.988820599766875
23.40	0.988847091236622
23.44	0.988873582706369
23.54	0.988900074176115
23.61	0.988926565645862
23.68	0.988953057115609
23.72	0.988979548585356
23.78	0.989006040055102
23.89	0.989032531524849
24.03	0.989059022994596
24.06	0.989085514464342
24.17	0.989112005934089
24.20	0.989138497403836
24.27	0.989164988873583
24.31	0.989191480343329
24.41	0.989217971813076
24.58	0.989244463282823
24.65	0.98927095475257
24.72	0.989297446222316
24.79	0.989323937692063
24.90	0.98935042916181
25.03	0.989376920631557
25.17	0.989403412101303
25.28	0.98942990357105
25.31	0.989456395040797
25.42	0.989482886510544
25.56	0.98950937798029
25.66	0.989535869450037
25.76	0.989562360919784
25.83	0.989588852389531
25.90	0.989615343859277
26.04	0.989641835329024
26.15	0.989668326798771
26.25	0.989694818268518
26.39	0.989747801208011
26.94	0.989774292677758
27.50	0.989800784147504
28.06	0.989827275617251
28.61	0.989853767086998
29.27	0.989880258556745
29.83	0.989906750026491
30.38	0.989933241496238
30.94	0.989959732965985
31.49	0.989986224435732
32.05	0.990012715905478
32.57	0.990039207375225
33.16	0.990065698844972
33.68	0.990092190314719
34.27	0.990118681784465
34.79	0.990145173254212
35.87	0.990171664723959
36.46	0.990198156193706
36.98	0.990224647663452
37.57	0.990251139133199
38.12	0.990277630602946
38.68	0.990304122072693
41.25	0.990330613542439
43.09	0.990357105012186
44.90	0.990383596481933
46.74	0.99041008795168
48.58	0.990436579421426
50.38	0.990463070891173
52.22	0.99048956236092
54.06	0.990516053830667
55.87	0.990542545300413
57.71	0.99056903677016
59.55	0.990595528239907
61.39	0.990622019709653
63.26	0.9906485111794
65.03	0.990675002649147
66.84	0.990701494118894
68.68	0.990727985588641
70.52	0.990754477058387
72.36	0.990780968528134
74.17	0.990807459997881
76.01	0.990833951467627
77.85	0.990860442937374
79.65	0.990886934407121
81.49	0.990913425876868
83.33	0.990939917346614
85.14	0.990966408816361
87.01	0.990992900286108
88.82	0.991019391755855
90.66	0.991045883225601
92.47	0.991072374695348
94.31	0.991098866165095
96.11	0.991125357634842
97.99	0.991151849104588
99.79	0.991178340574335
101.60	0.991204832044082
103.44	0.991231323513829
105.28	0.991257814983575
107.12	0.991284306453322
108.96	0.991310797923069
110.76	0.991337289392816
112.60	0.991363780862562
114.44	0.991390272332309
116.25	0.991416763802056
116.70	0.991443255271802
118.09	0.991469746741549
119.93	0.991496238211296
120.59	0.991522729681043
121.84	0.991549221150789
123.58	0.991575712620536
124.41	0.991602204090283
125.42	0.99162869556003
127.22	0.991655187029776
128.30	0.991681678499523
129.06	0.99170816996927
130.90	0.991734661439017
132.15	0.991761152908763
132.74	0.99178764437851
134.55	0.991814135848257
136.01	0.991840627318004
136.39	0.99186711878775
138.65	0.991893610257497
139.86	0.991920101727244
140.45	0.991946593196991
140.73	0.991973084666737
142.29	0.991999576136484
143.72	0.992026067606231
144.13	0.992052559075978
144.62	0.992079050545724
145.94	0.992105542015471
147.60	0.992132033485218
147.78	0.992158524954964
148.47	0.992185016424711
151.42	0.992211507894458
152.33	0.992237999364205
155.31	0.992264490833952
156.22	0.992290982303698
159.13	0.992317473773445
160.07	0.992343965243192
162.99	0.992370456712938
163.99	0.992396948182685
166.84	0.992423439652432
167.85	0.992449931122179
170.73	0.992476422591925
171.70	0.992502914061672
174.55	0.992529405531419
175.59	0.992555897001166
178.44	0.992582388470912
179.44	0.992608879940659
182.29	0.992635371410406
183.33	0.992661862880153
186.15	0.992688354349899
187.22	0.992714845819646
190.00	0.992741337289393
191.08	0.99276782875914
193.85	0.992794320228886
194.97	0.992820811698633
197.71	0.99284730316838
198.85	0.992873794638127
202.71	0.992900286107873
205.42	0.99292677757762
206.60	0.992953269047367
210.45	0.992979760517113
213.16	0.99300625198686
214.34	0.993032743456607
216.98	0.993059234926354
218.23	0.9930857263961
220.87	0.993112217865847
224.72	0.993138709335594
229.83	0.993165200805341
233.72	0.993191692275087
237.60	0.993218183744834
241.49	0.993244675214581
245.35	0.993271166684328
249.24	0.993297658154074
260.52	0.993324149623821
264.34	0.993350641093568
268.12	0.993377132563315
271.94	0.993403624033061
275.76	0.993430115502808
279.51	0.993456606972555
283.33	0.993483098442302
287.08	0.993509589912048
290.90	0.993536081381795
294.69	0.993562572851542
298.51	0.993589064321289
302.29	0.993615555791035
306.11	0.993642047260782
310.00	0.993668538730529
313.68	0.993695030200275
317.47	0.993721521670022
321.28	0.993748013139769
325.07	0.993774504609516
328.85	0.993800996079262
332.67	0.993827487549009
336.46	0.993853979018756
340.24	0.993880470488503
344.17	0.993906961958249
347.85	0.993933453427996
351.63	0.993959944897743
355.45	0.99398643636749
359.76	0.994012927837236
363.58	0.994039419306983
367.33	0.99406591077673
371.15	0.994092402246477
374.97	0.994118893716223
378.75	0.99414538518597
382.57	0.994171876655717
386.32	0.994198368125464
390.14	0.99422485959521
393.92	0.994251351064957
397.71	0.994277842534704
401.53	0.994304334004451
405.31	0.994330825474197
409.10	0.994357316943944
412.88	0.994383808413691
416.67	0.994410299883438
420.49	0.994436791353184
424.31	0.994463282822931
428.12	0.994489774292678
435.69	0.994516265762424
439.48	0.994542757232171
443.26	0.994569248701918
447.08	0.994595740171665
450.87	0.994622231641412
454.65	0.994648723111158
458.51	0.994675214580905
462.26	0.994701706050652
466.04	0.994728197520398
469.86	0.994754688990145
473.61	0.994781180459892
477.43	0.994807671929639
637.43	0.994834163399385
660.38	0.994860654869132
672.64	0.994887146338879
684.83	0.994913637808626
697.01	0.994940129278372
709.20	0.994966620748119
721.42	0.994993112217866
733.65	0.995019603687613
745.83	0.995046095157359
758.06	0.995072586627106
770.28	0.995099078096853
782.47	0.9951255695666
794.72	0.995152061036346
806.91	0.995178552506093
819.17	0.99520504397584
831.35	0.995231535445587
843.51	0.995258026915333
855.76	0.99528451838508
867.99	0.995311009854827
880.21	0.995337501324573
904.62	0.99536399279432
916.81	0.995390484264067
928.99	0.995416975733814
941.18	0.99544346720356
953.44	0.995469958673307
965.59	0.995496450143054
977.81	0.995522941612801
1808.82	0.995549433082547
1864.20	0.995575924552294
1892.19	0.995602416022041
1919.65	0.995628907491788
1947.40	0.995655398961534
1975.17	0.995681890431281
2002.85	0.995708381901028
2030.59	0.995734873370775
2058.30	0.995761364840521
2086.04	0.995787856310268
2114.03	0.995814347780015
2141.49	0.995840839249762
2169.51	0.995867330719508
2197.01	0.995893822189255
2224.76	0.995920313659002
2252.50	0.995946805128749
2280.21	0.995973296598495
2307.92	0.995999788068242
2335.56	0.996026279537989
2363.40	0.996052771007735
2391.15	0.996079262477482
2418.82	0.996105753947229
2446.60	0.996132245416976
2474.27	0.996158736886723
2502.01	0.996185228356469
2529.69	0.996211719826216
2557.53	0.996238211295963
2585.35	0.996264702765709
2640.76	0.996291194235456
2668.44	0.996317685705203
2696.18	0.99634417717495
2723.82	0.996370668644696
2751.56	0.996397160114443
2779.34	0.99642365158419
2807.05	0.996450143053937
2834.76	0.996476634523683
2862.50	0.99650312599343
2890.24	0.996529617463177
2917.95	0.996556108932924
2945.66	0.99658260040267
2973.51	0.996609091872417
3001.11	0.996635583342164
3029.13	0.996662074811911
3056.74	0.996688566281657
3084.38	0.996715057751404
3112.12	0.996741549221151
3139.83	0.996768040690898
3167.50	0.996794532160644
3195.31	0.996821023630391
3223.23	0.996847515100138
3254.17	0.996874006569884
3278.47	0.996900498039631
3306.22	0.996926989509378
3333.99	0.996953480979125
3389.38	0.996979972448871
3417.15	0.997006463918618
50511.67	0.997032955388365
52842.99	0.997059446858112
55182.29	0.997085938327858
57515.14	0.997112429797605
59854.13	0.997138921267352
62181.70	0.997165412737099
64506.53	0.997191904206845
66848.26	0.997218395676592
71514.06	0.997244887146339
73844.48	0.997271378616086
76181.39	0.997297870085832
78504.58	0.997324361555579
80839.83	0.997350853025326
83171.91	0.997377344495073
85508.82	0.997403835964819
87845.73	0.997430327434566
90177.99	0.997456818904313
92509.10	0.99748331037406
94833.06	0.997509801843806
97176.42	0.997536293313553
99502.01	0.9975627847833
101842.99	0.997589276253046
104175.07	0.997615767722793
106500.66	0.99764225919254
108881.91	0.997668750662287
111167.22	0.997695242132034
113499.31	0.99772173360178
115836.22	0.997748225071527
164367.81	0.997774716541274
165911.74	0.99780120801102
167464.65	0.997827699480767
169008.51	0.997854190950514
170561.49	0.997880682420261
172109.13	0.997907173890007
173660.00	0.997933665359754
175215.17	0.997960156829501
176758.51	0.997986648299248
178309.86	0.998013139768994
179859.13	0.998039631238741
181408.40	0.998066122708488
182956.56	0.998092614178235
184506.91	0.998119105647981
186057.78	0.998145597117728
187609.65	0.998172088587475
189156.22	0.998198580057222
190721.08	0.998225071526968
192254.72	0.998251562996715
193809.38	0.998278054466462
195358.06	0.998304545936209
196906.81	0.998331037405955
198459.27	0.998357528875702
200005.83	0.998384020345449
201553.99	0.998410511815195
203107.05	0.998437003284942
204655.69	0.998463494754689
206203.72	0.998489986224436
207759.62	0.998516477694183
362273.09	0.998542969163929
365539.55	0.998569460633676
368803.85	0.998595952103423
372066.94	0.998622443573169
375326.63	0.998648935042916
378592.08	0.998675426512663
381840.38	0.99870191798241
385109.03	0.998728409452156
388367.64	0.998754900921903
391623.96	0.99878139239165
394885.83	0.998807883861397
398138.78	0.998834375331143
401412.01	0.99886086680089
404669.55	0.998887358270637
407933.72	0.998913849740384
411194.51	0.99894034121013
414451.94	0.998966832679877
417705.97	0.998993324149624
420964.97	0.999019815619371
424233.33	0.999046307089117
427498.75	0.999072798558864
430756.15	0.999099290028611
434010.17	0.999125781498358
437275.56	0.999152272968104
440541.01	0.999178764437851
443797.15	0.999205255907598
447059.13	0.999231747377345
450317.64	0.999258238847091
453586.42	0.999284730316838
473753.37	0.999311221786585
1170771.35	0.999337713256331
1862730.56	0.999364204726078
2559050.66	0.999390696195825
3251534.41	0.999417187665572
3948050.10	0.999443679135318
4641445.14	0.999470170605065
5341094.76	0.999496662074812
6028768.72	0.999523153544559
6725791.15	0.999549645014305
7420648.72	0.999576136484052
8112141.18	0.999602627953799
8807234.34	0.999629119423546
9501371.77	0.999655610893292
10198158.61	0.999682102363039
10889651.08	0.999708593832786
11585948.92	0.999735085302533
12280575.35	0.999761576772279
12973997.08	0.999788068242026
13666440.83	0.999814559711773
14360809.41	0.99984105118152
15057365.10	0.999867542651266
15752711.67	0.999894034121013
16446364.55	0.99992052559076
17141457.71	0.999947017060506
17835106.15	0.999973508530253
18528038.89	1
