# function: CDF
# windowSize: 0
# whereClause: (is_synced=1)
# nodeID: 1
# counter: laptoptimeSEC
# old: 0
# new: 0
# breakLineInterval: 
# noZeros: 0
# table: FTSPTestSecond_1
# column: (((mappedGlobalClock - globalClock) / 28800) * 1000)
# starttime: 1123079234.522
# endtime: 1124454509.222
-123112482.12	1.55608116519358e-05
-77627793.26	3.11216233038715e-05
-77626790.17	4.66824349558073e-05
-77625787.85	6.22432466077431e-05
-77624796.94	7.78040582596788e-05
-77623786.67	9.33648699116146e-05
-77622785.73	0.00010892568156355
-77621787.92	0.000124486493215486
-77620784.55	0.000140047304867422
-77619784.31	0.000155608116519358
-77618784.06	0.000171168928171293
-72162200.21	0.000186729739823229
-72161198.19	0.000202290551475165
-72160205.90	0.000217851363127101
-72159197.74	0.000233412174779036
-72158199.55	0.000248972986430972
-72157195.66	0.000264533798082908
-72156200.83	0.000280094609734844
-72155199.90	0.00029565542138678
-72154198.61	0.000311216233038715
-72153199.41	0.000326777044690651
-72152198.12	0.000342337856342587
-72151197.88	0.000357898667994523
-72150195.90	0.000373459479646458
-72149196.01	0.000389020291298394
-72148194.72	0.00040458110295033
-72147195.87	0.000420141914602266
-72146194.58	0.000435702726254201
-72145193.65	0.000451263537906137
-72144195.83	0.000466824349558073
-72143195.24	0.000482385161210009
-72142196.39	0.000497945972861945
-72141205.49	0.00051350678451388
-72140195.21	0.000529067596165816
-72139196.01	0.000544628407817752
-72138191.94	0.000560189219469688
-72137191.01	0.000575750031121623
-72136193.68	0.000591310842773559
-72135194.83	0.000606871654425495
-72134195.28	0.000622432466077431
-72133192.60	0.000637993277729366
-72132189.93	0.000653554089381302
-72131189.69	0.000669114901033238
-72130192.22	0.000684675712685174
-72129193.37	0.000700236524337109
-72128191.04	0.000715797335989045
-72127189.76	0.000731358147640981
-72126190.90	0.000746918959292917
-72125185.66	0.000762479770944852
-72124192.15	0.000778040582596788
-72123192.57	0.000793601394248724
-72122191.63	0.00080916220590066
-72121189.34	0.000824723017552596
-72120188.06	0.000840283829204531
-72119189.20	0.000855844640856467
-72118186.88	0.000871405452508403
-72117186.98	0.000886966264160339
-72116192.33	0.000902527075812274
-72115189.93	0.00091808788746421
-72114190.42	0.000933648699116146
-72113190.52	0.000949209510768082
-72111190.03	0.000964770322420017
-72110189.10	0.000980331134071953
-72109187.78	0.000995891945723889
-72107185.24	0.00101145275737582
-72106188.12	0.00102701356902776
-72105188.23	0.0010425743806797
-72104187.33	0.00105813519233163
-72103186.04	0.00107369600398357
-72102184.41	0.0010892568156355
-72101183.12	0.00110481762728744
-72100197.95	0.00112037843893938
-72098181.70	0.00113593925059131
-72097183.23	0.00115150006224325
-72096181.94	0.00116706087389518
-72095183.06	0.00118262168554712
-72094192.57	0.00119818249719905
-72093185.03	0.00121374330885099
-72092182.36	0.00122930412050293
-72091180.03	0.00124486493215486
-72089189.93	0.0012604257438068
-72087179.10	0.00127598655545873
-72085178.61	0.00129154736711067
-72084182.19	0.0013071081787626
-72083182.95	0.00132266899041454
-72082182.05	0.00133822980206648
-72081177.99	0.00135379061371841
-72080177.40	0.00136935142537035
-72079178.19	0.00138491223702228
-72078180.35	0.00140047304867422
-72077176.32	0.00141603386032615
-72075177.92	0.00143159467197809
-72074179.10	0.00144715548363003
-72073175.73	0.00146271629528196
-72072176.91	0.0014782771069339
-72071174.58	0.00149383791858583
-72070175.38	0.00150939873023777
-72069174.48	0.0015249595418897
-72068173.51	0.00154052035354164
-72067176.08	0.00155608116519358
-72066174.44	0.00157164197684551
-72065173.51	0.00158720278849745
-72064179.31	0.00160276360014938
-72063174.10	0.00161832441180132
-72062176.98	0.00163388522345326
-72061174.31	0.00164944603510519
-72060174.76	0.00166500684675713
-72059174.20	0.00168056765840906
-72058171.88	0.001696128470061
-72057174.06	0.00171168928171293
-72056173.47	0.00172725009336487
-72055171.88	0.00174281090501681
-72054170.59	0.00175837171666874
-72052181.88	0.00177393252832068
-72051169.55	0.00178949333997261
-72050172.08	0.00180505415162455
-72049173.96	0.00182061496327648
-72047179.97	0.00183617577492842
-72046169.65	0.00185173658658036
-72045173.61	0.00186729739823229
-72044171.63	0.00188285820988423
-72043172.43	0.00189841902153616
-72042168.37	0.0019139798331881
-72041167.81	0.00192954064484003
-72040168.58	0.00194510145649197
-72039168.72	0.00196066226814391
-72038177.22	0.00197622307979584
-72037168.23	0.00199178389144778
-72036168.33	0.00200734470309971
-72035169.86	0.00202290551475165
-72034169.58	0.00203846632640359
-72033166.60	0.00205402713805552
-72032165.76	0.00206958794970746
-72031165.42	0.00208514876135939
-72030166.22	0.00210070957301133
-72029165.97	0.00211627038466326
-72028167.85	0.0021318311963152
-72027168.61	0.00214739200796714
-72026164.58	0.00216295281961907
-72024164.79	0.00217851363127101
-72023163.85	0.00219407444292294
-72022171.91	0.00220963525457488
-72021165.45	0.00222519606622681
-72020163.82	0.00224075687787875
-72019175.66	0.00225631768953069
-72018164.34	0.00227187850118262
-72017165.83	0.00228743931283456
-72016165.59	0.00230300012448649
-72015165.38	0.00231856093613843
-72014165.10	0.00233412174779036
-72013162.12	0.0023496825594423
-72012163.26	0.00236524337109424
-72011163.68	0.00238080418274617
-72010161.74	0.00239636499439811
-72009163.58	0.00241192580605004
-72008161.56	0.00242748661770198
-72007161.67	0.00244304742935392
-72006163.19	0.00245860824100585
-72005162.92	0.00247416905265779
-72004162.71	0.00248972986430972
-72003159.69	0.00250529067596166
-72002160.83	0.00252085148761359
-72001158.51	0.00253641229926553
-72000166.53	0.00255197311091747
-71999158.02	0.0025675339225694
-71998161.60	0.00258309473422134
-71997159.27	0.00259865554587327
-71996160.76	0.00261421635752521
-71995160.52	0.00262977716917714
-71994157.50	0.00264533798082908
-71993158.65	0.00266089879248102
-71992159.10	0.00267645960413295
-71991158.54	0.00269202041578489
-71990160.56	0.00270758122743682
-71989160.66	0.00272314203908876
-70342721.91	0.00273870285074069
-70341721.01	0.00275426366239263
-70340723.16	0.00276982447404457
-70339722.64	0.0027853852856965
-70338721.67	0.00280094609734844
-70337723.16	0.00281650690900037
-70336722.92	0.00283206772065231
-70335722.67	0.00284762853230425
-70334732.81	0.00286318934395618
-70333721.88	0.00287875015560812
-70332722.64	0.00289431096726005
-70331721.39	0.00290987177891199
-70330722.19	0.00292543259056392
-70329718.12	0.00294099340221586
-70328720.66	0.0029565542138678
-70327721.46	0.00297211502551973
-70326728.82	0.00298767583717167
-70325716.49	0.0030032366488236
-70324718.99	0.00301879746047554
-70323720.83	0.00303435827212747
-70322720.97	0.00304991908377941
-70321725.21	0.00306547989543135
-70320715.62	0.00308104070708328
-70319716.53	0.00309660151873522
-70318716.67	0.00311216233038715
-70316714.76	0.00312772314203909
-70315715.56	0.00314328395369102
-70314717.43	0.00315884476534296
-70313714.76	0.0031744055769949
-70312715.90	0.00318996638864683
-70310722.71	0.00320552720029877
-70309713.09	0.0032210880119507
-70308717.36	0.00323664882360264
-70307713.72	0.00325220963525457
-70306712.36	0.00326777044690651
-70305713.16	0.00328333125855845
-70304730.21	0.00329889207021038
-70303711.32	0.00331445288186232
-70302492.22	0.00333001369351425
-70301486.56	0.00334557450516619
-70300488.40	0.00336113531681813
-70299489.20	0.00337669612847006
-70298489.03	0.003392256940122
-70297484.90	0.00340781775177393
-70295487.88	0.00342337856342587
-70294487.29	0.0034389393750778
-70293484.27	0.00345450018672974
-70292485.42	0.00347006099838168
-70291491.74	0.00348562181003361
-70290485.42	0.00350118262168555
-70289487.26	0.00351674343333748
-70288484.58	0.00353230424498942
-70287482.26	0.00354786505664135
-70286492.78	0.00356342586829329
-70285482.47	0.00357898667994523
-70284491.56	0.00359454749159716
-70283481.63	0.0036101083032491
-70282481.04	0.00362566911490103
-70281481.84	0.00364122992655297
-70280483.72	0.0036567907382049
-70279483.44	0.00367235154985684
-70278484.24	0.00368791236150878
-70277480.17	0.00370347317316071
-70276482.40	0.00371903398481265
-70275477.05	0.00373459479646458
-70274480.14	0.00375015560811652
-70272480.00	0.00376571641976845
-70271480.10	0.00378127723142039
-70270478.85	0.00379683804307233
-70269479.27	0.00381239885472426
-70268479.38	0.0038279596663762
-70267489.86	0.00384352047802813
-70266477.85	0.00385908128968007
-70265253.40	0.00387464210133201
-70264250.73	0.00389020291298394
-70263250.49	0.00390576372463588
-70262253.02	0.00392132453628781
-70261254.24	0.00393688534793975
-70260254.72	0.00395244615959168
-70259025.69	0.00396800697124362
-70258028.58	0.00398356778289556
-70257028.68	0.00399912859454749
-70255024.38	0.00401468940619943
-70254026.22	0.00403025021785136
-70253024.20	0.0040458110295033
-70252035.10	0.00406137184115523
-70251036.18	0.00407693265280717
-70250022.47	0.00409249346445911
-70249021.84	0.00410805427611104
-70248022.67	0.00412361508776298
-70246031.15	0.00413917589941491
-70245029.58	0.00415473671106685
-70244020.31	0.00417029752271878
-70243019.93	0.00418585833437072
-70242021.18	0.00420141914602266
-70241036.39	0.00421697995767459
-70240021.08	0.00423254076932653
-70239021.18	0.00424810158097846
-70238022.64	0.0042636623926304
-70237022.43	0.00427922320428234
-70236019.38	0.00429478401593427
-70235022.64	0.00431034482758621
-70234021.32	0.00432590563923814
-70233022.15	0.00434146645089008
-70232017.64	0.00435702726254201
-70231017.01	0.00437258807419395
-70230017.12	0.00438814888584589
-70229019.31	0.00440370969749782
-70228015.94	0.00441927050914976
-70227018.51	0.00443483132080169
-70226016.88	0.00445039213245363
-70225016.98	0.00446595294410556
-70224019.86	0.0044815137557575
-70223020.00	0.00449707456740944
-70222019.03	0.00451263537906137
-70221015.00	0.00452819619071331
-70220018.19	0.00454375700236524
-70219018.68	0.00455931781401718
-70218016.01	0.00457487862566911
-70217013.68	0.00459043943732105
-70216024.20	0.00460600024897299
-70215015.28	0.00462156106062492
-70214013.02	0.00463712187227686
-70213013.78	0.00465268268392879
-70212012.85	0.00466824349558073
-70211016.11	0.00468380430723267
-70210016.56	0.0046993651188846
-70209016.67	0.00471492593053654
-70208020.97	0.00473048674218847
-70207014.76	0.00474604755384041
-70206011.77	0.00476160836549234
-70205015.69	0.00477716917714428
-70204014.76	0.00479272998879622
-70203013.47	0.00480829080044815
-70202011.88	0.00482385161210009
-70201014.41	0.00483941242375202
-70200013.12	0.00485497323540396
-70199013.92	0.00487053404705589
-70198009.86	0.00488609485870783
-70197017.95	0.00490165567035977
-70196010.07	0.0049172164820117
-70195011.94	0.00493277729366364
-70194009.97	0.00494833810531557
-70193010.07	0.00496389891696751
-70192008.78	0.00497945972861944
-70191010.28	0.00499502054027138
-70190008.65	0.00501058135192332
-70189010.49	0.00502614216357525
-70188008.51	0.00504170297522719
-70187008.68	0.00505726378687912
-70186007.36	0.00507282459853106
-70185012.05	0.005088385410183
-70184008.61	0.00510394622183493
-70183006.98	0.00511950703348687
-70182005.07	0.0051350678451388
-70181007.88	0.00515062865679074
-70179007.74	0.00516618946844267
-70178004.38	0.00518175028009461
-70177004.13	0.00519731109174655
-70176003.92	0.00521287190339848
-70175006.42	0.00522843271505042
-66705236.08	0.00524399352670235
-66704236.60	0.00525955433835429
-66703234.24	0.00527511515000622
-66702243.75	0.00529067596165816
-66701233.75	0.0053062367733101
-66700236.63	0.00532179758496203
-66699234.65	0.00533735839661397
-66698234.76	0.0053529192082659
-66695234.38	0.00536848001991784
-66694234.83	0.00538404083156977
-66693231.46	0.00539960164322171
-66692240.17	0.00541516245487365
-66691230.97	0.00543072326652558
-66690234.90	0.00544628407817752
-66689232.57	0.00546184488982945
-66688234.10	0.00547740570148139
-66687233.82	0.00549296651313333
-66686233.58	0.00550852732478526
-66685232.01	0.0055240881364372
-66684232.47	0.00553964894808913
-66683231.88	0.00555520975974107
-66682233.02	0.005570770571393
-66681230.69	0.00558633138304494
-66680119.44	0.00560189219469688
-66679117.12	0.00561745300634881
-66678120.69	0.00563301381800075
-66677121.18	0.00564857462965268
-66676121.25	0.00566413544130462
-66675116.49	0.00567969625295655
-66674115.90	0.00569525706460849
-66673119.48	0.00571081787626043
-66672116.18	0.00572637868791236
-66671115.87	0.0057419394995643
-66670119.10	0.00575750031121623
-66669117.85	0.00577306112286817
-66668118.61	0.0057886219345201
-66667117.33	0.00580418274617204
-66666115.35	0.00581974355782398
-66665114.41	0.00583530436947591
-66664115.56	0.00585086518112785
-66663116.04	0.00586642599277978
-66662112.64	0.00588198680443172
-66660114.24	0.00589754761608365
-66659115.76	0.00591310842773559
-66658115.49	0.00592866923938753
-66657115.24	0.00594423005103946
-66656116.46	0.0059597908626914
-66655112.74	0.00597535167434333
-66654115.63	0.00599091248599527
-66653112.95	0.00600647329764721
-66652110.59	0.00602203410929914
-66650110.10	0.00603759492095108
-66649110.90	0.00605315573260301
-66648112.78	0.00606871654425495
-66647118.72	0.00608427735590688
-66646111.56	0.00609983816755882
-66645109.93	0.00611539897921076
-66644111.77	0.00613095979086269
-66643112.57	0.00614652060251463
-66642108.51	0.00616208141416656
-66641107.57	0.0061776422258185
-66640105.38	0.00619320303747043
-66639107.08	0.00620876384912237
-66638109.62	0.00622432466077431
-66637107.99	0.00623988547242624
-66636110.87	0.00625544628407818
-66632117.53	0.00627100709573011
-66631107.92	0.00628656790738205
-66630109.06	0.00630212871903398
-66629106.81	0.00631768953068592
-66628114.44	0.00633325034233786
-66627109.38	0.00634881115398979
-66626108.78	0.00636437196564173
-66625106.11	0.00637993277729366
-66624106.56	0.0063954935889456
-66623103.19	0.00641105440059754
-66622111.94	0.00642661521224947
-66621102.71	0.00644217602390141
-66620102.47	0.00645773683555334
-66619102.22	0.00647329764720528
-66618104.76	0.00648885845885721
-66617103.82	0.00650441927050915
-66616105.31	0.00651998008216109
-66615102.29	0.00653554089381302
-66614103.44	0.00655110170546496
-66613103.89	0.00656666251711689
-66612104.69	0.00658222332876883
-66611105.14	0.00659778414042076
-66610105.28	0.0066133449520727
-66609101.53	0.00662890576372464
-66607875.87	0.00664446657537657
-66606873.99	0.00666002738702851
-66605874.83	0.00667558819868044
-66604873.89	0.00669114901033238
-66603873.30	0.00670670982198431
-66602874.10	0.00672227063363625
-66600893.37	0.00673783144528819
-66599871.98	0.00675339225694012
-66598874.51	0.00676895306859206
-66597882.53	0.00678451388024399
-66596872.19	0.00680007469189593
-66595873.33	0.00681563550354787
-66594871.01	0.0068311963151998
-66593871.81	0.00684675712685174
-66592870.87	0.00686231793850367
-66591869.93	0.00687787875015561
-66590869.69	0.00689343956180754
-66589869.44	0.00690900037345948
-66588869.24	0.00692456118511141
-66587868.96	0.00694012199676335
-66585868.47	0.00695568280841529
-66584871.01	0.00697124362006722
-66583869.37	0.00698680443171916
-66582871.22	0.00700236524337109
-66581868.19	0.00701792605502303
-66580870.38	0.00703348686667497
-66579869.79	0.0070490476783269
-66578870.97	0.00706460848997884
-66577868.30	0.00708016930163077
-66576868.37	0.00709573011328271
-66575869.86	0.00711129092493464
-66574869.62	0.00712685173658658
-66573866.60	0.00714241254823852
-66572869.83	0.00715797335989045
-66571868.54	0.00717353417154239
-66570869.34	0.00718909498319432
-66569865.28	0.00720465579484626
-66568867.43	0.0072202166064982
-66567866.84	0.00723577741815013
-66566867.99	0.00725133822980207
-66565865.66	0.007266899041454
-66564867.15	0.00728245985310594
-66563864.10	0.00729802066475787
-66562867.36	0.00731358147640981
-66561866.08	0.00732914228806174
-66560872.29	0.00734470309971368
-66559865.24	0.00736026391136562
-66558861.88	0.00737582472301755
-66557820.59	0.00739138553466949
-66556820.38	0.00740694634632142
-66555820.14	0.00742250715797336
-66554819.90	0.0074380679696253
-66553822.43	0.00745362878127723
-66552822.88	0.00746918959292917
-66551823.68	0.0074847504045811
-64897481.91	0.00750031121623304
-64896485.80	0.00751587202788497
-64895484.90	0.00753143283953691
-64894493.61	0.00754699365118885
-64893480.59	0.00756255446284078
-64892483.78	0.00757811527449272
-64891481.49	0.00759367608614465
-64890482.99	0.00760923689779659
-64889482.74	0.00762479770944853
-64888482.47	0.00764035852110046
-64887483.61	0.0076559193327524
-64886482.71	0.00767148014440433
-64885481.42	0.00768704095605627
-64884480.28	0.0077026017677082
-64883478.16	0.00771816257936014
-64881478.06	0.00773372339101207
-64880481.98	0.00774928420266401
-64879478.26	0.00776484501431595
-64878481.15	0.00778040582596788
-64877480.56	0.00779596663761982
-64876479.27	0.00781152744927175
-64875480.07	0.00782708826092369
-64874476.01	0.00784264907257563
-64873475.45	0.00785820988422756
-64872476.91	0.0078737706958795
-64871478.44	0.00788933150753143
-64870478.16	0.00790489231918337
-64869477.95	0.0079204531308353
-64868474.90	0.00793601394248724
-64867477.81	0.00795157475413918
-64866478.23	0.00796713556579111
-64865494.72	0.00798269637744305
-64864487.60	0.00799825718909498
-64862475.56	0.00801381800074692
-64861474.97	0.00802937881239885
-64860476.11	0.00804493962405079
-64859482.19	0.00806050043570273
-64858476.32	0.00807606124735466
-64857476.42	0.0080916220590066
-64856472.71	0.00810718287065853
-64854474.31	0.00812274368231047
-64853471.28	0.0081383044939624
-64852472.26	0.00815386530561434
-64851482.47	0.00816942611726628
-64850471.25	0.00818498692891821
-64849474.13	0.00820054774057015
-64848469.38	0.00821610855222208
-64847472.95	0.00823166936387402
-64846473.40	0.00824723017552596
-64845470.73	0.00826279098717789
-64844471.22	0.00827835179882983
-64841470.80	0.00829391261048176
-64840468.82	0.0083094734221337
-64839469.27	0.00832503423378563
-64838470.76	0.00834059504543757
-64837470.66	0.00835615585708951
-64836470.28	0.00837171666874144
-64835470.03	0.00838727748039338
-64834467.01	0.00840283829204531
-64833466.08	0.00841839910369725
-64832469.65	0.00843395991534918
-64831467.33	0.00844952072700112
-64830466.04	0.00846508153865306
-64829469.97	0.00848064235030499
-64828467.99	0.00849620316195693
-64827468.78	0.00851176397360886
-64826467.47	0.0085273247852608
-64825468.30	0.00854288559691273
-64823469.31	0.00855844640856467
-64822465.83	0.00857400722021661
-64821464.20	0.00858956803186854
-64819477.99	0.00860512884352048
-64818462.78	0.00862068965517241
-64817462.19	0.00863625046682435
-64816471.04	0.00865181127847629
-64815466.56	0.00866737209012822
-64814461.81	0.00868293290178016
-64813463.99	0.00869849371343209
-64812463.40	0.00871405452508403
-64811464.55	0.00872961533673596
-64810462.22	0.0087451761483879
-64809465.10	0.00876073696003984
-64808461.46	0.00877629777169177
-64807464.27	0.00879185858334371
-64806461.60	0.00880741939499564
-64805462.05	0.00882298020664758
-64804460.07	0.00883854101829951
-64803461.91	0.00885410182995145
-64802462.71	0.00886966264160339
-64801458.65	0.00888522345325532
-64800458.06	0.00890078426490726
-64799462.33	0.00891634507655919
-64797460.45	0.00893190588821113
-64796458.47	0.00894746669986306
-64795461.35	0.008963027511515
-64794460.73	0.00897858832316694
-64793459.48	0.00899414913481887
-64792457.50	0.00900970994647081
-64791456.63	0.00902527075812274
-64790459.10	0.00904083156977468
-64789456.08	0.00905639238142662
-64788457.22	0.00907195319307855
-64787457.67	0.00908751400473049
-64785454.06	0.00910307481638242
-64783456.35	0.00911863562803436
-64782454.69	0.00913419643968629
-64781456.56	0.00914975725133823
-64780457.67	0.00916531806299017
-64779455.00	0.0091808788746421
-64778452.67	0.00919643968629404
-64777453.47	0.00921200049794597
-64776452.53	0.00922756130959791
-64775454.38	0.00924312212124984
-64774455.52	0.00925868293290178
-64773453.19	0.00927424374455372
-64772454.69	0.00928980455620565
-64771451.67	0.00930536536785759
-64770450.73	0.00932092617950952
-64769454.31	0.00933648699116146
-64768454.76	0.00935204780281339
-64767452.08	0.00936760861446533
-64766452.50	0.00938316942611727
-64765451.25	0.0093987302377692
-64764449.93	0.00941429104942114
-64763451.08	0.00942985186107307
-64762448.78	0.00944541267272501
-64761449.55	0.00946097348437695
-64760451.39	0.00947653429602888
-64759450.24	0.00949209510768082
-64758448.12	0.00950765591933275
-64757450.35	0.00952321673098469
-64756446.98	0.00953877754263662
-64755449.48	0.00955433835428856
-64754458.92	0.0095698991659405
-64753447.95	0.00958545997759243
-64752448.06	0.00960102078924437
-64751449.55	0.0096165816008963
-64750449.27	0.00963214241254824
-64749446.28	0.00964770322420017
-64748450.17	0.00966326403585211
-64747457.19	0.00967882484750405
-64746446.25	0.00969438565915598
-64745446.70	0.00970994647080792
-64743447.95	0.00972550728245985
-64742445.59	0.00974106809411179
-64741447.12	0.00975662890576372
-64739447.99	0.00977218971741566
-63075131.04	0.0097877505290676
-63074131.49	0.00980331134071953
-63073128.16	0.00981887215237147
-63072127.95	0.0098344329640234
-63071127.71	0.00984999377567534
-63070128.89	0.00986555458732728
-63069127.95	0.00988111539897921
-63067901.81	0.00989667621063115
-63066905.35	0.00991223702228308
-63065906.18	0.00992779783393502
-63064905.28	0.00994335864558695
-63063901.22	0.00995891945723889
-63062900.62	0.00997448026889083
-63061904.24	0.00999004108054276
-63060902.29	0.0100056018921947
-63059911.39	0.0100211627038466
-63058900.80	0.0100367235154986
-63057902.64	0.0100522843271505
-63056903.47	0.0100678451388024
-63055899.10	0.0100834059504544
-63054906.56	0.0100989667621063
-63053901.42	0.0101145275737582
-63052900.87	0.0101300883854102
-63051901.22	0.0101456491970621
-63050900.66	0.0101612100087141
-63049900.45	0.010176770820366
-63048897.43	0.0101923316320179
-63047901.39	0.0102078924436699
-63046900.49	0.0102234532553218
-63045899.93	0.0102390140669737
-63044900.42	0.0102545748786257
-63043900.56	0.0102701356902776
-63042899.62	0.0102856965019295
-63041895.62	0.0103012573135815
-63040898.85	0.0103168181252334
-63039896.56	0.0103323789368853
-63038898.09	0.0103479397485373
-63037905.49	0.0103635005601892
-63036908.47	0.0103790613718412
-63035892.99	0.0103946221834931
-63034894.83	0.010410182995145
-63033893.89	0.010425743806797
-63032752.53	0.0104413046184489
-63031749.20	0.0104568654301008
-63030758.12	0.0104724262417528
-63029752.92	0.0104879870534047
-63028753.44	0.0105035478650566
-63027764.55	0.0105191086767086
-63026753.33	0.0105346694883605
-63025752.78	0.0105502303000124
-63024752.92	0.0105657911116644
-63022748.26	0.0105813519233163
-63021747.05	0.0105969127349683
-63019758.06	0.0106124735466202
-63018747.12	0.0106280343582721
-63017747.26	0.0106435951699241
-63016746.01	0.010659155981576
-63015747.22	0.0106747167932279
-63014747.67	0.0106902776048799
-63013747.12	0.0107058384165318
-63012745.52	0.0107213992281837
-63011747.08	0.0107369600398357
-63010743.75	0.0107525208514876
-63009746.28	0.0107680816631395
-63008744.72	0.0107836424747915
-63007753.89	0.0107992032864434
-63005745.83	0.0108147640980954
-63004745.28	0.0108303249097473
-63003744.55	0.0108458857213992
-63002746.98	0.0108614465330512
-63001742.22	0.0108770073447031
-63000603.26	0.010892568156355
-62999600.97	0.010908128968007
-62998599.72	0.0109236897796589
-62997603.72	0.0109392505913108
-62996603.16	0.0109548114029628
-62995600.52	0.0109703722146147
-62994606.88	0.0109859330262667
-62993598.51	0.0110014938379186
-62992599.72	0.0110170546495705
-62991600.59	0.0110326154612225
-62989603.44	0.0110481762728744
-62988598.33	0.0110637370845263
-62987596.42	0.0110792978961783
-62986596.91	0.0110948587078302
-62985594.65	0.0111104195194821
-62984595.52	0.0111259803311341
-62983594.62	0.011141541142786
-62981601.35	0.0111571019544379
-62980598.26	0.0111726627660899
-62979616.22	0.0111882235777418
-62978595.49	0.0112037843893938
-62976594.06	0.0112193452010457
-62975595.97	0.0112349060126976
-62973594.20	0.0112504668243496
-62972595.76	0.0112660276360015
-62971592.67	0.0112815884476534
-62970595.42	0.0112971492593054
-62969595.21	0.0113127100709573
-62968601.22	0.0113282708826092
-62967592.74	0.0113438316942612
-62966602.26	0.0113593925059131
-62965593.78	0.011374953317565
-62964598.26	0.011390514129217
-61251200.52	0.0114060749408689
-61250196.60	0.0114216357525209
-61249195.17	0.0114371965641728
-61248194.90	0.0114527573758247
-61247197.47	0.0114683181874767
-61246198.61	0.0114838789991286
-61244972.36	0.0114994398107805
-61243972.15	0.0115150006224325
-61242971.88	0.0115305614340844
-61241971.67	0.0115461222457363
-61240971.39	0.0115616830573883
-61239976.77	0.0115772438690402
-61238970.21	0.0115928046806921
-61237966.84	0.0116083654923441
-61236966.63	0.011623926303996
-61235966.35	0.011639487115648
-61234968.89	0.0116550479272999
-61233970.28	0.0116706087389518
-61232970.73	0.0116861695506038
-61231970.80	0.0117017303622557
-61230967.12	0.0117172911739076
-61229967.53	0.0117328519855596
-61228965.24	0.0117484127972115
-61226976.81	0.0117639736088634
-61225966.22	0.0117795344205154
-61224967.71	0.0117950952321673
-61223964.69	0.0118106560438192
-61222968.58	0.0118262168554712
-61221967.67	0.0118417776671231
-61220967.43	0.0118573384787751
-61219963.33	0.011872899290427
-61218962.74	0.0118884601020789
-61217963.40	0.0119040209137309
-61216966.81	0.0119195817253828
-61215964.79	0.0119351425370347
-61214961.42	0.0119507033486867
-61213961.18	0.0119662641603386
-61212963.72	0.0119818249719905
-61211962.08	0.0119973857836425
-61210964.97	0.0120129465952944
-61209967.22	0.0120285074069463
-61208964.10	0.0120440682185983
-61207964.58	0.0120596290302502
-61206964.69	0.0120751898419022
-61205959.90	0.0120907506535541
-61204960.97	0.012106311465206
-61203957.60	0.012121872276858
-61202960.17	0.0121374330885099
-61201958.54	0.0121529939001618
-61200958.99	0.0121685547118138
-61199960.49	0.0121841155234657
-61198960.28	0.0121996763351176
-61197957.29	0.0122152371467696
-61196964.72	0.0122307979584215
-61195957.85	0.0122463587700734
-61194956.56	0.0122619195817254
-61193960.49	0.0122774803933773
-61192964.72	0.0122930412050293
-61191957.95	0.0123086020166812
-61190957.40	0.0123241628283331
-61189955.76	0.0123397236399851
-61188954.90	0.012355284451637
-61187957.05	0.0123708452632889
-61186955.14	0.0123864060749409
-61185956.94	0.0124019668865928
-61184957.74	0.0124175276982447
-61183953.68	0.0124330885098967
-61182953.12	0.0124486493215486
-61181954.58	0.0124642101332005
-61179963.16	0.0124797709448525
-61178952.88	0.0124953317565044
-61177954.03	0.0125108925681564
-61176954.13	0.0125264533798083
-61175959.17	0.0125420141914602
-61174952.81	0.0125575750031122
-61173949.51	0.0125731358147641
-61172952.05	0.012588696626416
-61171953.89	0.012604257438068
-61169950.35	0.0126198182497199
-61168953.23	0.0126353790613718
-61167950.59	0.0126509398730238
-61166950.69	0.0126665006846757
-61165951.88	0.0126820614963276
-61163949.69	0.0126976223079796
-61161724.65	0.0127131831196315
-61160722.71	0.0127287439312835
-61158723.65	0.0127443047429354
-61157720.28	0.0127598655545873
-61156720.49	0.0127754263662393
-61155723.33	0.0127909871778912
-61154724.13	0.0128065479895431
-61153722.92	0.0128221088011951
-61152720.90	0.012837669612847
-61150721.18	0.0128532304244989
-61148718.26	0.0128687912361509
-61147718.06	0.0128843520478028
-61146719.24	0.0128999128594547
-61145730.07	0.0129154736711067
-61144720.59	0.0129310344827586
-61143718.92	0.0129465952944106
-61142716.63	0.0129621561060625
-61141716.08	0.0129777169177144
-61140719.65	0.0129932777293664
-61139726.70	0.0130088385410183
-61138718.19	0.0130243993526702
-61137717.64	0.0130399601643222
-61136716.04	0.0130555209759741
-61135717.88	0.013071081787626
-61134718.72	0.013086642599278
-61133717.47	0.0131022034109299
-61132732.15	0.0131177642225818
-61131715.62	0.0131333250342338
-61130714.41	0.0131488858458857
-61128725.10	0.0131644466575377
-61127717.57	0.0131800074691896
-61126714.93	0.0131955682808415
-61125715.42	0.0132111290924935
-61124712.88	0.0132266899041454
-61123713.23	0.0132422507157973
-61121711.42	0.0132578115274493
-61120711.22	0.0132733723391012
-61119710.97	0.0132889331507531
-61118710.76	0.0133044939624051
-61117713.33	0.013320054774057
-61116724.48	0.013335615585709
-61115717.01	0.0133511763973609
-59428102.78	0.0133667372090128
-59427109.17	0.0133822980206648
-59426099.93	0.0133978588323167
-59425099.72	0.0134134196439686
-59424099.48	0.0134289804556206
-59423103.44	0.0134445412672725
-59422110.49	0.0134601020789244
-59421099.20	0.0134756628905764
-59420124.34	0.0134912237022283
-59419101.91	0.0135067845138802
-59418101.67	0.0135223453255322
-59417098.47	0.0135379061371841
-59416098.65	0.0135534669488361
-59415100.17	0.013569027760488
-59414099.97	0.0135845885721399
-59413097.01	0.0136001493837919
-59412100.97	0.0136157101954438
-59411100.07	0.0136312710070957
-59410096.04	0.0136468318187477
-59409095.49	0.0136623926303996
-59408099.79	0.0136779534420515
-59407097.19	0.0136935142537035
-59406097.67	0.0137090750653554
-59405094.34	0.0137246358770073
-59404096.91	0.0137401966886593
-59403106.74	0.0137557575003112
-59402094.76	0.0137713183119632
-59401096.15	0.0137868791236151
-59400093.68	0.013802439935267
-59399097.29	0.013818000746919
-59398098.12	0.0138335615585709
-59397097.22	0.0138491223702228
-59396093.19	0.0138646831818748
-59395092.67	0.0138802439935267
-59394093.51	0.0138958048051786
-59393092.26	0.0139113656168306
-59392093.12	0.0139269264284825
-59391092.19	0.0139424872401344
-59390094.44	0.0139580480517864
-59389095.28	0.0139736088634383
-57606463.12	0.0139891696750903
-57605461.15	0.0140047304867422
-57604464.03	0.0140202912983941
-57603464.13	0.0140358521100461
-57602463.19	0.014051412921698
-57600458.16	0.0140669737333499
-57598461.84	0.0140825345450019
-57597470.24	0.0140980953566538
-57596459.62	0.0141136561683057
-57595457.29	0.0141292169799577
-57594458.09	0.0141447777916096
-57593457.15	0.0141603386032615
-57591456.67	0.0141758994149135
-57589456.84	0.0141914602265654
-57588462.26	0.0142070210382174
-57587457.05	0.0142225818498693
-57585458.30	0.0142381426615212
-57584455.28	0.0142537034731732
-57583456.42	0.0142692642848251
-57582470.31	0.014284825096477
-57581453.54	0.014300385908129
-57580456.04	0.0143159467197809
-57579454.41	0.0143315075314328
-57578453.47	0.0143470683430848
-57577452.53	0.0143626291547367
-57576452.29	0.0143781899663886
-57575452.05	0.0143937507780406
-57574454.58	0.0144093115896925
-57573455.73	0.0144248724013445
-57572464.83	0.0144404332129964
-57571451.74	0.0144559940246483
-57570453.92	0.0144715548363003
-57569453.37	0.0144871156479522
-57568454.48	0.0145026764596041
-57567453.89	0.0145182372712561
-57566453.68	0.014533798082908
-57565450.66	0.0145493588945599
-57564451.81	0.0145649197062119
-57563452.26	0.0145804805178638
-57562448.89	0.0145960413295157
-57561448.61	0.0146116021411677
-57560451.18	0.0146271629528196
-57559452.29	0.0146427237644716
-57558450.00	0.0146582845761235
-57556450.76	0.0146738453877754
-57555447.26	0.0146894061994274
-57554446.94	0.0147049670110793
-57553446.70	0.0147205278227312
-57552446.42	0.0147360886343832
-57551448.96	0.0147516494460351
-57550450.07	0.014767210257687
-57549447.78	0.014782771069339
-57548447.88	0.0147983318809909
-57547448.33	0.0148138926926428
-57546444.93	0.0148294535042948
-57545444.72	0.0148450143159467
-57544444.48	0.0148605751275987
-57543451.91	0.0148761359392506
-57542447.43	0.0148916967509025
-57541455.00	0.0149072575625545
-57540444.69	0.0149228183742064
-57539454.13	0.0149383791858583
-57538445.62	0.0149539399975103
-57537446.04	0.0149695008091622
-57536445.45	0.0149850616208141
-57535446.60	0.0150006224324661
-57534444.27	0.015016183244118
-57533451.08	0.0150317440557699
-57532445.87	0.0150473048674219
-57531462.53	0.0150628656790738
-57530441.22	0.0150784264907258
-57529443.72	0.0150939873023777
-57528441.39	0.0151095481140296
-57527443.58	0.0151251089256816
-57526440.21	0.0151406697373335
-57525440.00	0.0151562305489854
-57524442.47	0.0151717913606374
-57523442.95	0.0151873521722893
-57522443.72	0.0152029129839412
-57521438.68	0.0152184737955932
-57520439.06	0.0152340346072451
-57519439.86	0.0152495954188971
-57518442.74	0.015265156230549
-57517443.30	0.0152807170422009
-57516451.60	0.0152962778538529
-57515439.93	0.0153118386655048
-57514440.38	0.0153273994771567
-57513439.79	0.0153429602888087
-57512437.71	0.0153585211004606
-57511436.77	0.0153740819121125
-57510436.18	0.0153896427237645
-57509439.10	0.0154052035354164
-57508439.90	0.0154207643470683
-57507435.80	0.0154363251587203
-57506435.21	0.0154518859703722
-57505438.78	0.0154674467820241
-57504435.42	0.0154830075936761
-57503440.10	0.015498568405328
-57502436.67	0.01551412921698
-57501435.03	0.0155296900286319
-57500434.10	0.0155452508402838
-57499437.33	0.0155608116519358
-57498435.00	0.0155763724635877
-57497433.72	0.0155919332752396
-57496437.64	0.0156074940868916
-57495436.70	0.0156230548985435
-57494433.68	0.0156386157101954
-57493433.78	0.0156541765218474
-57492435.28	0.0156697373334993
-55794377.19	0.0156852981451513
-55792373.61	0.0157008589568032
-55791377.57	0.0157164197684551
-55790376.63	0.0157319805801071
-55789375.03	0.015747541391759
-55788371.67	0.0157631022034109
-55787374.24	0.0157786630150629
-55786372.60	0.0157942238267148
-55785371.70	0.0158097846383667
-55784370.80	0.0158253454500187
-55783369.27	0.0158409062616706
-55782371.81	0.0158564670733225
-55781372.99	0.0158720278849745
-55780370.73	0.0158875886966264
-55779373.65	0.0159031495082784
-55778372.71	0.0159187103199303
-55777368.68	0.0159342711315822
-55776370.90	0.0159498319432342
-55775370.35	0.0159653927548861
-55774369.44	0.015980953566538
-55773370.97	0.01599651437819
-55772367.99	0.0160120751898419
-55771369.17	0.0160276360014938
-55770366.88	0.0160431968131458
-55769371.18	0.0160587576247977
-55768374.86	0.0160743184364496
-55767370.07	0.0160898792481016
-55766394.13	0.0161054400597535
-55765365.21	0.0161210008714055
-55764374.72	0.0161365616830574
-55763370.28	0.0161521224947093
-55762366.60	0.0161676833063613
-55761366.74	0.0161832441180132
-55760376.01	0.0161988049296651
-55759365.62	0.0162143657413171
-55758367.50	0.016229926552969
-55757368.33	0.0162454873646209
-55756364.31	0.0162610481762729
-55755375.14	0.0162766089879248
-55753366.28	0.0162921697995767
-55752365.03	0.0163077306112287
-55751375.21	0.0163232914228806
-55750361.56	0.0163388522345326
-55748137.26	0.0163544130461845
-55747138.82	0.0163699738578364
-55746138.61	0.0163855346694884
-55745135.62	0.0164010954811403
-55743913.99	0.0164166562927922
-55742910.35	0.0164322171044442
-55741913.26	0.0164477779160961
-55740910.59	0.016463338727748
-55739910.76	0.0164788995394
-55738918.92	0.0164944603510519
-55736912.64	0.0165100211627038
-55735908.96	0.0165255819743558
-55734908.75	0.0165411427860077
-55733911.67	0.0165567035976597
-55732909.86	0.0165722644093116
-55731910.94	0.0165878252209635
-55730909.69	0.0166033860326155
-55729908.09	0.0166189468442674
-55728909.65	0.0166345076559193
-55727918.47	0.0166500684675713
-55726906.49	0.0166656292792232
-55725907.67	0.0166811900908751
-55724905.07	0.0166967509025271
-53966734.27	0.016712311714179
-53965730.94	0.0167278725258309
-53964732.08	0.0167434333374829
-53963732.53	0.0167589941491348
-53962729.17	0.0167745549607868
-53960733.89	0.0167901157724387
-53959732.95	0.0168056765840906
-53958728.85	0.0168212373957426
-53957732.08	0.0168367982073945
-53956729.79	0.0168523590190464
-53955728.47	0.0168679198306984
-53954753.26	0.0168834806423503
-53953730.10	0.0168990414540022
-53952726.70	0.0169146022656542
-53951726.46	0.0169301630773061
-53950726.22	0.016945723888958
-53949728.75	0.01696128470061
-53948738.19	0.0169768455122619
-53947730.35	0.0169924063239139
-53946727.67	0.0170079671355658
-53945725.66	0.0170235279472177
-53943729.03	0.0170390887588697
-53942725.97	0.0170546495705216
-53941728.85	0.0170702103821735
-53940733.12	0.0170857711938255
-53939724.93	0.0171013320054774
-53938726.74	0.0171168928171293
-53937727.88	0.0171324536287813
-53935726.84	0.0171480144404332
-53934722.81	0.0171635752520851
-53933722.29	0.0171791360637371
-53932726.49	0.017194696875389
-53931723.82	0.017210257687041
-53930495.83	0.0172258184986929
-53929496.63	0.0172413793103448
-53928495.69	0.0172569401219968
-53927496.15	0.0172725009336487
-53926497.99	0.0172880617453006
-53925498.82	0.0173036225569526
-53924494.72	0.0173191833686045
-53923494.13	0.0173347441802564
-53922498.40	0.0173503049919084
-53921498.51	0.0173658658035603
-53920494.79	0.0173814266152123
-53919497.74	0.0173969874268642
-53918497.78	0.0174125482385161
-53917493.02	0.0174281090501681
-53916492.47	0.01744366986182
-53915496.01	0.0174592306734719
-53914493.68	0.0174747914851239
-53913496.56	0.0174903522967758
-53912492.85	0.0175059131084277
-53911495.73	0.0175214739200797
-53910495.83	0.0175370347317316
-53909494.86	0.0175525955433835
-53908490.49	0.0175681563550355
-53907491.22	0.0175837171666874
-53906490.31	0.0175992779783394
-53905492.47	0.0176148387899913
-53904489.10	0.0176303996016432
-53902491.08	0.0176459604132952
-53900489.55	0.0176615212249471
-53899488.61	0.017677082036599
-53898489.06	0.017692642848251
-53897500.97	0.0177082036599029
-53896487.92	0.0177237644715548
-53895487.33	0.0177393252832068
-53894488.12	0.0177548860948587
-53893491.01	0.0177704469065106
-53892489.69	0.0177860077181626
-53891506.42	0.0178015685298145
-53890486.11	0.0178171293414664
-53889486.88	0.0178326901531184
-53888486.98	0.0178482509647703
-53887487.08	0.0178638117764223
-53886485.83	0.0178793725880742
-53885486.98	0.0178949333997261
-53884486.42	0.0179104942113781
-53883495.62	0.01792605502303
-53882486.60	0.0179416158346819
-53881484.93	0.0179571766463339
-53880484.03	0.0179727374579858
-53879483.40	0.0179882982696377
-53878493.61	0.0180038590812897
-53877482.08	0.0180194198929416
-53876485.66	0.0180349807045936
-53875486.11	0.0180505415162455
-53873482.85	0.0180661023278974
-53871482.74	0.0180816631395494
-53870483.19	0.0180972239512013
-53869484.03	0.0181127847628532
-53868484.48	0.0181283455745052
-53867484.58	0.0181439063861571
-53866480.87	0.018159467197809
-24.06	0.018175028009461
-24.03	0.0181905888211129
-23.99	0.0182061496327648
-23.96	0.0182217104444168
-23.89	0.0182372712560687
-23.82	0.0182528320677207
-23.78	0.0182683928793726
-23.75	0.0182839536910245
-23.72	0.0182995145026765
-23.68	0.0183150753143284
-23.61	0.0183306361259803
-23.58	0.0183461969376323
-23.47	0.0183617577492842
-23.44	0.0183773185609361
-23.37	0.01840844018424
-23.30	0.0184240009958919
-23.23	0.0184395618075439
-23.19	0.0184551226191958
-23.12	0.0184862442424997
-23.06	0.0185018050541516
-22.99	0.0185173658658036
-22.95	0.0185329266774555
-22.88	0.0185484874891074
-22.85	0.0185640483007594
-22.81	0.0185951699240632
-22.74	0.0186107307357152
-22.71	0.0186262915473671
-22.64	0.018657413170671
-22.57	0.0186729739823229
-22.53	0.0186885347939749
-22.50	0.0187040956056268
-22.43	0.0187196564172787
-22.36	0.0187507780405826
-22.29	0.0187663388522345
-22.26	0.0187818996638865
-22.12	0.0187974604755384
-22.08	0.0188130212871903
-22.05	0.0188285820988423
-22.01	0.0188441429104942
-21.98	0.0188597037221461
-21.84	0.0188752645337981
-21.81	0.01889082534545
-21.77	0.018906386157102
-21.70	0.0189219469687539
-21.63	0.0189375077804058
-21.60	0.0189530685920578
-21.56	0.0189686294037097
-21.49	0.0189997510270136
-21.42	0.0190153118386655
-21.39	0.0190308726503174
-21.32	0.0190619942736213
-21.25	0.0190775550852732
-21.22	0.0191086767085771
-21.15	0.0191242375202291
-21.08	0.0191553591435329
-21.01	0.0191709199551849
-20.90	0.0191864807668368
-20.87	0.0192020415784887
-20.73	0.0192176023901407
-20.69	0.0192331632017926
-20.62	0.0192642848250965
-20.59	0.0192798456367484
-20.52	0.0192954064484003
-20.45	0.0193109672600523
-20.42	0.0193265280717042
-20.35	0.0193576496950081
-20.28	0.01937321050666
-20.24	0.019388771318312
-20.17	0.0194043321299639
-20.14	0.0194354537532678
-20.07	0.0194510145649197
-20.03	0.0194821361882236
-19.97	0.0194976969998755
-19.93	0.0195132578115274
-19.86	0.0195288186231794
-19.83	0.0195443794348313
-19.79	0.0195599402464833
-19.72	0.0195910618697871
-19.69	0.0196066226814391
-19.65	0.019622183493091
-19.58	0.0196377443047429
-19.55	0.0196533051163949
-19.51	0.0196688659280468
-19.48	0.0196844267396987
-19.41	0.0196999875513507
-19.38	0.0197155483630026
-19.27	0.0197466699863065
-19.20	0.0197622307979584
-19.17	0.0197777916096104
-19.13	0.0197933524212623
-19.10	0.0198089132329142
-19.06	0.0198244740445662
-18.99	0.0198400348562181
-18.96	0.01985559566787
-18.92	0.019871156479522
-18.89	0.0198867172911739
-18.85	0.0199022781028258
-18.82	0.0199178389144778
-18.75	0.0199333997261297
-18.72	0.0199489605377817
-18.68	0.0199645213494336
-18.65	0.0199800821610855
-18.61	0.0199956429727375
-18.58	0.0200112037843894
-18.51	0.0200267645960413
-18.47	0.0200423254076933
-18.44	0.0200578862193452
-18.37	0.0200734470309971
-18.33	0.0200890078426491
-18.26	0.020104568654301
-18.23	0.0201356902776049
-18.16	0.0201512510892568
-18.12	0.0201668119009088
-18.06	0.0201823727125607
-18.02	0.0202134943358646
-17.95	0.0202290551475165
-17.92	0.0202446159591684
-17.88	0.0202601767708204
-17.81	0.0202912983941242
-17.74	0.0203068592057762
-17.67	0.0203224200174281
-17.64	0.02033798082908
-17.60	0.020353541640732
-17.57	0.0203691024523839
-17.53	0.0203846632640359
-17.50	0.0204002240756878
-17.47	0.0204157848873397
-17.40	0.0204313456989917
-17.36	0.0204469065106436
-17.33	0.0204624673222955
-17.29	0.0204780281339475
-17.22	0.0204935889455994
-17.19	0.0205091497572513
-17.12	0.0205247105689033
-17.08	0.0205402713805552
-17.05	0.0205558321922071
-17.01	0.0205713930038591
-16.94	0.020602514627163
-16.84	0.0206336362504668
-16.81	0.0206491970621188
-16.74	0.0206803186854226
-16.67	0.0206958794970746
-16.63	0.0207114403087265
-16.60	0.0207270011203784
-16.56	0.0207425619320304
-16.53	0.0207581227436823
-16.49	0.0207736835553342
-16.42	0.0207892443669862
-16.39	0.0208048051786381
-16.35	0.0208203659902901
-16.28	0.020835926801942
-16.25	0.0208514876135939
-16.22	0.0208670484252459
-16.18	0.0208826092368978
-16.15	0.0208981700485497
-16.08	0.0209292916718536
-16.01	0.0209448524835055
-15.97	0.0209604132951575
-15.94	0.0209759741068094
-15.80	0.0209915349184613
-15.76	0.0210070957301133
-15.73	0.0210226565417652
-15.66	0.0210382173534172
-15.62	0.0210537781650691
-15.59	0.021069338976721
-15.56	0.021084899788373
-15.52	0.0211004606000249
-15.49	0.0211160214116768
-15.45	0.0211315822233288
-15.42	0.0211471430349807
-15.35	0.0211627038466326
-15.31	0.0211782646582846
-15.24	0.0212093862815884
-15.17	0.0212249470932404
-15.14	0.0212405079048923
-15.10	0.0212560687165443
-15.03	0.0212871903398481
-14.93	0.0213027511515001
-14.90	0.021318311963152
-14.86	0.0213338727748039
-14.83	0.0213494335864559
-14.79	0.0213649943981078
-14.76	0.0213805552097597
-14.69	0.0213961160214117
-14.65	0.0214116768330636
-14.58	0.0214272376447156
-14.55	0.0214427984563675
-14.51	0.0214583592680194
-14.48	0.0214739200796714
-14.44	0.0214894808913233
-14.38	0.0215206025146272
-14.31	0.0215361633262791
-14.27	0.021551724137931
-14.24	0.021567284949583
-14.17	0.0215828457612349
-14.10	0.0216139673845388
-14.03	0.0216295281961907
-13.99	0.0216450890078426
-13.96	0.0216606498194946
-13.89	0.0216917714427985
-13.82	0.0217228930661023
-13.75	0.0217384538777543
-13.72	0.0217540146894062
-13.68	0.0217695755010581
-13.65	0.0217851363127101
-13.58	0.021800697124362
-13.47	0.0218162579360139
-13.44	0.0218473795593178
-13.40	0.0218629403709697
-13.37	0.0218785011826217
-13.30	0.0218940619942736
-13.23	0.0219251836175775
-13.19	0.0219407444292294
-13.16	0.0219563052408814
-13.09	0.0219874268641852
-13.02	0.0220029876758372
-12.95	0.022034109299141
-12.92	0.022049670110793
-12.88	0.0220652309224449
-12.81	0.0220807917340969
-12.78	0.0220963525457488
-12.74	0.0221119133574007
-12.71	0.0221274741690527
-12.64	0.0221430349807046
-12.60	0.0221585957923565
-12.57	0.0221741566040085
-12.50	0.0222052782273123
-12.43	0.0222208390389643
-12.40	0.0222363998506162
-12.36	0.0222519606622681
-12.33	0.0222675214739201
-12.29	0.022283082285572
-12.22	0.022298643097224
-12.19	0.0223142039088759
-12.12	0.0223297647205278
-12.08	0.0223453255321798
-11.98	0.0223764471554836
-11.91	0.0223920079671356
-11.88	0.0224075687787875
-11.84	0.0224231295904394
-11.81	0.0224386904020914
-11.74	0.0224542512137433
-11.70	0.0224698120253952
-11.67	0.0224853728370472
-11.63	0.0225009336486991
-11.56	0.0225164944603511
-11.53	0.022532055272003
-11.46	0.0225476160836549
-11.42	0.0225631768953069
-11.39	0.0225787377069588
-11.32	0.0225942985186107
-11.28	0.0226098593302627
-11.22	0.0226409809535665
-11.18	0.0226565417652185
-11.11	0.0226876633885223
-11.04	0.0227032242001743
-11.01	0.0227187850118262
-10.94	0.0227499066351301
-10.90	0.022765467446782
-10.83	0.022781028258434
-10.76	0.0228121498817378
-10.69	0.0228277106933898
-10.66	0.0228588323166936
-10.59	0.0228743931283456
-10.56	0.0228899539399975
-10.49	0.0229055147516494
-10.45	0.0229210755633014
-10.42	0.0229521971866053
-10.31	0.0229677579982572
-10.28	0.0229833188099091
-10.21	0.0229988796215611
-10.17	0.0230300012448649
-10.10	0.0230455620565169
-10.07	0.0230611228681688
-10.03	0.0230766836798207
-9.97	0.0230922444914727
-9.93	0.0231078053031246
-9.90	0.0231233661147765
-9.86	0.0231389269264285
-9.83	0.0231544877380804
-9.79	0.0231700485497324
-9.72	0.0232011701730362
-9.65	0.0232167309846882
-9.58	0.023247852607992
-9.51	0.023263413419644
-9.48	0.0232789742312959
-9.44	0.0232945350429478
-9.41	0.0233100958545998
-9.31	0.0233256566662517
-9.27	0.0233412174779036
-9.24	0.0233567782895556
-9.20	0.0233723391012075
-9.17	0.0233878999128595
-9.13	0.0234034607245114
-9.06	0.0234190215361633
-9.03	0.0234345823478153
-8.99	0.0234501431594672
-8.96	0.0234657039711191
-8.92	0.0234812647827711
-8.85	0.023496825594423
-8.78	0.0235123864060749
-8.75	0.0235279472177269
-8.72	0.0235435080293788
-8.65	0.0235746296526827
-8.58	0.0235901904643346
-8.54	0.0236057512759866
-8.44	0.0236368728992904
-8.40	0.0236524337109424
-8.33	0.0236679945225943
-8.30	0.0236835553342462
-8.26	0.0236991161458982
-8.19	0.023730237769202
-8.12	0.023745798580854
-8.09	0.0237613593925059
-8.02	0.0237769202041579
-7.92	0.0237924810158098
-7.88	0.0238080418274617
-7.85	0.0238236026391137
-7.78	0.0238391634507656
-7.71	0.0238547242624175
-7.64	0.0238702850740695
-7.60	0.0238858458857214
-7.53	0.0239169675090253
-7.47	0.0239480891323291
-7.43	0.0239636499439811
-7.36	0.023979210755633
-7.29	0.0239947715672849
-7.26	0.0240103323789369
-7.22	0.0240258931905888
-7.12	0.0240570148138927
-7.05	0.0240725756255446
-7.01	0.0240881364371966
-6.94	0.0241036972488485
-6.91	0.0241192580605004
-6.84	0.0241348188721524
-6.74	0.0241503796838043
-6.70	0.0241659404954562
-6.67	0.0241815013071082
-6.63	0.0241970621187601
-6.56	0.024228183742064
-6.49	0.0242437445537159
-6.46	0.0242593053653679
-6.42	0.0242748661770198
-6.39	0.0242904269886717
-6.32	0.0243059878003237
-6.28	0.0243215486119756
-6.25	0.0243371094236275
-6.22	0.0243526702352795
-6.18	0.0243682310469314
-6.11	0.0243837918585833
-6.08	0.0243993526702353
-6.04	0.0244149134818872
-6.01	0.0244304742935392
-5.94	0.024461595916843
-5.87	0.024477156728495
-5.83	0.0244927175401469
-5.80	0.0245082783517988
-5.76	0.0245238391634508
-5.73	0.0245393999751027
-5.69	0.0245549607867546
-5.62	0.0245705215984066
-5.59	0.0245860824100585
-5.56	0.0246016432217104
-5.52	0.0246172040333624
-5.49	0.0246327648450143
-5.42	0.0246483256566663
-5.38	0.0246638864683182
-5.35	0.0246794472799701
-5.31	0.0246950080916221
-5.28	0.024710568903274
-5.21	0.0247261297149259
-5.17	0.0247572513382298
-5.07	0.0247728121498817
-5.03	0.0247883729615337
-5.00	0.0248039337731856
-4.97	0.0248194945848375
-4.90	0.0248350553964895
-4.86	0.0248506162081414
-4.83	0.0248661770197934
-4.79	0.0248817378314453
-4.72	0.0248972986430972
-4.69	0.0249128594547492
-4.65	0.0249284202664011
-4.62	0.024943981078053
-4.58	0.024959541889705
-4.55	0.0249751027013569
-4.48	0.0249906635130088
-4.44	0.0250062243246608
-4.41	0.0250217851363127
-4.38	0.0250373459479646
-4.31	0.0250529067596166
-4.27	0.0250840283829205
-4.20	0.0250995891945724
-4.17	0.0251151500062243
-4.13	0.0251307108178763
-4.10	0.0251462716295282
-4.06	0.0251618324411801
-3.99	0.0251773932528321
-3.96	0.025192954064484
-3.92	0.0252085148761359
-3.85	0.0252240756877879
-3.82	0.0252551973110917
-3.75	0.0252707581227437
-3.72	0.0252863189343956
-3.68	0.0253018797460476
-3.65	0.0253174405576995
-3.58	0.0253330013693514
-3.51	0.0253485621810034
-3.47	0.0253641229926553
-3.44	0.0253796838043072
-3.37	0.0253952446159592
-3.33	0.025426366239263
-3.26	0.025441927050915
-3.19	0.0254574878625669
-3.16	0.0254730486742188
-3.12	0.0254886094858708
-3.09	0.0255041702975227
-3.06	0.0255197311091747
-3.02	0.0255352919208266
-2.95	0.0255508527324785
-2.92	0.0255664135441305
-2.88	0.0255819743557824
-2.85	0.0255975351674343
-2.81	0.0256286567907382
-2.78	0.0256597784140421
-2.74	0.0257064608489979
-2.71	0.0257687040956056
-2.67	0.0257998257189095
-2.64	0.0258309473422134
-2.60	0.0258776297771692
-2.57	0.025924312212125
-2.53	0.0259709946470808
-2.50	0.0259865554587327
-2.47	0.0260487987053405
-2.43	0.0260954811402963
-2.40	0.0261421635752521
-2.36	0.0261888460102079
-2.33	0.0262822108801195
-2.29	0.0263288933150753
-2.26	0.0264222581849869
-2.22	0.0265000622432466
-2.19	0.026640109548114
-2.15	0.0267023527947218
-2.12	0.0267645960413295
-2.08	0.0269513257811527
-2.05	0.0272314203908876
-2.01	0.0274492717540147
-1.98	0.0276826839287937
-1.94	0.0279783393501805
-1.91	0.0281495082783518
-1.88	0.0285696501929541
-1.84	0.0289431096726005
-1.81	0.0294099340221586
-1.77	0.0298145151251089
-1.74	0.0302657786630151
-1.70	0.0308259678824848
-1.67	0.0312927922320428
-1.63	0.0320397111913357
-1.60	0.032693265280717
-1.56	0.0333468193700983
-1.53	0.0339381302128719
-1.49	0.0347784140420764
-1.46	0.0355875762479771
-1.42	0.0362566911490103
-1.39	0.0368013195568281
-1.35	0.0377038466326404
-1.32	0.0385752520851488
-1.28	0.0397889953939998
-1.25	0.0410182995145027
-1.22	0.0424498941864808
-1.18	0.0439281712934147
-1.15	0.0454998132702602
-1.11	0.0474449147267521
-1.08	0.0492499688783767
-1.04	0.051833063612598
-1.01	0.0550541516245487
-0.97	0.0581663139549359
-0.94	0.060796091124113
-0.90	0.0642350304991908
-0.87	0.0676428482509648
-0.83	0.0718598282086394
-0.80	0.0759678824847504
-0.76	0.0806828084152869
-0.73	0.0859112411303374
-0.69	0.0919643968629404
-0.66	0.0990290053529192
-0.62	0.105533424623428
-0.59	0.111602141167683
-0.56	0.117561932030375
-0.52	0.124050790489232
-0.49	0.13134881115399
-0.45	0.139938379185858
-0.42	0.15176459604133
-0.38	0.16656292792232
-0.35	0.179898543508029
-0.31	0.194541267272501
-0.28	0.213930038590813
-0.24	0.236586580356031
-0.21	0.259367608614465
-0.17	0.283813643719656
-0.14	0.315822233287688
-0.10	0.350289431096726
-0.07	0.384849993775675
-0.03	0.425572637868791
0.00	0.4670422009212
0.03	0.510503547865057
0.07	0.554151624548736
0.10	0.595652309224449
0.14	0.644684426739699
0.17	0.686838665504793
0.21	0.72130586331383
0.24	0.751058135192332
0.28	0.779907879995021
0.31	0.806439063861571
0.35	0.827804058259679
0.38	0.843722768579609
0.42	0.856809411178887
0.45	0.869413668616955
0.49	0.879590439437321
0.52	0.887152993900162
0.56	0.893081663139549
0.59	0.899165940495456
0.62	0.904861197560065
0.66	0.910027387028507
0.69	0.914462218349309
0.73	0.918959292916719
0.76	0.923705340470559
0.80	0.928000124486493
0.83	0.932388273372339
0.87	0.936153989792108
0.90	0.939530685920578
0.94	0.943420888833562
0.97	0.947030997136811
1.01	0.950220963525457
1.04	0.95361322046558
1.08	0.956663139549359
1.11	0.959977592431221
1.15	0.962576247977095
1.18	0.964692518361758
1.22	0.966699863064857
1.25	0.968224822606747
1.28	0.969485248350554
1.32	0.970683430847753
1.35	0.972006099838168
1.39	0.97323540395867
1.42	0.974184613469439
1.46	0.975351674343334
1.49	0.976394248724013
1.53	0.977110046060003
1.56	0.977779160961036
1.60	0.978494958297025
1.63	0.979070708328146
1.67	0.979677579982572
1.70	0.980082161085522
1.74	0.980564546246732
1.77	0.981155857089506
1.81	0.981684924685672
1.84	0.982105066600274
1.88	0.982711938254699
1.91	0.983100958545998
1.94	0.983474418025644
1.98	0.983754512635379
2.01	0.984159093738329
2.05	0.984330262666501
2.08	0.98448587078302
2.12	0.984672600522843
2.15	0.984859330262666
2.19	0.98504606000249
2.22	0.985186107307357
2.26	0.98537283704718
2.29	0.985544005975352
2.33	0.985684053280219
2.36	0.985886343831694
2.40	0.985964147889954
2.43	0.986104195194821
2.47	0.986244242499689
2.50	0.98641541142786
2.53	0.986508776297772
2.57	0.986555458732728
2.60	0.986586580356031
2.64	0.986679945225943
2.67	0.986726627660899
2.71	0.986804431719158
2.74	0.986835553342462
2.78	0.986882235777418
2.81	0.986944479024026
2.85	0.98697560064733
2.88	0.987022283082286
2.92	0.987068965517241
2.95	0.987100087140545
2.99	0.987146769575501
3.02	0.987193452010457
3.06	0.987209012822109
3.09	0.987240134445413
3.12	0.987286816880368
3.16	0.987317938503672
3.19	0.987364620938628
3.23	0.987411303373584
3.26	0.98745798580854
3.30	0.987489107431844
3.33	0.987520229055147
3.37	0.987566911490103
3.40	0.987598033113407
3.44	0.987660276360015
3.47	0.987675837171667
3.51	0.987722519606623
3.54	0.987738080418275
3.58	0.987753641229927
3.61	0.987769202041578
3.65	0.987800323664882
3.68	0.987847006099838
3.72	0.987878127723142
3.75	0.987909249346446
3.82	0.98794037096975
3.85	0.987971492593054
3.89	0.988002614216357
3.92	0.988033735839661
3.99	0.988049296651313
4.03	0.988080418274617
4.10	0.988095979086269
4.13	0.988111539897921
4.17	0.988127100709573
4.24	0.988142661521225
4.27	0.988158222332877
4.31	0.988173783144529
4.34	0.988189343956181
4.38	0.988204904767833
4.44	0.988236026391137
4.48	0.988251587202788
4.55	0.98826714801444
4.58	0.988282708826092
4.62	0.988298269637744
4.65	0.988313830449396
4.69	0.988329391261048
4.79	0.9883449520727
4.86	0.988376073696004
4.93	0.988391634507656
4.97	0.988407195319308
5.07	0.98842275613096
5.10	0.988453877754264
5.17	0.988469438565916
5.24	0.988484999377568
5.31	0.98850056018922
5.38	0.988516121000871
5.42	0.988547242624175
5.49	0.988562803435827
5.52	0.988578364247479
5.56	0.988593925059131
5.59	0.988609485870783
5.66	0.988625046682435
5.69	0.988640607494087
5.73	0.988656168305739
5.83	0.988687289929043
5.90	0.988702850740695
5.94	0.988718411552347
5.97	0.988733972363999
6.01	0.98874953317565
6.08	0.988780654798954
6.15	0.988796215610606
6.18	0.988811776422258
6.25	0.98882733723391
6.28	0.988842898045562
6.35	0.988858458857214
6.39	0.988874019668866
6.46	0.988889580480518
6.49	0.98890514129217
6.53	0.988920702103822
6.60	0.988936262915474
6.63	0.988951823727126
6.67	0.988967384538778
6.70	0.98898294535043
6.74	0.988998506162081
6.81	0.989014066973733
6.84	0.989029627785385
6.88	0.989045188597037
6.91	0.989060749408689
6.94	0.989076310220341
6.98	0.989091871031993
7.05	0.989107431843645
7.08	0.989122992655297
7.12	0.989138553466949
7.19	0.989154114278601
7.22	0.989169675090253
7.26	0.989185235901905
7.29	0.989200796713557
7.33	0.989216357525209
7.40	0.989247479148512
7.47	0.989263039960164
7.50	0.989278600771816
7.53	0.989294161583468
7.57	0.98930972239512
7.64	0.989325283206772
7.71	0.989340844018424
7.74	0.989356404830076
7.78	0.989371965641728
7.85	0.989403087265032
7.88	0.989418648076684
7.92	0.989434208888336
7.99	0.989449769699988
8.02	0.98946533051164
8.09	0.989480891323291
8.12	0.989496452134943
8.16	0.989512012946595
8.19	0.989527573758247
8.23	0.989543134569899
8.26	0.989558695381551
8.30	0.989574256193203
8.37	0.989589817004855
8.40	0.989605377816507
8.44	0.989620938628159
8.47	0.989636499439811
8.51	0.989652060251463
8.58	0.989683181874767
8.65	0.989698742686419
8.68	0.98971430349807
8.72	0.989729864309722
8.75	0.989745425121374
8.82	0.989776546744678
8.89	0.98979210755633
8.92	0.989807668367982
8.96	0.989823229179634
9.03	0.989838789991286
9.06	0.989854350802938
9.10	0.98986991161459
9.13	0.989885472426242
9.17	0.989901033237894
9.20	0.989916594049546
9.27	0.989947715672849
9.31	0.989963276484501
9.38	0.989978837296153
9.41	0.989994398107805
9.44	0.990009958919457
9.48	0.990025519731109
9.55	0.990041080542761
9.58	0.990056641354413
9.62	0.990072202166065
9.65	0.990087762977717
9.72	0.990103323789369
9.76	0.990118884601021
9.83	0.990134445412673
9.86	0.990150006224325
9.90	0.990165567035977
9.93	0.990181127847629
9.97	0.99019668865928
10.03	0.990212249470932
10.10	0.990243371094236
10.14	0.990258931905888
10.17	0.99027449271754
10.24	0.990290053529192
10.28	0.990305614340844
10.31	0.990321175152496
10.42	0.9903522967758
10.52	0.990367857587452
10.56	0.990383418399104
10.59	0.990398979210756
10.62	0.990414540022408
10.69	0.990430100834059
10.73	0.990445661645711
10.76	0.990461222457363
10.83	0.990492344080667
10.87	0.990507904892319
10.90	0.990523465703971
10.97	0.990539026515623
11.01	0.990554587327275
11.04	0.990570148138927
11.08	0.990585708950579
11.11	0.990601269762231
11.18	0.990616830573883
11.22	0.990632391385535
11.25	0.990647952197187
11.28	0.990663513008839
11.35	0.99067907382049
11.39	0.990694634632142
11.42	0.990710195443794
11.46	0.990725756255446
11.49	0.990741317067098
11.56	0.990772438690402
11.63	0.990787999502054
11.67	0.990803560313706
11.70	0.990819121125358
11.74	0.99083468193701
11.81	0.990865803560314
11.84	0.990881364371966
11.91	0.990896925183618
11.94	0.990912485995269
12.01	0.990943607618573
12.08	0.990959168430225
12.12	0.990974729241877
12.15	0.990990290053529
12.19	0.991005850865181
12.26	0.991021411676833
12.29	0.991036972488485
12.36	0.991052533300137
12.43	0.991068094111789
12.47	0.991083654923441
12.50	0.991099215735093
12.57	0.991114776546745
12.64	0.991130337358397
12.67	0.991145898170049
12.71	0.9911614589817
12.78	0.991177019793352
12.81	0.991192580605004
12.85	0.991208141416656
12.92	0.99123926303996
12.99	0.991254823851612
13.02	0.991270384663264
13.06	0.991285945474916
13.09	0.991301506286568
13.16	0.99131706709822
13.19	0.991332627909872
13.26	0.991348188721524
13.30	0.991363749533176
13.37	0.991379310344828
13.44	0.99139487115648
13.47	0.991410431968132
13.54	0.991425992779783
13.58	0.991441553591435
13.61	0.991457114403087
13.65	0.991472675214739
13.68	0.991488236026391
13.72	0.991503796838043
13.75	0.991519357649695
13.78	0.991534918461347
13.82	0.991550479272999
13.89	0.991566040084651
13.92	0.991581600896303
13.99	0.991612722519607
14.06	0.991628283331259
14.10	0.991643844142911
14.13	0.991659404954562
14.17	0.991674965766214
14.20	0.991690526577866
14.24	0.991706087389518
14.27	0.99172164820117
14.31	0.991737209012822
14.38	0.991752769824474
14.41	0.991768330636126
14.44	0.991783891447778
14.48	0.99179945225943
14.51	0.991815013071082
14.58	0.991830573882734
14.62	0.991846134694386
14.65	0.991861695506038
14.69	0.99187725631769
14.76	0.991908377940993
14.83	0.991923938752645
14.86	0.991939499564297
14.90	0.991955060375949
14.97	0.991970621187601
15.00	0.991986181999253
15.03	0.992001742810905
15.07	0.992017303622557
15.10	0.992032864434209
15.17	0.992048425245861
15.21	0.992063986057513
15.28	0.992079546869165
15.31	0.992095107680817
15.35	0.992110668492469
15.45	0.992141790115772
15.56	0.992157350927424
15.59	0.992172911739076
15.62	0.992188472550728
15.69	0.99220403336238
15.73	0.992219594174032
15.76	0.992235154985684
15.80	0.992250715797336
15.83	0.992266276608988
15.90	0.992297398232292
15.97	0.992312959043944
16.01	0.992328519855596
16.04	0.992344080667248
16.11	0.9923596414789
16.15	0.992375202290551
16.18	0.992406323913855
16.25	0.992421884725507
16.28	0.992437445537159
16.32	0.992453006348811
16.39	0.992468567160463
16.42	0.992484127972115
16.46	0.992499688783767
16.49	0.992515249595419
16.56	0.992530810407071
16.63	0.992546371218723
16.67	0.992561932030375
16.70	0.992577492842027
16.77	0.992608614465331
16.84	0.992624175276982
16.88	0.992639736088634
16.91	0.992655296900286
16.94	0.992670857711938
16.98	0.99268641852359
17.01	0.992701979335242
17.08	0.992717540146894
17.12	0.992733100958546
17.19	0.992748661770198
17.26	0.99276422258185
17.29	0.992779783393502
17.33	0.992795344205154
17.40	0.992826465828458
17.43	0.99284202664011
17.50	0.992857587451761
17.53	0.992873148263413
17.57	0.992888709075065
17.64	0.992904269886717
17.71	0.992935391510021
17.78	0.992950952321673
17.81	0.992966513133325
17.85	0.992982073944977
17.88	0.992997634756629
17.95	0.993028756379933
18.06	0.993044317191585
18.09	0.993059878003237
18.12	0.993075438814889
18.16	0.993090999626541
18.19	0.993106560438192
18.23	0.993122121249844
18.26	0.993137682061496
18.30	0.993153242873148
18.37	0.9931688036848
18.44	0.993184364496452
18.47	0.993199925308104
18.51	0.993215486119756
18.54	0.993231046931408
18.65	0.99324660774306
18.68	0.993262168554712
18.75	0.993293290178016
18.82	0.993308850989668
18.85	0.99332441180132
18.89	0.993339972612971
18.92	0.993355533424623
18.99	0.993371094236275
19.03	0.993386655047927
19.06	0.993402215859579
19.10	0.993417776671231
19.17	0.993433337482883
19.20	0.993448898294535
19.27	0.993464459106187
19.31	0.993480019917839
19.34	0.993495580729491
19.38	0.993511141541143
19.41	0.993526702352795
19.48	0.993542263164447
19.51	0.993557823976099
19.55	0.99357338478775
19.62	0.993604506411054
19.69	0.993620067222706
19.76	0.993635628034358
19.79	0.99365118884601
19.83	0.993666749657662
19.90	0.993682310469314
19.93	0.993697871280966
19.97	0.993713432092618
20.00	0.99372899290427
20.03	0.993744553715922
20.07	0.993760114527574
20.14	0.993775675339226
20.17	0.993791236150878
20.21	0.99380679696253
20.24	0.993822357774181
20.28	0.993837918585833
20.35	0.993869040209137
20.42	0.993884601020789
20.45	0.993900161832441
20.49	0.993915722644093
20.56	0.993931283455745
20.59	0.993946844267397
20.62	0.993962405079049
20.66	0.993977965890701
20.69	0.993993526702353
20.76	0.994009087514005
20.80	0.994024648325657
20.83	0.994040209137309
20.87	0.99405576994896
20.90	0.994071330760612
20.94	0.994086891572264
21.01	0.994102452383916
21.04	0.994118013195568
21.08	0.99413357400722
21.11	0.994149134818872
21.15	0.994164695630524
21.22	0.994180256442176
21.25	0.99421137806548
21.32	0.994226938877132
21.39	0.994258060500436
21.42	0.994273621312088
21.49	0.99428918212374
21.53	0.994304742935392
21.56	0.994320303747043
21.63	0.994351425370347
21.70	0.994366986181999
21.74	0.994382546993651
21.77	0.994398107805303
21.81	0.994413668616955
21.84	0.994429229428607
21.91	0.994444790240259
21.94	0.994460351051911
21.98	0.994475911863563
22.01	0.994491472675215
22.05	0.994507033486867
22.08	0.994522594298519
22.15	0.994538155110171
22.19	0.994553715921823
22.29	0.994584837545126
22.33	0.994600398356778
22.40	0.99461595916843
22.47	0.994647080791734
22.53	0.994678202415038
22.60	0.99469376322669
22.64	0.994709324038342
22.67	0.994724884849994
22.71	0.994740445661646
22.74	0.994756006473298
22.81	0.99477156728495
22.88	0.994787128096602
22.95	0.994802688908253
22.99	0.994833810531557
23.06	0.994849371343209
23.09	0.994864932154861
23.12	0.994880492966513
23.19	0.994896053778165
23.23	0.994911614589817
23.26	0.994927175401469
23.30	0.994942736213121
23.33	0.994958297024773
23.37	0.994973857836425
23.40	0.994989418648077
23.47	0.995020540271381
23.54	0.995036101083033
23.58	0.995051661894684
23.61	0.995067222706336
23.65	0.995082783517988
23.72	0.99509834432964
23.75	0.995113905141292
23.78	0.995129465952944
23.82	0.995145026764596
23.89	0.9951761483879
23.96	0.995191709199552
23.99	0.995207270011204
24.03	0.995222830822856
24.10	0.995238391634508
24.17	0.99525395244616
24.24	0.995269513257812
24.31	0.995300634881115
24.38	0.995316195692767
24.41	0.995331756504419
24.44	0.995347317316071
24.48	0.995362878127723
24.55	0.995378438939375
24.58	0.995393999751027
24.62	0.995409560562679
24.65	0.995425121374331
24.69	0.995440682185983
24.76	0.995456242997635
24.79	0.995487364620939
24.86	0.995502925432591
24.90	0.995518486244243
24.97	0.995549607867546
25.03	0.99558072949085
25.10	0.995596290302502
25.14	0.995611851114154
25.17	0.995627411925806
25.24	0.995642972737458
25.28	0.99565853354911
25.31	0.995674094360762
25.35	0.995689655172414
25.38	0.995705215984066
25.45	0.995720776795718
25.49	0.99573633760737
25.52	0.995751898419022
25.56	0.995767459230673
25.62	0.995798580853977
25.66	0.995814141665629
25.73	0.995829702477281
25.76	0.995845263288933
25.80	0.995860824100585
25.87	0.995891945723889
25.90	0.995907506535541
25.97	0.995923067347193
26.01	0.995938628158845
26.08	0.995969749782149
26.11	0.995985310593801
26.18	0.996000871405452
26.22	0.996016432217104
26.25	0.996031993028756
26.28	0.996047553840408
26.35	0.99606311465206
26.39	0.996078675463712
26.42	0.996094236275364
26.46	0.996109797087016
26.49	0.996125357898668
26.56	0.99614091871032
26.60	0.996156479521972
26.63	0.996172040333624
26.67	0.996187601145276
26.74	0.99621872276858
26.81	0.996234283580232
26.84	0.996249844391883
26.88	0.996265405203535
26.91	0.996280966015187
26.98	0.996296526826839
27.01	0.996312087638491
27.05	0.996327648450143
27.08	0.996343209261795
27.12	0.996358770073447
27.15	0.996374330885099
27.22	0.996389891696751
27.26	0.996421013320055
27.33	0.996436574131707
27.40	0.996467695755011
27.47	0.996483256566662
27.50	0.996498817378314
27.53	0.996514378189966
27.60	0.99654549981327
27.67	0.996561060624922
27.71	0.996576621436574
27.74	0.996592182248226
27.78	0.996607743059878
27.81	0.99662330387153
27.88	0.996638864683182
27.92	0.996669986306486
28.02	0.996685547118138
28.06	0.99670110792979
28.09	0.996716668741442
28.12	0.996732229553093
28.16	0.996747790364745
28.26	0.996763351176397
28.33	0.996778911988049
28.37	0.996794472799701
28.40	0.996810033611353
28.44	0.996825594423005
28.47	0.996841155234657
28.54	0.996872276857961
28.58	0.996887837669613
28.65	0.996918959292917
28.72	0.996934520104569
28.75	0.996950080916221
28.78	0.996965641727872
28.85	0.996981202539524
28.89	0.996996763351176
28.92	0.997012324162828
28.96	0.99702788497448
28.99	0.997043445786132
29.03	0.997059006597784
29.06	0.997074567409436
29.10	0.997090128221088
29.17	0.99710568903274
29.20	0.997121249844392
29.24	0.997136810656044
29.27	0.997152371467696
29.34	0.997167932279348
29.38	0.997183493091
29.41	0.997199053902652
29.44	0.997214614714304
29.51	0.997245736337607
29.62	0.997261297149259
29.65	0.997276857960911
29.69	0.997292418772563
29.72	0.997307979584215
29.79	0.997339101207519
29.86	0.997354662019171
29.90	0.997370222830823
29.97	0.997385783642475
30.00	0.997401344454127
30.07	0.997416905265779
30.17	0.997432466077431
30.24	0.997448026889083
30.28	0.997463587700735
30.31	0.997479148512386
30.35	0.997494709324038
30.38	0.99751027013569
30.45	0.997525830947342
30.49	0.997541391758994
30.52	0.997556952570646
30.56	0.997572513382298
30.62	0.99758807419395
30.66	0.997619195817254
30.73	0.997634756628906
30.76	0.997650317440558
30.83	0.99766587825221
30.90	0.997681439063862
30.94	0.997696999875514
31.01	0.997712560687165
31.04	0.997728121498817
31.08	0.997743682310469
31.11	0.997759243122121
31.15	0.997774803933773
31.22	0.997805925557077
31.28	0.997821486368729
31.32	0.997837047180381
31.35	0.997852607992033
31.42	0.997868168803685
31.46	0.997883729615337
31.49	0.997899290426989
31.56	0.997930412050293
31.63	0.997945972861945
31.67	0.997961533673596
31.70	0.997977094485248
31.74	0.9979926552969
31.84	0.998023776920204
31.91	0.998039337731856
31.94	0.998054898543508
31.98	0.99807045935516
32.01	0.998086020166812
32.05	0.998101580978464
32.08	0.998117141790116
32.19	0.998132702601768
32.22	0.99814826341342
32.26	0.998163824225072
32.29	0.998179385036724
32.33	0.998194945848375
32.36	0.998210506660027
32.40	0.998226067471679
32.50	0.998257189094983
32.53	0.998288310718287
32.57	0.998303871529939
32.60	0.998319432341591
32.64	0.998334993153243
32.71	0.998350553964895
32.74	0.998366114776547
32.78	0.998381675588199
32.81	0.998397236399851
32.85	0.998412797211503
32.88	0.998428358023154
32.95	0.998443918834806
32.99	0.998459479646458
33.02	0.99847504045811
33.06	0.998490601269762
33.09	0.998506162081414
33.16	0.998521722893066
33.19	0.998537283704718
33.23	0.99855284451637
33.26	0.998568405328022
33.30	0.998583966139674
33.40	0.998599526951326
33.44	0.998615087762978
33.47	0.99863064857463
33.51	0.998646209386282
33.54	0.998661770197934
33.61	0.998692891821237
33.68	0.998708452632889
33.72	0.998724013444541
33.78	0.998755135067845
33.85	0.998770695879497
33.89	0.998786256691149
33.92	0.998801817502801
33.96	0.998817378314453
33.99	0.998832939126105
34.06	0.998848499937757
34.10	0.998879621561061
34.17	0.998895182372713
34.20	0.998910743184364
34.24	0.998926303996016
34.27	0.998941864807668
34.31	0.99895742561932
34.38	0.998972986430972
34.41	0.999004108054276
34.48	0.999019668865928
34.51	0.99903522967758
34.55	0.999050790489232
34.58	0.999066351300884
34.62	0.999081912112536
34.69	0.999097472924188
34.76	0.99911303373584
34.79	0.999128594547492
35.03	0.999144155359144
35.07	0.999159716170795
35.14	0.999190837794099
35.21	0.999206398605751
35.24	0.999221959417403
35.28	0.999237520229055
35.31	0.999253081040707
35.35	0.999268641852359
35.38	0.999284202664011
35.42	0.999299763475663
35.45	0.999315324287315
35.52	0.999346445910619
35.56	0.999362006722271
35.59	0.999377567533923
35.62	0.999393128345574
35.73	0.999408689157226
35.76	0.999424249968878
35.80	0.99943981078053
35.83	0.999455371592182
35.87	0.999470932403834
35.90	0.999486493215486
35.94	0.999502054027138
36.01	0.99951761483879
36.04	0.999533175650442
36.08	0.999548736462094
36.11	0.999564297273746
36.15	0.999579858085398
36.32	0.99959541889705
36.35	0.999610979708702
36.39	0.999626540520353
36.46	0.999657662143657
36.49	0.999673222955309
36.56	0.999704344578613
36.60	0.999719905390265
36.63	0.999735466201917
36.67	0.999751027013569
36.70	0.999766587825221
36.77	0.999797709448525
36.84	0.999828831071829
36.91	0.999844391883481
36.94	0.999875513506784
36.98	0.999891074318436
37.05	0.999906635130088
37.08	0.99992219594174
37.12	0.999937756753392
37.15	0.999953317565044
37.22	0.999968878376696
37.29	0.999984439188348
37.33	1
