
Connecting... [1][2][3][4][5][6][7][8][9][10][11][12][13][14][15][16][17][18][19][20][21][22][23][24][25][26][27][28][29]java.net.ConnectException: Connection refused
	at java.net.PlainSocketImpl.socketConnect(Native Method)
	at java.net.PlainSocketImpl.doConnect(PlainSocketImpl.java:331)
	at java.net.PlainSocketImpl.connectToAddress(PlainSocketImpl.java:196)
	at java.net.PlainSocketImpl.connect(PlainSocketImpl.java:183)
	at java.net.Socket.connect(Socket.java:478)
	at java.net.Socket.connect(Socket.java:428)
	at java.net.Socket.<init>(Socket.java:335)
	at java.net.Socket.<init>(Socket.java:150)
	at net.tinyos.packet.SFSource.openSource(SFSource.java:56)
	at net.tinyos.packet.AbstractSource.open(AbstractSource.java:77)
	at net.tinyos.packet.PhoenixSource.run(PhoenixSource.java:167)
* java.io.IOException: Couldn't connect to mote 29
[30]
Clearing statistics... [30][28][27][26][25][24][23][22][21][20][19][18][17][16][15][14][13][12][11][10][9][8][7][6][5][4][3][2][1]
Sending beacons... [30][28][27][26][25][24][23][22][21][20][19][18][17][16][15][14][13][12][11][10][9][8][7][6][5][4][3][2][1]
Collecting stats...

 
[30][28][27][26][25][24][23][22][21][20][19][18][17][16][15][14][13][12][11][10][9][8][7][6][5][4][3][2][1]Received: beacon 30 receiver 30 num_received: 0 mostRecentLQI: 0 SumLQI: 0.0
Received: beacon 30 receiver 28 num_received: 0 mostRecentLQI: 0 SumLQI: 0.0
Received: beacon 30 receiver 27 num_received: 0 mostRecentLQI: 0 SumLQI: 0.0
Received: beacon 30 receiver 26 num_received: 0 mostRecentLQI: 0 SumLQI: 0.0
Received: beacon 30 receiver 25 num_received: 0 mostRecentLQI: 0 SumLQI: 0.0
Received: beacon 30 receiver 24 num_received: 958 mostRecentLQI: 105 SumLQI: 101468.0
Received: beacon 30 receiver 23 num_received: 0 mostRecentLQI: 0 SumLQI: 0.0
Received: beacon 30 receiver 22 num_received: 0 mostRecentLQI: 0 SumLQI: 0.0
Received: beacon 30 receiver 21 num_received: 0 mostRecentLQI: 0 SumLQI: 0.0
Received: beacon 30 receiver 20 num_received: 970 mostRecentLQI: 103 SumLQI: 94790.0
Received: beacon 30 receiver 19 num_received: 991 mostRecentLQI: 108 SumLQI: 106183.0
Received: beacon 30 receiver 18 num_received: 0 mostRecentLQI: 0 SumLQI: 0.0
Received: beacon 30 receiver 17 num_received: 0 mostRecentLQI: 0 SumLQI: 0.0
Received: beacon 30 receiver 16 num_received: 0 mostRecentLQI: 0 SumLQI: 0.0
Received: beacon 30 receiver 15 num_received: 0 mostRecentLQI: 0 SumLQI: 0.0
Received: beacon 30 receiver 14 num_received: 0 mostRecentLQI: 0 SumLQI: 0.0
Received: beacon 30 receiver 13 num_received: 0 mostRecentLQI: 0 SumLQI: 0.0
Received: beacon 30 receiver 12 num_received: 984 mostRecentLQI: 108 SumLQI: 105440.0
Received: beacon 30 receiver 11 num_received: 0 mostRecentLQI: 0 SumLQI: 0.0
Received: beacon 30 receiver 10 num_received: 0 mostRecentLQI: 0 SumLQI: 0.0
Received: beacon 30 receiver 9 num_received: 0 mostRecentLQI: 0 SumLQI: 0.0
Received: beacon 30 receiver 8 num_received: 0 mostRecentLQI: 0 SumLQI: 0.0
Received: beacon 30 receiver 7 num_received: 0 mostRecentLQI: 0 SumLQI: 0.0
Received: beacon 30 receiver 6 num_received: 0 mostRecentLQI: 0 SumLQI: 0.0
Received: beacon 30 receiver 5 num_received: 0 mostRecentLQI: 0 SumLQI: 0.0
Received: beacon 30 receiver 4 num_received: 0 mostRecentLQI: 0 SumLQI: 0.0
Received: beacon 30 receiver 3 num_received: 0 mostRecentLQI: 0 SumLQI: 0.0
Received: beacon 30 receiver 2 num_received: 0 mostRecentLQI: 0 SumLQI: 0.0
Received: beacon 30 receiver 1 num_received: 0 mostRecentLQI: 0 SumLQI: 0.0
Received: beacon 28 receiver 30 num_received: 0 mostRecentLQI: 0 SumLQI: 0.0
Received: beacon 28 receiver 28 num_received: 0 mostRecentLQI: 0 SumLQI: 0.0
Received: beacon 28 receiver 27 num_received: 0 mostRecentLQI: 0 SumLQI: 0.0
Received: beacon 28 receiver 26 num_received: 0 mostRecentLQI: 0 SumLQI: 0.0
Received: beacon 28 receiver 25 num_received: 0 mostRecentLQI: 0 SumLQI: 0.0
Received: beacon 28 receiver 24 num_received: 0 mostRecentLQI: 0 SumLQI: 0.0
Received: beacon 28 receiver 23 num_received: 0 mostRecentLQI: 0 SumLQI: 0.0
Received: beacon 28 receiver 22 num_received: 0 mostRecentLQI: 0 SumLQI: 0.0
Received: beacon 28 receiver 21 num_received: 0 mostRecentLQI: 0 SumLQI: 0.0
Received: beacon 28 receiver 20 num_received: 997 mostRecentLQI: 105 SumLQI: 104459.0
Received: beacon 28 receiver 19 num_received: 962 mostRecentLQI: 106 SumLQI: 97884.0
Received: beacon 28 receiver 18 num_received: 0 mostRecentLQI: 0 SumLQI: 0.0
Received: beacon 28 receiver 17 num_received: 0 mostRecentLQI: 0 SumLQI: 0.0
Received: beacon 28 receiver 16 num_received: 0 mostRecentLQI: 0 SumLQI: 0.0
Received: beacon 28 receiver 15 num_received: 0 mostRecentLQI: 0 SumLQI: 0.0
Received: beacon 28 receiver 14 num_received: 0 mostRecentLQI: 0 SumLQI: 0.0
Received: beacon 28 receiver 13 num_received: 0 mostRecentLQI: 0 SumLQI: 0.0
Received: beacon 28 receiver 12 num_received: 0 mostRecentLQI: 0 SumLQI: 0.0
Received: beacon 28 receiver 11 num_received: 0 mostRecentLQI: 0 SumLQI: 0.0
Received: beacon 28 receiver 10 num_received: 0 mostRecentLQI: 0 SumLQI: 0.0
Received: beacon 28 receiver 9 num_received: 0 mostRecentLQI: 0 SumLQI: 0.0
Received: beacon 28 receiver 8 num_received: 0 mostRecentLQI: 0 SumLQI: 0.0
Received: beacon 28 receiver 7 num_received: 0 mostRecentLQI: 0 SumLQI: 0.0
Received: beacon 28 receiver 6 num_received: 0 mostRecentLQI: 0 SumLQI: 0.0
Received: beacon 28 receiver 5 num_received: 706 mostRecentLQI: 77 SumLQI: 52723.0
Received: beacon 28 receiver 4 num_received: 973 mostRecentLQI: 105 SumLQI: 102061.0
Received: beacon 28 receiver 3 num_received: 0 mostRecentLQI: 0 SumLQI: 0.0
Received: beacon 28 receiver 2 num_received: 974 mostRecentLQI: 99 SumLQI: 96370.0
Received: beacon 28 receiver 1 num_received: 0 mostRecentLQI: 0 SumLQI: 0.0
Received: beacon 27 receiver 30 num_received: 0 mostRecentLQI: 0 SumLQI: 0.0
Received: beacon 27 receiver 28 num_received: 0 mostRecentLQI: 0 SumLQI: 0.0
Received: beacon 27 receiver 27 num_received: 0 mostRecentLQI: 0 SumLQI: 0.0
Received: beacon 27 receiver 26 num_received: 0 mostRecentLQI: 0 SumLQI: 0.0
Received: beacon 27 receiver 25 num_received: 686 mostRecentLQI: 76 SumLQI: 51661.0
Received: beacon 27 receiver 24 num_received: 0 mostRecentLQI: 0 SumLQI: 0.0
Received: beacon 27 receiver 23 num_received: 949 mostRecentLQI: 105 SumLQI: 99559.0
Received: beacon 27 receiver 22 num_received: 1000 mostRecentLQI: 107 SumLQI: 106688.0
Received: beacon 27 receiver 21 num_received: 0 mostRecentLQI: 0 SumLQI: 0.0
Received: beacon 27 receiver 20 num_received: 0 mostRecentLQI: 0 SumLQI: 0.0
Received: beacon 27 receiver 19 num_received: 0 mostRecentLQI: 0 SumLQI: 0.0
Received: beacon 27 receiver 18 num_received: 0 mostRecentLQI: 0 SumLQI: 0.0
Received: beacon 27 receiver 17 num_received: 0 mostRecentLQI: 0 SumLQI: 0.0
Received: beacon 27 receiver 16 num_received: 0 mostRecentLQI: 0 SumLQI: 0.0
Received: beacon 27 receiver 15 num_received: 943 mostRecentLQI: 105 SumLQI: 97280.0
Received: beacon 27 receiver 14 num_received: 0 mostRecentLQI: 0 SumLQI: 0.0
Received: beacon 27 receiver 13 num_received: 995 mostRecentLQI: 107 SumLQI: 106855.0
Received: beacon 27 receiver 12 num_received: 0 mostRecentLQI: 0 SumLQI: 0.0
Received: beacon 27 receiver 11 num_received: 892 mostRecentLQI: 104 SumLQI: 93124.0
Received: beacon 27 receiver 10 num_received: 0 mostRecentLQI: 0 SumLQI: 0.0
Received: beacon 27 receiver 9 num_received: 0 mostRecentLQI: 0 SumLQI: 0.0
Received: beacon 27 receiver 8 num_received: 0 mostRecentLQI: 0 SumLQI: 0.0
Received: beacon 27 receiver 7 num_received: 0 mostRecentLQI: 0 SumLQI: 0.0
Received: beacon 27 receiver 6 num_received: 0 mostRecentLQI: 0 SumLQI: 0.0
Received: beacon 27 receiver 5 num_received: 0 mostRecentLQI: 0 SumLQI: 0.0
Received: beacon 27 receiver 4 num_received: 0 mostRecentLQI: 0 SumLQI: 0.0
Received: beacon 27 receiver 3 num_received: 900 mostRecentLQI: 106 SumLQI: 94746.0
Received: beacon 27 receiver 2 num_received: 0 mostRecentLQI: 0 SumLQI: 0.0
Received: beacon 27 receiver 1 num_received: 113 mostRecentLQI: 69 SumLQI: 7338.0
Received: beacon 26 receiver 30 num_received: 0 mostRecentLQI: 0 SumLQI: 0.0
Received: beacon 26 receiver 28 num_received: 0 mostRecentLQI: 0 SumLQI: 0.0
Received: beacon 26 receiver 27 num_received: 0 mostRecentLQI: 0 SumLQI: 0.0
Received: beacon 26 receiver 26 num_received: 0 mostRecentLQI: 0 SumLQI: 0.0
Received: beacon 26 receiver 25 num_received: 929 mostRecentLQI: 107 SumLQI: 97346.0
Received: beacon 26 receiver 24 num_received: 1 mostRecentLQI: 59 SumLQI: 59.0
Received: beacon 26 receiver 23 num_received: 904 mostRecentLQI: 95 SumLQI: 92201.0
Received: beacon 26 receiver 22 num_received: 0 mostRecentLQI: 0 SumLQI: 0.0
Received: beacon 26 receiver 21 num_received: 994 mostRecentLQI: 106 SumLQI: 106496.0
Received: beacon 26 receiver 20 num_received: 30 mostRecentLQI: 55 SumLQI: 2025.0
Received: beacon 26 receiver 19 num_received: 0 mostRecentLQI: 0 SumLQI: 0.0
Received: beacon 26 receiver 18 num_received: 0 mostRecentLQI: 0 SumLQI: 0.0
Received: beacon 26 receiver 17 num_received: 0 mostRecentLQI: 0 SumLQI: 0.0
Received: beacon 26 receiver 16 num_received: 939 mostRecentLQI: 107 SumLQI: 99451.0
Received: beacon 26 receiver 15 num_received: 0 mostRecentLQI: 0 SumLQI: 0.0
Received: beacon 26 receiver 14 num_received: 0 mostRecentLQI: 0 SumLQI: 0.0
Received: beacon 26 receiver 13 num_received: 842 mostRecentLQI: 98 SumLQI: 79209.0
Received: beacon 26 receiver 12 num_received: 0 mostRecentLQI: 0 SumLQI: 0.0
Received: beacon 26 receiver 11 num_received: 970 mostRecentLQI: 108 SumLQI: 103206.0
Received: beacon 26 receiver 10 num_received: 0 mostRecentLQI: 0 SumLQI: 0.0
Received: beacon 26 receiver 9 num_received: 980 mostRecentLQI: 106 SumLQI: 103683.0
Received: beacon 26 receiver 8 num_received: 0 mostRecentLQI: 0 SumLQI: 0.0
Received: beacon 26 receiver 7 num_received: 0 mostRecentLQI: 0 SumLQI: 0.0
Received: beacon 26 receiver 6 num_received: 932 mostRecentLQI: 104 SumLQI: 96795.0
Received: beacon 26 receiver 5 num_received: 964 mostRecentLQI: 106 SumLQI: 100528.0
Received: beacon 26 receiver 4 num_received: 0 mostRecentLQI: 0 SumLQI: 0.0
Received: beacon 26 receiver 3 num_received: 893 mostRecentLQI: 107 SumLQI: 92882.0
Received: beacon 26 receiver 2 num_received: 0 mostRecentLQI: 0 SumLQI: 0.0
Received: beacon 26 receiver 1 num_received: 996 mostRecentLQI: 108 SumLQI: 106721.0
Received: beacon 25 receiver 30 num_received: 0 mostRecentLQI: 0 SumLQI: 0.0
Received: beacon 25 receiver 28 num_received: 0 mostRecentLQI: 0 SumLQI: 0.0
Received: beacon 25 receiver 27 num_received: 533 mostRecentLQI: 73 SumLQI: 39735.0
Received: beacon 25 receiver 26 num_received: 964 mostRecentLQI: 106 SumLQI: 100339.0
Received: beacon 25 receiver 25 num_received: 0 mostRecentLQI: 0 SumLQI: 0.0
Received: beacon 25 receiver 24 num_received: 0 mostRecentLQI: 0 SumLQI: 0.0
Received: beacon 25 receiver 23 num_received: 998 mostRecentLQI: 108 SumLQI: 106826.0
Received: beacon 25 receiver 22 num_received: 0 mostRecentLQI: 0 SumLQI: 0.0
Received: beacon 25 receiver 21 num_received: 971 mostRecentLQI: 106 SumLQI: 103542.0
Received: beacon 25 receiver 20 num_received: 895 mostRecentLQI: 74 SumLQI: 74456.0
Received: beacon 25 receiver 19 num_received: 0 mostRecentLQI: 0 SumLQI: 0.0
Received: beacon 25 receiver 18 num_received: 0 mostRecentLQI: 0 SumLQI: 0.0
Received: beacon 25 receiver 17 num_received: 0 mostRecentLQI: 0 SumLQI: 0.0
Received: beacon 25 receiver 16 num_received: 0 mostRecentLQI: 0 SumLQI: 0.0
Received: beacon 25 receiver 15 num_received: 0 mostRecentLQI: 0 SumLQI: 0.0
Received: beacon 25 receiver 14 num_received: 0 mostRecentLQI: 0 SumLQI: 0.0
Received: beacon 25 receiver 13 num_received: 892 mostRecentLQI: 99 SumLQI: 87402.0
Received: beacon 25 receiver 12 num_received: 0 mostRecentLQI: 0 SumLQI: 0.0
Received: beacon 25 receiver 11 num_received: 0 mostRecentLQI: 0 SumLQI: 0.0
Received: beacon 25 receiver 10 num_received: 0 mostRecentLQI: 0 SumLQI: 0.0
Received: beacon 25 receiver 9 num_received: 0 mostRecentLQI: 0 SumLQI: 0.0
Received: beacon 25 receiver 8 num_received: 0 mostRecentLQI: 0 SumLQI: 0.0
Received: beacon 25 receiver 7 num_received: 0 mostRecentLQI: 0 SumLQI: 0.0
Received: beacon 25 receiver 6 num_received: 0 mostRecentLQI: 0 SumLQI: 0.0
Received: beacon 25 receiver 5 num_received: 0 mostRecentLQI: 0 SumLQI: 0.0
Received: beacon 25 receiver 4 num_received: 0 mostRecentLQI: 0 SumLQI: 0.0
Received: beacon 25 receiver 3 num_received: 0 mostRecentLQI: 0 SumLQI: 0.0
Received: beacon 25 receiver 2 num_received: 0 mostRecentLQI: 0 SumLQI: 0.0
Received: beacon 25 receiver 1 num_received: 0 mostRecentLQI: 0 SumLQI: 0.0
Received: beacon 24 receiver 30 num_received: 966 mostRecentLQI: 103 SumLQI: 98754.0
Received: beacon 24 receiver 28 num_received: 0 mostRecentLQI: 0 SumLQI: 0.0
Received: beacon 24 receiver 27 num_received: 0 mostRecentLQI: 0 SumLQI: 0.0
Received: beacon 24 receiver 26 num_received: 0 mostRecentLQI: 0 SumLQI: 0.0
Received: beacon 24 receiver 25 num_received: 0 mostRecentLQI: 0 SumLQI: 0.0
Received: beacon 24 receiver 24 num_received: 0 mostRecentLQI: 0 SumLQI: 0.0
Received: beacon 24 receiver 23 num_received: 0 mostRecentLQI: 0 SumLQI: 0.0
Received: beacon 24 receiver 22 num_received: 0 mostRecentLQI: 0 SumLQI: 0.0
Received: beacon 24 receiver 21 num_received: 0 mostRecentLQI: 0 SumLQI: 0.0
Received: beacon 24 receiver 20 num_received: 936 mostRecentLQI: 87 SumLQI: 78245.0
Received: beacon 24 receiver 19 num_received: 996 mostRecentLQI: 108 SumLQI: 106790.0
Received: beacon 24 receiver 18 num_received: 831 mostRecentLQI: 78 SumLQI: 65560.0
Received: beacon 24 receiver 17 num_received: 0 mostRecentLQI: 0 SumLQI: 0.0
Received: beacon 24 receiver 16 num_received: 0 mostRecentLQI: 0 SumLQI: 0.0
Received: beacon 24 receiver 15 num_received: 0 mostRecentLQI: 0 SumLQI: 0.0
Received: beacon 24 receiver 14 num_received: 0 mostRecentLQI: 0 SumLQI: 0.0
Received: beacon 24 receiver 13 num_received: 0 mostRecentLQI: 0 SumLQI: 0.0
Received: beacon 24 receiver 12 num_received: 973 mostRecentLQI: 106 SumLQI: 101790.0
Received: beacon 24 receiver 11 num_received: 0 mostRecentLQI: 0 SumLQI: 0.0
Received: beacon 24 receiver 10 num_received: 0 mostRecentLQI: 0 SumLQI: 0.0
Received: beacon 24 receiver 9 num_received: 0 mostRecentLQI: 0 SumLQI: 0.0
Received: beacon 24 receiver 8 num_received: 0 mostRecentLQI: 0 SumLQI: 0.0
Received: beacon 24 receiver 7 num_received: 983 mostRecentLQI: 107 SumLQI: 104500.0
Received: beacon 24 receiver 6 num_received: 0 mostRecentLQI: 0 SumLQI: 0.0
Received: beacon 24 receiver 5 num_received: 25 mostRecentLQI: 56 SumLQI: 1488.0
Received: beacon 24 receiver 4 num_received: 0 mostRecentLQI: 0 SumLQI: 0.0
Received: beacon 24 receiver 3 num_received: 0 mostRecentLQI: 0 SumLQI: 0.0
Received: beacon 24 receiver 2 num_received: 0 mostRecentLQI: 0 SumLQI: 0.0
Received: beacon 24 receiver 1 num_received: 0 mostRecentLQI: 0 SumLQI: 0.0
Received: beacon 23 receiver 30 num_received: 0 mostRecentLQI: 0 SumLQI: 0.0
Received: beacon 23 receiver 28 num_received: 0 mostRecentLQI: 0 SumLQI: 0.0
Received: beacon 23 receiver 27 num_received: 972 mostRecentLQI: 104 SumLQI: 98763.0
Received: beacon 23 receiver 26 num_received: 370 mostRecentLQI: 65 SumLQI: 25376.0
Received: beacon 23 receiver 25 num_received: 993 mostRecentLQI: 108 SumLQI: 105732.0
Received: beacon 23 receiver 24 num_received: 0 mostRecentLQI: 0 SumLQI: 0.0
Received: beacon 23 receiver 23 num_received: 0 mostRecentLQI: 0 SumLQI: 0.0
Received: beacon 23 receiver 22 num_received: 999 mostRecentLQI: 105 SumLQI: 106708.0
Received: beacon 23 receiver 21 num_received: 467 mostRecentLQI: 74 SumLQI: 32686.0
Received: beacon 23 receiver 20 num_received: 0 mostRecentLQI: 0 SumLQI: 0.0
Received: beacon 23 receiver 19 num_received: 0 mostRecentLQI: 0 SumLQI: 0.0
Received: beacon 23 receiver 18 num_received: 0 mostRecentLQI: 0 SumLQI: 0.0
Received: beacon 23 receiver 17 num_received: 0 mostRecentLQI: 0 SumLQI: 0.0
Received: beacon 23 receiver 16 num_received: 0 mostRecentLQI: 0 SumLQI: 0.0
Received: beacon 23 receiver 15 num_received: 0 mostRecentLQI: 0 SumLQI: 0.0
Received: beacon 23 receiver 14 num_received: 0 mostRecentLQI: 0 SumLQI: 0.0
Received: beacon 23 receiver 13 num_received: 938 mostRecentLQI: 103 SumLQI: 94014.0
Received: beacon 23 receiver 12 num_received: 0 mostRecentLQI: 0 SumLQI: 0.0
Received: beacon 23 receiver 11 num_received: 942 mostRecentLQI: 101 SumLQI: 95225.0
Received: beacon 23 receiver 10 num_received: 0 mostRecentLQI: 0 SumLQI: 0.0
Received: beacon 23 receiver 9 num_received: 0 mostRecentLQI: 0 SumLQI: 0.0
Received: beacon 23 receiver 8 num_received: 0 mostRecentLQI: 0 SumLQI: 0.0
Received: beacon 23 receiver 7 num_received: 0 mostRecentLQI: 0 SumLQI: 0.0
Received: beacon 23 receiver 6 num_received: 0 mostRecentLQI: 0 SumLQI: 0.0
Received: beacon 23 receiver 5 num_received: 0 mostRecentLQI: 0 SumLQI: 0.0
Received: beacon 23 receiver 4 num_received: 0 mostRecentLQI: 0 SumLQI: 0.0
Received: beacon 23 receiver 3 num_received: 0 mostRecentLQI: 0 SumLQI: 0.0
Received: beacon 23 receiver 2 num_received: 0 mostRecentLQI: 0 SumLQI: 0.0
Received: beacon 23 receiver 1 num_received: 977 mostRecentLQI: 101 SumLQI: 99247.0
Received: beacon 22 receiver 30 num_received: 0 mostRecentLQI: 0 SumLQI: 0.0
Received: beacon 22 receiver 28 num_received: 0 mostRecentLQI: 0 SumLQI: 0.0
Received: beacon 22 receiver 27 num_received: 993 mostRecentLQI: 105 SumLQI: 105743.0
Received: beacon 22 receiver 26 num_received: 0 mostRecentLQI: 0 SumLQI: 0.0
Received: beacon 22 receiver 25 num_received: 0 mostRecentLQI: 0 SumLQI: 0.0
Received: beacon 22 receiver 24 num_received: 0 mostRecentLQI: 0 SumLQI: 0.0
Received: beacon 22 receiver 23 num_received: 995 mostRecentLQI: 108 SumLQI: 106074.0
Received: beacon 22 receiver 22 num_received: 0 mostRecentLQI: 0 SumLQI: 0.0
Received: beacon 22 receiver 21 num_received: 0 mostRecentLQI: 0 SumLQI: 0.0
Received: beacon 22 receiver 20 num_received: 0 mostRecentLQI: 0 SumLQI: 0.0
Received: beacon 22 receiver 19 num_received: 0 mostRecentLQI: 0 SumLQI: 0.0
Received: beacon 22 receiver 18 num_received: 0 mostRecentLQI: 0 SumLQI: 0.0
Received: beacon 22 receiver 17 num_received: 0 mostRecentLQI: 0 SumLQI: 0.0
Received: beacon 22 receiver 16 num_received: 0 mostRecentLQI: 0 SumLQI: 0.0
Received: beacon 22 receiver 15 num_received: 954 mostRecentLQI: 94 SumLQI: 94682.0
Received: beacon 22 receiver 14 num_received: 0 mostRecentLQI: 0 SumLQI: 0.0
Received: beacon 22 receiver 13 num_received: 992 mostRecentLQI: 105 SumLQI: 106001.0
Received: beacon 22 receiver 12 num_received: 0 mostRecentLQI: 0 SumLQI: 0.0
Received: beacon 22 receiver 11 num_received: 741 mostRecentLQI: 75 SumLQI: 58759.0
Received: beacon 22 receiver 10 num_received: 0 mostRecentLQI: 0 SumLQI: 0.0
Received: beacon 22 receiver 9 num_received: 0 mostRecentLQI: 0 SumLQI: 0.0
Received: beacon 22 receiver 8 num_received: 0 mostRecentLQI: 0 SumLQI: 0.0
Received: beacon 22 receiver 7 num_received: 0 mostRecentLQI: 0 SumLQI: 0.0
Received: beacon 22 receiver 6 num_received: 0 mostRecentLQI: 0 SumLQI: 0.0
Received: beacon 22 receiver 5 num_received: 0 mostRecentLQI: 0 SumLQI: 0.0
Received: beacon 22 receiver 4 num_received: 0 mostRecentLQI: 0 SumLQI: 0.0
Received: beacon 22 receiver 3 num_received: 967 mostRecentLQI: 107 SumLQI: 102115.0
Received: beacon 22 receiver 2 num_received: 0 mostRecentLQI: 0 SumLQI: 0.0
Received: beacon 22 receiver 1 num_received: 536 mostRecentLQI: 60 SumLQI: 39045.0
Received: beacon 21 receiver 30 num_received: 0 mostRecentLQI: 0 SumLQI: 0.0
Received: beacon 21 receiver 28 num_received: 0 mostRecentLQI: 0 SumLQI: 0.0
Received: beacon 21 receiver 27 num_received: 0 mostRecentLQI: 0 SumLQI: 0.0
Received: beacon 21 receiver 26 num_received: 998 mostRecentLQI: 107 SumLQI: 106202.0
Received: beacon 21 receiver 25 num_received: 940 mostRecentLQI: 106 SumLQI: 99440.0
Received: beacon 21 receiver 24 num_received: 0 mostRecentLQI: 0 SumLQI: 0.0
Received: beacon 21 receiver 23 num_received: 757 mostRecentLQI: 79 SumLQI: 61423.0
Received: beacon 21 receiver 22 num_received: 0 mostRecentLQI: 0 SumLQI: 0.0
Received: beacon 21 receiver 21 num_received: 0 mostRecentLQI: 0 SumLQI: 0.0
Received: beacon 21 receiver 20 num_received: 829 mostRecentLQI: 75 SumLQI: 68566.0
Received: beacon 21 receiver 19 num_received: 0 mostRecentLQI: 0 SumLQI: 0.0
Received: beacon 21 receiver 18 num_received: 0 mostRecentLQI: 0 SumLQI: 0.0
Received: beacon 21 receiver 17 num_received: 0 mostRecentLQI: 0 SumLQI: 0.0
Received: beacon 21 receiver 16 num_received: 37 mostRecentLQI: 67 SumLQI: 2308.0
Received: beacon 21 receiver 15 num_received: 0 mostRecentLQI: 0 SumLQI: 0.0
Received: beacon 21 receiver 14 num_received: 0 mostRecentLQI: 0 SumLQI: 0.0
Received: beacon 21 receiver 13 num_received: 880 mostRecentLQI: 93 SumLQI: 84684.0
Received: beacon 21 receiver 12 num_received: 0 mostRecentLQI: 0 SumLQI: 0.0
Received: beacon 21 receiver 11 num_received: 931 mostRecentLQI: 106 SumLQI: 99075.0
Received: beacon 21 receiver 10 num_received: 0 mostRecentLQI: 0 SumLQI: 0.0
Received: beacon 21 receiver 9 num_received: 770 mostRecentLQI: 75 SumLQI: 59688.0
Received: beacon 21 receiver 8 num_received: 0 mostRecentLQI: 0 SumLQI: 0.0
Received: beacon 21 receiver 7 num_received: 0 mostRecentLQI: 0 SumLQI: 0.0
Received: beacon 21 receiver 6 num_received: 910 mostRecentLQI: 97 SumLQI: 85726.0
Received: beacon 21 receiver 5 num_received: 0 mostRecentLQI: 0 SumLQI: 0.0
Received: beacon 21 receiver 4 num_received: 0 mostRecentLQI: 0 SumLQI: 0.0
Received: beacon 21 receiver 3 num_received: 0 mostRecentLQI: 0 SumLQI: 0.0
Received: beacon 21 receiver 2 num_received: 0 mostRecentLQI: 0 SumLQI: 0.0
Received: beacon 21 receiver 1 num_received: 976 mostRecentLQI: 106 SumLQI: 104107.0
Received: beacon 20 receiver 30 num_received: 837 mostRecentLQI: 85 SumLQI: 78736.0
Received: beacon 20 receiver 28 num_received: 862 mostRecentLQI: 104 SumLQI: 87905.0
Received: beacon 20 receiver 27 num_received: 0 mostRecentLQI: 0 SumLQI: 0.0
Received: beacon 20 receiver 26 num_received: 0 mostRecentLQI: 0 SumLQI: 0.0
Received: beacon 20 receiver 25 num_received: 814 mostRecentLQI: 85 SumLQI: 71569.0
Received: beacon 20 receiver 24 num_received: 851 mostRecentLQI: 88 SumLQI: 75615.0
Received: beacon 20 receiver 23 num_received: 0 mostRecentLQI: 0 SumLQI: 0.0
Received: beacon 20 receiver 22 num_received: 0 mostRecentLQI: 0 SumLQI: 0.0
Received: beacon 20 receiver 21 num_received: 867 mostRecentLQI: 89 SumLQI: 78404.0
Received: beacon 20 receiver 20 num_received: 0 mostRecentLQI: 0 SumLQI: 0.0
Received: beacon 20 receiver 19 num_received: 869 mostRecentLQI: 98 SumLQI: 84396.0
Received: beacon 20 receiver 18 num_received: 0 mostRecentLQI: 0 SumLQI: 0.0
Received: beacon 20 receiver 17 num_received: 0 mostRecentLQI: 0 SumLQI: 0.0
Received: beacon 20 receiver 16 num_received: 0 mostRecentLQI: 0 SumLQI: 0.0
Received: beacon 20 receiver 15 num_received: 0 mostRecentLQI: 0 SumLQI: 0.0
Received: beacon 20 receiver 14 num_received: 0 mostRecentLQI: 0 SumLQI: 0.0
Received: beacon 20 receiver 13 num_received: 0 mostRecentLQI: 0 SumLQI: 0.0
Received: beacon 20 receiver 12 num_received: 914 mostRecentLQI: 106 SumLQI: 97117.0
Received: beacon 20 receiver 11 num_received: 0 mostRecentLQI: 0 SumLQI: 0.0
Received: beacon 20 receiver 10 num_received: 0 mostRecentLQI: 0 SumLQI: 0.0
Received: beacon 20 receiver 9 num_received: 0 mostRecentLQI: 0 SumLQI: 0.0
Received: beacon 20 receiver 8 num_received: 0 mostRecentLQI: 0 SumLQI: 0.0
Received: beacon 20 receiver 7 num_received: 0 mostRecentLQI: 0 SumLQI: 0.0
Received: beacon 20 receiver 6 num_received: 0 mostRecentLQI: 0 SumLQI: 0.0
Received: beacon 20 receiver 5 num_received: 929 mostRecentLQI: 98 SumLQI: 94287.0
Received: beacon 20 receiver 4 num_received: 827 mostRecentLQI: 95 SumLQI: 77824.0
Received: beacon 20 receiver 3 num_received: 0 mostRecentLQI: 0 SumLQI: 0.0
Received: beacon 20 receiver 2 num_received: 952 mostRecentLQI: 107 SumLQI: 101188.0
Received: beacon 20 receiver 1 num_received: 0 mostRecentLQI: 0 SumLQI: 0.0
Received: beacon 19 receiver 30 num_received: 990 mostRecentLQI: 106 SumLQI: 105900.0
Received: beacon 19 receiver 28 num_received: 916 mostRecentLQI: 95 SumLQI: 80581.0
Received: beacon 19 receiver 27 num_received: 0 mostRecentLQI: 0 SumLQI: 0.0
Received: beacon 19 receiver 26 num_received: 0 mostRecentLQI: 0 SumLQI: 0.0
Received: beacon 19 receiver 25 num_received: 0 mostRecentLQI: 0 SumLQI: 0.0
Received: beacon 19 receiver 24 num_received: 983 mostRecentLQI: 107 SumLQI: 105781.0
Received: beacon 19 receiver 23 num_received: 0 mostRecentLQI: 0 SumLQI: 0.0
Received: beacon 19 receiver 22 num_received: 0 mostRecentLQI: 0 SumLQI: 0.0
Received: beacon 19 receiver 21 num_received: 0 mostRecentLQI: 0 SumLQI: 0.0
Received: beacon 19 receiver 20 num_received: 978 mostRecentLQI: 99 SumLQI: 98728.0
Received: beacon 19 receiver 19 num_received: 0 mostRecentLQI: 0 SumLQI: 0.0
Received: beacon 19 receiver 18 num_received: 0 mostRecentLQI: 0 SumLQI: 0.0
Received: beacon 19 receiver 17 num_received: 0 mostRecentLQI: 0 SumLQI: 0.0
Received: beacon 19 receiver 16 num_received: 0 mostRecentLQI: 0 SumLQI: 0.0
Received: beacon 19 receiver 15 num_received: 0 mostRecentLQI: 0 SumLQI: 0.0
Received: beacon 19 receiver 14 num_received: 0 mostRecentLQI: 0 SumLQI: 0.0
Received: beacon 19 receiver 13 num_received: 0 mostRecentLQI: 0 SumLQI: 0.0
Received: beacon 19 receiver 12 num_received: 984 mostRecentLQI: 107 SumLQI: 105556.0
Received: beacon 19 receiver 11 num_received: 0 mostRecentLQI: 0 SumLQI: 0.0
Received: beacon 19 receiver 10 num_received: 0 mostRecentLQI: 0 SumLQI: 0.0
Received: beacon 19 receiver 9 num_received: 0 mostRecentLQI: 0 SumLQI: 0.0
Received: beacon 19 receiver 8 num_received: 0 mostRecentLQI: 0 SumLQI: 0.0
Received: beacon 19 receiver 7 num_received: 214 mostRecentLQI: 65 SumLQI: 14174.0
Received: beacon 19 receiver 6 num_received: 0 mostRecentLQI: 0 SumLQI: 0.0
Received: beacon 19 receiver 5 num_received: 0 mostRecentLQI: 0 SumLQI: 0.0
Received: beacon 19 receiver 4 num_received: 931 mostRecentLQI: 101 SumLQI: 93627.0
Received: beacon 19 receiver 3 num_received: 0 mostRecentLQI: 0 SumLQI: 0.0
Received: beacon 19 receiver 2 num_received: 0 mostRecentLQI: 0 SumLQI: 0.0
Received: beacon 19 receiver 1 num_received: 0 mostRecentLQI: 0 SumLQI: 0.0
Received: beacon 18 receiver 30 num_received: 0 mostRecentLQI: 0 SumLQI: 0.0
Received: beacon 18 receiver 28 num_received: 0 mostRecentLQI: 0 SumLQI: 0.0
Received: beacon 18 receiver 27 num_received: 0 mostRecentLQI: 0 SumLQI: 0.0
Received: beacon 18 receiver 26 num_received: 0 mostRecentLQI: 0 SumLQI: 0.0
Received: beacon 18 receiver 25 num_received: 0 mostRecentLQI: 0 SumLQI: 0.0
Received: beacon 18 receiver 24 num_received: 963 mostRecentLQI: 98 SumLQI: 94096.0
Received: beacon 18 receiver 23 num_received: 0 mostRecentLQI: 0 SumLQI: 0.0
Received: beacon 18 receiver 22 num_received: 0 mostRecentLQI: 0 SumLQI: 0.0
Received: beacon 18 receiver 21 num_received: 0 mostRecentLQI: 0 SumLQI: 0.0
Received: beacon 18 receiver 20 num_received: 18 mostRecentLQI: 52 SumLQI: 1108.0
Received: beacon 18 receiver 19 num_received: 0 mostRecentLQI: 0 SumLQI: 0.0
Received: beacon 18 receiver 18 num_received: 0 mostRecentLQI: 0 SumLQI: 0.0
Received: beacon 18 receiver 17 num_received: 0 mostRecentLQI: 0 SumLQI: 0.0
Received: beacon 18 receiver 16 num_received: 0 mostRecentLQI: 0 SumLQI: 0.0
Received: beacon 18 receiver 15 num_received: 0 mostRecentLQI: 0 SumLQI: 0.0
Received: beacon 18 receiver 14 num_received: 0 mostRecentLQI: 0 SumLQI: 0.0
Received: beacon 18 receiver 13 num_received: 0 mostRecentLQI: 0 SumLQI: 0.0
Received: beacon 18 receiver 12 num_received: 0 mostRecentLQI: 0 SumLQI: 0.0
Received: beacon 18 receiver 11 num_received: 0 mostRecentLQI: 0 SumLQI: 0.0
Received: beacon 18 receiver 10 num_received: 0 mostRecentLQI: 0 SumLQI: 0.0
Received: beacon 18 receiver 9 num_received: 0 mostRecentLQI: 0 SumLQI: 0.0
Received: beacon 18 receiver 8 num_received: 0 mostRecentLQI: 0 SumLQI: 0.0
Received: beacon 18 receiver 7 num_received: 946 mostRecentLQI: 99 SumLQI: 90939.0
Received: beacon 18 receiver 6 num_received: 0 mostRecentLQI: 0 SumLQI: 0.0
Received: beacon 18 receiver 5 num_received: 0 mostRecentLQI: 0 SumLQI: 0.0
Received: beacon 18 receiver 4 num_received: 999 mostRecentLQI: 104 SumLQI: 106101.0
Received: beacon 18 receiver 3 num_received: 0 mostRecentLQI: 0 SumLQI: 0.0
Received: beacon 18 receiver 2 num_received: 0 mostRecentLQI: 0 SumLQI: 0.0
Received: beacon 18 receiver 1 num_received: 0 mostRecentLQI: 0 SumLQI: 0.0
Received: beacon 17 receiver 30 num_received: 0 mostRecentLQI: 0 SumLQI: 0.0
Received: beacon 17 receiver 28 num_received: 0 mostRecentLQI: 0 SumLQI: 0.0
Received: beacon 17 receiver 27 num_received: 0 mostRecentLQI: 0 SumLQI: 0.0
Received: beacon 17 receiver 26 num_received: 0 mostRecentLQI: 0 SumLQI: 0.0
Received: beacon 17 receiver 25 num_received: 0 mostRecentLQI: 0 SumLQI: 0.0
Received: beacon 17 receiver 24 num_received: 0 mostRecentLQI: 0 SumLQI: 0.0
Received: beacon 17 receiver 23 num_received: 0 mostRecentLQI: 0 SumLQI: 0.0
Received: beacon 17 receiver 22 num_received: 7 mostRecentLQI: 53 SumLQI: 395.0
Received: beacon 17 receiver 21 num_received: 0 mostRecentLQI: 0 SumLQI: 0.0
Received: beacon 17 receiver 20 num_received: 0 mostRecentLQI: 0 SumLQI: 0.0
Received: beacon 17 receiver 19 num_received: 0 mostRecentLQI: 0 SumLQI: 0.0
Received: beacon 17 receiver 18 num_received: 0 mostRecentLQI: 0 SumLQI: 0.0
Received: beacon 17 receiver 17 num_received: 0 mostRecentLQI: 0 SumLQI: 0.0
Received: beacon 17 receiver 16 num_received: 0 mostRecentLQI: 0 SumLQI: 0.0
Received: beacon 17 receiver 15 num_received: 981 mostRecentLQI: 105 SumLQI: 99552.0
Received: beacon 17 receiver 14 num_received: 0 mostRecentLQI: 0 SumLQI: 0.0
Received: beacon 17 receiver 13 num_received: 0 mostRecentLQI: 0 SumLQI: 0.0
Received: beacon 17 receiver 12 num_received: 0 mostRecentLQI: 0 SumLQI: 0.0
Received: beacon 17 receiver 11 num_received: 0 mostRecentLQI: 0 SumLQI: 0.0
Received: beacon 17 receiver 10 num_received: 0 mostRecentLQI: 0 SumLQI: 0.0
Received: beacon 17 receiver 9 num_received: 0 mostRecentLQI: 0 SumLQI: 0.0
Received: beacon 17 receiver 8 num_received: 0 mostRecentLQI: 0 SumLQI: 0.0
Received: beacon 17 receiver 7 num_received: 0 mostRecentLQI: 0 SumLQI: 0.0
Received: beacon 17 receiver 6 num_received: 0 mostRecentLQI: 0 SumLQI: 0.0
Received: beacon 17 receiver 5 num_received: 0 mostRecentLQI: 0 SumLQI: 0.0
Received: beacon 17 receiver 4 num_received: 0 mostRecentLQI: 0 SumLQI: 0.0
Received: beacon 17 receiver 3 num_received: 0 mostRecentLQI: 0 SumLQI: 0.0
Received: beacon 17 receiver 2 num_received: 0 mostRecentLQI: 0 SumLQI: 0.0
Received: beacon 17 receiver 1 num_received: 0 mostRecentLQI: 0 SumLQI: 0.0
Received: beacon 16 receiver 30 num_received: 0 mostRecentLQI: 0 SumLQI: 0.0
Received: beacon 16 receiver 28 num_received: 0 mostRecentLQI: 0 SumLQI: 0.0
Received: beacon 16 receiver 27 num_received: 0 mostRecentLQI: 0 SumLQI: 0.0
Received: beacon 16 receiver 26 num_received: 987 mostRecentLQI: 104 SumLQI: 104796.0
Received: beacon 16 receiver 25 num_received: 0 mostRecentLQI: 0 SumLQI: 0.0
Received: beacon 16 receiver 24 num_received: 0 mostRecentLQI: 0 SumLQI: 0.0
Received: beacon 16 receiver 23 num_received: 0 mostRecentLQI: 0 SumLQI: 0.0
Received: beacon 16 receiver 22 num_received: 0 mostRecentLQI: 0 SumLQI: 0.0
Received: beacon 16 receiver 21 num_received: 822 mostRecentLQI: 81 SumLQI: 65395.0
Received: beacon 16 receiver 20 num_received: 0 mostRecentLQI: 0 SumLQI: 0.0
Received: beacon 16 receiver 19 num_received: 0 mostRecentLQI: 0 SumLQI: 0.0
Received: beacon 16 receiver 18 num_received: 0 mostRecentLQI: 0 SumLQI: 0.0
Received: beacon 16 receiver 17 num_received: 0 mostRecentLQI: 0 SumLQI: 0.0
Received: beacon 16 receiver 16 num_received: 0 mostRecentLQI: 0 SumLQI: 0.0
Received: beacon 16 receiver 15 num_received: 0 mostRecentLQI: 0 SumLQI: 0.0
Received: beacon 16 receiver 14 num_received: 0 mostRecentLQI: 0 SumLQI: 0.0
Received: beacon 16 receiver 13 num_received: 0 mostRecentLQI: 0 SumLQI: 0.0
Received: beacon 16 receiver 12 num_received: 0 mostRecentLQI: 0 SumLQI: 0.0
Received: beacon 16 receiver 11 num_received: 0 mostRecentLQI: 0 SumLQI: 0.0
Received: beacon 16 receiver 10 num_received: 0 mostRecentLQI: 0 SumLQI: 0.0
Received: beacon 16 receiver 9 num_received: 986 mostRecentLQI: 107 SumLQI: 105352.0
Received: beacon 16 receiver 8 num_received: 0 mostRecentLQI: 0 SumLQI: 0.0
Received: beacon 16 receiver 7 num_received: 0 mostRecentLQI: 0 SumLQI: 0.0
Received: beacon 16 receiver 6 num_received: 989 mostRecentLQI: 106 SumLQI: 105188.0
Received: beacon 16 receiver 5 num_received: 986 mostRecentLQI: 107 SumLQI: 104056.0
Received: beacon 16 receiver 4 num_received: 0 mostRecentLQI: 0 SumLQI: 0.0
Received: beacon 16 receiver 3 num_received: 0 mostRecentLQI: 0 SumLQI: 0.0
Received: beacon 16 receiver 2 num_received: 833 mostRecentLQI: 82 SumLQI: 67438.0
Received: beacon 16 receiver 1 num_received: 832 mostRecentLQI: 76 SumLQI: 66962.0
Received: beacon 15 receiver 30 num_received: 0 mostRecentLQI: 0 SumLQI: 0.0
Received: beacon 15 receiver 28 num_received: 0 mostRecentLQI: 0 SumLQI: 0.0
Received: beacon 15 receiver 27 num_received: 936 mostRecentLQI: 97 SumLQI: 91111.0
Received: beacon 15 receiver 26 num_received: 0 mostRecentLQI: 0 SumLQI: 0.0
Received: beacon 15 receiver 25 num_received: 0 mostRecentLQI: 0 SumLQI: 0.0
Received: beacon 15 receiver 24 num_received: 0 mostRecentLQI: 0 SumLQI: 0.0
Received: beacon 15 receiver 23 num_received: 0 mostRecentLQI: 0 SumLQI: 0.0
Received: beacon 15 receiver 22 num_received: 983 mostRecentLQI: 102 SumLQI: 99058.0
Received: beacon 15 receiver 21 num_received: 0 mostRecentLQI: 0 SumLQI: 0.0
Received: beacon 15 receiver 20 num_received: 0 mostRecentLQI: 0 SumLQI: 0.0
Received: beacon 15 receiver 19 num_received: 0 mostRecentLQI: 0 SumLQI: 0.0
Received: beacon 15 receiver 18 num_received: 0 mostRecentLQI: 0 SumLQI: 0.0
Received: beacon 15 receiver 17 num_received: 924 mostRecentLQI: 91 SumLQI: 76356.0
Received: beacon 15 receiver 16 num_received: 0 mostRecentLQI: 0 SumLQI: 0.0
Received: beacon 15 receiver 15 num_received: 0 mostRecentLQI: 0 SumLQI: 0.0
Received: beacon 15 receiver 14 num_received: 0 mostRecentLQI: 0 SumLQI: 0.0
Received: beacon 15 receiver 13 num_received: 0 mostRecentLQI: 0 SumLQI: 0.0
Received: beacon 15 receiver 12 num_received: 0 mostRecentLQI: 0 SumLQI: 0.0
Received: beacon 15 receiver 11 num_received: 0 mostRecentLQI: 0 SumLQI: 0.0
Received: beacon 15 receiver 10 num_received: 0 mostRecentLQI: 0 SumLQI: 0.0
Received: beacon 15 receiver 9 num_received: 0 mostRecentLQI: 0 SumLQI: 0.0
Received: beacon 15 receiver 8 num_received: 0 mostRecentLQI: 0 SumLQI: 0.0
Received: beacon 15 receiver 7 num_received: 0 mostRecentLQI: 0 SumLQI: 0.0
Received: beacon 15 receiver 6 num_received: 0 mostRecentLQI: 0 SumLQI: 0.0
Received: beacon 15 receiver 5 num_received: 0 mostRecentLQI: 0 SumLQI: 0.0
Received: beacon 15 receiver 4 num_received: 0 mostRecentLQI: 0 SumLQI: 0.0
Received: beacon 15 receiver 3 num_received: 0 mostRecentLQI: 0 SumLQI: 0.0
Received: beacon 15 receiver 2 num_received: 0 mostRecentLQI: 0 SumLQI: 0.0
Received: beacon 15 receiver 1 num_received: 0 mostRecentLQI: 0 SumLQI: 0.0
Received: beacon 14 receiver 30 num_received: 0 mostRecentLQI: 0 SumLQI: 0.0
Received: beacon 14 receiver 28 num_received: 0 mostRecentLQI: 0 SumLQI: 0.0
Received: beacon 14 receiver 27 num_received: 0 mostRecentLQI: 0 SumLQI: 0.0
Received: beacon 14 receiver 26 num_received: 0 mostRecentLQI: 0 SumLQI: 0.0
Received: beacon 14 receiver 25 num_received: 0 mostRecentLQI: 0 SumLQI: 0.0
Received: beacon 14 receiver 24 num_received: 0 mostRecentLQI: 0 SumLQI: 0.0
Received: beacon 14 receiver 23 num_received: 0 mostRecentLQI: 0 SumLQI: 0.0
Received: beacon 14 receiver 22 num_received: 0 mostRecentLQI: 0 SumLQI: 0.0
Received: beacon 14 receiver 21 num_received: 0 mostRecentLQI: 0 SumLQI: 0.0
Received: beacon 14 receiver 20 num_received: 0 mostRecentLQI: 0 SumLQI: 0.0
Received: beacon 14 receiver 19 num_received: 0 mostRecentLQI: 0 SumLQI: 0.0
Received: beacon 14 receiver 18 num_received: 0 mostRecentLQI: 0 SumLQI: 0.0
Received: beacon 14 receiver 17 num_received: 0 mostRecentLQI: 0 SumLQI: 0.0
Received: beacon 14 receiver 16 num_received: 0 mostRecentLQI: 0 SumLQI: 0.0
Received: beacon 14 receiver 15 num_received: 0 mostRecentLQI: 0 SumLQI: 0.0
Received: beacon 14 receiver 14 num_received: 0 mostRecentLQI: 0 SumLQI: 0.0
Received: beacon 14 receiver 13 num_received: 0 mostRecentLQI: 0 SumLQI: 0.0
Received: beacon 14 receiver 12 num_received: 0 mostRecentLQI: 0 SumLQI: 0.0
Received: beacon 14 receiver 11 num_received: 0 mostRecentLQI: 0 SumLQI: 0.0
Received: beacon 14 receiver 10 num_received: 0 mostRecentLQI: 0 SumLQI: 0.0
Received: beacon 14 receiver 9 num_received: 0 mostRecentLQI: 0 SumLQI: 0.0
Received: beacon 14 receiver 8 num_received: 993 mostRecentLQI: 106 SumLQI: 105873.0
Received: beacon 14 receiver 7 num_received: 0 mostRecentLQI: 0 SumLQI: 0.0
Received: beacon 14 receiver 6 num_received: 0 mostRecentLQI: 0 SumLQI: 0.0
Received: beacon 14 receiver 5 num_received: 0 mostRecentLQI: 0 SumLQI: 0.0
Received: beacon 14 receiver 4 num_received: 0 mostRecentLQI: 0 SumLQI: 0.0
Received: beacon 14 receiver 3 num_received: 0 mostRecentLQI: 0 SumLQI: 0.0
Received: beacon 14 receiver 2 num_received: 0 mostRecentLQI: 0 SumLQI: 0.0
Received: beacon 14 receiver 1 num_received: 0 mostRecentLQI: 0 SumLQI: 0.0
Received: beacon 13 receiver 30 num_received: 0 mostRecentLQI: 0 SumLQI: 0.0
Received: beacon 13 receiver 28 num_received: 0 mostRecentLQI: 0 SumLQI: 0.0
Received: beacon 13 receiver 27 num_received: 995 mostRecentLQI: 105 SumLQI: 106349.0
Received: beacon 13 receiver 26 num_received: 917 mostRecentLQI: 81 SumLQI: 82538.0
Received: beacon 13 receiver 25 num_received: 918 mostRecentLQI: 99 SumLQI: 88808.0
Received: beacon 13 receiver 24 num_received: 0 mostRecentLQI: 0 SumLQI: 0.0
Received: beacon 13 receiver 23 num_received: 974 mostRecentLQI: 106 SumLQI: 102047.0
Received: beacon 13 receiver 22 num_received: 999 mostRecentLQI: 106 SumLQI: 106917.0
Received: beacon 13 receiver 21 num_received: 947 mostRecentLQI: 95 SumLQI: 92598.0
Received: beacon 13 receiver 20 num_received: 0 mostRecentLQI: 0 SumLQI: 0.0
Received: beacon 13 receiver 19 num_received: 0 mostRecentLQI: 0 SumLQI: 0.0
Received: beacon 13 receiver 18 num_received: 0 mostRecentLQI: 0 SumLQI: 0.0
Received: beacon 13 receiver 17 num_received: 0 mostRecentLQI: 0 SumLQI: 0.0
Received: beacon 13 receiver 16 num_received: 0 mostRecentLQI: 0 SumLQI: 0.0
Received: beacon 13 receiver 15 num_received: 0 mostRecentLQI: 0 SumLQI: 0.0
Received: beacon 13 receiver 14 num_received: 0 mostRecentLQI: 0 SumLQI: 0.0
Received: beacon 13 receiver 13 num_received: 0 mostRecentLQI: 0 SumLQI: 0.0
Received: beacon 13 receiver 12 num_received: 0 mostRecentLQI: 0 SumLQI: 0.0
Received: beacon 13 receiver 11 num_received: 994 mostRecentLQI: 107 SumLQI: 104979.0
Received: beacon 13 receiver 10 num_received: 0 mostRecentLQI: 0 SumLQI: 0.0
Received: beacon 13 receiver 9 num_received: 0 mostRecentLQI: 0 SumLQI: 0.0
Received: beacon 13 receiver 8 num_received: 0 mostRecentLQI: 0 SumLQI: 0.0
Received: beacon 13 receiver 7 num_received: 0 mostRecentLQI: 0 SumLQI: 0.0
Received: beacon 13 receiver 6 num_received: 0 mostRecentLQI: 0 SumLQI: 0.0
Received: beacon 13 receiver 5 num_received: 0 mostRecentLQI: 0 SumLQI: 0.0
Received: beacon 13 receiver 4 num_received: 0 mostRecentLQI: 0 SumLQI: 0.0
Received: beacon 13 receiver 3 num_received: 966 mostRecentLQI: 102 SumLQI: 100956.0
Received: beacon 13 receiver 2 num_received: 0 mostRecentLQI: 0 SumLQI: 0.0
Received: beacon 13 receiver 1 num_received: 994 mostRecentLQI: 106 SumLQI: 105572.0
Received: beacon 12 receiver 30 num_received: 990 mostRecentLQI: 108 SumLQI: 105760.0
Received: beacon 12 receiver 28 num_received: 0 mostRecentLQI: 0 SumLQI: 0.0
Received: beacon 12 receiver 27 num_received: 0 mostRecentLQI: 0 SumLQI: 0.0
Received: beacon 12 receiver 26 num_received: 0 mostRecentLQI: 0 SumLQI: 0.0
Received: beacon 12 receiver 25 num_received: 23 mostRecentLQI: 63 SumLQI: 1343.0
Received: beacon 12 receiver 24 num_received: 964 mostRecentLQI: 107 SumLQI: 102285.0
Received: beacon 12 receiver 23 num_received: 0 mostRecentLQI: 0 SumLQI: 0.0
Received: beacon 12 receiver 22 num_received: 0 mostRecentLQI: 0 SumLQI: 0.0
Received: beacon 12 receiver 21 num_received: 0 mostRecentLQI: 0 SumLQI: 0.0
Received: beacon 12 receiver 20 num_received: 980 mostRecentLQI: 107 SumLQI: 104125.0
Received: beacon 12 receiver 19 num_received: 966 mostRecentLQI: 108 SumLQI: 103086.0
Received: beacon 12 receiver 18 num_received: 0 mostRecentLQI: 0 SumLQI: 0.0
Received: beacon 12 receiver 17 num_received: 0 mostRecentLQI: 0 SumLQI: 0.0
Received: beacon 12 receiver 16 num_received: 0 mostRecentLQI: 0 SumLQI: 0.0
Received: beacon 12 receiver 15 num_received: 0 mostRecentLQI: 0 SumLQI: 0.0
Received: beacon 12 receiver 14 num_received: 0 mostRecentLQI: 0 SumLQI: 0.0
Received: beacon 12 receiver 13 num_received: 0 mostRecentLQI: 0 SumLQI: 0.0
Received: beacon 12 receiver 12 num_received: 0 mostRecentLQI: 0 SumLQI: 0.0
Received: beacon 12 receiver 11 num_received: 0 mostRecentLQI: 0 SumLQI: 0.0
Received: beacon 12 receiver 10 num_received: 0 mostRecentLQI: 0 SumLQI: 0.0
Received: beacon 12 receiver 9 num_received: 0 mostRecentLQI: 0 SumLQI: 0.0
Received: beacon 12 receiver 8 num_received: 0 mostRecentLQI: 0 SumLQI: 0.0
Received: beacon 12 receiver 7 num_received: 0 mostRecentLQI: 0 SumLQI: 0.0
Received: beacon 12 receiver 6 num_received: 0 mostRecentLQI: 0 SumLQI: 0.0
Received: beacon 12 receiver 5 num_received: 0 mostRecentLQI: 0 SumLQI: 0.0
Received: beacon 12 receiver 4 num_received: 0 mostRecentLQI: 0 SumLQI: 0.0
Received: beacon 12 receiver 3 num_received: 0 mostRecentLQI: 0 SumLQI: 0.0
Received: beacon 12 receiver 2 num_received: 0 mostRecentLQI: 0 SumLQI: 0.0
Received: beacon 12 receiver 1 num_received: 0 mostRecentLQI: 0 SumLQI: 0.0
Received: beacon 11 receiver 30 num_received: 0 mostRecentLQI: 0 SumLQI: 0.0
Received: beacon 11 receiver 28 num_received: 0 mostRecentLQI: 0 SumLQI: 0.0
Received: beacon 11 receiver 27 num_received: 943 mostRecentLQI: 104 SumLQI: 97901.0
Received: beacon 11 receiver 26 num_received: 993 mostRecentLQI: 107 SumLQI: 105118.0
Received: beacon 11 receiver 25 num_received: 0 mostRecentLQI: 0 SumLQI: 0.0
Received: beacon 11 receiver 24 num_received: 0 mostRecentLQI: 0 SumLQI: 0.0
Received: beacon 11 receiver 23 num_received: 969 mostRecentLQI: 106 SumLQI: 102132.0
Received: beacon 11 receiver 22 num_received: 961 mostRecentLQI: 96 SumLQI: 96673.0
Received: beacon 11 receiver 21 num_received: 977 mostRecentLQI: 108 SumLQI: 104756.0
Received: beacon 11 receiver 20 num_received: 0 mostRecentLQI: 0 SumLQI: 0.0
Received: beacon 11 receiver 19 num_received: 0 mostRecentLQI: 0 SumLQI: 0.0
Received: beacon 11 receiver 18 num_received: 0 mostRecentLQI: 0 SumLQI: 0.0
Received: beacon 11 receiver 17 num_received: 0 mostRecentLQI: 0 SumLQI: 0.0
Received: beacon 11 receiver 16 num_received: 0 mostRecentLQI: 0 SumLQI: 0.0
Received: beacon 11 receiver 15 num_received: 0 mostRecentLQI: 0 SumLQI: 0.0
Received: beacon 11 receiver 14 num_received: 0 mostRecentLQI: 0 SumLQI: 0.0
Received: beacon 11 receiver 13 num_received: 965 mostRecentLQI: 108 SumLQI: 102668.0
Received: beacon 11 receiver 12 num_received: 0 mostRecentLQI: 0 SumLQI: 0.0
Received: beacon 11 receiver 11 num_received: 0 mostRecentLQI: 0 SumLQI: 0.0
Received: beacon 11 receiver 10 num_received: 0 mostRecentLQI: 0 SumLQI: 0.0
Received: beacon 11 receiver 9 num_received: 0 mostRecentLQI: 0 SumLQI: 0.0
Received: beacon 11 receiver 8 num_received: 0 mostRecentLQI: 0 SumLQI: 0.0
Received: beacon 11 receiver 7 num_received: 0 mostRecentLQI: 0 SumLQI: 0.0
Received: beacon 11 receiver 6 num_received: 0 mostRecentLQI: 0 SumLQI: 0.0
Received: beacon 11 receiver 5 num_received: 0 mostRecentLQI: 0 SumLQI: 0.0
Received: beacon 11 receiver 4 num_received: 0 mostRecentLQI: 0 SumLQI: 0.0
Received: beacon 11 receiver 3 num_received: 975 mostRecentLQI: 106 SumLQI: 104378.0
Received: beacon 11 receiver 2 num_received: 0 mostRecentLQI: 0 SumLQI: 0.0
Received: beacon 11 receiver 1 num_received: 991 mostRecentLQI: 108 SumLQI: 106168.0
Received: beacon 10 receiver 30 num_received: 0 mostRecentLQI: 0 SumLQI: 0.0
Received: beacon 10 receiver 28 num_received: 0 mostRecentLQI: 0 SumLQI: 0.0
Received: beacon 10 receiver 27 num_received: 0 mostRecentLQI: 0 SumLQI: 0.0
Received: beacon 10 receiver 26 num_received: 0 mostRecentLQI: 0 SumLQI: 0.0
Received: beacon 10 receiver 25 num_received: 0 mostRecentLQI: 0 SumLQI: 0.0
Received: beacon 10 receiver 24 num_received: 0 mostRecentLQI: 0 SumLQI: 0.0
Received: beacon 10 receiver 23 num_received: 0 mostRecentLQI: 0 SumLQI: 0.0
Received: beacon 10 receiver 22 num_received: 0 mostRecentLQI: 0 SumLQI: 0.0
Received: beacon 10 receiver 21 num_received: 0 mostRecentLQI: 0 SumLQI: 0.0
Received: beacon 10 receiver 20 num_received: 0 mostRecentLQI: 0 SumLQI: 0.0
Received: beacon 10 receiver 19 num_received: 0 mostRecentLQI: 0 SumLQI: 0.0
Received: beacon 10 receiver 18 num_received: 0 mostRecentLQI: 0 SumLQI: 0.0
Received: beacon 10 receiver 17 num_received: 0 mostRecentLQI: 0 SumLQI: 0.0
Received: beacon 10 receiver 16 num_received: 0 mostRecentLQI: 0 SumLQI: 0.0
Received: beacon 10 receiver 15 num_received: 0 mostRecentLQI: 0 SumLQI: 0.0
Received: beacon 10 receiver 14 num_received: 0 mostRecentLQI: 0 SumLQI: 0.0
Received: beacon 10 receiver 13 num_received: 0 mostRecentLQI: 0 SumLQI: 0.0
Received: beacon 10 receiver 12 num_received: 0 mostRecentLQI: 0 SumLQI: 0.0
Received: beacon 10 receiver 11 num_received: 0 mostRecentLQI: 0 SumLQI: 0.0
Received: beacon 10 receiver 10 num_received: 0 mostRecentLQI: 0 SumLQI: 0.0
Received: beacon 10 receiver 9 num_received: 0 mostRecentLQI: 0 SumLQI: 0.0
Received: beacon 10 receiver 8 num_received: 0 mostRecentLQI: 0 SumLQI: 0.0
Received: beacon 10 receiver 7 num_received: 0 mostRecentLQI: 0 SumLQI: 0.0
Received: beacon 10 receiver 6 num_received: 0 mostRecentLQI: 0 SumLQI: 0.0
Received: beacon 10 receiver 5 num_received: 969 mostRecentLQI: 86 SumLQI: 86769.0
Received: beacon 10 receiver 4 num_received: 0 mostRecentLQI: 0 SumLQI: 0.0
Received: beacon 10 receiver 3 num_received: 0 mostRecentLQI: 0 SumLQI: 0.0
Received: beacon 10 receiver 2 num_received: 0 mostRecentLQI: 0 SumLQI: 0.0
Received: beacon 10 receiver 1 num_received: 0 mostRecentLQI: 0 SumLQI: 0.0
Received: beacon 9 receiver 30 num_received: 0 mostRecentLQI: 0 SumLQI: 0.0
Received: beacon 9 receiver 28 num_received: 0 mostRecentLQI: 0 SumLQI: 0.0
Received: beacon 9 receiver 27 num_received: 0 mostRecentLQI: 0 SumLQI: 0.0
Received: beacon 9 receiver 26 num_received: 997 mostRecentLQI: 104 SumLQI: 105277.0
Received: beacon 9 receiver 25 num_received: 0 mostRecentLQI: 0 SumLQI: 0.0
Received: beacon 9 receiver 24 num_received: 0 mostRecentLQI: 0 SumLQI: 0.0
Received: beacon 9 receiver 23 num_received: 0 mostRecentLQI: 0 SumLQI: 0.0
Received: beacon 9 receiver 22 num_received: 0 mostRecentLQI: 0 SumLQI: 0.0
Received: beacon 9 receiver 21 num_received: 915 mostRecentLQI: 90 SumLQI: 81537.0
Received: beacon 9 receiver 20 num_received: 9 mostRecentLQI: 68 SumLQI: 616.0
Received: beacon 9 receiver 19 num_received: 0 mostRecentLQI: 0 SumLQI: 0.0
Received: beacon 9 receiver 18 num_received: 0 mostRecentLQI: 0 SumLQI: 0.0
Received: beacon 9 receiver 17 num_received: 0 mostRecentLQI: 0 SumLQI: 0.0
Received: beacon 9 receiver 16 num_received: 981 mostRecentLQI: 107 SumLQI: 104321.0
Received: beacon 9 receiver 15 num_received: 0 mostRecentLQI: 0 SumLQI: 0.0
Received: beacon 9 receiver 14 num_received: 0 mostRecentLQI: 0 SumLQI: 0.0
Received: beacon 9 receiver 13 num_received: 0 mostRecentLQI: 0 SumLQI: 0.0
Received: beacon 9 receiver 12 num_received: 0 mostRecentLQI: 0 SumLQI: 0.0
Received: beacon 9 receiver 11 num_received: 0 mostRecentLQI: 0 SumLQI: 0.0
Received: beacon 9 receiver 10 num_received: 0 mostRecentLQI: 0 SumLQI: 0.0
Received: beacon 9 receiver 9 num_received: 0 mostRecentLQI: 0 SumLQI: 0.0
Received: beacon 9 receiver 8 num_received: 0 mostRecentLQI: 0 SumLQI: 0.0
Received: beacon 9 receiver 7 num_received: 0 mostRecentLQI: 0 SumLQI: 0.0
Received: beacon 9 receiver 6 num_received: 945 mostRecentLQI: 106 SumLQI: 99594.0
Received: beacon 9 receiver 5 num_received: 224 mostRecentLQI: 62 SumLQI: 14888.0
Received: beacon 9 receiver 4 num_received: 0 mostRecentLQI: 0 SumLQI: 0.0
Received: beacon 9 receiver 3 num_received: 0 mostRecentLQI: 0 SumLQI: 0.0
Received: beacon 9 receiver 2 num_received: 1 mostRecentLQI: 59 SumLQI: 59.0
Received: beacon 9 receiver 1 num_received: 939 mostRecentLQI: 104 SumLQI: 96439.0
Received: beacon 8 receiver 30 num_received: 0 mostRecentLQI: 0 SumLQI: 0.0
Received: beacon 8 receiver 28 num_received: 0 mostRecentLQI: 0 SumLQI: 0.0
Received: beacon 8 receiver 27 num_received: 0 mostRecentLQI: 0 SumLQI: 0.0
Received: beacon 8 receiver 26 num_received: 0 mostRecentLQI: 0 SumLQI: 0.0
Received: beacon 8 receiver 25 num_received: 0 mostRecentLQI: 0 SumLQI: 0.0
Received: beacon 8 receiver 24 num_received: 0 mostRecentLQI: 0 SumLQI: 0.0
Received: beacon 8 receiver 23 num_received: 0 mostRecentLQI: 0 SumLQI: 0.0
Received: beacon 8 receiver 22 num_received: 0 mostRecentLQI: 0 SumLQI: 0.0
Received: beacon 8 receiver 21 num_received: 0 mostRecentLQI: 0 SumLQI: 0.0
Received: beacon 8 receiver 20 num_received: 0 mostRecentLQI: 0 SumLQI: 0.0
Received: beacon 8 receiver 19 num_received: 0 mostRecentLQI: 0 SumLQI: 0.0
Received: beacon 8 receiver 18 num_received: 0 mostRecentLQI: 0 SumLQI: 0.0
Received: beacon 8 receiver 17 num_received: 0 mostRecentLQI: 0 SumLQI: 0.0
Received: beacon 8 receiver 16 num_received: 0 mostRecentLQI: 0 SumLQI: 0.0
Received: beacon 8 receiver 15 num_received: 0 mostRecentLQI: 0 SumLQI: 0.0
Received: beacon 8 receiver 14 num_received: 996 mostRecentLQI: 108 SumLQI: 106476.0
Received: beacon 8 receiver 13 num_received: 0 mostRecentLQI: 0 SumLQI: 0.0
Received: beacon 8 receiver 12 num_received: 0 mostRecentLQI: 0 SumLQI: 0.0
Received: beacon 8 receiver 11 num_received: 0 mostRecentLQI: 0 SumLQI: 0.0
Received: beacon 8 receiver 10 num_received: 0 mostRecentLQI: 0 SumLQI: 0.0
Received: beacon 8 receiver 9 num_received: 0 mostRecentLQI: 0 SumLQI: 0.0
Received: beacon 8 receiver 8 num_received: 0 mostRecentLQI: 0 SumLQI: 0.0
Received: beacon 8 receiver 7 num_received: 0 mostRecentLQI: 0 SumLQI: 0.0
Received: beacon 8 receiver 6 num_received: 0 mostRecentLQI: 0 SumLQI: 0.0
Received: beacon 8 receiver 5 num_received: 0 mostRecentLQI: 0 SumLQI: 0.0
Received: beacon 8 receiver 4 num_received: 0 mostRecentLQI: 0 SumLQI: 0.0
Received: beacon 8 receiver 3 num_received: 0 mostRecentLQI: 0 SumLQI: 0.0
Received: beacon 8 receiver 2 num_received: 0 mostRecentLQI: 0 SumLQI: 0.0
Received: beacon 8 receiver 1 num_received: 0 mostRecentLQI: 0 SumLQI: 0.0
Received: beacon 7 receiver 30 num_received: 0 mostRecentLQI: 0 SumLQI: 0.0
Received: beacon 7 receiver 28 num_received: 0 mostRecentLQI: 0 SumLQI: 0.0
Received: beacon 7 receiver 27 num_received: 0 mostRecentLQI: 0 SumLQI: 0.0
Received: beacon 7 receiver 26 num_received: 0 mostRecentLQI: 0 SumLQI: 0.0
Received: beacon 7 receiver 25 num_received: 0 mostRecentLQI: 0 SumLQI: 0.0
Received: beacon 7 receiver 24 num_received: 1000 mostRecentLQI: 107 SumLQI: 107170.0
Received: beacon 7 receiver 23 num_received: 0 mostRecentLQI: 0 SumLQI: 0.0
Received: beacon 7 receiver 22 num_received: 0 mostRecentLQI: 0 SumLQI: 0.0
Received: beacon 7 receiver 21 num_received: 0 mostRecentLQI: 0 SumLQI: 0.0
Received: beacon 7 receiver 20 num_received: 0 mostRecentLQI: 0 SumLQI: 0.0
Received: beacon 7 receiver 19 num_received: 985 mostRecentLQI: 92 SumLQI: 89787.0
Received: beacon 7 receiver 18 num_received: 999 mostRecentLQI: 99 SumLQI: 101440.0
Received: beacon 7 receiver 17 num_received: 0 mostRecentLQI: 0 SumLQI: 0.0
Received: beacon 7 receiver 16 num_received: 0 mostRecentLQI: 0 SumLQI: 0.0
Received: beacon 7 receiver 15 num_received: 0 mostRecentLQI: 0 SumLQI: 0.0
Received: beacon 7 receiver 14 num_received: 0 mostRecentLQI: 0 SumLQI: 0.0
Received: beacon 7 receiver 13 num_received: 0 mostRecentLQI: 0 SumLQI: 0.0
Received: beacon 7 receiver 12 num_received: 0 mostRecentLQI: 0 SumLQI: 0.0
Received: beacon 7 receiver 11 num_received: 0 mostRecentLQI: 0 SumLQI: 0.0
Received: beacon 7 receiver 10 num_received: 0 mostRecentLQI: 0 SumLQI: 0.0
Received: beacon 7 receiver 9 num_received: 0 mostRecentLQI: 0 SumLQI: 0.0
Received: beacon 7 receiver 8 num_received: 0 mostRecentLQI: 0 SumLQI: 0.0
Received: beacon 7 receiver 7 num_received: 0 mostRecentLQI: 0 SumLQI: 0.0
Received: beacon 7 receiver 6 num_received: 0 mostRecentLQI: 0 SumLQI: 0.0
Received: beacon 7 receiver 5 num_received: 0 mostRecentLQI: 0 SumLQI: 0.0
Received: beacon 7 receiver 4 num_received: 137 mostRecentLQI: 72 SumLQI: 8853.0
Received: beacon 7 receiver 3 num_received: 0 mostRecentLQI: 0 SumLQI: 0.0
Received: beacon 7 receiver 2 num_received: 0 mostRecentLQI: 0 SumLQI: 0.0
Received: beacon 7 receiver 1 num_received: 0 mostRecentLQI: 0 SumLQI: 0.0
Received: beacon 6 receiver 30 num_received: 0 mostRecentLQI: 0 SumLQI: 0.0
Received: beacon 6 receiver 28 num_received: 0 mostRecentLQI: 0 SumLQI: 0.0
Received: beacon 6 receiver 27 num_received: 0 mostRecentLQI: 0 SumLQI: 0.0
Received: beacon 6 receiver 26 num_received: 975 mostRecentLQI: 103 SumLQI: 100850.0
Received: beacon 6 receiver 25 num_received: 0 mostRecentLQI: 0 SumLQI: 0.0
Received: beacon 6 receiver 24 num_received: 0 mostRecentLQI: 0 SumLQI: 0.0
Received: beacon 6 receiver 23 num_received: 0 mostRecentLQI: 0 SumLQI: 0.0
Received: beacon 6 receiver 22 num_received: 0 mostRecentLQI: 0 SumLQI: 0.0
Received: beacon 6 receiver 21 num_received: 958 mostRecentLQI: 105 SumLQI: 98948.0
Received: beacon 6 receiver 20 num_received: 203 mostRecentLQI: 75 SumLQI: 13774.0
Received: beacon 6 receiver 19 num_received: 0 mostRecentLQI: 0 SumLQI: 0.0
Received: beacon 6 receiver 18 num_received: 0 mostRecentLQI: 0 SumLQI: 0.0
Received: beacon 6 receiver 17 num_received: 0 mostRecentLQI: 0 SumLQI: 0.0
Received: beacon 6 receiver 16 num_received: 974 mostRecentLQI: 106 SumLQI: 103477.0
Received: beacon 6 receiver 15 num_received: 0 mostRecentLQI: 0 SumLQI: 0.0
Received: beacon 6 receiver 14 num_received: 0 mostRecentLQI: 0 SumLQI: 0.0
Received: beacon 6 receiver 13 num_received: 0 mostRecentLQI: 0 SumLQI: 0.0
Received: beacon 6 receiver 12 num_received: 0 mostRecentLQI: 0 SumLQI: 0.0
Received: beacon 6 receiver 11 num_received: 0 mostRecentLQI: 0 SumLQI: 0.0
Received: beacon 6 receiver 10 num_received: 0 mostRecentLQI: 0 SumLQI: 0.0
Received: beacon 6 receiver 9 num_received: 981 mostRecentLQI: 107 SumLQI: 103535.0
Received: beacon 6 receiver 8 num_received: 0 mostRecentLQI: 0 SumLQI: 0.0
Received: beacon 6 receiver 7 num_received: 0 mostRecentLQI: 0 SumLQI: 0.0
Received: beacon 6 receiver 6 num_received: 0 mostRecentLQI: 0 SumLQI: 0.0
Received: beacon 6 receiver 5 num_received: 1000 mostRecentLQI: 107 SumLQI: 106367.0
Received: beacon 6 receiver 4 num_received: 0 mostRecentLQI: 0 SumLQI: 0.0
Received: beacon 6 receiver 3 num_received: 0 mostRecentLQI: 0 SumLQI: 0.0
Received: beacon 6 receiver 2 num_received: 954 mostRecentLQI: 104 SumLQI: 98779.0
Received: beacon 6 receiver 1 num_received: 0 mostRecentLQI: 0 SumLQI: 0.0
Received: beacon 5 receiver 30 num_received: 0 mostRecentLQI: 0 SumLQI: 0.0
Received: beacon 5 receiver 28 num_received: 45 mostRecentLQI: 67 SumLQI: 2758.0
Received: beacon 5 receiver 27 num_received: 0 mostRecentLQI: 0 SumLQI: 0.0
Received: beacon 5 receiver 26 num_received: 911 mostRecentLQI: 103 SumLQI: 94813.0
Received: beacon 5 receiver 25 num_received: 0 mostRecentLQI: 0 SumLQI: 0.0
Received: beacon 5 receiver 24 num_received: 858 mostRecentLQI: 90 SumLQI: 74054.0
Received: beacon 5 receiver 23 num_received: 0 mostRecentLQI: 0 SumLQI: 0.0
Received: beacon 5 receiver 22 num_received: 0 mostRecentLQI: 0 SumLQI: 0.0
Received: beacon 5 receiver 21 num_received: 0 mostRecentLQI: 0 SumLQI: 0.0
Received: beacon 5 receiver 20 num_received: 906 mostRecentLQI: 104 SumLQI: 93194.0
Received: beacon 5 receiver 19 num_received: 0 mostRecentLQI: 0 SumLQI: 0.0
Received: beacon 5 receiver 18 num_received: 0 mostRecentLQI: 0 SumLQI: 0.0
Received: beacon 5 receiver 17 num_received: 0 mostRecentLQI: 0 SumLQI: 0.0
Received: beacon 5 receiver 16 num_received: 906 mostRecentLQI: 106 SumLQI: 95461.0
Received: beacon 5 receiver 15 num_received: 0 mostRecentLQI: 0 SumLQI: 0.0
Received: beacon 5 receiver 14 num_received: 0 mostRecentLQI: 0 SumLQI: 0.0
Received: beacon 5 receiver 13 num_received: 0 mostRecentLQI: 0 SumLQI: 0.0
Received: beacon 5 receiver 12 num_received: 0 mostRecentLQI: 0 SumLQI: 0.0
Received: beacon 5 receiver 11 num_received: 0 mostRecentLQI: 0 SumLQI: 0.0
Received: beacon 5 receiver 10 num_received: 878 mostRecentLQI: 100 SumLQI: 85425.0
Received: beacon 5 receiver 9 num_received: 61 mostRecentLQI: 74 SumLQI: 3802.0
Received: beacon 5 receiver 8 num_received: 0 mostRecentLQI: 0 SumLQI: 0.0
Received: beacon 5 receiver 7 num_received: 0 mostRecentLQI: 0 SumLQI: 0.0
Received: beacon 5 receiver 6 num_received: 957 mostRecentLQI: 107 SumLQI: 100851.0
Received: beacon 5 receiver 5 num_received: 0 mostRecentLQI: 0 SumLQI: 0.0
Received: beacon 5 receiver 4 num_received: 0 mostRecentLQI: 0 SumLQI: 0.0
Received: beacon 5 receiver 3 num_received: 0 mostRecentLQI: 0 SumLQI: 0.0
Received: beacon 5 receiver 2 num_received: 939 mostRecentLQI: 106 SumLQI: 99312.0
Received: beacon 5 receiver 1 num_received: 0 mostRecentLQI: 0 SumLQI: 0.0
Received: beacon 4 receiver 30 num_received: 0 mostRecentLQI: 0 SumLQI: 0.0
Received: beacon 4 receiver 28 num_received: 982 mostRecentLQI: 106 SumLQI: 102352.0
Received: beacon 4 receiver 27 num_received: 0 mostRecentLQI: 0 SumLQI: 0.0
Received: beacon 4 receiver 26 num_received: 0 mostRecentLQI: 0 SumLQI: 0.0
Received: beacon 4 receiver 25 num_received: 0 mostRecentLQI: 0 SumLQI: 0.0
Received: beacon 4 receiver 24 num_received: 0 mostRecentLQI: 0 SumLQI: 0.0
Received: beacon 4 receiver 23 num_received: 0 mostRecentLQI: 0 SumLQI: 0.0
Received: beacon 4 receiver 22 num_received: 0 mostRecentLQI: 0 SumLQI: 0.0
Received: beacon 4 receiver 21 num_received: 0 mostRecentLQI: 0 SumLQI: 0.0
Received: beacon 4 receiver 20 num_received: 986 mostRecentLQI: 99 SumLQI: 98726.0
Received: beacon 4 receiver 19 num_received: 991 mostRecentLQI: 107 SumLQI: 103190.0
Received: beacon 4 receiver 18 num_received: 993 mostRecentLQI: 105 SumLQI: 105664.0
Received: beacon 4 receiver 17 num_received: 0 mostRecentLQI: 0 SumLQI: 0.0
Received: beacon 4 receiver 16 num_received: 0 mostRecentLQI: 0 SumLQI: 0.0
Received: beacon 4 receiver 15 num_received: 0 mostRecentLQI: 0 SumLQI: 0.0
Received: beacon 4 receiver 14 num_received: 0 mostRecentLQI: 0 SumLQI: 0.0
Received: beacon 4 receiver 13 num_received: 0 mostRecentLQI: 0 SumLQI: 0.0
Received: beacon 4 receiver 12 num_received: 0 mostRecentLQI: 0 SumLQI: 0.0
Received: beacon 4 receiver 11 num_received: 0 mostRecentLQI: 0 SumLQI: 0.0
Received: beacon 4 receiver 10 num_received: 0 mostRecentLQI: 0 SumLQI: 0.0
Received: beacon 4 receiver 9 num_received: 0 mostRecentLQI: 0 SumLQI: 0.0
Received: beacon 4 receiver 8 num_received: 0 mostRecentLQI: 0 SumLQI: 0.0
Received: beacon 4 receiver 7 num_received: 0 mostRecentLQI: 0 SumLQI: 0.0
Received: beacon 4 receiver 6 num_received: 0 mostRecentLQI: 0 SumLQI: 0.0
Received: beacon 4 receiver 5 num_received: 0 mostRecentLQI: 0 SumLQI: 0.0
Received: beacon 4 receiver 4 num_received: 0 mostRecentLQI: 0 SumLQI: 0.0
Received: beacon 4 receiver 3 num_received: 0 mostRecentLQI: 0 SumLQI: 0.0
Received: beacon 4 receiver 2 num_received: 972 mostRecentLQI: 96 SumLQI: 90089.0
Received: beacon 4 receiver 1 num_received: 0 mostRecentLQI: 0 SumLQI: 0.0
Received: beacon 3 receiver 30 num_received: 0 mostRecentLQI: 0 SumLQI: 0.0
Received: beacon 3 receiver 28 num_received: 0 mostRecentLQI: 0 SumLQI: 0.0
Received: beacon 3 receiver 27 num_received: 0 mostRecentLQI: 0 SumLQI: 0.0
Received: beacon 3 receiver 26 num_received: 0 mostRecentLQI: 0 SumLQI: 0.0
Received: beacon 3 receiver 25 num_received: 0 mostRecentLQI: 0 SumLQI: 0.0
Received: beacon 3 receiver 24 num_received: 0 mostRecentLQI: 0 SumLQI: 0.0
Received: beacon 3 receiver 23 num_received: 0 mostRecentLQI: 0 SumLQI: 0.0
Received: beacon 3 receiver 22 num_received: 0 mostRecentLQI: 0 SumLQI: 0.0
Received: beacon 3 receiver 21 num_received: 0 mostRecentLQI: 0 SumLQI: 0.0
Received: beacon 3 receiver 20 num_received: 0 mostRecentLQI: 0 SumLQI: 0.0
Received: beacon 3 receiver 19 num_received: 0 mostRecentLQI: 0 SumLQI: 0.0
Received: beacon 3 receiver 18 num_received: 0 mostRecentLQI: 0 SumLQI: 0.0
Received: beacon 3 receiver 17 num_received: 0 mostRecentLQI: 0 SumLQI: 0.0
Received: beacon 3 receiver 16 num_received: 0 mostRecentLQI: 0 SumLQI: 0.0
Received: beacon 3 receiver 15 num_received: 0 mostRecentLQI: 0 SumLQI: 0.0
Received: beacon 3 receiver 14 num_received: 0 mostRecentLQI: 0 SumLQI: 0.0
Received: beacon 3 receiver 13 num_received: 0 mostRecentLQI: 0 SumLQI: 0.0
Received: beacon 3 receiver 12 num_received: 0 mostRecentLQI: 0 SumLQI: 0.0
Received: beacon 3 receiver 11 num_received: 0 mostRecentLQI: 0 SumLQI: 0.0
Received: beacon 3 receiver 10 num_received: 0 mostRecentLQI: 0 SumLQI: 0.0
Received: beacon 3 receiver 9 num_received: 0 mostRecentLQI: 0 SumLQI: 0.0
Received: beacon 3 receiver 8 num_received: 0 mostRecentLQI: 0 SumLQI: 0.0
Received: beacon 3 receiver 7 num_received: 0 mostRecentLQI: 0 SumLQI: 0.0
Received: beacon 3 receiver 6 num_received: 0 mostRecentLQI: 0 SumLQI: 0.0
Received: beacon 3 receiver 5 num_received: 0 mostRecentLQI: 0 SumLQI: 0.0
Received: beacon 3 receiver 4 num_received: 0 mostRecentLQI: 0 SumLQI: 0.0
Received: beacon 3 receiver 3 num_received: 0 mostRecentLQI: 0 SumLQI: 0.0
Received: beacon 3 receiver 2 num_received: 0 mostRecentLQI: 0 SumLQI: 0.0
Received: beacon 3 receiver 1 num_received: 985 mostRecentLQI: 108 SumLQI: 104724.0
Received: beacon 2 receiver 30 num_received: 0 mostRecentLQI: 0 SumLQI: 0.0
Received: beacon 2 receiver 28 num_received: 868 mostRecentLQI: 100 SumLQI: 86557.0
Received: beacon 2 receiver 27 num_received: 0 mostRecentLQI: 0 SumLQI: 0.0
Received: beacon 2 receiver 26 num_received: 0 mostRecentLQI: 0 SumLQI: 0.0
Received: beacon 2 receiver 25 num_received: 0 mostRecentLQI: 0 SumLQI: 0.0
Received: beacon 2 receiver 24 num_received: 220 mostRecentLQI: 66 SumLQI: 14757.0
Received: beacon 2 receiver 23 num_received: 0 mostRecentLQI: 0 SumLQI: 0.0
Received: beacon 2 receiver 22 num_received: 0 mostRecentLQI: 0 SumLQI: 0.0
Received: beacon 2 receiver 21 num_received: 0 mostRecentLQI: 0 SumLQI: 0.0
Received: beacon 2 receiver 20 num_received: 996 mostRecentLQI: 106 SumLQI: 105344.0
Received: beacon 2 receiver 19 num_received: 105 mostRecentLQI: 76 SumLQI: 6894.0
Received: beacon 2 receiver 18 num_received: 0 mostRecentLQI: 0 SumLQI: 0.0
Received: beacon 2 receiver 17 num_received: 0 mostRecentLQI: 0 SumLQI: 0.0
Received: beacon 2 receiver 16 num_received: 884 mostRecentLQI: 89 SumLQI: 84291.0
Received: beacon 2 receiver 15 num_received: 0 mostRecentLQI: 0 SumLQI: 0.0
Received: beacon 2 receiver 14 num_received: 0 mostRecentLQI: 0 SumLQI: 0.0
Received: beacon 2 receiver 13 num_received: 0 mostRecentLQI: 0 SumLQI: 0.0
Received: beacon 2 receiver 12 num_received: 146 mostRecentLQI: 55 SumLQI: 9491.0
Received: beacon 2 receiver 11 num_received: 0 mostRecentLQI: 0 SumLQI: 0.0
Received: beacon 2 receiver 10 num_received: 0 mostRecentLQI: 0 SumLQI: 0.0
Received: beacon 2 receiver 9 num_received: 0 mostRecentLQI: 0 SumLQI: 0.0
Received: beacon 2 receiver 8 num_received: 0 mostRecentLQI: 0 SumLQI: 0.0
Received: beacon 2 receiver 7 num_received: 0 mostRecentLQI: 0 SumLQI: 0.0
Received: beacon 2 receiver 6 num_received: 933 mostRecentLQI: 107 SumLQI: 98138.0
Received: beacon 2 receiver 5 num_received: 997 mostRecentLQI: 108 SumLQI: 106165.0
Received: beacon 2 receiver 4 num_received: 852 mostRecentLQI: 97 SumLQI: 84773.0
Received: beacon 2 receiver 3 num_received: 0 mostRecentLQI: 0 SumLQI: 0.0
Received: beacon 2 receiver 2 num_received: 0 mostRecentLQI: 0 SumLQI: 0.0
Received: beacon 2 receiver 1 num_received: 0 mostRecentLQI: 0 SumLQI: 0.0
Received: beacon 1 receiver 30 num_received: 0 mostRecentLQI: 0 SumLQI: 0.0
Received: beacon 1 receiver 28 num_received: 0 mostRecentLQI: 0 SumLQI: 0.0
Received: beacon 1 receiver 27 num_received: 802 mostRecentLQI: 82 SumLQI: 66530.0
Received: beacon 1 receiver 26 num_received: 995 mostRecentLQI: 108 SumLQI: 106138.0
Received: beacon 1 receiver 25 num_received: 17 mostRecentLQI: 54 SumLQI: 1113.0
Received: beacon 1 receiver 24 num_received: 0 mostRecentLQI: 0 SumLQI: 0.0
Received: beacon 1 receiver 23 num_received: 965 mostRecentLQI: 106 SumLQI: 102244.0
Received: beacon 1 receiver 22 num_received: 956 mostRecentLQI: 82 SumLQI: 97522.0
Received: beacon 1 receiver 21 num_received: 987 mostRecentLQI: 106 SumLQI: 105897.0
Received: beacon 1 receiver 20 num_received: 0 mostRecentLQI: 0 SumLQI: 0.0
Received: beacon 1 receiver 19 num_received: 0 mostRecentLQI: 0 SumLQI: 0.0
Received: beacon 1 receiver 18 num_received: 0 mostRecentLQI: 0 SumLQI: 0.0
Received: beacon 1 receiver 17 num_received: 0 mostRecentLQI: 0 SumLQI: 0.0
Received: beacon 1 receiver 16 num_received: 719 mostRecentLQI: 88 SumLQI: 64283.0
Received: beacon 1 receiver 15 num_received: 0 mostRecentLQI: 0 SumLQI: 0.0
Received: beacon 1 receiver 14 num_received: 0 mostRecentLQI: 0 SumLQI: 0.0
Received: beacon 1 receiver 13 num_received: 969 mostRecentLQI: 107 SumLQI: 103467.0
Received: beacon 1 receiver 12 num_received: 0 mostRecentLQI: 0 SumLQI: 0.0
Received: beacon 1 receiver 11 num_received: 992 mostRecentLQI: 104 SumLQI: 106291.0
Received: beacon 1 receiver 10 num_received: 0 mostRecentLQI: 0 SumLQI: 0.0
Received: beacon 1 receiver 9 num_received: 960 mostRecentLQI: 106 SumLQI: 99406.0
Received: beacon 1 receiver 8 num_received: 0 mostRecentLQI: 0 SumLQI: 0.0
Received: beacon 1 receiver 7 num_received: 0 mostRecentLQI: 0 SumLQI: 0.0
Received: beacon 1 receiver 6 num_received: 0 mostRecentLQI: 0 SumLQI: 0.0
Received: beacon 1 receiver 5 num_received: 0 mostRecentLQI: 0 SumLQI: 0.0
Received: beacon 1 receiver 4 num_received: 0 mostRecentLQI: 0 SumLQI: 0.0
Received: beacon 1 receiver 3 num_received: 965 mostRecentLQI: 106 SumLQI: 102881.0
Received: beacon 1 receiver 2 num_received: 0 mostRecentLQI: 0 SumLQI: 0.0
Received: beacon 1 receiver 1 num_received: 0 mostRecentLQI: 0 SumLQI: 0.0
